#
# There is insufficient memory for the Java Runtime Environment to continue.
# Native memory allocation (mmap) failed to map 46137344 bytes for Failed to commit area from 0x000000008dc00000 to 0x0000000090800000 of length 46137344.
# Possible reasons:
#   The system is out of physical RAM or swap space
#   The process is running with CompressedOops enabled, and the Java Heap may be blocking the growth of the native heap
# Possible solutions:
#   Reduce memory load on the system
#   Increase physical memory or swap space
#   Check if swap backing store is full
#   Decrease Java heap size (-Xmx/-Xms)
#   Decrease number of Java threads
#   Decrease Java thread stack sizes (-Xss)
#   Set larger code cache with -XX:ReservedCodeCacheSize=
#   JVM is running with Unscaled Compressed Oops mode in which the Java heap is
#     placed in the first 4GB address space. The Java Heap base address is the
#     maximum limit for the native heap growth. Please use -XX:HeapBaseMinAddress
#     to set the Java Heap base and to place the Java Heap above 4GB virtual address.
# This output file may be truncated or incomplete.
#
#  Out of Memory Error (./src/hotspot/os/windows/os_windows.cpp:3303), pid=5736, tid=16316
#
# JRE version: OpenJDK Runtime Environment (11.0.8+10) (build 11.0.8+10-b944.6842174)
# Java VM: OpenJDK 64-Bit Server VM (11.0.8+10-b944.6842174, mixed mode, tiered, compressed oops, g1 gc, windows-amd64)
# No core dump will be written. Minidumps are not enabled by default on client versions of Windows
#

---------------  S U M M A R Y ------------

Command Line: --add-opens=java.base/java.util=ALL-UNNAMED --add-opens=java.base/java.lang=ALL-UNNAMED --add-opens=java.base/java.lang.invoke=ALL-UNNAMED --add-opens=java.prefs/java.util.prefs=ALL-UNNAMED -Xmx2048m -Dfile.encoding=UTF-8 -Duser.country=CN -Duser.language=zh -Duser.variant org.gradle.launcher.daemon.bootstrap.GradleDaemon 6.7.1

Host: Intel(R) Core(TM) i7-9700K CPU @ 3.60GHz, 8 cores, 7G,  Windows 10 , 64 bit Build 19041 (10.0.19041.928)
Time: Mon May 31 10:27:59 2021 中国标准时间 elapsed time: 18 seconds (0d 0h 0m 18s)

---------------  T H R E A D  ---------------

Current thread (0x000001f1fc99e800):  VMThread "VM Thread" [stack: 0x000000c2f8900000,0x000000c2f8a00000] [id=16316]

Stack: [0x000000c2f8900000,0x000000c2f8a00000]
[error occurred during error reporting (printing stack bounds), id 0xc0000005, EXCEPTION_ACCESS_VIOLATION (0xc0000005) at pc=0x000001f1e6020dad]

Native frames: (J=compiled Java code, j=interpreted, Vv=VM code, C=native code)
V  [jvm.dll+0x5de50a]
V  [jvm.dll+0x7122f5]
V  [jvm.dll+0x71384d]
V  [jvm.dll+0x713e65]
V  [jvm.dll+0x713e1b]
V  [jvm.dll+0x5dd958]
V  [jvm.dll+0x5de0f8]
C  [ntdll.dll+0xa217f]
C  [ntdll.dll+0x51454]
C  [ntdll.dll+0xa0cae]
C  0x000001f1e6020dad

VM_Operation (0x000000c285afdcc0): G1CollectForAllocation, mode: safepoint, requested by thread 0x000001f1fd5cc000


---------------  P R O C E S S  ---------------

Threads class SMR info:
_java_thread_list=0x000001f184cfb800, length=188, elements={
0x000001f1e269e800, 0x000001f1fc9a0000, 0x000001f1fc9ab800, 0x000001f1fd296800,
0x000001f1fc9be000, 0x000001f1fc9c0000, 0x000001f1fc9cc000, 0x000001f1fc9d9000,
0x000001f1fd405800, 0x000001f1fd421800, 0x000001f1ff170800, 0x000001f1ff279000,
0x000001f1fe1e0800, 0x000001f1fe1e1000, 0x000001f1ff734800, 0x000001f1fd67e800,
0x000001f1fd67f000, 0x000001f1fd67b000, 0x000001f1fd67c000, 0x000001f1fd67a800,
0x000001f1fd681000, 0x000001f1ffc5c800, 0x000001f1ffc5b000, 0x000001f1ffc5e800,
0x000001f1ffc59800, 0x000001f1ffc5f000, 0x000001f1ffc60000, 0x000001f1ffc5a000,
0x000001f1ffc5c000, 0x000001f1ffc61800, 0x000001f1ffc5d800, 0x000001f1ffc64000,
0x000001f1ffc65000, 0x000001f1ffc61000, 0x000001f1ffc65800, 0x000001f1ffc66800,
0x000001f1ffc63000, 0x000001f1ffc67800, 0x000001f1ffc68000, 0x000001f182a2e000,
0x000001f182a2c000, 0x000001f18115e000, 0x000001f18115e800, 0x000001f181159000,
0x000001f18115f800, 0x000001f181159800, 0x000001f181165000, 0x000001f181163800,
0x000001f181166000, 0x000001f181161000, 0x000001f181162000, 0x000001f181162800,
0x000001f181160800, 0x000001f181167000, 0x000001f181164800, 0x000001f183231800,
0x000001f183232000, 0x000001f183235800, 0x000001f183234000, 0x000001f183233000,
0x000001f183234800, 0x000001f183236000, 0x000001f183230800, 0x000001f183237000,
0x000001f18323a800, 0x000001f183239800, 0x000001f183238800, 0x000001f18323b000,
0x000001f183238000, 0x000001f18323e800, 0x000001f18323c000, 0x000001f18323d000,
0x000001f18323f000, 0x000001f18323d800, 0x000001f1826dc800, 0x000001f1826df800,
0x000001f1826dd000, 0x000001f1826db800, 0x000001f1826e0800, 0x000001f1826df000,
0x000001f1826de000, 0x000001f1826e5800, 0x000001f1826e4000, 0x000001f1826e6000,
0x000001f1826e4800, 0x000001f1826e2000, 0x000001f1826e7000, 0x000001f1826e1800,
0x000001f1826e8000, 0x000001f1826e8800, 0x000001f1826e3000, 0x000001f1826e9800,
0x000001f1826ea800, 0x000001f181d6a800, 0x000001f181d68800, 0x000001f181d6c800,
0x000001f181d6a000, 0x000001f181d6d000, 0x000001f181d69000, 0x000001f181d6b800,
0x000001f181d67800, 0x000001f181d72000, 0x000001f181d6f800, 0x000001f181d73000,
0x000001f181d6e000, 0x000001f181d73800, 0x000001f181d71800, 0x000001f181d74800,
0x000001f181d70800, 0x000001f181d6f000, 0x000001f181d75800, 0x000001f181d76000,
0x000001f18405f000, 0x000001f184063000, 0x000001f18405f800, 0x000001f184060800,
0x000001f184061000, 0x000001f184062000, 0x000001f18405d000, 0x000001f184063800,
0x000001f18405e000, 0x000001f184069800, 0x000001f18406a000, 0x000001f184064800,
0x000001f18406b000, 0x000001f184065800, 0x000001f18406c000, 0x000001f184066000,
0x000001f184067000, 0x000001f184068800, 0x000001f184068000, 0x000001f182ee3800,
0x000001f182ee4000, 0x000001f182ee5000, 0x000001f182ee2800, 0x000001f182edf000,
0x000001f182ee5800, 0x000001f182ee0000, 0x000001f182ee1000, 0x000001f182ee6800,
0x000001f182ee1800, 0x000001f182ee9000, 0x000001f182eea000, 0x000001f182eee000,
0x000001f182eed000, 0x000001f182ee8000, 0x000001f182eea800, 0x000001f182eeb800,
0x000001f182eec000, 0x000001f182a31000, 0x000001f182a32000, 0x000001f182a2d000,
0x000001f182a2e800, 0x000001f182a30800, 0x000001f182a2f800, 0x000001f18115a800,
0x000001f18115b800, 0x000001f181158000, 0x000001f18115c000, 0x000001f18115d000,
0x000001f1fd67c800, 0x000001f1fd67d800, 0x000001f1fd680000, 0x000001f1ffc62800,
0x000001f1fd5c3000, 0x000001f1fd5c4000, 0x000001f1fd5c2800, 0x000001f1fd5be000,
0x000001f1fd5c0000, 0x000001f1fd5c4800, 0x000001f1fd5c0800, 0x000001f1fd5c1800,
0x000001f1fd5bf000, 0x000001f1fd5c9000, 0x000001f1fd5c9800, 0x000001f1fd5cb000,
0x000001f1fd5ca800, 0x000001f1fd5c5800, 0x000001f1fd5cc000, 0x000001f1fd5c6800,
0x000001f1fd5cd000, 0x000001f1fd5c7000, 0x000001f1fd5c8000, 0x000001f1812f2000,
0x000001f1812f2800, 0x000001f1812ef800, 0x000001f1812f3800, 0x000001f1812ee000
}

Java Threads: ( => current thread )
  0x000001f1e269e800 JavaThread "main" [_thread_blocked, id=14236, stack(0x000000c2f8300000,0x000000c2f8400000)]
  0x000001f1fc9a0000 JavaThread "Reference Handler" daemon [_thread_blocked, id=14136, stack(0x000000c2f8a00000,0x000000c2f8b00000)]
  0x000001f1fc9ab800 JavaThread "Finalizer" daemon [_thread_blocked, id=13320, stack(0x000000c2f8b00000,0x000000c2f8c00000)]
  0x000001f1fd296800 JavaThread "Signal Dispatcher" daemon [_thread_blocked, id=14360, stack(0x000000c2f8c00000,0x000000c2f8d00000)]
  0x000001f1fc9be000 JavaThread "Attach Listener" daemon [_thread_blocked, id=10744, stack(0x000000c2f8d00000,0x000000c2f8e00000)]
  0x000001f1fc9c0000 JavaThread "C2 CompilerThread0" daemon [_thread_in_native, id=4216, stack(0x000000c2f8e00000,0x000000c2f8f00000)]
  0x000001f1fc9cc000 JavaThread "C1 CompilerThread0" daemon [_thread_blocked, id=8684, stack(0x000000c2f8f00000,0x000000c2f9000000)]
  0x000001f1fc9d9000 JavaThread "Sweeper thread" daemon [_thread_blocked, id=13828, stack(0x000000c2f9000000,0x000000c2f9100000)]
  0x000001f1fd405800 JavaThread "Common-Cleaner" daemon [_thread_blocked, id=15304, stack(0x000000c2f9100000,0x000000c2f9200000)]
  0x000001f1fd421800 JavaThread "Service Thread" daemon [_thread_blocked, id=16232, stack(0x000000c2f9200000,0x000000c2f9300000)]
  0x000001f1ff170800 JavaThread "Daemon health stats" [_thread_blocked, id=15056, stack(0x000000c2f9800000,0x000000c2f9900000)]
  0x000001f1ff279000 JavaThread "Incoming local TCP Connector on port 54452" [_thread_in_native, id=7944, stack(0x000000c2f9b00000,0x000000c2f9c00000)]
  0x000001f1fe1e0800 JavaThread "Daemon periodic checks" [_thread_blocked, id=15160, stack(0x000000c2f9c00000,0x000000c2f9d00000)]
  0x000001f1fe1e1000 JavaThread "Daemon" [_thread_blocked, id=13952, stack(0x000000c2f9d00000,0x000000c2f9e00000)]
  0x000001f1ff734800 JavaThread "Daemon worker" [_thread_blocked, id=15208, stack(0x000000c2fa000000,0x000000c2fa100000)]
  0x000001f1fd67e800 JavaThread "Cache worker for file hash cache (C:\Users\Administrator\.gradle\caches\6.7.1\fileHashes)" [_thread_blocked, id=5520, stack(0x000000c2fa900000,0x000000c2faa00000)]
  0x000001f1fd67f000 JavaThread "File lock request listener" [_thread_in_native, id=14700, stack(0x000000c2faa00000,0x000000c2fab00000)]
  0x000001f1fd67b000 JavaThread "Cache worker for journal cache (C:\Users\Administrator\.gradle\caches\journal-1)" [_thread_blocked, id=17016, stack(0x000000c2fac00000,0x000000c2fad00000)]
  0x000001f1fd67c000 JavaThread "jar transforms" [_thread_blocked, id=14776, stack(0x000000c2fae00000,0x000000c2faf00000)]
  0x000001f1fd67a800 JavaThread "jar transforms Thread 2" [_thread_blocked, id=17380, stack(0x000000c2faf00000,0x000000c2fb000000)]
  0x000001f1fd681000 JavaThread "jar transforms Thread 3" [_thread_blocked, id=17028, stack(0x000000c2fb000000,0x000000c2fb100000)]
  0x000001f1ffc5c800 JavaThread "jar transforms Thread 4" [_thread_blocked, id=16732, stack(0x000000c2fb100000,0x000000c2fb200000)]
  0x000001f1ffc5b000 JavaThread "jar transforms Thread 5" [_thread_blocked, id=14772, stack(0x000000c2fb200000,0x000000c2fb300000)]
  0x000001f1ffc5e800 JavaThread "jar transforms Thread 6" [_thread_blocked, id=15180, stack(0x000000c2fb300000,0x000000c2fb400000)]
  0x000001f1ffc59800 JavaThread "jar transforms Thread 7" [_thread_blocked, id=16852, stack(0x000000c2fb400000,0x000000c2fb500000)]
  0x000001f1ffc5f000 JavaThread "jar transforms Thread 8" [_thread_blocked, id=13640, stack(0x000000c2fb500000,0x000000c2fb600000)]
  0x000001f1ffc60000 JavaThread "jar transforms Thread 9" [_thread_blocked, id=16128, stack(0x000000c2fb600000,0x000000c2fb700000)]
  0x000001f1ffc5a000 JavaThread "jar transforms Thread 10" [_thread_blocked, id=17368, stack(0x000000c2fb700000,0x000000c2fb800000)]
  0x000001f1ffc5c000 JavaThread "jar transforms Thread 11" [_thread_blocked, id=11868, stack(0x000000c2fb800000,0x000000c2fb900000)]
  0x000001f1ffc61800 JavaThread "jar transforms Thread 12" [_thread_blocked, id=13800, stack(0x000000c2fb900000,0x000000c2fba00000)]
  0x000001f1ffc5d800 JavaThread "jar transforms Thread 13" [_thread_blocked, id=14640, stack(0x000000c2fba00000,0x000000c2fbb00000)]
  0x000001f1ffc64000 JavaThread "jar transforms Thread 14" [_thread_blocked, id=15804, stack(0x000000c2fbb00000,0x000000c2fbc00000)]
  0x000001f1ffc65000 JavaThread "jar transforms Thread 15" [_thread_blocked, id=6856, stack(0x000000c2fbc00000,0x000000c2fbd00000)]
  0x000001f1ffc61000 JavaThread "jar transforms Thread 16" [_thread_blocked, id=9868, stack(0x000000c2fbd00000,0x000000c2fbe00000)]
  0x000001f1ffc65800 JavaThread "jar transforms Thread 17" [_thread_blocked, id=15328, stack(0x000000c2fbe00000,0x000000c2fbf00000)]
  0x000001f1ffc66800 JavaThread "jar transforms Thread 18" [_thread_blocked, id=16188, stack(0x000000c2fbf00000,0x000000c2fc000000)]
  0x000001f1ffc63000 JavaThread "jar transforms Thread 19" [_thread_blocked, id=15324, stack(0x000000c2fc000000,0x000000c2fc100000)]
  0x000001f1ffc67800 JavaThread "jar transforms Thread 20" [_thread_blocked, id=772, stack(0x000000c2fc100000,0x000000c2fc200000)]
  0x000001f1ffc68000 JavaThread "jar transforms Thread 21" [_thread_blocked, id=15672, stack(0x000000c2fc200000,0x000000c2fc300000)]
  0x000001f182a2e000 JavaThread "Cache worker for execution history cache (C:\Users\Administrator\.gradle\caches\6.7.1\executionHistory)" [_thread_blocked, id=16096, stack(0x000000c2fc600000,0x000000c2fc700000)]
  0x000001f182a2c000 JavaThread "Cache worker for file content cache (C:\Users\Administrator\.gradle\caches\6.7.1\fileContent)" [_thread_blocked, id=6400, stack(0x000000c2fc700000,0x000000c2fc800000)]
  0x000001f18115e000 JavaThread "jar transforms Thread 22" [_thread_blocked, id=15968, stack(0x000000c2fd100000,0x000000c2fd200000)]
  0x000001f18115e800 JavaThread "jar transforms Thread 23" [_thread_blocked, id=14896, stack(0x000000c2fd200000,0x000000c2fd300000)]
  0x000001f181159000 JavaThread "jar transforms Thread 24" [_thread_blocked, id=8944, stack(0x000000c2fd300000,0x000000c2fd400000)]
  0x000001f18115f800 JavaThread "jar transforms Thread 25" [_thread_blocked, id=6508, stack(0x000000c2fd400000,0x000000c2fd500000)]
  0x000001f181159800 JavaThread "jar transforms Thread 26" [_thread_blocked, id=17140, stack(0x000000c2fd500000,0x000000c2fd600000)]
  0x000001f181165000 JavaThread "jar transforms Thread 27" [_thread_blocked, id=11656, stack(0x000000c2fd600000,0x000000c2fd700000)]
  0x000001f181163800 JavaThread "jar transforms Thread 28" [_thread_blocked, id=16936, stack(0x000000c2fd700000,0x000000c2fd800000)]
  0x000001f181166000 JavaThread "jar transforms Thread 29" [_thread_blocked, id=16204, stack(0x000000c2fd800000,0x000000c2fd900000)]
  0x000001f181161000 JavaThread "jar transforms Thread 30" [_thread_blocked, id=6696, stack(0x000000c2fd900000,0x000000c2fda00000)]
  0x000001f181162000 JavaThread "jar transforms Thread 31" [_thread_blocked, id=4052, stack(0x000000c2fda00000,0x000000c2fdb00000)]
  0x000001f181162800 JavaThread "jar transforms Thread 32" [_thread_blocked, id=14248, stack(0x000000c2fdb00000,0x000000c2fdc00000)]
  0x000001f181160800 JavaThread "jar transforms Thread 33" [_thread_blocked, id=8276, stack(0x000000c2fdc00000,0x000000c2fdd00000)]
  0x000001f181167000 JavaThread "jar transforms Thread 34" [_thread_blocked, id=16916, stack(0x000000c2fdd00000,0x000000c2fde00000)]
  0x000001f181164800 JavaThread "jar transforms Thread 35" [_thread_blocked, id=3176, stack(0x000000c2fde00000,0x000000c2fdf00000)]
  0x000001f183231800 JavaThread "jar transforms Thread 36" [_thread_blocked, id=5216, stack(0x000000c2fdf00000,0x000000c2fe000000)]
  0x000001f183232000 JavaThread "jar transforms Thread 37" [_thread_blocked, id=16544, stack(0x000000c2fe000000,0x000000c2fe100000)]
  0x000001f183235800 JavaThread "jar transforms Thread 38" [_thread_blocked, id=16904, stack(0x000000c2fe100000,0x000000c2fe200000)]
  0x000001f183234000 JavaThread "jar transforms Thread 39" [_thread_blocked, id=11176, stack(0x000000c2fe200000,0x000000c2fe300000)]
  0x000001f183233000 JavaThread "jar transforms Thread 40" [_thread_blocked, id=16252, stack(0x000000c2fe300000,0x000000c2fe400000)]
  0x000001f183234800 JavaThread "jar transforms Thread 41" [_thread_blocked, id=17240, stack(0x000000c2fe400000,0x000000c2fe500000)]
  0x000001f183236000 JavaThread "jar transforms Thread 42" [_thread_blocked, id=3268, stack(0x000000c2fe500000,0x000000c2fe600000)]
  0x000001f183230800 JavaThread "jar transforms Thread 43" [_thread_blocked, id=13868, stack(0x000000c2fe600000,0x000000c2fe700000)]
  0x000001f183237000 JavaThread "jar transforms Thread 44" [_thread_blocked, id=6880, stack(0x000000c2fe700000,0x000000c2fe800000)]
  0x000001f18323a800 JavaThread "jar transforms Thread 45" [_thread_blocked, id=5936, stack(0x000000c2fe800000,0x000000c2fe900000)]
  0x000001f183239800 JavaThread "jar transforms Thread 46" [_thread_blocked, id=16872, stack(0x000000c2fe900000,0x000000c2fea00000)]
  0x000001f183238800 JavaThread "jar transforms Thread 47" [_thread_blocked, id=6200, stack(0x000000c2fea00000,0x000000c2feb00000)]
  0x000001f18323b000 JavaThread "jar transforms Thread 48" [_thread_blocked, id=2600, stack(0x000000c2feb00000,0x000000c2fec00000)]
  0x000001f183238000 JavaThread "jar transforms Thread 49" [_thread_blocked, id=8520, stack(0x000000c2fec00000,0x000000c2fed00000)]
  0x000001f18323e800 JavaThread "jar transforms Thread 50" [_thread_blocked, id=16460, stack(0x000000c2fed00000,0x000000c2fee00000)]
  0x000001f18323c000 JavaThread "jar transforms Thread 51" [_thread_blocked, id=5076, stack(0x000000c2fee00000,0x000000c2fef00000)]
  0x000001f18323d000 JavaThread "jar transforms Thread 52" [_thread_blocked, id=13772, stack(0x000000c2fef00000,0x000000c2ff000000)]
  0x000001f18323f000 JavaThread "jar transforms Thread 53" [_thread_blocked, id=15264, stack(0x000000c2ff000000,0x000000c2ff100000)]
  0x000001f18323d800 JavaThread "jar transforms Thread 54" [_thread_blocked, id=16236, stack(0x000000c2ff100000,0x000000c2ff200000)]
  0x000001f1826dc800 JavaThread "jar transforms Thread 55" [_thread_blocked, id=13600, stack(0x000000c2ff200000,0x000000c2ff300000)]
  0x000001f1826df800 JavaThread "jar transforms Thread 56" [_thread_blocked, id=8612, stack(0x000000c2ff300000,0x000000c2ff400000)]
  0x000001f1826dd000 JavaThread "jar transforms Thread 57" [_thread_blocked, id=15692, stack(0x000000c2ff400000,0x000000c2ff500000)]
  0x000001f1826db800 JavaThread "jar transforms Thread 58" [_thread_blocked, id=7468, stack(0x000000c2ff500000,0x000000c2ff600000)]
  0x000001f1826e0800 JavaThread "jar transforms Thread 59" [_thread_blocked, id=11624, stack(0x000000c2ff600000,0x000000c2ff700000)]
  0x000001f1826df000 JavaThread "jar transforms Thread 60" [_thread_blocked, id=3456, stack(0x000000c2ff700000,0x000000c2ff800000)]
  0x000001f1826de000 JavaThread "jar transforms Thread 61" [_thread_blocked, id=3580, stack(0x000000c2ff800000,0x000000c2ff900000)]
  0x000001f1826e5800 JavaThread "jar transforms Thread 62" [_thread_blocked, id=17012, stack(0x000000c2ff900000,0x000000c2ffa00000)]
  0x000001f1826e4000 JavaThread "jar transforms Thread 63" [_thread_blocked, id=13756, stack(0x000000c2ffa00000,0x000000c2ffb00000)]
  0x000001f1826e6000 JavaThread "jar transforms Thread 64" [_thread_blocked, id=3996, stack(0x000000c2ffb00000,0x000000c2ffc00000)]
  0x000001f1826e4800 JavaThread "jar transforms Thread 65" [_thread_blocked, id=13620, stack(0x000000c2ffc00000,0x000000c2ffd00000)]
  0x000001f1826e2000 JavaThread "jar transforms Thread 66" [_thread_blocked, id=1472, stack(0x000000c2ffd00000,0x000000c2ffe00000)]
  0x000001f1826e7000 JavaThread "jar transforms Thread 67" [_thread_blocked, id=4756, stack(0x000000c2ffe00000,0x000000c2fff00000)]
  0x000001f1826e1800 JavaThread "jar transforms Thread 68" [_thread_blocked, id=9696, stack(0x000000c2fff00000,0x000000c300000000)]
  0x000001f1826e8000 JavaThread "jar transforms Thread 69" [_thread_blocked, id=16508, stack(0x000000c280000000,0x000000c280100000)]
  0x000001f1826e8800 JavaThread "jar transforms Thread 70" [_thread_blocked, id=7512, stack(0x000000c280100000,0x000000c280200000)]
  0x000001f1826e3000 JavaThread "jar transforms Thread 71" [_thread_blocked, id=14368, stack(0x000000c280200000,0x000000c280300000)]
  0x000001f1826e9800 JavaThread "jar transforms Thread 72" [_thread_blocked, id=12208, stack(0x000000c280300000,0x000000c280400000)]
  0x000001f1826ea800 JavaThread "jar transforms Thread 73" [_thread_blocked, id=11936, stack(0x000000c280400000,0x000000c280500000)]
  0x000001f181d6a800 JavaThread "jar transforms Thread 74" [_thread_blocked, id=13744, stack(0x000000c280500000,0x000000c280600000)]
  0x000001f181d68800 JavaThread "jar transforms Thread 75" [_thread_blocked, id=2064, stack(0x000000c280600000,0x000000c280700000)]
  0x000001f181d6c800 JavaThread "jar transforms Thread 76" [_thread_blocked, id=12648, stack(0x000000c280700000,0x000000c280800000)]
  0x000001f181d6a000 JavaThread "jar transforms Thread 77" [_thread_blocked, id=15032, stack(0x000000c280800000,0x000000c280900000)]
  0x000001f181d6d000 JavaThread "jar transforms Thread 78" [_thread_blocked, id=17048, stack(0x000000c280900000,0x000000c280a00000)]
  0x000001f181d69000 JavaThread "jar transforms Thread 79" [_thread_blocked, id=13532, stack(0x000000c280a00000,0x000000c280b00000)]
  0x000001f181d6b800 JavaThread "jar transforms Thread 80" [_thread_blocked, id=17136, stack(0x000000c280b00000,0x000000c280c00000)]
  0x000001f181d67800 JavaThread "jar transforms Thread 81" [_thread_blocked, id=16820, stack(0x000000c280c00000,0x000000c280d00000)]
  0x000001f181d72000 JavaThread "jar transforms Thread 82" [_thread_blocked, id=16412, stack(0x000000c280d00000,0x000000c280e00000)]
  0x000001f181d6f800 JavaThread "jar transforms Thread 83" [_thread_blocked, id=5772, stack(0x000000c280e00000,0x000000c280f00000)]
  0x000001f181d73000 JavaThread "jar transforms Thread 84" [_thread_blocked, id=12440, stack(0x000000c280f00000,0x000000c281000000)]
  0x000001f181d6e000 JavaThread "jar transforms Thread 85" [_thread_blocked, id=7240, stack(0x000000c281000000,0x000000c281100000)]
  0x000001f181d73800 JavaThread "jar transforms Thread 86" [_thread_blocked, id=16876, stack(0x000000c281100000,0x000000c281200000)]
  0x000001f181d71800 JavaThread "jar transforms Thread 87" [_thread_blocked, id=4124, stack(0x000000c281200000,0x000000c281300000)]
  0x000001f181d74800 JavaThread "jar transforms Thread 88" [_thread_blocked, id=15888, stack(0x000000c281300000,0x000000c281400000)]
  0x000001f181d70800 JavaThread "jar transforms Thread 89" [_thread_blocked, id=17088, stack(0x000000c281400000,0x000000c281500000)]
  0x000001f181d6f000 JavaThread "jar transforms Thread 90" [_thread_blocked, id=13872, stack(0x000000c281500000,0x000000c281600000)]
  0x000001f181d75800 JavaThread "jar transforms Thread 91" [_thread_blocked, id=8652, stack(0x000000c281600000,0x000000c281700000)]
  0x000001f181d76000 JavaThread "jar transforms Thread 92" [_thread_blocked, id=13464, stack(0x000000c281700000,0x000000c281800000)]
  0x000001f18405f000 JavaThread "jar transforms Thread 93" [_thread_blocked, id=17248, stack(0x000000c281800000,0x000000c281900000)]
  0x000001f184063000 JavaThread "jar transforms Thread 94" [_thread_blocked, id=15864, stack(0x000000c281900000,0x000000c281a00000)]
  0x000001f18405f800 JavaThread "jar transforms Thread 95" [_thread_blocked, id=13608, stack(0x000000c281a00000,0x000000c281b00000)]
  0x000001f184060800 JavaThread "jar transforms Thread 96" [_thread_blocked, id=14164, stack(0x000000c281b00000,0x000000c281c00000)]
  0x000001f184061000 JavaThread "jar transforms Thread 97" [_thread_blocked, id=14672, stack(0x000000c281c00000,0x000000c281d00000)]
  0x000001f184062000 JavaThread "jar transforms Thread 98" [_thread_blocked, id=5540, stack(0x000000c281d00000,0x000000c281e00000)]
  0x000001f18405d000 JavaThread "jar transforms Thread 99" [_thread_blocked, id=12912, stack(0x000000c281e00000,0x000000c281f00000)]
  0x000001f184063800 JavaThread "jar transforms Thread 100" [_thread_blocked, id=14468, stack(0x000000c281f00000,0x000000c282000000)]
  0x000001f18405e000 JavaThread "jar transforms Thread 101" [_thread_blocked, id=17052, stack(0x000000c282000000,0x000000c282100000)]
  0x000001f184069800 JavaThread "jar transforms Thread 102" [_thread_blocked, id=3208, stack(0x000000c282100000,0x000000c282200000)]
  0x000001f18406a000 JavaThread "jar transforms Thread 103" [_thread_blocked, id=5616, stack(0x000000c282200000,0x000000c282300000)]
  0x000001f184064800 JavaThread "jar transforms Thread 104" [_thread_blocked, id=12056, stack(0x000000c282300000,0x000000c282400000)]
  0x000001f18406b000 JavaThread "jar transforms Thread 105" [_thread_blocked, id=14148, stack(0x000000c282400000,0x000000c282500000)]
  0x000001f184065800 JavaThread "jar transforms Thread 106" [_thread_blocked, id=14176, stack(0x000000c282500000,0x000000c282600000)]
  0x000001f18406c000 JavaThread "jar transforms Thread 107" [_thread_blocked, id=5992, stack(0x000000c282600000,0x000000c282700000)]
  0x000001f184066000 JavaThread "jar transforms Thread 108" [_thread_blocked, id=14428, stack(0x000000c282700000,0x000000c282800000)]
  0x000001f184067000 JavaThread "jar transforms Thread 109" [_thread_blocked, id=16448, stack(0x000000c282800000,0x000000c282900000)]
  0x000001f184068800 JavaThread "jar transforms Thread 110" [_thread_blocked, id=16784, stack(0x000000c282900000,0x000000c282a00000)]
  0x000001f184068000 JavaThread "jar transforms Thread 111" [_thread_blocked, id=14604, stack(0x000000c282a00000,0x000000c282b00000)]
  0x000001f182ee3800 JavaThread "jar transforms Thread 112" [_thread_blocked, id=3240, stack(0x000000c282b00000,0x000000c282c00000)]
  0x000001f182ee4000 JavaThread "jar transforms Thread 113" [_thread_blocked, id=7100, stack(0x000000c282c00000,0x000000c282d00000)]
  0x000001f182ee5000 JavaThread "jar transforms Thread 114" [_thread_blocked, id=13720, stack(0x000000c282d00000,0x000000c282e00000)]
  0x000001f182ee2800 JavaThread "jar transforms Thread 115" [_thread_blocked, id=16000, stack(0x000000c282e00000,0x000000c282f00000)]
  0x000001f182edf000 JavaThread "jar transforms Thread 116" [_thread_blocked, id=13576, stack(0x000000c282f00000,0x000000c283000000)]
  0x000001f182ee5800 JavaThread "jar transforms Thread 117" [_thread_blocked, id=2552, stack(0x000000c283000000,0x000000c283100000)]
  0x000001f182ee0000 JavaThread "jar transforms Thread 118" [_thread_blocked, id=13344, stack(0x000000c283100000,0x000000c283200000)]
  0x000001f182ee1000 JavaThread "Memory manager" [_thread_blocked, id=4748, stack(0x000000c283300000,0x000000c283400000)]
  0x000001f182ee6800 JavaThread "Handler for socket connection from /127.0.0.1:54452 to /127.0.0.1:54469" [_thread_in_native, id=16144, stack(0x000000c283200000,0x000000c283300000)]
  0x000001f182ee1800 JavaThread "Cancel handler" [_thread_blocked, id=13816, stack(0x000000c283400000,0x000000c283500000)]
  0x000001f182ee9000 JavaThread "Asynchronous log dispatcher for DefaultDaemonConnection: socket connection from /127.0.0.1:54452 to /127.0.0.1:54469" [_thread_blocked, id=17272, stack(0x000000c283500000,0x000000c283600000)]
  0x000001f182eea000 JavaThread "Stdin handler" [_thread_blocked, id=16260, stack(0x000000c283600000,0x000000c283700000)]
  0x000001f182eee000 JavaThread "Thread-157" [_thread_blocked, id=15452, stack(0x000000c283700000,0x000000c283800000)]
  0x000001f182eed000 JavaThread "Cache worker for file hash cache (D:\Android\PokemonDrawer\.gradle\6.7.1\fileHashes)" [_thread_blocked, id=16180, stack(0x000000c283800000,0x000000c283900000)]
  0x000001f182ee8000 JavaThread "Cache worker for checksums cache (D:\Android\PokemonDrawer\.gradle\checksums)" [_thread_blocked, id=13428, stack(0x000000c283900000,0x000000c283a00000)]
  0x000001f182eea800 JavaThread "Cache worker for cache directory md-supplier (C:\Users\Administrator\.gradle\caches\6.7.1\md-supplier)" [_thread_blocked, id=11236, stack(0x000000c283a00000,0x000000c283b00000)]
  0x000001f182eeb800 JavaThread "Cache worker for cache directory md-rule (C:\Users\Administrator\.gradle\caches\6.7.1\md-rule)" [_thread_blocked, id=15572, stack(0x000000c283b00000,0x000000c283c00000)]
  0x000001f182eec000 JavaThread "Cache worker for Build Output Cleanup Cache (D:\Android\PokemonDrawer\.gradle\buildOutputCleanup)" [_thread_blocked, id=10184, stack(0x000000c283c00000,0x000000c283d00000)]
  0x000001f182a31000 JavaThread "C2 CompilerThread1" daemon [_thread_blocked, id=13832, stack(0x000000c283d00000,0x000000c283e00000)]
  0x000001f182a32000 JavaThread "C2 CompilerThread2" daemon [_thread_in_native, id=5160, stack(0x000000c283e00000,0x000000c283f00000)]
  0x000001f182a2d000 JavaThread "Build operations" [_thread_blocked, id=7596, stack(0x000000c283f00000,0x000000c284000000)]
  0x000001f182a2e800 JavaThread "Build operations Thread 2" [_thread_blocked, id=13752, stack(0x000000c284000000,0x000000c284100000)]
  0x000001f182a30800 JavaThread "Build operations Thread 3" [_thread_blocked, id=14912, stack(0x000000c284100000,0x000000c284200000)]
  0x000001f182a2f800 JavaThread "Build operations Thread 4" [_thread_blocked, id=15524, stack(0x000000c284200000,0x000000c284300000)]
  0x000001f18115a800 JavaThread "Build operations Thread 5" [_thread_blocked, id=13448, stack(0x000000c284300000,0x000000c284400000)]
  0x000001f18115b800 JavaThread "Build operations Thread 6" [_thread_blocked, id=9476, stack(0x000000c284400000,0x000000c284500000)]
  0x000001f181158000 JavaThread "Build operations Thread 7" [_thread_blocked, id=16828, stack(0x000000c284500000,0x000000c284600000)]
  0x000001f18115c000 JavaThread "Build operations Thread 8" [_thread_blocked, id=6828, stack(0x000000c284600000,0x000000c284700000)]
  0x000001f18115d000 JavaThread "build event listener" [_thread_blocked, id=14204, stack(0x000000c284700000,0x000000c284800000)]
  0x000001f1fd67c800 JavaThread "build event listener" [_thread_blocked, id=13696, stack(0x000000c284800000,0x000000c284900000)]
  0x000001f1fd67d800 JavaThread "Execution worker for ':'" [_thread_blocked, id=16276, stack(0x000000c284900000,0x000000c284a00000)]
  0x000001f1fd680000 JavaThread "Execution worker for ':' Thread 2" [_thread_blocked, id=16268, stack(0x000000c284a00000,0x000000c284b00000)]
  0x000001f1ffc62800 JavaThread "Execution worker for ':' Thread 3" [_thread_blocked, id=2484, stack(0x000000c284b00000,0x000000c284c00000)]
  0x000001f1fd5c3000 JavaThread "Execution worker for ':' Thread 4" [_thread_blocked, id=12180, stack(0x000000c284c00000,0x000000c284d00000)]
  0x000001f1fd5c4000 JavaThread "Execution worker for ':' Thread 5" [_thread_blocked, id=10440, stack(0x000000c284d00000,0x000000c284e00000)]
  0x000001f1fd5c2800 JavaThread "Execution worker for ':' Thread 6" [_thread_blocked, id=12660, stack(0x000000c284e00000,0x000000c284f00000)]
  0x000001f1fd5be000 JavaThread "Execution worker for ':' Thread 7" [_thread_blocked, id=15292, stack(0x000000c284f00000,0x000000c285000000)]
  0x000001f1fd5c0000 JavaThread "Cache worker for execution history cache (D:\Android\PokemonDrawer\.gradle\6.7.1\executionHistory)" [_thread_blocked, id=9124, stack(0x000000c285000000,0x000000c285100000)]
  0x000001f1fd5c4800 JavaThread "WorkerExecutor Queue" [_thread_blocked, id=9360, stack(0x000000c285100000,0x000000c285200000)]
  0x000001f1fd5c0800 JavaThread "WorkerExecutor Queue Thread 2" [_thread_blocked, id=16120, stack(0x000000c285200000,0x000000c285300000)]
  0x000001f1fd5c1800 JavaThread "WorkerExecutor Queue Thread 3" [_thread_blocked, id=14828, stack(0x000000c285300000,0x000000c285400000)]
  0x000001f1fd5bf000 JavaThread "WorkerExecutor Queue Thread 4" [_thread_blocked, id=14752, stack(0x000000c285400000,0x000000c285500000)]
  0x000001f1fd5c9000 JavaThread "WorkerExecutor Queue Thread 5" [_thread_blocked, id=15092, stack(0x000000c285500000,0x000000c285600000)]
  0x000001f1fd5c9800 JavaThread "WorkerExecutor Queue Thread 6" [_thread_blocked, id=16212, stack(0x000000c285600000,0x000000c285700000)]
  0x000001f1fd5cb000 JavaThread "WorkerExecutor Queue Thread 7" [_thread_blocked, id=11380, stack(0x000000c285700000,0x000000c285800000)]
  0x000001f1fd5ca800 JavaThread "WorkerExecutor Queue Thread 8" [_thread_blocked, id=5416, stack(0x000000c285800000,0x000000c285900000)]
  0x000001f1fd5c5800 JavaThread "pool-7-thread-1" [_thread_blocked, id=10056, stack(0x000000c285900000,0x000000c285a00000)]
  0x000001f1fd5cc000 JavaThread "ForkJoinPool-2-worker-3" daemon [_thread_blocked, id=9960, stack(0x000000c285a00000,0x000000c285b00000)]
  0x000001f1fd5c6800 JavaThread "ForkJoinPool-2-worker-5" daemon [_thread_blocked, id=4660, stack(0x000000c285b00000,0x000000c285c00000)]
  0x000001f1fd5cd000 JavaThread "ForkJoinPool-2-worker-7" daemon [_thread_blocked, id=17336, stack(0x000000c285c00000,0x000000c285d00000)]
  0x000001f1fd5c7000 JavaThread "ForkJoinPool-2-worker-9" daemon [_thread_blocked, id=11644, stack(0x000000c285d00000,0x000000c285e00000)]
  0x000001f1fd5c8000 JavaThread "ForkJoinPool-2-worker-11" daemon [_thread_blocked, id=14796, stack(0x000000c285e00000,0x000000c285f00000)]
  0x000001f1812f2000 JavaThread "ForkJoinPool-2-worker-13" daemon [_thread_blocked, id=11296, stack(0x000000c285f00000,0x000000c286000000)]
  0x000001f1812f2800 JavaThread "ForkJoinPool-2-worker-15" daemon [_thread_blocked, id=2520, stack(0x000000c286000000,0x000000c286100000)]
  0x000001f1812ef800 JavaThread "ForkJoinPool-2-worker-1" daemon [_thread_blocked, id=8056, stack(0x000000c286100000,0x000000c286200000)]
  0x000001f1812f3800 JavaThread "stderr" [_thread_in_native, id=5044, stack(0x000000c286200000,0x000000c286300000)]
  0x000001f1812ee000 JavaThread "stdout" [_thread_in_native, id=8772, stack(0x000000c286300000,0x000000c286400000)]

Other Threads:
=>0x000001f1fc99e800 VMThread "VM Thread" [stack: 0x000000c2f8900000,0x000000c2f8a00000] [id=16316]
  0x000001f1fd42e800 WatcherThread [stack: 0x000000c2f9300000,0x000000c2f9400000] [id=16664]
  0x000001f1e26b1800 GCTaskThread "GC Thread#0" [stack: 0x000000c2f8400000,0x000000c2f8500000] [id=1344]
  0x000001f1fe0d8800 GCTaskThread "GC Thread#1" [stack: 0x000000c2f9600000,0x000000c2f9700000] [id=14408]
  0x000001f1fdd91000 GCTaskThread "GC Thread#2" [stack: 0x000000c2f9700000,0x000000c2f9800000] [id=16868]
  0x000001f1fee09800 GCTaskThread "GC Thread#3" [stack: 0x000000c2fa400000,0x000000c2fa500000] [id=12940]
  0x000001f1fe046800 GCTaskThread "GC Thread#4" [stack: 0x000000c2fa500000,0x000000c2fa600000] [id=11676]
  0x000001f1fe45f800 GCTaskThread "GC Thread#5" [stack: 0x000000c2fa600000,0x000000c2fa700000] [id=16612]
  0x000001f1ff981000 GCTaskThread "GC Thread#6" [stack: 0x000000c2fa700000,0x000000c2fa800000] [id=7456]
  0x000001f1fe6ce000 GCTaskThread "GC Thread#7" [stack: 0x000000c2fa800000,0x000000c2fa900000] [id=6424]
  0x000001f1e26e3000 ConcurrentGCThread "G1 Main Marker" [stack: 0x000000c2f8500000,0x000000c2f8600000] [id=15464]
  0x000001f1e26e6800 ConcurrentGCThread "G1 Conc#0" [stack: 0x000000c2f8600000,0x000000c2f8700000] [id=15296]
  0x000001f1ff065000 ConcurrentGCThread "G1 Conc#1" [stack: 0x000000c2fab00000,0x000000c2fac00000] [id=9512]
  0x000001f1fc7f0800 ConcurrentGCThread "G1 Refine#0" [stack: 0x000000c2f8700000,0x000000c2f8800000] [id=15148]
  0x000001f1fc7f1000 ConcurrentGCThread "G1 Young RemSet Sampling" [stack: 0x000000c2f8800000,0x000000c2f8900000] [id=11780]

Threads with active compile tasks:
C2 CompilerThread0  18908 14335       4       com.android.tools.r8.dex.n::e (654 bytes)
C2 CompilerThread1  18908 14294 %     4       com.android.tools.r8.dex.n::a @ 315 (913 bytes)
C2 CompilerThread2  18908 14255       4       com.android.tools.r8.code.x1::a (4137 bytes)

VM state:at safepoint (normal execution)

VM Mutex/Monitor currently owned by a thread:  ([mutex/lock_event])
[0x000001f1e269b320] Threads_lock - owner thread: 0x000001f1fc99e800
[0x000001f1e269b8c0] Heap_lock - owner thread: 0x000001f1fd5cc000

Heap address: 0x0000000080000000, size: 2048 MB, Compressed Oops mode: 32-bit
Narrow klass base: 0x0000000000000000, Narrow klass shift: 3
Compressed class space size: 1073741824 Address: 0x0000000100000000

Heap:
 garbage-first heap   total 270336K, used 198049K [0x0000000080000000, 0x0000000100000000)
  region size 1024K, 2 young (2048K), 2 survivors (2048K)
 Metaspace       used 116006K, capacity 119158K, committed 119460K, reserved 1153024K
  class space    used 14716K, capacity 15796K, committed 15912K, reserved 1048576K
Heap Regions: E=young(eden), S=young(survivor), O=old, HS=humongous(starts), HC=humongous(continues), CS=collection set, F=free, A=archive, TAMS=top-at-mark-start (previous, next)
|   0|0x0000000080000000, 0x0000000080100000, 0x0000000080100000|100%| O|  |TAMS 0x0000000080100000, 0x0000000080100000| Untracked 
|   1|0x0000000080100000, 0x0000000080200000, 0x0000000080200000|100%| O|  |TAMS 0x0000000080200000, 0x0000000080200000| Untracked 
|   2|0x0000000080200000, 0x0000000080300000, 0x0000000080300000|100%| O|  |TAMS 0x0000000080300000, 0x0000000080300000| Untracked 
|   3|0x0000000080300000, 0x0000000080400000, 0x0000000080400000|100%|HS|  |TAMS 0x0000000080400000, 0x0000000080400000| Complete 
|   4|0x0000000080400000, 0x0000000080500000, 0x0000000080500000|100%|HC|  |TAMS 0x0000000080500000, 0x0000000080500000| Complete 
|   5|0x0000000080500000, 0x0000000080600000, 0x0000000080600000|100%|HC|  |TAMS 0x0000000080600000, 0x0000000080600000| Complete 
|   6|0x0000000080600000, 0x0000000080700000, 0x0000000080700000|100%| O|  |TAMS 0x0000000080700000, 0x0000000080700000| Untracked 
|   7|0x0000000080700000, 0x0000000080800000, 0x0000000080800000|100%| O|  |TAMS 0x0000000080800000, 0x0000000080800000| Untracked 
|   8|0x0000000080800000, 0x0000000080900000, 0x0000000080900000|100%| O|  |TAMS 0x0000000080900000, 0x0000000080900000| Untracked 
|   9|0x0000000080900000, 0x0000000080a00000, 0x0000000080a00000|100%| O|  |TAMS 0x0000000080a00000, 0x0000000080a00000| Untracked 
|  10|0x0000000080a00000, 0x0000000080b00000, 0x0000000080b00000|100%| O|  |TAMS 0x0000000080b00000, 0x0000000080b00000| Untracked 
|  11|0x0000000080b00000, 0x0000000080c00000, 0x0000000080c00000|100%| O|  |TAMS 0x0000000080c00000, 0x0000000080c00000| Untracked 
|  12|0x0000000080c00000, 0x0000000080d00000, 0x0000000080d00000|100%| O|  |TAMS 0x0000000080d00000, 0x0000000080d00000| Untracked 
|  13|0x0000000080d00000, 0x0000000080e00000, 0x0000000080e00000|100%| O|  |TAMS 0x0000000080e00000, 0x0000000080e00000| Untracked 
|  14|0x0000000080e00000, 0x0000000080f00000, 0x0000000080f00000|100%| O|  |TAMS 0x0000000080f00000, 0x0000000080f00000| Untracked 
|  15|0x0000000080f00000, 0x0000000081000000, 0x0000000081000000|100%| O|  |TAMS 0x0000000081000000, 0x0000000081000000| Untracked 
|  16|0x0000000081000000, 0x0000000081100000, 0x0000000081100000|100%|HS|  |TAMS 0x0000000081100000, 0x0000000081100000| Complete 
|  17|0x0000000081100000, 0x0000000081200000, 0x0000000081200000|100%|HC|  |TAMS 0x0000000081200000, 0x0000000081200000| Complete 
|  18|0x0000000081200000, 0x0000000081300000, 0x0000000081300000|100%|HS|  |TAMS 0x0000000081300000, 0x0000000081300000| Complete 
|  19|0x0000000081300000, 0x0000000081400000, 0x0000000081400000|100%|HC|  |TAMS 0x0000000081400000, 0x0000000081400000| Complete 
|  20|0x0000000081400000, 0x0000000081500000, 0x0000000081500000|100%|HC|  |TAMS 0x0000000081500000, 0x0000000081500000| Complete 
|  21|0x0000000081500000, 0x0000000081600000, 0x0000000081600000|100%|HS|  |TAMS 0x0000000081600000, 0x0000000081600000| Complete 
|  22|0x0000000081600000, 0x0000000081700000, 0x0000000081700000|100%|HC|  |TAMS 0x0000000081700000, 0x0000000081700000| Complete 
|  23|0x0000000081700000, 0x0000000081800000, 0x0000000081800000|100%|HC|  |TAMS 0x0000000081800000, 0x0000000081800000| Complete 
|  24|0x0000000081800000, 0x0000000081900000, 0x0000000081900000|100%|HC|  |TAMS 0x0000000081900000, 0x0000000081900000| Complete 
|  25|0x0000000081900000, 0x0000000081a00000, 0x0000000081a00000|100%| O|  |TAMS 0x0000000081a00000, 0x0000000081a00000| Untracked 
|  26|0x0000000081a00000, 0x0000000081b00000, 0x0000000081b00000|100%| O|  |TAMS 0x0000000081b00000, 0x0000000081b00000| Untracked 
|  27|0x0000000081b00000, 0x0000000081c00000, 0x0000000081c00000|100%| O|  |TAMS 0x0000000081c00000, 0x0000000081c00000| Untracked 
|  28|0x0000000081c00000, 0x0000000081d00000, 0x0000000081d00000|100%| O|  |TAMS 0x0000000081d00000, 0x0000000081d00000| Untracked 
|  29|0x0000000081d00000, 0x0000000081e00000, 0x0000000081e00000|100%| O|  |TAMS 0x0000000081e00000, 0x0000000081e00000| Untracked 
|  30|0x0000000081e00000, 0x0000000081f00000, 0x0000000081f00000|100%| O|  |TAMS 0x0000000081f00000, 0x0000000081f00000| Untracked 
|  31|0x0000000081f00000, 0x0000000082000000, 0x0000000082000000|100%| O|  |TAMS 0x0000000082000000, 0x0000000082000000| Untracked 
|  32|0x0000000082000000, 0x0000000082100000, 0x0000000082100000|100%|HS|  |TAMS 0x0000000082100000, 0x0000000082100000| Complete 
|  33|0x0000000082100000, 0x0000000082200000, 0x0000000082200000|100%|HC|  |TAMS 0x0000000082200000, 0x0000000082200000| Complete 
|  34|0x0000000082200000, 0x0000000082300000, 0x0000000082300000|100%|HC|  |TAMS 0x0000000082300000, 0x0000000082300000| Complete 
|  35|0x0000000082300000, 0x0000000082400000, 0x0000000082400000|100%|HC|  |TAMS 0x0000000082400000, 0x0000000082400000| Complete 
|  36|0x0000000082400000, 0x0000000082500000, 0x0000000082500000|100%|HS|  |TAMS 0x0000000082500000, 0x0000000082500000| Complete 
|  37|0x0000000082500000, 0x0000000082600000, 0x0000000082600000|100%|HC|  |TAMS 0x0000000082600000, 0x0000000082600000| Complete 
|  38|0x0000000082600000, 0x0000000082700000, 0x0000000082700000|100%|HC|  |TAMS 0x0000000082700000, 0x0000000082700000| Complete 
|  39|0x0000000082700000, 0x0000000082800000, 0x0000000082800000|100%| O|  |TAMS 0x0000000082800000, 0x0000000082800000| Untracked 
|  40|0x0000000082800000, 0x0000000082900000, 0x0000000082900000|100%| O|  |TAMS 0x0000000082900000, 0x0000000082900000| Untracked 
|  41|0x0000000082900000, 0x0000000082a00000, 0x0000000082a00000|100%| O|  |TAMS 0x0000000082a00000, 0x0000000082a00000| Untracked 
|  42|0x0000000082a00000, 0x0000000082b00000, 0x0000000082b00000|100%| O|  |TAMS 0x0000000082b00000, 0x0000000082b00000| Untracked 
|  43|0x0000000082b00000, 0x0000000082c00000, 0x0000000082c00000|100%| O|  |TAMS 0x0000000082c00000, 0x0000000082c00000| Untracked 
|  44|0x0000000082c00000, 0x0000000082d00000, 0x0000000082d00000|100%| O|  |TAMS 0x0000000082d00000, 0x0000000082d00000| Untracked 
|  45|0x0000000082d00000, 0x0000000082e00000, 0x0000000082e00000|100%| O|  |TAMS 0x0000000082e00000, 0x0000000082e00000| Untracked 
|  46|0x0000000082e00000, 0x0000000082f00000, 0x0000000082f00000|100%| O|  |TAMS 0x0000000082f00000, 0x0000000082f00000| Untracked 
|  47|0x0000000082f00000, 0x0000000083000000, 0x0000000083000000|100%|HS|  |TAMS 0x0000000083000000, 0x0000000083000000| Complete 
|  48|0x0000000083000000, 0x0000000083100000, 0x0000000083100000|100%|HS|  |TAMS 0x0000000083100000, 0x0000000083100000| Complete 
|  49|0x0000000083100000, 0x0000000083200000, 0x0000000083200000|100%|HC|  |TAMS 0x0000000083200000, 0x0000000083200000| Complete 
|  50|0x0000000083200000, 0x0000000083300000, 0x0000000083300000|100%|HC|  |TAMS 0x0000000083300000, 0x0000000083300000| Complete 
|  51|0x0000000083300000, 0x0000000083400000, 0x0000000083400000|100%|HS|  |TAMS 0x0000000083400000, 0x0000000083400000| Complete 
|  52|0x0000000083400000, 0x0000000083500000, 0x0000000083500000|100%|HC|  |TAMS 0x0000000083500000, 0x0000000083500000| Complete 
|  53|0x0000000083500000, 0x0000000083600000, 0x0000000083600000|100%| O|  |TAMS 0x0000000083600000, 0x0000000083600000| Untracked 
|  54|0x0000000083600000, 0x0000000083700000, 0x0000000083700000|100%| O|  |TAMS 0x0000000083700000, 0x0000000083700000| Untracked 
|  55|0x0000000083700000, 0x0000000083800000, 0x0000000083800000|100%| O|  |TAMS 0x0000000083800000, 0x0000000083800000| Untracked 
|  56|0x0000000083800000, 0x0000000083900000, 0x0000000083900000|100%| O|  |TAMS 0x0000000083900000, 0x0000000083900000| Untracked 
|  57|0x0000000083900000, 0x0000000083a00000, 0x0000000083a00000|100%| O|  |TAMS 0x0000000083a00000, 0x0000000083a00000| Untracked 
|  58|0x0000000083a00000, 0x0000000083b00000, 0x0000000083b00000|100%| O|  |TAMS 0x0000000083b00000, 0x0000000083b00000| Untracked 
|  59|0x0000000083b00000, 0x0000000083c00000, 0x0000000083c00000|100%| O|  |TAMS 0x0000000083c00000, 0x0000000083c00000| Untracked 
|  60|0x0000000083c00000, 0x0000000083d00000, 0x0000000083d00000|100%| O|  |TAMS 0x0000000083d00000, 0x0000000083d00000| Untracked 
|  61|0x0000000083d00000, 0x0000000083e00000, 0x0000000083e00000|100%| O|  |TAMS 0x0000000083e00000, 0x0000000083e00000| Untracked 
|  62|0x0000000083e00000, 0x0000000083f00000, 0x0000000083f00000|100%| O|  |TAMS 0x0000000083f00000, 0x0000000083f00000| Untracked 
|  63|0x0000000083f00000, 0x0000000084000000, 0x0000000084000000|100%| O|  |TAMS 0x0000000084000000, 0x0000000084000000| Untracked 
|  64|0x0000000084000000, 0x0000000084100000, 0x0000000084100000|100%| O|  |TAMS 0x0000000084100000, 0x0000000084100000| Untracked 
|  65|0x0000000084100000, 0x0000000084200000, 0x0000000084200000|100%| O|  |TAMS 0x0000000084200000, 0x0000000084200000| Untracked 
|  66|0x0000000084200000, 0x0000000084300000, 0x0000000084300000|100%| O|  |TAMS 0x0000000084300000, 0x0000000084300000| Untracked 
|  67|0x0000000084300000, 0x0000000084400000, 0x0000000084400000|100%| O|  |TAMS 0x0000000084400000, 0x0000000084400000| Untracked 
|  68|0x0000000084400000, 0x0000000084500000, 0x0000000084500000|100%| O|  |TAMS 0x0000000084500000, 0x0000000084500000| Untracked 
|  69|0x0000000084500000, 0x0000000084600000, 0x0000000084600000|100%| O|  |TAMS 0x0000000084600000, 0x0000000084600000| Untracked 
|  70|0x0000000084600000, 0x0000000084700000, 0x0000000084700000|100%| O|  |TAMS 0x0000000084700000, 0x0000000084700000| Untracked 
|  71|0x0000000084700000, 0x0000000084800000, 0x0000000084800000|100%| O|  |TAMS 0x0000000084800000, 0x0000000084800000| Untracked 
|  72|0x0000000084800000, 0x0000000084900000, 0x0000000084900000|100%| O|  |TAMS 0x0000000084900000, 0x0000000084900000| Untracked 
|  73|0x0000000084900000, 0x0000000084a00000, 0x0000000084a00000|100%| O|  |TAMS 0x0000000084a00000, 0x0000000084a00000| Untracked 
|  74|0x0000000084a00000, 0x0000000084b00000, 0x0000000084b00000|100%| O|  |TAMS 0x0000000084b00000, 0x0000000084b00000| Untracked 
|  75|0x0000000084b00000, 0x0000000084c00000, 0x0000000084c00000|100%| O|  |TAMS 0x0000000084c00000, 0x0000000084c00000| Untracked 
|  76|0x0000000084c00000, 0x0000000084d00000, 0x0000000084d00000|100%| O|  |TAMS 0x0000000084d00000, 0x0000000084d00000| Untracked 
|  77|0x0000000084d00000, 0x0000000084e00000, 0x0000000084e00000|100%| O|  |TAMS 0x0000000084e00000, 0x0000000084e00000| Untracked 
|  78|0x0000000084e00000, 0x0000000084f00000, 0x0000000084f00000|100%| O|  |TAMS 0x0000000084f00000, 0x0000000084f00000| Untracked 
|  79|0x0000000084f00000, 0x0000000085000000, 0x0000000085000000|100%| O|  |TAMS 0x0000000085000000, 0x0000000085000000| Untracked 
|  80|0x0000000085000000, 0x0000000085100000, 0x0000000085100000|100%| O|  |TAMS 0x0000000085100000, 0x0000000085100000| Untracked 
|  81|0x0000000085100000, 0x0000000085200000, 0x0000000085200000|100%| O|  |TAMS 0x0000000085200000, 0x0000000085200000| Untracked 
|  82|0x0000000085200000, 0x0000000085300000, 0x0000000085300000|100%| O|  |TAMS 0x0000000085300000, 0x0000000085300000| Untracked 
|  83|0x0000000085300000, 0x0000000085400000, 0x0000000085400000|100%| O|  |TAMS 0x0000000085400000, 0x0000000085400000| Untracked 
|  84|0x0000000085400000, 0x0000000085500000, 0x0000000085500000|100%| O|  |TAMS 0x0000000085500000, 0x0000000085500000| Untracked 
|  85|0x0000000085500000, 0x0000000085600000, 0x0000000085600000|100%| O|  |TAMS 0x0000000085600000, 0x0000000085600000| Untracked 
|  86|0x0000000085600000, 0x0000000085700000, 0x0000000085700000|100%| O|  |TAMS 0x0000000085700000, 0x0000000085700000| Untracked 
|  87|0x0000000085700000, 0x0000000085800000, 0x0000000085800000|100%| O|  |TAMS 0x0000000085800000, 0x0000000085800000| Untracked 
|  88|0x0000000085800000, 0x0000000085900000, 0x0000000085900000|100%| O|  |TAMS 0x0000000085900000, 0x0000000085900000| Untracked 
|  89|0x0000000085900000, 0x0000000085a00000, 0x0000000085a00000|100%| O|  |TAMS 0x0000000085a00000, 0x0000000085a00000| Untracked 
|  90|0x0000000085a00000, 0x0000000085b00000, 0x0000000085b00000|100%| O|  |TAMS 0x0000000085b00000, 0x0000000085b00000| Untracked 
|  91|0x0000000085b00000, 0x0000000085c00000, 0x0000000085c00000|100%| O|  |TAMS 0x0000000085c00000, 0x0000000085c00000| Untracked 
|  92|0x0000000085c00000, 0x0000000085d00000, 0x0000000085d00000|100%| O|  |TAMS 0x0000000085d00000, 0x0000000085d00000| Untracked 
|  93|0x0000000085d00000, 0x0000000085e00000, 0x0000000085e00000|100%| O|  |TAMS 0x0000000085d00000, 0x0000000085e00000| Untracked 
|  94|0x0000000085e00000, 0x0000000085f00000, 0x0000000085f00000|100%| O|  |TAMS 0x0000000085f00000, 0x0000000085f00000| Untracked 
|  95|0x0000000085f00000, 0x0000000086000000, 0x0000000086000000|100%| O|  |TAMS 0x0000000086000000, 0x0000000086000000| Untracked 
|  96|0x0000000086000000, 0x0000000086100000, 0x0000000086100000|100%| O|  |TAMS 0x0000000086100000, 0x0000000086100000| Untracked 
|  97|0x0000000086100000, 0x0000000086200000, 0x0000000086200000|100%| O|  |TAMS 0x0000000086200000, 0x0000000086200000| Untracked 
|  98|0x0000000086200000, 0x0000000086300000, 0x0000000086300000|100%| O|  |TAMS 0x0000000086300000, 0x0000000086300000| Untracked 
|  99|0x0000000086300000, 0x0000000086400000, 0x0000000086400000|100%| O|  |TAMS 0x0000000086400000, 0x0000000086400000| Untracked 
| 100|0x0000000086400000, 0x0000000086500000, 0x0000000086500000|100%| O|  |TAMS 0x0000000086500000, 0x0000000086500000| Untracked 
| 101|0x0000000086500000, 0x0000000086600000, 0x0000000086600000|100%| O|  |TAMS 0x0000000086600000, 0x0000000086600000| Untracked 
| 102|0x0000000086600000, 0x0000000086700000, 0x0000000086700000|100%| O|  |TAMS 0x0000000086700000, 0x0000000086700000| Untracked 
| 103|0x0000000086700000, 0x0000000086800000, 0x0000000086800000|100%| O|  |TAMS 0x0000000086800000, 0x0000000086800000| Untracked 
| 104|0x0000000086800000, 0x0000000086900000, 0x0000000086900000|100%| O|  |TAMS 0x0000000086900000, 0x0000000086900000| Untracked 
| 105|0x0000000086900000, 0x0000000086a00000, 0x0000000086a00000|100%| O|  |TAMS 0x0000000086a00000, 0x0000000086a00000| Untracked 
| 106|0x0000000086a00000, 0x0000000086b00000, 0x0000000086b00000|100%| O|  |TAMS 0x0000000086a00000, 0x0000000086b00000| Untracked 
| 107|0x0000000086b00000, 0x0000000086c00000, 0x0000000086c00000|100%| O|  |TAMS 0x0000000086c00000, 0x0000000086c00000| Untracked 
| 108|0x0000000086c00000, 0x0000000086d00000, 0x0000000086d00000|100%| O|  |TAMS 0x0000000086d00000, 0x0000000086d00000| Untracked 
| 109|0x0000000086d00000, 0x0000000086e00000, 0x0000000086e00000|100%|HS|  |TAMS 0x0000000086e00000, 0x0000000086e00000| Complete 
| 110|0x0000000086e00000, 0x0000000086f00000, 0x0000000086f00000|100%|HC|  |TAMS 0x0000000086f00000, 0x0000000086f00000| Complete 
| 111|0x0000000086f00000, 0x0000000087000000, 0x0000000087000000|100%|HS|  |TAMS 0x0000000087000000, 0x0000000087000000| Complete 
| 112|0x0000000087000000, 0x0000000087100000, 0x0000000087100000|100%|HC|  |TAMS 0x0000000087100000, 0x0000000087100000| Complete 
| 113|0x0000000087100000, 0x0000000087200000, 0x0000000087200000|100%|HS|  |TAMS 0x0000000087200000, 0x0000000087200000| Complete 
| 114|0x0000000087200000, 0x0000000087300000, 0x0000000087300000|100%|HS|  |TAMS 0x0000000087300000, 0x0000000087300000| Complete 
| 115|0x0000000087300000, 0x0000000087400000, 0x0000000087400000|100%| O|  |TAMS 0x0000000087400000, 0x0000000087400000| Untracked 
| 116|0x0000000087400000, 0x0000000087500000, 0x0000000087500000|100%| O|  |TAMS 0x0000000087500000, 0x0000000087500000| Untracked 
| 117|0x0000000087500000, 0x0000000087600000, 0x0000000087600000|100%| O|  |TAMS 0x0000000087600000, 0x0000000087600000| Untracked 
| 118|0x0000000087600000, 0x0000000087700000, 0x0000000087700000|100%| O|  |TAMS 0x0000000087700000, 0x0000000087700000| Untracked 
| 119|0x0000000087700000, 0x0000000087800000, 0x0000000087800000|100%| O|  |TAMS 0x0000000087800000, 0x0000000087800000| Untracked 
| 120|0x0000000087800000, 0x0000000087900000, 0x0000000087900000|100%|HS|  |TAMS 0x0000000087900000, 0x0000000087900000| Complete 
| 121|0x0000000087900000, 0x0000000087a00000, 0x0000000087a00000|100%| O|  |TAMS 0x0000000087a00000, 0x0000000087a00000| Untracked 
| 122|0x0000000087a00000, 0x0000000087b00000, 0x0000000087b00000|100%|HS|  |TAMS 0x0000000087b00000, 0x0000000087b00000| Complete 
| 123|0x0000000087b00000, 0x0000000087c00000, 0x0000000087c00000|100%|HS|  |TAMS 0x0000000087c00000, 0x0000000087c00000| Complete 
| 124|0x0000000087c00000, 0x0000000087d00000, 0x0000000087d00000|100%|HC|  |TAMS 0x0000000087d00000, 0x0000000087d00000| Complete 
| 125|0x0000000087d00000, 0x0000000087e00000, 0x0000000087e00000|100%| O|  |TAMS 0x0000000087e00000, 0x0000000087e00000| Untracked 
| 126|0x0000000087e00000, 0x0000000087f00000, 0x0000000087f00000|100%| O|  |TAMS 0x0000000087f00000, 0x0000000087f00000| Untracked 
| 127|0x0000000087f00000, 0x0000000088000000, 0x0000000088000000|100%|HS|  |TAMS 0x0000000088000000, 0x0000000088000000| Complete 
| 128|0x0000000088000000, 0x0000000088100000, 0x0000000088100000|100%|HC|  |TAMS 0x0000000088100000, 0x0000000088100000| Complete 
| 129|0x0000000088100000, 0x0000000088200000, 0x0000000088200000|100%| O|  |TAMS 0x0000000088200000, 0x0000000088200000| Untracked 
| 130|0x0000000088200000, 0x0000000088300000, 0x0000000088300000|100%|HS|  |TAMS 0x0000000088300000, 0x0000000088300000| Complete 
| 131|0x0000000088300000, 0x0000000088400000, 0x0000000088400000|100%| O|  |TAMS 0x0000000088400000, 0x0000000088400000| Untracked 
| 132|0x0000000088400000, 0x0000000088500000, 0x0000000088500000|100%|HS|  |TAMS 0x0000000088500000, 0x0000000088500000| Complete 
| 133|0x0000000088500000, 0x0000000088600000, 0x0000000088600000|100%| O|  |TAMS 0x0000000088600000, 0x0000000088600000| Untracked 
| 134|0x0000000088600000, 0x0000000088700000, 0x0000000088700000|100%| O|  |TAMS 0x0000000088700000, 0x0000000088700000| Untracked 
| 135|0x0000000088700000, 0x0000000088800000, 0x0000000088800000|100%| O|  |TAMS 0x0000000088800000, 0x0000000088800000| Untracked 
| 136|0x0000000088800000, 0x0000000088900000, 0x0000000088900000|100%| O|  |TAMS 0x0000000088900000, 0x0000000088900000| Untracked 
| 137|0x0000000088900000, 0x0000000088a00000, 0x0000000088a00000|100%| O|  |TAMS 0x0000000088a00000, 0x0000000088a00000| Untracked 
| 138|0x0000000088a00000, 0x0000000088b00000, 0x0000000088b00000|100%| O|  |TAMS 0x0000000088b00000, 0x0000000088b00000| Untracked 
| 139|0x0000000088b00000, 0x0000000088c00000, 0x0000000088c00000|100%| O|  |TAMS 0x0000000088c00000, 0x0000000088c00000| Untracked 
| 140|0x0000000088c00000, 0x0000000088d00000, 0x0000000088d00000|100%| O|  |TAMS 0x0000000088d00000, 0x0000000088d00000| Untracked 
| 141|0x0000000088d00000, 0x0000000088e00000, 0x0000000088e00000|100%| O|  |TAMS 0x0000000088e00000, 0x0000000088e00000| Untracked 
| 142|0x0000000088e00000, 0x0000000088f00000, 0x0000000088f00000|100%| O|  |TAMS 0x0000000088f00000, 0x0000000088f00000| Untracked 
| 143|0x0000000088f00000, 0x0000000089000000, 0x0000000089000000|100%| O|  |TAMS 0x0000000089000000, 0x0000000089000000| Untracked 
| 144|0x0000000089000000, 0x0000000089100000, 0x0000000089100000|100%| O|  |TAMS 0x0000000089100000, 0x0000000089100000| Untracked 
| 145|0x0000000089100000, 0x0000000089200000, 0x0000000089200000|100%| O|  |TAMS 0x0000000089200000, 0x0000000089200000| Untracked 
| 146|0x0000000089200000, 0x0000000089300000, 0x0000000089300000|100%| O|  |TAMS 0x0000000089300000, 0x0000000089300000| Untracked 
| 147|0x0000000089300000, 0x0000000089400000, 0x0000000089400000|100%| O|  |TAMS 0x0000000089400000, 0x0000000089400000| Untracked 
| 148|0x0000000089400000, 0x0000000089500000, 0x0000000089500000|100%| O|  |TAMS 0x0000000089500000, 0x0000000089500000| Untracked 
| 149|0x0000000089500000, 0x0000000089600000, 0x0000000089600000|100%| O|  |TAMS 0x0000000089600000, 0x0000000089600000| Untracked 
| 150|0x0000000089600000, 0x0000000089700000, 0x0000000089700000|100%| O|  |TAMS 0x00000000896c6800, 0x0000000089700000| Untracked 
| 151|0x0000000089700000, 0x0000000089800000, 0x0000000089800000|100%|HS|  |TAMS 0x0000000089700000, 0x0000000089800000| Complete 
| 152|0x0000000089800000, 0x0000000089900000, 0x0000000089900000|100%| O|  |TAMS 0x0000000089800000, 0x0000000089900000| Untracked 
| 153|0x0000000089900000, 0x0000000089a00000, 0x0000000089a00000|100%| O|  |TAMS 0x0000000089900000, 0x0000000089a00000| Untracked 
| 154|0x0000000089a00000, 0x0000000089b00000, 0x0000000089b00000|100%| O|  |TAMS 0x0000000089a00000, 0x0000000089b00000| Untracked 
| 155|0x0000000089b00000, 0x0000000089c00000, 0x0000000089c00000|100%| O|  |TAMS 0x0000000089b00000, 0x0000000089c00000| Untracked 
| 156|0x0000000089c00000, 0x0000000089d00000, 0x0000000089d00000|100%| O|  |TAMS 0x0000000089c00000, 0x0000000089d00000| Untracked 
| 157|0x0000000089d00000, 0x0000000089e00000, 0x0000000089e00000|100%| O|  |TAMS 0x0000000089d00000, 0x0000000089e00000| Untracked 
| 158|0x0000000089e00000, 0x0000000089f00000, 0x0000000089f00000|100%| O|  |TAMS 0x0000000089e00000, 0x0000000089f00000| Untracked 
| 159|0x0000000089f00000, 0x000000008a000000, 0x000000008a000000|100%| O|  |TAMS 0x0000000089f00000, 0x000000008a000000| Untracked 
| 160|0x000000008a000000, 0x000000008a100000, 0x000000008a100000|100%| O|  |TAMS 0x000000008a000000, 0x000000008a100000| Untracked 
| 161|0x000000008a100000, 0x000000008a200000, 0x000000008a200000|100%| O|  |TAMS 0x000000008a100000, 0x000000008a200000| Untracked 
| 162|0x000000008a200000, 0x000000008a300000, 0x000000008a300000|100%| O|  |TAMS 0x000000008a200000, 0x000000008a300000| Untracked 
| 163|0x000000008a300000, 0x000000008a400000, 0x000000008a400000|100%| O|  |TAMS 0x000000008a300000, 0x000000008a400000| Untracked 
| 164|0x000000008a400000, 0x000000008a500000, 0x000000008a500000|100%| O|  |TAMS 0x000000008a400000, 0x000000008a500000| Untracked 
| 165|0x000000008a500000, 0x000000008a600000, 0x000000008a600000|100%| O|  |TAMS 0x000000008a500000, 0x000000008a600000| Untracked 
| 166|0x000000008a600000, 0x000000008a700000, 0x000000008a700000|100%| O|  |TAMS 0x000000008a600000, 0x000000008a700000| Untracked 
| 167|0x000000008a700000, 0x000000008a800000, 0x000000008a800000|100%| O|  |TAMS 0x000000008a700000, 0x000000008a800000| Untracked 
| 168|0x000000008a800000, 0x000000008a900000, 0x000000008a900000|100%| O|  |TAMS 0x000000008a800000, 0x000000008a900000| Untracked 
| 169|0x000000008a900000, 0x000000008aa00000, 0x000000008aa00000|100%| O|  |TAMS 0x000000008a900000, 0x000000008aa00000| Untracked 
| 170|0x000000008aa00000, 0x000000008ab00000, 0x000000008ab00000|100%| O|  |TAMS 0x000000008aa00000, 0x000000008ab00000| Untracked 
| 171|0x000000008ab00000, 0x000000008ac00000, 0x000000008ac00000|100%| O|  |TAMS 0x000000008ab00000, 0x000000008ac00000| Untracked 
| 172|0x000000008ac00000, 0x000000008ad00000, 0x000000008ad00000|100%| O|  |TAMS 0x000000008ac00000, 0x000000008ace7c00| Untracked 
| 173|0x000000008ad00000, 0x000000008ae00000, 0x000000008ae00000|100%| O|  |TAMS 0x000000008ad00000, 0x000000008ad00000| Untracked 
| 174|0x000000008ae00000, 0x000000008af00000, 0x000000008af00000|100%| O|  |TAMS 0x000000008ae00000, 0x000000008ae00000| Untracked 
| 175|0x000000008af00000, 0x000000008b000000, 0x000000008b000000|100%| O|  |TAMS 0x000000008af00000, 0x000000008af00000| Untracked 
| 176|0x000000008b000000, 0x000000008b100000, 0x000000008b100000|100%| O|  |TAMS 0x000000008b000000, 0x000000008b000000| Untracked 
| 177|0x000000008b100000, 0x000000008b200000, 0x000000008b200000|100%| O|  |TAMS 0x000000008b100000, 0x000000008b100000| Untracked 
| 178|0x000000008b200000, 0x000000008b300000, 0x000000008b300000|100%| O|  |TAMS 0x000000008b200000, 0x000000008b200000| Untracked 
| 179|0x000000008b300000, 0x000000008b400000, 0x000000008b400000|100%| O|  |TAMS 0x000000008b300000, 0x000000008b300000| Untracked 
| 180|0x000000008b400000, 0x000000008b500000, 0x000000008b500000|100%| O|  |TAMS 0x000000008b400000, 0x000000008b400000| Untracked 
| 181|0x000000008b500000, 0x000000008b600000, 0x000000008b600000|100%| O|  |TAMS 0x000000008b500000, 0x000000008b500000| Untracked 
| 182|0x000000008b600000, 0x000000008b700000, 0x000000008b700000|100%| O|  |TAMS 0x000000008b600000, 0x000000008b600000| Untracked 
| 183|0x000000008b700000, 0x000000008b800000, 0x000000008b800000|100%| O|  |TAMS 0x000000008b700000, 0x000000008b700000| Untracked 
| 184|0x000000008b800000, 0x000000008b900000, 0x000000008b900000|100%| O|  |TAMS 0x000000008b800000, 0x000000008b800000| Untracked 
| 185|0x000000008b900000, 0x000000008ba00000, 0x000000008ba00000|100%| O|  |TAMS 0x000000008b900000, 0x000000008b900000| Untracked 
| 186|0x000000008ba00000, 0x000000008bb00000, 0x000000008bb00000|100%| O|  |TAMS 0x000000008ba00000, 0x000000008ba00000| Untracked 
| 187|0x000000008bb00000, 0x000000008bc00000, 0x000000008bc00000|100%| O|  |TAMS 0x000000008bb00000, 0x000000008bb00000| Untracked 
| 188|0x000000008bc00000, 0x000000008bd00000, 0x000000008bd00000|100%| O|  |TAMS 0x000000008bc00000, 0x000000008bc00000| Untracked 
| 189|0x000000008bd00000, 0x000000008be00000, 0x000000008be00000|100%| O|  |TAMS 0x000000008bd00000, 0x000000008bd00000| Untracked 
| 190|0x000000008be00000, 0x000000008bf00000, 0x000000008bf00000|100%| O|  |TAMS 0x000000008be00000, 0x000000008be00000| Untracked 
| 191|0x000000008bf00000, 0x000000008bf68400, 0x000000008c000000| 40%| O|  |TAMS 0x000000008bf00000, 0x000000008bf00000| Untracked 
| 192|0x000000008c000000, 0x000000008c000000, 0x000000008c100000|  0%| F|  |TAMS 0x000000008c000000, 0x000000008c000000| Untracked 
| 193|0x000000008c100000, 0x000000008c100000, 0x000000008c200000|  0%| F|  |TAMS 0x000000008c100000, 0x000000008c100000| Untracked 
| 194|0x000000008c200000, 0x000000008c200000, 0x000000008c300000|  0%| F|  |TAMS 0x000000008c200000, 0x000000008c200000| Untracked 
| 195|0x000000008c300000, 0x000000008c300000, 0x000000008c400000|  0%| F|  |TAMS 0x000000008c300000, 0x000000008c300000| Untracked 
| 196|0x000000008c400000, 0x000000008c400000, 0x000000008c500000|  0%| F|  |TAMS 0x000000008c400000, 0x000000008c400000| Untracked 
| 197|0x000000008c500000, 0x000000008c500000, 0x000000008c600000|  0%| F|  |TAMS 0x000000008c500000, 0x000000008c500000| Untracked 
| 198|0x000000008c600000, 0x000000008c600000, 0x000000008c700000|  0%| F|  |TAMS 0x000000008c600000, 0x000000008c600000| Untracked 
| 199|0x000000008c700000, 0x000000008c700000, 0x000000008c800000|  0%| F|  |TAMS 0x000000008c700000, 0x000000008c700000| Untracked 
| 200|0x000000008c800000, 0x000000008c800000, 0x000000008c900000|  0%| F|  |TAMS 0x000000008c800000, 0x000000008c800000| Untracked 
| 201|0x000000008c900000, 0x000000008c900000, 0x000000008ca00000|  0%| F|  |TAMS 0x000000008c900000, 0x000000008c900000| Untracked 
| 202|0x000000008ca00000, 0x000000008ca00000, 0x000000008cb00000|  0%| F|  |TAMS 0x000000008ca00000, 0x000000008ca00000| Untracked 
| 203|0x000000008cb00000, 0x000000008cb00000, 0x000000008cc00000|  0%| F|  |TAMS 0x000000008cb00000, 0x000000008cb00000| Untracked 
| 204|0x000000008cc00000, 0x000000008cc00000, 0x000000008cd00000|  0%| F|  |TAMS 0x000000008cc00000, 0x000000008cc00000| Untracked 
| 205|0x000000008cd00000, 0x000000008cd00000, 0x000000008ce00000|  0%| F|  |TAMS 0x000000008cd00000, 0x000000008cd00000| Untracked 
| 206|0x000000008ce00000, 0x000000008ce00000, 0x000000008cf00000|  0%| F|  |TAMS 0x000000008ce00000, 0x000000008ce00000| Untracked 
| 207|0x000000008cf00000, 0x000000008d000000, 0x000000008d000000|100%| S|CS|TAMS 0x000000008cf00000, 0x000000008cf00000| Complete 
| 208|0x000000008d000000, 0x000000008d100000, 0x000000008d100000|100%| S|CS|TAMS 0x000000008d000000, 0x000000008d000000| Complete 
| 209|0x000000008d100000, 0x000000008d100000, 0x000000008d200000|  0%| F|  |TAMS 0x000000008d100000, 0x000000008d100000| Untracked 
| 210|0x000000008d200000, 0x000000008d200000, 0x000000008d300000|  0%| F|  |TAMS 0x000000008d200000, 0x000000008d200000| Untracked 
| 211|0x000000008d300000, 0x000000008d300000, 0x000000008d400000|  0%| F|  |TAMS 0x000000008d300000, 0x000000008d300000| Untracked 
| 212|0x000000008d400000, 0x000000008d400000, 0x000000008d500000|  0%| F|  |TAMS 0x000000008d400000, 0x000000008d400000| Untracked 
| 213|0x000000008d500000, 0x000000008d500000, 0x000000008d600000|  0%| F|  |TAMS 0x000000008d500000, 0x000000008d500000| Untracked 
| 214|0x000000008d600000, 0x000000008d600000, 0x000000008d700000|  0%| F|  |TAMS 0x000000008d600000, 0x000000008d600000| Untracked 
| 215|0x000000008d700000, 0x000000008d700000, 0x000000008d800000|  0%| F|  |TAMS 0x000000008d700000, 0x000000008d700000| Untracked 
| 216|0x000000008d800000, 0x000000008d800000, 0x000000008d900000|  0%| F|  |TAMS 0x000000008d800000, 0x000000008d800000| Untracked 
| 217|0x000000008d900000, 0x000000008d900000, 0x000000008da00000|  0%| F|  |TAMS 0x000000008d900000, 0x000000008d900000| Untracked 
| 218|0x000000008da00000, 0x000000008da00000, 0x000000008db00000|  0%| F|  |TAMS 0x000000008da00000, 0x000000008da00000| Untracked 
| 219|0x000000008db00000, 0x000000008db00000, 0x000000008dc00000|  0%| F|  |TAMS 0x000000008db00000, 0x000000008db00000| Untracked 

Card table byte_map: [0x000001f1f5750000,0x000001f1f5b50000] _byte_map_base: 0x000001f1f5350000

Marking Bits (Prev, Next): (CMBitMap*) 0x000001f1e26da2b8, (CMBitMap*) 0x000001f1e26da2f0
 Prev Bits: [0x000001f1f5f50000, 0x000001f1f7f50000)
 Next Bits: [0x000001f1f7f50000, 0x000001f1f9f50000)

Polling page: 0x000001f1e05c0000

Metaspace:

Usage:
  Non-class:    100.94 MB capacity,    98.92 MB ( 98%) used,     1.71 MB (  2%) free+waste,   318.75 KB ( <1%) overhead. 
      Class:     15.43 MB capacity,    14.37 MB ( 93%) used,   934.08 KB (  6%) free+waste,   145.88 KB ( <1%) overhead. 
       Both:    116.37 MB capacity,   113.29 MB ( 97%) used,     2.62 MB (  2%) free+waste,   464.63 KB ( <1%) overhead. 

Virtual space:
  Non-class space:      102.00 MB reserved,     101.12 MB (>99%) committed 
      Class space:        1.00 GB reserved,      15.54 MB (  2%) committed 
             Both:        1.10 GB reserved,     116.66 MB ( 10%) committed 

Chunk freelists:
   Non-Class:  58.00 KB
       Class:  12.00 KB
        Both:  70.00 KB

MaxMetaspaceSize: 17179869184.00 GB
CompressedClassSpaceSize: 1.00 GB

CodeHeap 'non-profiled nmethods': size=120000Kb used=9201Kb max_used=9201Kb free=110798Kb
 bounds [0x000001f1edaf0000, 0x000001f1ee3f0000, 0x000001f1f5020000]
CodeHeap 'profiled nmethods': size=120000Kb used=30879Kb max_used=30879Kb free=89120Kb
 bounds [0x000001f1e65c0000, 0x000001f1e83f0000, 0x000001f1edaf0000]
CodeHeap 'non-nmethods': size=5760Kb used=2331Kb max_used=2406Kb free=3428Kb
 bounds [0x000001f1e6020000, 0x000001f1e6290000, 0x000001f1e65c0000]
 total_blobs=14775 nmethods=13825 adapters=861
 compilation: enabled
              stopped_count=0, restarted_count=0
 full_count=0

Compilation events (20 events):
Event: 18.818 Thread 0x000001f1fc9cc000 14488       2       com.android.tools.r8.code.A0::<init> (7 bytes)
Event: 18.819 Thread 0x000001f1fc9cc000 nmethod 14488 0x000001f1e83e9110 code [0x000001f1e83e92c0, 0x000001f1e83e9418]
Event: 18.832 Thread 0x000001f1fc9cc000 14491 %     3       com.android.tools.r8.w.a.a.a.f.X::d @ 58 (188 bytes)
Event: 18.833 Thread 0x000001f1fc9cc000 nmethod 14491% 0x000001f1e83e9510 code [0x000001f1e83e97c0, 0x000001f1e83ea5e8]
Event: 18.843 Thread 0x000001f1fc9cc000 14492       2       com.android.tools.r8.w.a.a.a.f.X::a (179 bytes)
Event: 18.843 Thread 0x000001f1fc9cc000 nmethod 14492 0x000001f1e83eab90 code [0x000001f1e83eada0, 0x000001f1e83eb298]
Event: 18.843 Thread 0x000001f1fc9cc000 14493       2       com.android.tools.r8.graph.B::d (73 bytes)
Event: 18.844 Thread 0x000001f1fc9cc000 nmethod 14493 0x000001f1e83eb590 code [0x000001f1e83eb7c0, 0x000001f1e83ebcd8]
Event: 18.844 Thread 0x000001f1fc9cc000 14497       2       com.android.tools.r8.code.l0::<init> (7 bytes)
Event: 18.844 Thread 0x000001f1fc9cc000 nmethod 14497 0x000001f1e83ec090 code [0x000001f1e83ec240, 0x000001f1e83ec398]
Event: 18.844 Thread 0x000001f1fc9cc000 14498       2       com.android.tools.r8.code.U0::<init> (20 bytes)
Event: 18.845 Thread 0x000001f1fc9cc000 nmethod 14498 0x000001f1e83ec490 code [0x000001f1e83ec660, 0x000001f1e83ec8b8]
Event: 18.845 Thread 0x000001f1fc9cc000 14499       2       com.android.tools.r8.w.a.a.a.h.f0::a (27 bytes)
Event: 18.846 Thread 0x000001f1fc9cc000 nmethod 14499 0x000001f1e83eca90 code [0x000001f1e83ecc40, 0x000001f1e83ece58]
Event: 18.846 Thread 0x000001f1fc9cc000 14500       2       com.android.tools.r8.w.a.a.a.h.s::iterator (5 bytes)
Event: 18.846 Thread 0x000001f1fc9cc000 nmethod 14500 0x000001f1e83ecf10 code [0x000001f1e83ed0c0, 0x000001f1e83ed2a8]
Event: 18.874 Thread 0x000001f1fc9cc000 14505       2       com.android.tools.r8.code.h1::<init> (7 bytes)
Event: 18.874 Thread 0x000001f1fc9cc000 nmethod 14505 0x000001f1e83ed390 code [0x000001f1e83ed560, 0x000001f1e83ed728]
Event: 18.874 Thread 0x000001f1fc9cc000 14506       2       com.android.tools.r8.code.N::<init> (7 bytes)
Event: 18.874 Thread 0x000001f1fc9cc000 nmethod 14506 0x000001f1e83ed890 code [0x000001f1e83eda60, 0x000001f1e83edc98]

GC Heap History (20 events):
Event: 17.745 GC heap after
{Heap after GC invocations=33 (full 0):
 garbage-first heap   total 225280K, used 118784K [0x0000000080000000, 0x0000000100000000)
  region size 1024K, 7 young (7168K), 7 survivors (7168K)
 Metaspace       used 112225K, capacity 115235K, committed 115492K, reserved 1148928K
  class space    used 14112K, capacity 15156K, committed 15272K, reserved 1048576K
}
Event: 17.938 GC heap before
{Heap before GC invocations=34 (full 0):
 garbage-first heap   total 225280K, used 141312K [0x0000000080000000, 0x0000000100000000)
  region size 1024K, 25 young (25600K), 7 survivors (7168K)
 Metaspace       used 112242K, capacity 115235K, committed 115492K, reserved 1148928K
  class space    used 14114K, capacity 15156K, committed 15272K, reserved 1048576K
}
Event: 17.951 GC heap after
{Heap after GC invocations=35 (full 0):
 garbage-first heap   total 225280K, used 128827K [0x0000000080000000, 0x0000000100000000)
  region size 1024K, 7 young (7168K), 7 survivors (7168K)
 Metaspace       used 112242K, capacity 115235K, committed 115492K, reserved 1148928K
  class space    used 14114K, capacity 15156K, committed 15272K, reserved 1048576K
}
Event: 18.093 GC heap before
{Heap before GC invocations=36 (full 0):
 garbage-first heap   total 225280K, used 163643K [0x0000000080000000, 0x0000000100000000)
  region size 1024K, 30 young (30720K), 7 survivors (7168K)
 Metaspace       used 112765K, capacity 115762K, committed 116004K, reserved 1150976K
  class space    used 14193K, capacity 15225K, committed 15272K, reserved 1048576K
}
Event: 18.101 GC heap after
{Heap after GC invocations=37 (full 0):
 garbage-first heap   total 225280K, used 141072K [0x0000000080000000, 0x0000000100000000)
  region size 1024K, 6 young (6144K), 6 survivors (6144K)
 Metaspace       used 112765K, capacity 115762K, committed 116004K, reserved 1150976K
  class space    used 14193K, capacity 15225K, committed 15272K, reserved 1048576K
}
Event: 18.277 GC heap before
{Heap before GC invocations=38 (full 0):
 garbage-first heap   total 225280K, used 178960K [0x0000000080000000, 0x0000000100000000)
  region size 1024K, 42 young (43008K), 6 survivors (6144K)
 Metaspace       used 113047K, capacity 116059K, committed 116260K, reserved 1150976K
  class space    used 14224K, capacity 15259K, committed 15272K, reserved 1048576K
}
Event: 18.285 GC heap after
{Heap after GC invocations=39 (full 0):
 garbage-first heap   total 225280K, used 151642K [0x0000000080000000, 0x0000000100000000)
  region size 1024K, 6 young (6144K), 6 survivors (6144K)
 Metaspace       used 113047K, capacity 116059K, committed 116260K, reserved 1150976K
  class space    used 14224K, capacity 15259K, committed 15272K, reserved 1048576K
}
Event: 18.378 GC heap before
{Heap before GC invocations=39 (full 0):
 garbage-first heap   total 225280K, used 177242K [0x0000000080000000, 0x0000000100000000)
  region size 1024K, 33 young (33792K), 6 survivors (6144K)
 Metaspace       used 113437K, capacity 116493K, committed 116644K, reserved 1150976K
  class space    used 14259K, capacity 15294K, committed 15400K, reserved 1048576K
}
Event: 18.394 GC heap after
{Heap after GC invocations=40 (full 0):
 garbage-first heap   total 225280K, used 159514K [0x0000000080000000, 0x0000000100000000)
  region size 1024K, 5 young (5120K), 5 survivors (5120K)
 Metaspace       used 113437K, capacity 116493K, committed 116644K, reserved 1150976K
  class space    used 14259K, capacity 15294K, committed 15400K, reserved 1048576K
}
Event: 18.671 GC heap before
{Heap before GC invocations=41 (full 0):
 garbage-first heap   total 225280K, used 185114K [0x0000000080000000, 0x0000000100000000)
  region size 1024K, 30 young (30720K), 5 survivors (5120K)
 Metaspace       used 115713K, capacity 118856K, committed 119076K, reserved 1153024K
  class space    used 14707K, capacity 15764K, committed 15784K, reserved 1048576K
}
Event: 18.681 GC heap after
{Heap after GC invocations=42 (full 0):
 garbage-first heap   total 225280K, used 166222K [0x0000000080000000, 0x0000000100000000)
  region size 1024K, 4 young (4096K), 4 survivors (4096K)
 Metaspace       used 115713K, capacity 118856K, committed 119076K, reserved 1153024K
  class space    used 14707K, capacity 15764K, committed 15784K, reserved 1048576K
}
Event: 18.715 GC heap before
{Heap before GC invocations=42 (full 0):
 garbage-first heap   total 225280K, used 173390K [0x0000000080000000, 0x0000000100000000)
  region size 1024K, 11 young (11264K), 4 survivors (4096K)
 Metaspace       used 115796K, capacity 118929K, committed 119076K, reserved 1153024K
  class space    used 14707K, capacity 15764K, committed 15784K, reserved 1048576K
}
Event: 18.723 GC heap after
{Heap after GC invocations=43 (full 0):
 garbage-first heap   total 225280K, used 168960K [0x0000000080000000, 0x0000000100000000)
  region size 1024K, 2 young (2048K), 2 survivors (2048K)
 Metaspace       used 115796K, capacity 118929K, committed 119076K, reserved 1153024K
  class space    used 14707K, capacity 15764K, committed 15784K, reserved 1048576K
}
Event: 18.774 GC heap before
{Heap before GC invocations=43 (full 0):
 garbage-first heap   total 225280K, used 188416K [0x0000000080000000, 0x0000000100000000)
  region size 1024K, 21 young (21504K), 2 survivors (2048K)
 Metaspace       used 115850K, capacity 118995K, committed 119076K, reserved 1153024K
  class space    used 14707K, capacity 15764K, committed 15784K, reserved 1048576K
}
Event: 18.783 GC heap after
{Heap after GC invocations=44 (full 0):
 garbage-first heap   total 225280K, used 180127K [0x0000000080000000, 0x0000000100000000)
  region size 1024K, 3 young (3072K), 3 survivors (3072K)
 Metaspace       used 115850K, capacity 118995K, committed 119076K, reserved 1153024K
  class space    used 14707K, capacity 15764K, committed 15784K, reserved 1048576K
}
Event: 18.820 GC heap before
{Heap before GC invocations=44 (full 0):
 garbage-first heap   total 225280K, used 191391K [0x0000000080000000, 0x0000000100000000)
  region size 1024K, 14 young (14336K), 3 survivors (3072K)
 Metaspace       used 115940K, capacity 119062K, committed 119332K, reserved 1153024K
  class space    used 14712K, capacity 15764K, committed 15784K, reserved 1048576K
}
Event: 18.826 GC heap after
{Heap after GC invocations=45 (full 0):
 garbage-first heap   total 225280K, used 186798K [0x0000000080000000, 0x0000000100000000)
  region size 1024K, 2 young (2048K), 2 survivors (2048K)
 Metaspace       used 115940K, capacity 119062K, committed 119332K, reserved 1153024K
  class space    used 14712K, capacity 15764K, committed 15784K, reserved 1048576K
}
Event: 18.854 GC heap before
{Heap before GC invocations=45 (full 0):
 garbage-first heap   total 225280K, used 196014K [0x0000000080000000, 0x0000000100000000)
  region size 1024K, 11 young (11264K), 2 survivors (2048K)
 Metaspace       used 115945K, capacity 119062K, committed 119332K, reserved 1153024K
  class space    used 14712K, capacity 15764K, committed 15784K, reserved 1048576K
}
Event: 18.859 GC heap after
{Heap after GC invocations=46 (full 0):
 garbage-first heap   total 225280K, used 192512K [0x0000000080000000, 0x0000000100000000)
  region size 1024K, 2 young (2048K), 2 survivors (2048K)
 Metaspace       used 115945K, capacity 119062K, committed 119332K, reserved 1153024K
  class space    used 14712K, capacity 15764K, committed 15784K, reserved 1048576K
}
Event: 18.891 GC heap before
{Heap before GC invocations=46 (full 0):
 garbage-first heap   total 225280K, used 200704K [0x0000000080000000, 0x0000000100000000)
  region size 1024K, 11 young (11264K), 2 survivors (2048K)
 Metaspace       used 116006K, capacity 119158K, committed 119460K, reserved 1153024K
  class space    used 14716K, capacity 15796K, committed 15912K, reserved 1048576K
}

Deoptimization events (20 events):
Event: 18.696 Thread 0x000001f1fd5c6800 DEOPT PACKING pc=0x000001f1e836b602 sp=0x000000c285bfe4b0
Event: 18.696 Thread 0x000001f1fd5c6800 DEOPT UNPACKING pc=0x000001f1e60472ce sp=0x000000c285bfd918 mode 0
Event: 18.697 Thread 0x000001f1812f2000 DEOPT PACKING pc=0x000001f1e836b602 sp=0x000000c285ffe750
Event: 18.697 Thread 0x000001f1812f2000 DEOPT UNPACKING pc=0x000001f1e60472ce sp=0x000000c285ffdbb8 mode 0
Event: 18.698 Thread 0x000001f1fd5cc000 DEOPT PACKING pc=0x000001f1e836b602 sp=0x000000c285afeb00
Event: 18.698 Thread 0x000001f1fd5cc000 DEOPT UNPACKING pc=0x000001f1e60472ce sp=0x000000c285afdf68 mode 0
Event: 18.699 Thread 0x000001f1fd5c6800 DEOPT PACKING pc=0x000001f1e836b602 sp=0x000000c285bfe4b0
Event: 18.699 Thread 0x000001f1fd5c6800 DEOPT UNPACKING pc=0x000001f1e60472ce sp=0x000000c285bfd918 mode 0
Event: 18.700 Thread 0x000001f1812f2800 DEOPT PACKING pc=0x000001f1e836b602 sp=0x000000c2860feaa0
Event: 18.700 Thread 0x000001f1812f2800 DEOPT UNPACKING pc=0x000001f1e60472ce sp=0x000000c2860fdf08 mode 0
Event: 18.701 Thread 0x000001f1812f2800 DEOPT PACKING pc=0x000001f1e836b602 sp=0x000000c2860fea40
Event: 18.701 Thread 0x000001f1812f2800 DEOPT UNPACKING pc=0x000001f1e60472ce sp=0x000000c2860fdea8 mode 0
Event: 18.703 Thread 0x000001f1fd5cd000 Uncommon trap: trap_request=0xffffff4d fr.pc=0x000001f1ee3de660 relative=0x00000000000011c0
Event: 18.703 Thread 0x000001f1fd5cd000 Uncommon trap: reason=unstable_if action=reinterpret pc=0x000001f1ee3de660 method=com.android.tools.r8.dex.n.i()Lcom/android/tools/r8/graph/t0; @ 64 c2
Event: 18.703 Thread 0x000001f1fd5cd000 DEOPT PACKING pc=0x000001f1ee3de660 sp=0x000000c285cfee50
Event: 18.704 Thread 0x000001f1fd5cd000 DEOPT UNPACKING pc=0x000001f1e60474af sp=0x000000c285cfee38 mode 2
Event: 18.832 Thread 0x000001f1812ef800 Uncommon trap: trap_request=0xffffff4d fr.pc=0x000001f1ee3db43c relative=0x0000000000000e5c
Event: 18.832 Thread 0x000001f1812ef800 Uncommon trap: reason=unstable_if action=reinterpret pc=0x000001f1ee3db43c method=com.android.tools.r8.w.a.a.a.f.X.d(I)V @ 38 c2
Event: 18.832 Thread 0x000001f1812ef800 DEOPT PACKING pc=0x000001f1ee3db43c sp=0x000000c2861fe800
Event: 18.832 Thread 0x000001f1812ef800 DEOPT UNPACKING pc=0x000001f1e60474af sp=0x000000c2861fe748 mode 2

Classes redefined (0 events):
No events

Internal exceptions (20 events):
Event: 18.324 Thread 0x000001f1fd680000 Exception <a 'sun/nio/fs/WindowsException'{0x000000008cd45f48}> (0x000000008cd45f48) thrown at [./src/hotspot/share/prims/jni.cpp, line 615]
Event: 18.324 Thread 0x000001f1fd680000 Exception <a 'sun/nio/fs/WindowsException'{0x000000008cd46b28}> (0x000000008cd46b28) thrown at [./src/hotspot/share/prims/jni.cpp, line 615]
Event: 18.324 Thread 0x000001f1fd680000 Exception <a 'sun/nio/fs/WindowsException'{0x000000008cd46db0}> (0x000000008cd46db0) thrown at [./src/hotspot/share/prims/jni.cpp, line 615]
Event: 18.324 Thread 0x000001f1fd680000 Exception <a 'sun/nio/fs/WindowsException'{0x000000008cd84030}> (0x000000008cd84030) thrown at [./src/hotspot/share/prims/jni.cpp, line 615]
Event: 18.336 Thread 0x000001f1fd680000 Exception <a 'java/lang/NoSuchMethodError'{0x000000008cbbc9c0}: <clinit>> (0x000000008cbbc9c0) thrown at [./src/hotspot/share/prims/jni.cpp, line 1362]
Event: 18.338 Thread 0x000001f1fd680000 Exception <a 'java/lang/NoSuchMethodError'{0x000000008ca49378}: <clinit>> (0x000000008ca49378) thrown at [./src/hotspot/share/prims/jni.cpp, line 1362]
Event: 18.422 Thread 0x000001f1fd5c1800 Exception <a 'java/lang/NoSuchMethodError'{0x000000008d7ff318}: 'java.lang.Object java.lang.invoke.DirectMethodHandle$Holder.invokeVirtual(java.lang.Object, java.lang.Object, int)'> (0x000000008d7ff318) thrown at [./src/hotspot/share/interpreter/linkResolver.cpp, line 773]
Event: 18.424 Thread 0x000001f1fd5c1800 Exception <a 'java/lang/NoSuchMethodError'{0x000000008d69e518}: 'void java.lang.invoke.DirectMethodHandle$Holder.invokeStatic(java.lang.Object, java.lang.Object, java.lang.Object, int)'> (0x000000008d69e518) thrown at [./src/hotspot/share/interpreter/linkResolver.cpp, line 773]
Event: 18.538 Thread 0x000001f1fd5cc000 Exception <a 'java/lang/NoSuchMethodError'{0x000000008ceece30}: 'java.lang.Object java.lang.invoke.DirectMethodHandle$Holder.newInvokeSpecial(java.lang.Object, int)'> (0x000000008ceece30) thrown at [./src/hotspot/share/interpreter/linkResolver.cpp, line 773]
Event: 18.538 Thread 0x000001f1fd5ca800 Exception <a 'java/lang/NoSuchMethodError'{0x000000008d717920}: 'void java.lang.invoke.DirectMethodHandle$Holder.invokeStatic(java.lang.Object, long)'> (0x000000008d717920) thrown at [./src/hotspot/share/interpreter/linkResolver.cpp, line 773]
Event: 18.545 Thread 0x000001f1fd5ca800 Exception <a 'java/lang/NoSuchMethodError'{0x000000008cd5ba38}: 'java.lang.Object java.lang.invoke.DirectMethodHandle$Holder.invokeStatic(java.lang.Object, long)'> (0x000000008cd5ba38) thrown at [./src/hotspot/share/interpreter/linkResolver.cpp, line 773]
Event: 18.547 Thread 0x000001f1fd5ca800 Exception <a 'java/lang/NoSuchMethodError'{0x000000008cd77d58}: 'java.lang.Object java.lang.invoke.DirectMethodHandle$Holder.invokeStaticInit(java.lang.Object, java.lang.Object, long, java.lang.Object)'> (0x000000008cd77d58) thrown at [./src/hotspot/share/interpreter/linkResolver.cpp, line 773]
Event: 18.548 Thread 0x000001f1fd5ca800 Exception <a 'java/lang/NoSuchMethodError'{0x000000008cd83038}: 'java.lang.Object java.lang.invoke.DirectMethodHandle$Holder.invokeStatic(java.lang.Object, java.lang.Object, long)'> (0x000000008cd83038) thrown at [./src/hotspot/share/interpreter/linkResolver.cpp, line 773]
Event: 18.548 Thread 0x000001f1fd5ca800 Exception <a 'java/lang/NoSuchMethodError'{0x000000008cd897f8}: 'java.lang.Object java.lang.invoke.Invokers$Holder.linkToTargetMethod(java.lang.Object, long, java.lang.Object)'> (0x000000008cd897f8) thrown at [./src/hotspot/share/interpreter/linkResolver.cpp, line 773]
Event: 18.593 Thread 0x000001f1fd5c2800 Exception <a 'sun/nio/fs/WindowsException'{0x000000008c80a800}> (0x000000008c80a800) thrown at [./src/hotspot/share/prims/jni.cpp, line 615]
Event: 18.594 Thread 0x000001f1fd5c2800 Exception <a 'sun/nio/fs/WindowsException'{0x000000008c80b3c8}> (0x000000008c80b3c8) thrown at [./src/hotspot/share/prims/jni.cpp, line 615]
Event: 18.594 Thread 0x000001f1fd5c2800 Exception <a 'sun/nio/fs/WindowsException'{0x000000008c80b698}> (0x000000008c80b698) thrown at [./src/hotspot/share/prims/jni.cpp, line 615]
Event: 18.619 Thread 0x000001f1812f2800 Exception <a 'java/lang/NoSuchMethodError'{0x000000008c7f5840}: 'long java.lang.invoke.DirectMethodHandle$Holder.invokeStatic(java.lang.Object, java.lang.Object, java.lang.Object)'> (0x000000008c7f5840) thrown at [./src/hotspot/share/interpreter/linkResolver.cpp, line 773]
Event: 18.787 Thread 0x000001f1fd5c2800 Exception <a 'sun/nio/fs/WindowsException'{0x000000008db17cd8}> (0x000000008db17cd8) thrown at [./src/hotspot/share/prims/jni.cpp, line 615]
Event: 18.787 Thread 0x000001f1fd5c2800 Exception <a 'sun/nio/fs/WindowsException'{0x000000008db18b10}> (0x000000008db18b10) thrown at [./src/hotspot/share/prims/jni.cpp, line 615]

Events (20 events):
Event: 18.804 loading class org/apache/commons/io/filefilter/IOFileFilter done
Event: 18.805 loading class org/apache/commons/io/FileExistsException
Event: 18.805 loading class org/apache/commons/io/FileExistsException done
Event: 18.806 loading class org/apache/commons/io/output/NullOutputStream
Event: 18.806 loading class org/apache/commons/io/output/NullOutputStream done
Event: 18.819 Executing VM operation: G1CollectForAllocation
Event: 18.826 Executing VM operation: G1CollectForAllocation done
Event: 18.853 Executing VM operation: G1CollectForAllocation
Event: 18.859 Executing VM operation: G1CollectForAllocation done
Event: 18.878 loading class org/apache/commons/io/IOUtils
Event: 18.878 loading class org/apache/commons/io/IOUtils done
Event: 18.882 loading class org/apache/commons/io/output/StringBuilderWriter
Event: 18.882 loading class org/apache/commons/io/output/StringBuilderWriter done
Event: 18.882 loading class java/io/CharArrayWriter
Event: 18.883 loading class java/io/CharArrayWriter done
Event: 18.883 loading class org/apache/commons/io/output/ByteArrayOutputStream
Event: 18.883 loading class org/apache/commons/io/output/ByteArrayOutputStream done
Event: 18.884 loading class org/apache/commons/io/Charsets
Event: 18.884 loading class org/apache/commons/io/Charsets done
Event: 18.891 Executing VM operation: G1CollectForAllocation


Dynamic libraries:
0x00007ff7b33b0000 - 0x00007ff7b33ba000 	C:\Program Files\Android\Android Studio\jre\bin\java.exe
0x00007ffa81410000 - 0x00007ffa81605000 	C:\WINDOWS\SYSTEM32\ntdll.dll
0x00007ffa80890000 - 0x00007ffa8094d000 	C:\WINDOWS\System32\KERNEL32.DLL
0x00007ffa7ede0000 - 0x00007ffa7f0a8000 	C:\WINDOWS\System32\KERNELBASE.dll
0x00007ffa7eb50000 - 0x00007ffa7ec50000 	C:\WINDOWS\System32\ucrtbase.dll
0x00007ffa714e0000 - 0x00007ffa714f9000 	C:\Program Files\Android\Android Studio\jre\bin\jli.dll
0x00007ffa7a180000 - 0x00007ffa7a197000 	C:\Program Files\Android\Android Studio\jre\bin\VCRUNTIME140.dll
0x00007ffa801e0000 - 0x00007ffa80380000 	C:\WINDOWS\System32\USER32.dll
0x00007ffa7f390000 - 0x00007ffa7f3b2000 	C:\WINDOWS\System32\win32u.dll
0x00007ffa5ce70000 - 0x00007ffa5d10a000 	C:\WINDOWS\WinSxS\amd64_microsoft.windows.common-controls_6595b64144ccf1df_6.0.19041.844_none_ca00b6081b84eb1d\COMCTL32.dll
0x00007ffa7f640000 - 0x00007ffa7f66a000 	C:\WINDOWS\System32\GDI32.dll
0x00007ffa807f0000 - 0x00007ffa8088e000 	C:\WINDOWS\System32\msvcrt.dll
0x00007ffa7ec50000 - 0x00007ffa7ed5b000 	C:\WINDOWS\System32\gdi32full.dll
0x00007ffa7f2f0000 - 0x00007ffa7f38d000 	C:\WINDOWS\System32\msvcp_win.dll
0x00007ffa7ff10000 - 0x00007ffa7ff40000 	C:\WINDOWS\System32\IMM32.DLL
0x00007ffa61f70000 - 0x00007ffa6200d000 	C:\Program Files\Android\Android Studio\jre\bin\msvcp140.dll
0x00007ffa2d910000 - 0x00007ffa2e3cc000 	C:\Program Files\Android\Android Studio\jre\bin\server\jvm.dll
0x00007ffa7f590000 - 0x00007ffa7f63c000 	C:\WINDOWS\System32\ADVAPI32.dll
0x00007ffa81320000 - 0x00007ffa813bb000 	C:\WINDOWS\System32\sechost.dll
0x00007ffa811d0000 - 0x00007ffa812fb000 	C:\WINDOWS\System32\RPCRT4.dll
0x00007ffa7f670000 - 0x00007ffa7f678000 	C:\WINDOWS\System32\PSAPI.DLL
0x00007ffa59b40000 - 0x00007ffa59b67000 	C:\WINDOWS\SYSTEM32\WINMM.dll
0x00007ffa7a780000 - 0x00007ffa7a789000 	C:\WINDOWS\SYSTEM32\WSOCK32.dll
0x00007ffa78810000 - 0x00007ffa7881a000 	C:\WINDOWS\SYSTEM32\VERSION.dll
0x00007ffa80170000 - 0x00007ffa801db000 	C:\WINDOWS\System32\WS2_32.dll
0x00007ffa7c9e0000 - 0x00007ffa7c9f2000 	C:\WINDOWS\SYSTEM32\kernel.appcore.dll
0x00007ffa6a930000 - 0x00007ffa6a941000 	C:\Program Files\Android\Android Studio\jre\bin\verify.dll
0x00007ffa68eb0000 - 0x00007ffa69094000 	C:\WINDOWS\SYSTEM32\DBGHELP.DLL
0x00007ffa68de0000 - 0x00007ffa68e0c000 	C:\WINDOWS\SYSTEM32\dbgcore.DLL
0x00007ffa7ed60000 - 0x00007ffa7ede0000 	C:\WINDOWS\System32\bcryptPrimitives.dll
0x00007ffa62380000 - 0x00007ffa623a9000 	C:\Program Files\Android\Android Studio\jre\bin\java.dll
0x00007ffa6ab50000 - 0x00007ffa6ab5b000 	C:\Program Files\Android\Android Studio\jre\bin\jimage.dll
0x00007ffa61b70000 - 0x00007ffa61b88000 	C:\Program Files\Android\Android Studio\jre\bin\zip.dll
0x00007ffa7f680000 - 0x00007ffa7fdc2000 	C:\WINDOWS\System32\SHELL32.dll
0x00007ffa7ccc0000 - 0x00007ffa7d450000 	C:\WINDOWS\SYSTEM32\windows.storage.dll
0x00007ffa80e10000 - 0x00007ffa81165000 	C:\WINDOWS\System32\combase.dll
0x00007ffa7e550000 - 0x00007ffa7e57c000 	C:\WINDOWS\SYSTEM32\Wldp.dll
0x00007ffa80020000 - 0x00007ffa800ce000 	C:\WINDOWS\System32\SHCORE.dll
0x00007ffa80ce0000 - 0x00007ffa80d35000 	C:\WINDOWS\System32\shlwapi.dll
0x00007ffa7ea90000 - 0x00007ffa7eaaf000 	C:\WINDOWS\SYSTEM32\profapi.dll
0x00007ffa605f0000 - 0x00007ffa6060a000 	C:\Program Files\Android\Android Studio\jre\bin\net.dll
0x00007ffa77e40000 - 0x00007ffa77f4b000 	C:\WINDOWS\SYSTEM32\WINHTTP.dll
0x00007ffa7e260000 - 0x00007ffa7e2ca000 	C:\WINDOWS\system32\mswsock.dll
0x00007ffa605d0000 - 0x00007ffa605e4000 	C:\Program Files\Android\Android Studio\jre\bin\nio.dll
0x00007ffa54af0000 - 0x00007ffa54b17000 	C:\Users\Administrator\.gradle\native\fdc75f09e3144964f2cf3f50f0aa648679c211496f362492102eb8c894070792\windows-amd64\native-platform.dll
0x00007ffa31f10000 - 0x00007ffa320a6000 	C:\Users\Administrator\.gradle\native\12488b8bf47d2d4c9fbf2f6322a914ad602e24e48041cd04a747c6da556b65c4\windows-amd64\native-platform-file-events.dll
0x00007ffa69bd0000 - 0x00007ffa69bda000 	C:\Program Files\Android\Android Studio\jre\bin\management.dll
0x00007ffa69900000 - 0x00007ffa6990c000 	C:\Program Files\Android\Android Studio\jre\bin\management_ext.dll
0x00007ffa7e440000 - 0x00007ffa7e458000 	C:\WINDOWS\SYSTEM32\CRYPTSP.dll
0x00007ffa7dc00000 - 0x00007ffa7dc34000 	C:\WINDOWS\system32\rsaenh.dll
0x00007ffa7f110000 - 0x00007ffa7f137000 	C:\WINDOWS\System32\bcrypt.dll
0x00007ffa7ea50000 - 0x00007ffa7ea7e000 	C:\WINDOWS\SYSTEM32\USERENV.dll
0x00007ffa7e430000 - 0x00007ffa7e43c000 	C:\WINDOWS\SYSTEM32\CRYPTBASE.dll
0x00007ffa7df50000 - 0x00007ffa7df8b000 	C:\WINDOWS\SYSTEM32\IPHLPAPI.DLL
0x00007ffa813c0000 - 0x00007ffa813c8000 	C:\WINDOWS\System32\NSI.dll
0x00007ffa78ca0000 - 0x00007ffa78cb7000 	C:\WINDOWS\SYSTEM32\dhcpcsvc6.DLL
0x00007ffa78c80000 - 0x00007ffa78c9d000 	C:\WINDOWS\SYSTEM32\dhcpcsvc.DLL
0x00007ffa7df90000 - 0x00007ffa7e05c000 	C:\WINDOWS\SYSTEM32\DNSAPI.dll
0x00007ffa78e40000 - 0x00007ffa78e4b000 	C:\WINDOWS\SYSTEM32\WINNSI.DLL

dbghelp: loaded successfully - version: 4.0.5 - missing functions: none
symbol engine: initialized successfully - sym options: 0x614 - pdb path: .;C:\Program Files\Android\Android Studio\jre\bin;C:\WINDOWS\SYSTEM32;C:\WINDOWS\WinSxS\amd64_microsoft.windows.common-controls_6595b64144ccf1df_6.0.19041.844_none_ca00b6081b84eb1d;C:\Program Files\Android\Android Studio\jre\bin\server;C:\Users\Administrator\.gradle\native\fdc75f09e3144964f2cf3f50f0aa648679c211496f362492102eb8c894070792\windows-amd64;C:\Users\Administrator\.gradle\native\12488b8bf47d2d4c9fbf2f6322a914ad602e24e48041cd04a747c6da556b65c4\windows-amd64

VM Arguments:
jvm_args: --add-opens=java.base/java.util=ALL-UNNAMED --add-opens=java.base/java.lang=ALL-UNNAMED --add-opens=java.base/java.lang.invoke=ALL-UNNAMED --add-opens=java.prefs/java.util.prefs=ALL-UNNAMED -Xmx2048m -Dfile.encoding=UTF-8 -Duser.country=CN -Duser.language=zh -Duser.variant 
java_command: org.gradle.launcher.daemon.bootstrap.GradleDaemon 6.7.1
java_class_path (initial): C:\Users\Administrator\.gradle\wrapper\dists\gradle-6.7.1-bin\bwlcbys1h7rz3272sye1xwiv6\gradle-6.7.1\lib\gradle-launcher-6.7.1.jar
Launcher Type: SUN_STANDARD

[Global flags]
     intx CICompilerCount                          = 4                                         {product} {ergonomic}
     uint ConcGCThreads                            = 2                                         {product} {ergonomic}
     uint G1ConcRefinementThreads                  = 8                                         {product} {ergonomic}
   size_t G1HeapRegionSize                         = 1048576                                   {product} {ergonomic}
    uintx GCDrainStackTargetSize                   = 64                                        {product} {ergonomic}
   size_t InitialHeapSize                          = 132120576                                 {product} {ergonomic}
   size_t MarkStackSize                            = 4194304                                   {product} {ergonomic}
   size_t MaxHeapSize                              = 2147483648                                {product} {command line}
   size_t MaxNewSize                               = 1287651328                                {product} {ergonomic}
   size_t MinHeapDeltaBytes                        = 1048576                                   {product} {ergonomic}
    uintx NonNMethodCodeHeapSize                   = 5836300                                {pd product} {ergonomic}
    uintx NonProfiledCodeHeapSize                  = 122910970                              {pd product} {ergonomic}
    uintx ProfiledCodeHeapSize                     = 122910970                              {pd product} {ergonomic}
    uintx ReservedCodeCacheSize                    = 251658240                              {pd product} {ergonomic}
     bool SegmentedCodeCache                       = true                                      {product} {ergonomic}
     bool UseCompressedClassPointers               = true                                 {lp64_product} {ergonomic}
     bool UseCompressedOops                        = true                                 {lp64_product} {ergonomic}
     bool UseG1GC                                  = true                                      {product} {ergonomic}
     bool UseLargePagesIndividualAllocation        = false                                  {pd product} {ergonomic}

Logging:
Log output configuration:
 #0: stdout all=warning uptime,level,tags
 #1: stderr all=off uptime,level,tags

Environment Variables:
PATH=C:\Program Files\NVIDIA GPU Computing Toolkit\CUDA\v10.0\bin;C:\Program Files\NVIDIA GPU Computing Toolkit\CUDA\v10.0\libnvvp;C:\Windows\system32;C:\Windows;C:\Windows\System32\Wbem;C:\Windows\System32\WindowsPowerShell\v1.0\;C:\Windows\System32\OpenSSH\;C:\Program Files (x86)\NVIDIA Corporation\PhysX\Common;C:\Program Files\NVIDIA Corporation\NVIDIA NvDLISR;C:\Program Files\Microsoft SQL Server\130\Tools\Binn\;C:\Program Files\dotnet\;C:\WINDOWS\system32;C:\WINDOWS;C:\WINDOWS\System32\Wbem;C:\WINDOWS\System32\WindowsPowerShell\v1.0\;C:\WINDOWS\System32\OpenSSH\;C:\WINDOWS\system32;C:\WINDOWS;C:\WINDOWS\System32\Wbem;C:\WINDOWS\System32\WindowsPowerShell\v1.0\;C:\WINDOWS\System32\OpenSSH\;C:\Users\Administrator\AppData\Local\Microsoft\WindowsApps;
USERNAME=Administrator
OS=Windows_NT
PROCESSOR_IDENTIFIER=Intel64 Family 6 Model 158 Stepping 13, GenuineIntel



---------------  S Y S T E M  ---------------

OS: Windows 10 , 64 bit Build 19041 (10.0.19041.928)
OS uptime: 1 days 19:37 hours

CPU:total 8 (initial active 8) (8 cores per cpu, 1 threads per core) family 6 model 158 stepping 13, cmov, cx8, fxsr, mmx, sse, sse2, sse3, ssse3, sse4.1, sse4.2, popcnt, avx, avx2, aes, clmul, erms, 3dnowpref, lzcnt, tsc, tscinvbit, bmi1, bmi2, adx, fma

Memory: 4k page, system-wide physical 8035M (420M free)
TotalPageFile size 12131M (AvailPageFile size 9M)
current process WorkingSet (physical memory assigned to process): 588M, peak: 588M
current process commit charge ("private bytes"): 627M, peak: 671M

vm_info: OpenJDK 64-Bit Server VM (11.0.8+10-b944.6842174) for windows-amd64 JRE (11.0.8+10-b944.6842174), built on Sep 19 2020 01:11:42 by "builder" with MS VC++ 14.0 (VS2015)

END.
