#
# There is insufficient memory for the Java Runtime Environment to continue.
# Native memory allocation (malloc) failed to allocate 221456 bytes for Chunk::new
# Possible reasons:
#   The system is out of physical RAM or swap space
#   The process is running with CompressedOops enabled, and the Java Heap may be blocking the growth of the native heap
# Possible solutions:
#   Reduce memory load on the system
#   Increase physical memory or swap space
#   Check if swap backing store is full
#   Decrease Java heap size (-Xmx/-Xms)
#   Decrease number of Java threads
#   Decrease Java thread stack sizes (-Xss)
#   Set larger code cache with -XX:ReservedCodeCacheSize=
#   JVM is running with Unscaled Compressed Oops mode in which the Java heap is
#     placed in the first 4GB address space. The Java Heap base address is the
#     maximum limit for the native heap growth. Please use -XX:HeapBaseMinAddress
#     to set the Java Heap base and to place the Java Heap above 4GB virtual address.
# This output file may be truncated or incomplete.
#
#  Out of Memory Error (./src/hotspot/share/memory/arena.cpp:197), pid=17340, tid=15432
#
# JRE version: OpenJDK Runtime Environment (11.0.8+10) (build 11.0.8+10-b944.6842174)
# Java VM: OpenJDK 64-Bit Server VM (11.0.8+10-b944.6842174, mixed mode, tiered, compressed oops, g1 gc, windows-amd64)
# No core dump will be written. Minidumps are not enabled by default on client versions of Windows
#

---------------  S U M M A R Y ------------

Command Line: --add-opens=java.base/java.util=ALL-UNNAMED --add-opens=java.base/java.lang=ALL-UNNAMED --add-opens=java.base/java.lang.invoke=ALL-UNNAMED --add-opens=java.prefs/java.util.prefs=ALL-UNNAMED -Xmx2048m -Dfile.encoding=UTF-8 -Duser.country=CN -Duser.language=zh -Duser.variant org.gradle.launcher.daemon.bootstrap.GradleDaemon 6.7.1

Host: Intel(R) Core(TM) i7-9700K CPU @ 3.60GHz, 8 cores, 7G,  Windows 10 , 64 bit Build 19041 (10.0.19041.928)
Time: Mon May 31 10:44:40 2021 中国标准时间 elapsed time: 1 seconds (0d 0h 0m 1s)

---------------  T H R E A D  ---------------

Current thread (0x0000015c7792f800):  JavaThread "C2 CompilerThread2" daemon [_thread_in_native, id=15432, stack(0x0000003c43d00000,0x0000003c43e00000)]


Current CompileTask:
C2:   1256 1770       4       jdk.internal.util.jar.JarIndex::get (49 bytes)

Stack: [0x0000003c43d00000,0x0000003c43e00000]
Native frames: (J=compiled Java code, j=interpreted, Vv=VM code, C=native code)
V  [jvm.dll+0x5de50a]
V  [jvm.dll+0x7122f5]
V  [jvm.dll+0x71384d]
V  [jvm.dll+0x713f03]
V  [jvm.dll+0x23e728]
V  [jvm.dll+0xb899c]
V  [jvm.dll+0xb8e9c]
V  [jvm.dll+0x35024d]
V  [jvm.dll+0x193ebc]
V  [jvm.dll+0x1f780e]
V  [jvm.dll+0x1f68d4]
V  [jvm.dll+0x17f32c]
V  [jvm.dll+0x205047]
V  [jvm.dll+0x203891]
V  [jvm.dll+0x6dad3f]
V  [jvm.dll+0x6d3895]
V  [jvm.dll+0x5dd4a6]
C  [ucrtbase.dll+0x21bb2]
C  [KERNEL32.DLL+0x17034]
C  [ntdll.dll+0x52651]


---------------  P R O C E S S  ---------------

Threads class SMR info:
_java_thread_list=0x0000015c77594b60, length=22, elements={
0x0000015c593c9800, 0x0000015c75661800, 0x0000015c75662800, 0x0000015c7568d800,
0x0000015c7568f800, 0x0000015c75691800, 0x0000015c75695000, 0x0000015c75f57000,
0x0000015c760ca800, 0x0000015c76107800, 0x0000015c762a1800, 0x0000015c7792f800,
0x0000015c774cf800, 0x0000015c77040000, 0x0000015c76f7e800, 0x0000015c77f27800,
0x0000015c78725800, 0x0000015c793ea800, 0x0000015c791f2000, 0x0000015c77fc1000,
0x0000015c7928a000, 0x0000015c78fdb000
}

Java Threads: ( => current thread )
  0x0000015c593c9800 JavaThread "main" [_thread_blocked, id=12776, stack(0x0000003c42900000,0x0000003c42a00000)]
  0x0000015c75661800 JavaThread "Reference Handler" daemon [_thread_blocked, id=6768, stack(0x0000003c43000000,0x0000003c43100000)]
  0x0000015c75662800 JavaThread "Finalizer" daemon [_thread_blocked, id=12744, stack(0x0000003c43100000,0x0000003c43200000)]
  0x0000015c7568d800 JavaThread "Signal Dispatcher" daemon [_thread_blocked, id=14248, stack(0x0000003c43200000,0x0000003c43300000)]
  0x0000015c7568f800 JavaThread "Attach Listener" daemon [_thread_blocked, id=16304, stack(0x0000003c43300000,0x0000003c43400000)]
  0x0000015c75691800 JavaThread "C2 CompilerThread0" daemon [_thread_in_native, id=2488, stack(0x0000003c43400000,0x0000003c43500000)]
  0x0000015c75695000 JavaThread "C1 CompilerThread0" daemon [_thread_blocked, id=7608, stack(0x0000003c43500000,0x0000003c43600000)]
  0x0000015c75f57000 JavaThread "Sweeper thread" daemon [_thread_blocked, id=4436, stack(0x0000003c43600000,0x0000003c43700000)]
  0x0000015c760ca800 JavaThread "Common-Cleaner" daemon [_thread_blocked, id=16744, stack(0x0000003c43700000,0x0000003c43800000)]
  0x0000015c76107800 JavaThread "Service Thread" daemon [_thread_blocked, id=9512, stack(0x0000003c43800000,0x0000003c43900000)]
  0x0000015c762a1800 JavaThread "C2 CompilerThread1" daemon [_thread_blocked, id=15320, stack(0x0000003c43a00000,0x0000003c43b00000)]
=>0x0000015c7792f800 JavaThread "C2 CompilerThread2" daemon [_thread_in_native, id=15432, stack(0x0000003c43d00000,0x0000003c43e00000)]
  0x0000015c774cf800 JavaThread "Daemon health stats" [_thread_blocked, id=1756, stack(0x0000003c43e00000,0x0000003c43f00000)]
  0x0000015c77040000 JavaThread "Incoming local TCP Connector on port 51466" [_thread_in_native, id=5340, stack(0x0000003c44100000,0x0000003c44200000)]
  0x0000015c76f7e800 JavaThread "Daemon periodic checks" [_thread_blocked, id=3980, stack(0x0000003c44200000,0x0000003c44300000)]
  0x0000015c77f27800 JavaThread "Daemon" [_thread_blocked, id=15060, stack(0x0000003c44300000,0x0000003c44400000)]
  0x0000015c78725800 JavaThread "Handler for socket connection from /127.0.0.1:51466 to /127.0.0.1:51467" [_thread_in_native, id=4340, stack(0x0000003c44400000,0x0000003c44500000)]
  0x0000015c793ea800 JavaThread "Cancel handler" [_thread_blocked, id=17152, stack(0x0000003c44500000,0x0000003c44600000)]
  0x0000015c791f2000 JavaThread "Daemon worker" [_thread_in_vm, id=17204, stack(0x0000003c44600000,0x0000003c44700000)]
  0x0000015c77fc1000 JavaThread "Asynchronous log dispatcher for DefaultDaemonConnection: socket connection from /127.0.0.1:51466 to /127.0.0.1:51467" [_thread_blocked, id=5940, stack(0x0000003c44700000,0x0000003c44800000)]
  0x0000015c7928a000 JavaThread "Stdin handler" [_thread_blocked, id=15236, stack(0x0000003c44800000,0x0000003c44900000)]
  0x0000015c78fdb000 JavaThread "Thread-8" [_thread_blocked, id=16684, stack(0x0000003c44900000,0x0000003c44a00000)]

Other Threads:
  0x0000015c7565d800 VMThread "VM Thread" [stack: 0x0000003c42f00000,0x0000003c43000000] [id=15496]
  0x0000015c76108000 WatcherThread [stack: 0x0000003c43900000,0x0000003c43a00000] [id=13548]
  0x0000015c593e1000 GCTaskThread "GC Thread#0" [stack: 0x0000003c42a00000,0x0000003c42b00000] [id=6976]
  0x0000015c76a23800 GCTaskThread "GC Thread#1" [stack: 0x0000003c43b00000,0x0000003c43c00000] [id=13316]
  0x0000015c76f3b000 GCTaskThread "GC Thread#2" [stack: 0x0000003c43c00000,0x0000003c43d00000] [id=3756]
  0x0000015c59413000 ConcurrentGCThread "G1 Main Marker" [stack: 0x0000003c42b00000,0x0000003c42c00000] [id=4088]
  0x0000015c59415000 ConcurrentGCThread "G1 Conc#0" [stack: 0x0000003c42c00000,0x0000003c42d00000] [id=14184]
  0x0000015c754b0800 ConcurrentGCThread "G1 Refine#0" [stack: 0x0000003c42d00000,0x0000003c42e00000] [id=14456]
  0x0000015c754b1000 ConcurrentGCThread "G1 Young RemSet Sampling" [stack: 0x0000003c42e00000,0x0000003c42f00000] [id=13384]

Threads with active compile tasks:
C2 CompilerThread0   1264 1399       4       jdk.internal.loader.URLClassPath::getResource (74 bytes)
C2 CompilerThread2   1264 1770       4       jdk.internal.util.jar.JarIndex::get (49 bytes)

VM state:not at safepoint (normal execution)

VM Mutex/Monitor currently owned by a thread: None

Heap address: 0x0000000080000000, size: 2048 MB, Compressed Oops mode: 32-bit
Narrow klass base: 0x0000000000000000, Narrow klass shift: 3
Compressed class space size: 1073741824 Address: 0x0000000100000000

Heap:
 garbage-first heap   total 129024K, used 80631K [0x0000000080000000, 0x0000000100000000)
  region size 1024K, 75 young (76800K), 3 survivors (3072K)
 Metaspace       used 18708K, capacity 19141K, committed 19328K, reserved 1067008K
  class space    used 2254K, capacity 2394K, committed 2432K, reserved 1048576K
Heap Regions: E=young(eden), S=young(survivor), O=old, HS=humongous(starts), HC=humongous(continues), CS=collection set, F=free, A=archive, TAMS=top-at-mark-start (previous, next)
|   0|0x0000000080000000, 0x0000000080000000, 0x0000000080100000|  0%| F|  |TAMS 0x0000000080000000, 0x0000000080000000| Untracked 
|   1|0x0000000080100000, 0x0000000080100000, 0x0000000080200000|  0%| F|  |TAMS 0x0000000080100000, 0x0000000080100000| Untracked 
|   2|0x0000000080200000, 0x0000000080200000, 0x0000000080300000|  0%| F|  |TAMS 0x0000000080200000, 0x0000000080200000| Untracked 
|   3|0x0000000080300000, 0x0000000080400000, 0x0000000080400000|100%|HS|  |TAMS 0x0000000080300000, 0x0000000080300000| Complete 
|   4|0x0000000080400000, 0x0000000080500000, 0x0000000080500000|100%|HC|  |TAMS 0x0000000080400000, 0x0000000080400000| Complete 
|   5|0x0000000080500000, 0x0000000080600000, 0x0000000080600000|100%|HC|  |TAMS 0x0000000080500000, 0x0000000080500000| Complete 
|   6|0x0000000080600000, 0x0000000080700000, 0x0000000080700000|100%| O|  |TAMS 0x0000000080600000, 0x0000000080600000| Untracked 
|   7|0x0000000080700000, 0x0000000080800000, 0x0000000080800000|100%| O|  |TAMS 0x0000000080700000, 0x0000000080700000| Untracked 
|   8|0x0000000080800000, 0x00000000808bdc00, 0x0000000080900000| 74%| O|  |TAMS 0x0000000080800000, 0x0000000080800000| Untracked 
|   9|0x0000000080900000, 0x0000000080900000, 0x0000000080a00000|  0%| F|  |TAMS 0x0000000080900000, 0x0000000080900000| Untracked 
|  10|0x0000000080a00000, 0x0000000080a00000, 0x0000000080b00000|  0%| F|  |TAMS 0x0000000080a00000, 0x0000000080a00000| Untracked 
|  11|0x0000000080b00000, 0x0000000080b00000, 0x0000000080c00000|  0%| F|  |TAMS 0x0000000080b00000, 0x0000000080b00000| Untracked 
|  12|0x0000000080c00000, 0x0000000080c00000, 0x0000000080d00000|  0%| F|  |TAMS 0x0000000080c00000, 0x0000000080c00000| Untracked 
|  13|0x0000000080d00000, 0x0000000080d00000, 0x0000000080e00000|  0%| F|  |TAMS 0x0000000080d00000, 0x0000000080d00000| Untracked 
|  14|0x0000000080e00000, 0x0000000080e00000, 0x0000000080f00000|  0%| F|  |TAMS 0x0000000080e00000, 0x0000000080e00000| Untracked 
|  15|0x0000000080f00000, 0x0000000080f00000, 0x0000000081000000|  0%| F|  |TAMS 0x0000000080f00000, 0x0000000080f00000| Untracked 
|  16|0x0000000081000000, 0x0000000081000000, 0x0000000081100000|  0%| F|  |TAMS 0x0000000081000000, 0x0000000081000000| Untracked 
|  17|0x0000000081100000, 0x0000000081100000, 0x0000000081200000|  0%| F|  |TAMS 0x0000000081100000, 0x0000000081100000| Untracked 
|  18|0x0000000081200000, 0x0000000081200000, 0x0000000081300000|  0%| F|  |TAMS 0x0000000081200000, 0x0000000081200000| Untracked 
|  19|0x0000000081300000, 0x0000000081300000, 0x0000000081400000|  0%| F|  |TAMS 0x0000000081300000, 0x0000000081300000| Untracked 
|  20|0x0000000081400000, 0x0000000081400000, 0x0000000081500000|  0%| F|  |TAMS 0x0000000081400000, 0x0000000081400000| Untracked 
|  21|0x0000000081500000, 0x0000000081500000, 0x0000000081600000|  0%| F|  |TAMS 0x0000000081500000, 0x0000000081500000| Untracked 
|  22|0x0000000081600000, 0x0000000081600000, 0x0000000081700000|  0%| F|  |TAMS 0x0000000081600000, 0x0000000081600000| Untracked 
|  23|0x0000000081700000, 0x0000000081700000, 0x0000000081800000|  0%| F|  |TAMS 0x0000000081700000, 0x0000000081700000| Untracked 
|  24|0x0000000081800000, 0x0000000081800000, 0x0000000081900000|  0%| F|  |TAMS 0x0000000081800000, 0x0000000081800000| Untracked 
|  25|0x0000000081900000, 0x0000000081900000, 0x0000000081a00000|  0%| F|  |TAMS 0x0000000081900000, 0x0000000081900000| Untracked 
|  26|0x0000000081a00000, 0x0000000081a00000, 0x0000000081b00000|  0%| F|  |TAMS 0x0000000081a00000, 0x0000000081a00000| Untracked 
|  27|0x0000000081b00000, 0x0000000081b00000, 0x0000000081c00000|  0%| F|  |TAMS 0x0000000081b00000, 0x0000000081b00000| Untracked 
|  28|0x0000000081c00000, 0x0000000081c00000, 0x0000000081d00000|  0%| F|  |TAMS 0x0000000081c00000, 0x0000000081c00000| Untracked 
|  29|0x0000000081d00000, 0x0000000081d00000, 0x0000000081e00000|  0%| F|  |TAMS 0x0000000081d00000, 0x0000000081d00000| Untracked 
|  30|0x0000000081e00000, 0x0000000081e00000, 0x0000000081f00000|  0%| F|  |TAMS 0x0000000081e00000, 0x0000000081e00000| Untracked 
|  31|0x0000000081f00000, 0x0000000081f00000, 0x0000000082000000|  0%| F|  |TAMS 0x0000000081f00000, 0x0000000081f00000| Untracked 
|  32|0x0000000082000000, 0x0000000082000000, 0x0000000082100000|  0%| F|  |TAMS 0x0000000082000000, 0x0000000082000000| Untracked 
|  33|0x0000000082100000, 0x0000000082100000, 0x0000000082200000|  0%| F|  |TAMS 0x0000000082100000, 0x0000000082100000| Untracked 
|  34|0x0000000082200000, 0x0000000082200000, 0x0000000082300000|  0%| F|  |TAMS 0x0000000082200000, 0x0000000082200000| Untracked 
|  35|0x0000000082300000, 0x0000000082300000, 0x0000000082400000|  0%| F|  |TAMS 0x0000000082300000, 0x0000000082300000| Untracked 
|  36|0x0000000082400000, 0x0000000082400000, 0x0000000082500000|  0%| F|  |TAMS 0x0000000082400000, 0x0000000082400000| Untracked 
|  37|0x0000000082500000, 0x0000000082500000, 0x0000000082600000|  0%| F|  |TAMS 0x0000000082500000, 0x0000000082500000| Untracked 
|  38|0x0000000082600000, 0x0000000082600000, 0x0000000082700000|  0%| F|  |TAMS 0x0000000082600000, 0x0000000082600000| Untracked 
|  39|0x0000000082700000, 0x0000000082700000, 0x0000000082800000|  0%| F|  |TAMS 0x0000000082700000, 0x0000000082700000| Untracked 
|  40|0x0000000082800000, 0x0000000082800000, 0x0000000082900000|  0%| F|  |TAMS 0x0000000082800000, 0x0000000082800000| Untracked 
|  41|0x0000000082900000, 0x0000000082900000, 0x0000000082a00000|  0%| F|  |TAMS 0x0000000082900000, 0x0000000082900000| Untracked 
|  42|0x0000000082a00000, 0x0000000082a00000, 0x0000000082b00000|  0%| F|  |TAMS 0x0000000082a00000, 0x0000000082a00000| Untracked 
|  43|0x0000000082b00000, 0x0000000082b00000, 0x0000000082c00000|  0%| F|  |TAMS 0x0000000082b00000, 0x0000000082b00000| Untracked 
|  44|0x0000000082c00000, 0x0000000082c00000, 0x0000000082d00000|  0%| F|  |TAMS 0x0000000082c00000, 0x0000000082c00000| Untracked 
|  45|0x0000000082d00000, 0x0000000082d00000, 0x0000000082e00000|  0%| F|  |TAMS 0x0000000082d00000, 0x0000000082d00000| Untracked 
|  46|0x0000000082e00000, 0x0000000082e00000, 0x0000000082f00000|  0%| F|  |TAMS 0x0000000082e00000, 0x0000000082e00000| Untracked 
|  47|0x0000000082f00000, 0x0000000082f00000, 0x0000000083000000|  0%| F|  |TAMS 0x0000000082f00000, 0x0000000082f00000| Untracked 
|  48|0x0000000083000000, 0x0000000083000000, 0x0000000083100000|  0%| F|  |TAMS 0x0000000083000000, 0x0000000083000000| Untracked 
|  49|0x0000000083100000, 0x0000000083100000, 0x0000000083200000|  0%| F|  |TAMS 0x0000000083100000, 0x0000000083100000| Untracked 
|  50|0x0000000083200000, 0x0000000083200000, 0x0000000083300000|  0%| F|  |TAMS 0x0000000083200000, 0x0000000083200000| Untracked 
|  51|0x0000000083300000, 0x0000000083380800, 0x0000000083400000| 50%| E|  |TAMS 0x0000000083300000, 0x0000000083300000| Complete 
|  52|0x0000000083400000, 0x0000000083500000, 0x0000000083500000|100%| E|CS|TAMS 0x0000000083400000, 0x0000000083400000| Complete 
|  53|0x0000000083500000, 0x0000000083600000, 0x0000000083600000|100%| E|CS|TAMS 0x0000000083500000, 0x0000000083500000| Complete 
|  54|0x0000000083600000, 0x0000000083700000, 0x0000000083700000|100%| E|CS|TAMS 0x0000000083600000, 0x0000000083600000| Complete 
|  55|0x0000000083700000, 0x0000000083800000, 0x0000000083800000|100%| E|CS|TAMS 0x0000000083700000, 0x0000000083700000| Complete 
|  56|0x0000000083800000, 0x0000000083900000, 0x0000000083900000|100%| E|CS|TAMS 0x0000000083800000, 0x0000000083800000| Complete 
|  57|0x0000000083900000, 0x0000000083a00000, 0x0000000083a00000|100%| E|CS|TAMS 0x0000000083900000, 0x0000000083900000| Complete 
|  58|0x0000000083a00000, 0x0000000083b00000, 0x0000000083b00000|100%| E|CS|TAMS 0x0000000083a00000, 0x0000000083a00000| Complete 
|  59|0x0000000083b00000, 0x0000000083c00000, 0x0000000083c00000|100%| E|CS|TAMS 0x0000000083b00000, 0x0000000083b00000| Complete 
|  60|0x0000000083c00000, 0x0000000083d00000, 0x0000000083d00000|100%| E|CS|TAMS 0x0000000083c00000, 0x0000000083c00000| Complete 
|  61|0x0000000083d00000, 0x0000000083e00000, 0x0000000083e00000|100%| E|CS|TAMS 0x0000000083d00000, 0x0000000083d00000| Complete 
|  62|0x0000000083e00000, 0x0000000083f00000, 0x0000000083f00000|100%| E|CS|TAMS 0x0000000083e00000, 0x0000000083e00000| Complete 
|  63|0x0000000083f00000, 0x0000000084000000, 0x0000000084000000|100%| E|CS|TAMS 0x0000000083f00000, 0x0000000083f00000| Complete 
|  64|0x0000000084000000, 0x0000000084100000, 0x0000000084100000|100%| E|CS|TAMS 0x0000000084000000, 0x0000000084000000| Complete 
|  65|0x0000000084100000, 0x0000000084200000, 0x0000000084200000|100%| E|CS|TAMS 0x0000000084100000, 0x0000000084100000| Complete 
|  66|0x0000000084200000, 0x0000000084300000, 0x0000000084300000|100%| E|CS|TAMS 0x0000000084200000, 0x0000000084200000| Complete 
|  67|0x0000000084300000, 0x0000000084400000, 0x0000000084400000|100%| E|CS|TAMS 0x0000000084300000, 0x0000000084300000| Complete 
|  68|0x0000000084400000, 0x0000000084500000, 0x0000000084500000|100%| E|CS|TAMS 0x0000000084400000, 0x0000000084400000| Complete 
|  69|0x0000000084500000, 0x0000000084600000, 0x0000000084600000|100%| E|CS|TAMS 0x0000000084500000, 0x0000000084500000| Complete 
|  70|0x0000000084600000, 0x0000000084700000, 0x0000000084700000|100%| E|CS|TAMS 0x0000000084600000, 0x0000000084600000| Complete 
|  71|0x0000000084700000, 0x0000000084800000, 0x0000000084800000|100%| E|CS|TAMS 0x0000000084700000, 0x0000000084700000| Complete 
|  72|0x0000000084800000, 0x0000000084900000, 0x0000000084900000|100%| E|CS|TAMS 0x0000000084800000, 0x0000000084800000| Complete 
|  73|0x0000000084900000, 0x0000000084a00000, 0x0000000084a00000|100%| E|CS|TAMS 0x0000000084900000, 0x0000000084900000| Complete 
|  74|0x0000000084a00000, 0x0000000084b00000, 0x0000000084b00000|100%| E|CS|TAMS 0x0000000084a00000, 0x0000000084a00000| Complete 
|  75|0x0000000084b00000, 0x0000000084c00000, 0x0000000084c00000|100%| E|CS|TAMS 0x0000000084b00000, 0x0000000084b00000| Complete 
|  76|0x0000000084c00000, 0x0000000084d00000, 0x0000000084d00000|100%| E|CS|TAMS 0x0000000084c00000, 0x0000000084c00000| Complete 
|  77|0x0000000084d00000, 0x0000000084e00000, 0x0000000084e00000|100%| E|CS|TAMS 0x0000000084d00000, 0x0000000084d00000| Complete 
|  78|0x0000000084e00000, 0x0000000084f00000, 0x0000000084f00000|100%| E|CS|TAMS 0x0000000084e00000, 0x0000000084e00000| Complete 
|  79|0x0000000084f00000, 0x0000000085000000, 0x0000000085000000|100%| E|CS|TAMS 0x0000000084f00000, 0x0000000084f00000| Complete 
|  80|0x0000000085000000, 0x0000000085100000, 0x0000000085100000|100%| E|CS|TAMS 0x0000000085000000, 0x0000000085000000| Complete 
|  81|0x0000000085100000, 0x0000000085200000, 0x0000000085200000|100%| E|CS|TAMS 0x0000000085100000, 0x0000000085100000| Complete 
|  82|0x0000000085200000, 0x0000000085300000, 0x0000000085300000|100%| E|CS|TAMS 0x0000000085200000, 0x0000000085200000| Complete 
|  83|0x0000000085300000, 0x0000000085400000, 0x0000000085400000|100%| E|CS|TAMS 0x0000000085300000, 0x0000000085300000| Complete 
|  84|0x0000000085400000, 0x0000000085500000, 0x0000000085500000|100%| E|CS|TAMS 0x0000000085400000, 0x0000000085400000| Complete 
|  85|0x0000000085500000, 0x0000000085600000, 0x0000000085600000|100%| E|CS|TAMS 0x0000000085500000, 0x0000000085500000| Complete 
|  86|0x0000000085600000, 0x0000000085700000, 0x0000000085700000|100%| E|CS|TAMS 0x0000000085600000, 0x0000000085600000| Complete 
|  87|0x0000000085700000, 0x0000000085800000, 0x0000000085800000|100%| E|CS|TAMS 0x0000000085700000, 0x0000000085700000| Complete 
|  88|0x0000000085800000, 0x0000000085900000, 0x0000000085900000|100%| E|CS|TAMS 0x0000000085800000, 0x0000000085800000| Complete 
|  89|0x0000000085900000, 0x0000000085a00000, 0x0000000085a00000|100%| E|CS|TAMS 0x0000000085900000, 0x0000000085900000| Complete 
|  90|0x0000000085a00000, 0x0000000085b00000, 0x0000000085b00000|100%| E|CS|TAMS 0x0000000085a00000, 0x0000000085a00000| Complete 
|  91|0x0000000085b00000, 0x0000000085c00000, 0x0000000085c00000|100%| E|CS|TAMS 0x0000000085b00000, 0x0000000085b00000| Complete 
|  92|0x0000000085c00000, 0x0000000085d00000, 0x0000000085d00000|100%| E|CS|TAMS 0x0000000085c00000, 0x0000000085c00000| Complete 
|  93|0x0000000085d00000, 0x0000000085e00000, 0x0000000085e00000|100%| E|CS|TAMS 0x0000000085d00000, 0x0000000085d00000| Complete 
|  94|0x0000000085e00000, 0x0000000085f00000, 0x0000000085f00000|100%| E|CS|TAMS 0x0000000085e00000, 0x0000000085e00000| Complete 
|  95|0x0000000085f00000, 0x0000000086000000, 0x0000000086000000|100%| E|CS|TAMS 0x0000000085f00000, 0x0000000085f00000| Complete 
|  96|0x0000000086000000, 0x0000000086100000, 0x0000000086100000|100%| E|CS|TAMS 0x0000000086000000, 0x0000000086000000| Complete 
|  97|0x0000000086100000, 0x0000000086200000, 0x0000000086200000|100%| E|CS|TAMS 0x0000000086100000, 0x0000000086100000| Complete 
|  98|0x0000000086200000, 0x0000000086300000, 0x0000000086300000|100%| E|  |TAMS 0x0000000086200000, 0x0000000086200000| Complete 
|  99|0x0000000086300000, 0x0000000086400000, 0x0000000086400000|100%| S|CS|TAMS 0x0000000086300000, 0x0000000086300000| Complete 
| 100|0x0000000086400000, 0x0000000086500000, 0x0000000086500000|100%| S|CS|TAMS 0x0000000086400000, 0x0000000086400000| Complete 
| 101|0x0000000086500000, 0x0000000086600000, 0x0000000086600000|100%| S|CS|TAMS 0x0000000086500000, 0x0000000086500000| Complete 
| 102|0x0000000086600000, 0x0000000086700000, 0x0000000086700000|100%| E|CS|TAMS 0x0000000086600000, 0x0000000086600000| Complete 
| 103|0x0000000086700000, 0x0000000086800000, 0x0000000086800000|100%| E|CS|TAMS 0x0000000086700000, 0x0000000086700000| Complete 
| 104|0x0000000086800000, 0x0000000086900000, 0x0000000086900000|100%| E|CS|TAMS 0x0000000086800000, 0x0000000086800000| Complete 
| 105|0x0000000086900000, 0x0000000086a00000, 0x0000000086a00000|100%| E|CS|TAMS 0x0000000086900000, 0x0000000086900000| Complete 
| 106|0x0000000086a00000, 0x0000000086b00000, 0x0000000086b00000|100%| E|CS|TAMS 0x0000000086a00000, 0x0000000086a00000| Complete 
| 107|0x0000000086b00000, 0x0000000086c00000, 0x0000000086c00000|100%| E|CS|TAMS 0x0000000086b00000, 0x0000000086b00000| Complete 
| 108|0x0000000086c00000, 0x0000000086d00000, 0x0000000086d00000|100%| E|CS|TAMS 0x0000000086c00000, 0x0000000086c00000| Complete 
| 109|0x0000000086d00000, 0x0000000086e00000, 0x0000000086e00000|100%| E|CS|TAMS 0x0000000086d00000, 0x0000000086d00000| Complete 
| 110|0x0000000086e00000, 0x0000000086f00000, 0x0000000086f00000|100%| E|CS|TAMS 0x0000000086e00000, 0x0000000086e00000| Complete 
| 111|0x0000000086f00000, 0x0000000087000000, 0x0000000087000000|100%| E|CS|TAMS 0x0000000086f00000, 0x0000000086f00000| Complete 
| 112|0x0000000087000000, 0x0000000087100000, 0x0000000087100000|100%| E|CS|TAMS 0x0000000087000000, 0x0000000087000000| Complete 
| 113|0x0000000087100000, 0x0000000087200000, 0x0000000087200000|100%| E|CS|TAMS 0x0000000087100000, 0x0000000087100000| Complete 
| 114|0x0000000087200000, 0x0000000087300000, 0x0000000087300000|100%| E|CS|TAMS 0x0000000087200000, 0x0000000087200000| Complete 
| 115|0x0000000087300000, 0x0000000087400000, 0x0000000087400000|100%| E|CS|TAMS 0x0000000087300000, 0x0000000087300000| Complete 
| 116|0x0000000087400000, 0x0000000087500000, 0x0000000087500000|100%| E|CS|TAMS 0x0000000087400000, 0x0000000087400000| Complete 
| 117|0x0000000087500000, 0x0000000087600000, 0x0000000087600000|100%| E|CS|TAMS 0x0000000087500000, 0x0000000087500000| Complete 
| 118|0x0000000087600000, 0x0000000087700000, 0x0000000087700000|100%| E|CS|TAMS 0x0000000087600000, 0x0000000087600000| Complete 
| 119|0x0000000087700000, 0x0000000087800000, 0x0000000087800000|100%| E|CS|TAMS 0x0000000087700000, 0x0000000087700000| Complete 
| 120|0x0000000087800000, 0x0000000087900000, 0x0000000087900000|100%| E|CS|TAMS 0x0000000087800000, 0x0000000087800000| Complete 
| 121|0x0000000087900000, 0x0000000087a00000, 0x0000000087a00000|100%| E|CS|TAMS 0x0000000087900000, 0x0000000087900000| Complete 
| 122|0x0000000087a00000, 0x0000000087b00000, 0x0000000087b00000|100%| E|CS|TAMS 0x0000000087a00000, 0x0000000087a00000| Complete 
| 123|0x0000000087b00000, 0x0000000087c00000, 0x0000000087c00000|100%| E|CS|TAMS 0x0000000087b00000, 0x0000000087b00000| Complete 
| 124|0x0000000087c00000, 0x0000000087d00000, 0x0000000087d00000|100%| E|CS|TAMS 0x0000000087c00000, 0x0000000087c00000| Complete 
| 125|0x0000000087d00000, 0x0000000087e00000, 0x0000000087e00000|100%| E|CS|TAMS 0x0000000087d00000, 0x0000000087d00000| Complete 

Card table byte_map: [0x0000015c6e390000,0x0000015c6e790000] _byte_map_base: 0x0000015c6df90000

Marking Bits (Prev, Next): (CMBitMap*) 0x0000015c59409fe8, (CMBitMap*) 0x0000015c5940a020
 Prev Bits: [0x0000015c6eb90000, 0x0000015c70b90000)
 Next Bits: [0x0000015c70b90000, 0x0000015c72b90000)

Polling page: 0x0000015c5ac60000

Metaspace:

Usage:
  Non-class:     16.35 MB capacity,    16.08 MB ( 98%) used,   246.23 KB (  1%) free+waste,    32.50 KB ( <1%) overhead. 
      Class:      2.34 MB capacity,     2.20 MB ( 94%) used,   122.91 KB (  5%) free+waste,    16.06 KB ( <1%) overhead. 
       Both:     18.69 MB capacity,    18.28 MB ( 98%) used,   369.15 KB (  2%) free+waste,    48.56 KB ( <1%) overhead. 

Virtual space:
  Non-class space:       18.00 MB reserved,      16.50 MB ( 92%) committed 
      Class space:        1.00 GB reserved,       2.38 MB ( <1%) committed 
             Both:        1.02 GB reserved,      18.88 MB (  2%) committed 

Chunk freelists:
   Non-Class:  21.00 KB
       Class:  6.00 KB
        Both:  27.00 KB

MaxMetaspaceSize: 17179869184.00 GB
CompressedClassSpaceSize: 1.00 GB

CodeHeap 'non-profiled nmethods': size=120000Kb used=724Kb max_used=758Kb free=119275Kb
 bounds [0x0000015c65ff0000, 0x0000015c66260000, 0x0000015c6d520000]
CodeHeap 'profiled nmethods': size=120000Kb used=3199Kb max_used=3452Kb free=116800Kb
 bounds [0x0000015c5eac0000, 0x0000015c5ee20000, 0x0000015c65ff0000]
CodeHeap 'non-nmethods': size=5760Kb used=1124Kb max_used=1139Kb free=4635Kb
 bounds [0x0000015c5e520000, 0x0000015c5e790000, 0x0000015c5eac0000]
 total_blobs=2005 nmethods=1555 adapters=361
 compilation: enabled
              stopped_count=0, restarted_count=0
 full_count=0

Compilation events (20 events):
Event: 1.223 Thread 0x0000015c75695000 nmethod 1765 0x0000015c6602ae90 code [0x0000015c6602b040, 0x0000015c6602b0f8]
Event: 1.226 Thread 0x0000015c7792f800 1766   !   4       java.util.zip.Inflater::inflate (418 bytes)
Event: 1.227 Thread 0x0000015c75695000 1768       3       jdk.internal.org.objectweb.asm.Label::resolve (214 bytes)
Event: 1.228 Thread 0x0000015c75695000 nmethod 1768 0x0000015c5eb13290 code [0x0000015c5eb13480, 0x0000015c5eb13938]
Event: 1.228 Thread 0x0000015c75695000 1769       3       jdk.internal.org.objectweb.asm.MethodWriter::visitTypeInsn (120 bytes)
Event: 1.228 Thread 0x0000015c75695000 nmethod 1769 0x0000015c5eb17590 code [0x0000015c5eb17780, 0x0000015c5eb17b28]
Event: 1.231 Thread 0x0000015c7792f800 nmethod 1766 0x0000015c66044110 code [0x0000015c660442e0, 0x0000015c66044a58]
Event: 1.231 Thread 0x0000015c7792f800 1767       4       jdk.internal.org.objectweb.asm.Item::<init> (66 bytes)
Event: 1.233 Thread 0x0000015c7792f800 nmethod 1767 0x0000015c66036190 code [0x0000015c66036320, 0x0000015c660365f8]
Event: 1.235 Thread 0x0000015c7792f800 1770       4       jdk.internal.util.jar.JarIndex::get (49 bytes)
Event: 1.243 Thread 0x0000015c762a1800 nmethod 1764 0x0000015c66065710 code [0x0000015c66065940, 0x0000015c66067198]
Event: 1.251 Thread 0x0000015c75695000 1771   !   3       sun.nio.fs.WindowsPath::initOffsets (153 bytes)
Event: 1.253 Thread 0x0000015c75695000 nmethod 1771 0x0000015c5eb77110 code [0x0000015c5eb775a0, 0x0000015c5eb79d48]
Event: 1.253 Thread 0x0000015c75695000 1772       3       jdk.internal.reflect.ReflectionFactory::inflationThreshold (4 bytes)
Event: 1.253 Thread 0x0000015c75695000 nmethod 1772 0x0000015c5ead3510 code [0x0000015c5ead36c0, 0x0000015c5ead37b8]
Event: 1.254 Thread 0x0000015c75695000 1773       1       jdk.internal.reflect.DelegatingConstructorAccessorImpl::setDelegate (6 bytes)
Event: 1.255 Thread 0x0000015c75695000 nmethod 1773 0x0000015c6602d210 code [0x0000015c6602d3c0, 0x0000015c6602d4b8]
Event: 1.255 Thread 0x0000015c75695000 1774       1       jdk.internal.reflect.NativeConstructorAccessorImpl::setParent (6 bytes)
Event: 1.255 Thread 0x0000015c75695000 nmethod 1774 0x0000015c66035e90 code [0x0000015c66036040, 0x0000015c66036138]
Event: 1.255 Thread 0x0000015c75695000 1775       3       java.util.regex.Pattern::expr (142 bytes)

GC Heap History (2 events):
Event: 0.490 GC heap before
{Heap before GC invocations=0 (full 0):
 garbage-first heap   total 129024K, used 29696K [0x0000000080000000, 0x0000000100000000)
  region size 1024K, 24 young (24576K), 0 survivors (0K)
 Metaspace       used 10370K, capacity 10599K, committed 10624K, reserved 1058816K
  class space    used 1082K, capacity 1129K, committed 1152K, reserved 1048576K
}
Event: 0.494 GC heap after
{Heap after GC invocations=1 (full 0):
 garbage-first heap   total 129024K, used 8951K [0x0000000080000000, 0x0000000100000000)
  region size 1024K, 3 young (3072K), 3 survivors (3072K)
 Metaspace       used 10370K, capacity 10599K, committed 10624K, reserved 1058816K
  class space    used 1082K, capacity 1129K, committed 1152K, reserved 1048576K
}

Deoptimization events (20 events):
Event: 1.085 Thread 0x0000015c78725800 Uncommon trap: trap_request=0xffffffc6 fr.pc=0x0000015c6603b138 relative=0x00000000000004d8
Event: 1.085 Thread 0x0000015c78725800 Uncommon trap: reason=bimorphic_or_optimized_type_check action=maybe_recompile pc=0x0000015c6603b138 method=java.util.concurrent.ConcurrentHashMap.get(Ljava/lang/Object;)Ljava/lang/Object; @ 149 c2
Event: 1.085 Thread 0x0000015c78725800 DEOPT PACKING pc=0x0000015c6603b138 sp=0x0000003c444fe160
Event: 1.085 Thread 0x0000015c78725800 DEOPT UNPACKING pc=0x0000015c5e5474af sp=0x0000003c444fe100 mode 2
Event: 1.110 Thread 0x0000015c791f2000 Uncommon trap: trap_request=0xffffffc6 fr.pc=0x0000015c6606ed80 relative=0x0000000000001260
Event: 1.110 Thread 0x0000015c791f2000 Uncommon trap: reason=bimorphic_or_optimized_type_check action=maybe_recompile pc=0x0000015c6606ed80 method=java.util.HashMap.putVal(ILjava/lang/Object;Ljava/lang/Object;ZZ)Ljava/lang/Object; @ 253 c2
Event: 1.110 Thread 0x0000015c791f2000 DEOPT PACKING pc=0x0000015c6606ed80 sp=0x0000003c446fe880
Event: 1.110 Thread 0x0000015c791f2000 DEOPT UNPACKING pc=0x0000015c5e5474af sp=0x0000003c446fe860 mode 2
Event: 1.110 Thread 0x0000015c791f2000 Uncommon trap: trap_request=0xffffffc6 fr.pc=0x0000015c6606ed80 relative=0x0000000000001260
Event: 1.110 Thread 0x0000015c791f2000 Uncommon trap: reason=bimorphic_or_optimized_type_check action=maybe_recompile pc=0x0000015c6606ed80 method=java.util.HashMap.putVal(ILjava/lang/Object;Ljava/lang/Object;ZZ)Ljava/lang/Object; @ 253 c2
Event: 1.110 Thread 0x0000015c791f2000 DEOPT PACKING pc=0x0000015c6606ed80 sp=0x0000003c446fe970
Event: 1.110 Thread 0x0000015c791f2000 DEOPT UNPACKING pc=0x0000015c5e5474af sp=0x0000003c446fe950 mode 2
Event: 1.110 Thread 0x0000015c791f2000 Uncommon trap: trap_request=0xffffffc6 fr.pc=0x0000015c6606ed80 relative=0x0000000000001260
Event: 1.110 Thread 0x0000015c791f2000 Uncommon trap: reason=bimorphic_or_optimized_type_check action=maybe_recompile pc=0x0000015c6606ed80 method=java.util.HashMap.putVal(ILjava/lang/Object;Ljava/lang/Object;ZZ)Ljava/lang/Object; @ 253 c2
Event: 1.110 Thread 0x0000015c791f2000 DEOPT PACKING pc=0x0000015c6606ed80 sp=0x0000003c446fe880
Event: 1.111 Thread 0x0000015c791f2000 DEOPT UNPACKING pc=0x0000015c5e5474af sp=0x0000003c446fe860 mode 2
Event: 1.111 Thread 0x0000015c791f2000 Uncommon trap: trap_request=0xffffffc6 fr.pc=0x0000015c6606ed80 relative=0x0000000000001260
Event: 1.111 Thread 0x0000015c791f2000 Uncommon trap: reason=bimorphic_or_optimized_type_check action=maybe_recompile pc=0x0000015c6606ed80 method=java.util.HashMap.putVal(ILjava/lang/Object;Ljava/lang/Object;ZZ)Ljava/lang/Object; @ 253 c2
Event: 1.111 Thread 0x0000015c791f2000 DEOPT PACKING pc=0x0000015c6606ed80 sp=0x0000003c446fe970
Event: 1.111 Thread 0x0000015c791f2000 DEOPT UNPACKING pc=0x0000015c5e5474af sp=0x0000003c446fe950 mode 2

Classes redefined (0 events):
No events

Internal exceptions (20 events):
Event: 0.687 Thread 0x0000015c593c9800 Exception <a 'java/security/PrivilegedActionException'{0x0000000085eacc40}> (0x0000000085eacc40) thrown at [./src/hotspot/share/prims/jvm.cpp, line 1297]
Event: 0.687 Thread 0x0000015c593c9800 Exception <a 'java/security/PrivilegedActionException'{0x0000000085eadff0}> (0x0000000085eadff0) thrown at [./src/hotspot/share/prims/jvm.cpp, line 1297]
Event: 0.687 Thread 0x0000015c593c9800 Exception <a 'java/security/PrivilegedActionException'{0x0000000085eae568}> (0x0000000085eae568) thrown at [./src/hotspot/share/prims/jvm.cpp, line 1297]
Event: 0.687 Thread 0x0000015c593c9800 Exception <a 'java/security/PrivilegedActionException'{0x0000000085eaf9a0}> (0x0000000085eaf9a0) thrown at [./src/hotspot/share/prims/jvm.cpp, line 1297]
Event: 0.687 Thread 0x0000015c593c9800 Exception <a 'java/security/PrivilegedActionException'{0x0000000085eaff18}> (0x0000000085eaff18) thrown at [./src/hotspot/share/prims/jvm.cpp, line 1297]
Event: 0.833 Thread 0x0000015c593c9800 Exception <a 'java/lang/NoSuchMethodError'{0x0000000084d0d100}: 'java.lang.Object java.lang.invoke.DirectMethodHandle$Holder.invokeStaticInit(java.lang.Object, java.lang.Object, java.lang.Object)'> (0x0000000084d0d100) thrown at [./src/hotspot/share/interpreter/linkResolver.cpp, line 773]
Event: 0.899 Thread 0x0000015c593c9800 Exception <a 'java/lang/NoSuchMethodError'{0x00000000849bb848}: 'java.lang.Object java.lang.invoke.Invokers$Holder.invoker(java.lang.Object, java.lang.Object, java.lang.Object, java.lang.Object, java.lang.Object)'> (0x00000000849bb848) thrown at [./src/hotspot/share/interpreter/linkResolver.cpp, line 773]
Event: 0.901 Thread 0x0000015c593c9800 Exception <a 'java/lang/NoSuchMethodError'{0x00000000849cc4c0}: 'void java.lang.invoke.DelegatingMethodHandle$Holder.delegate(java.lang.Object, java.lang.Object, int, java.lang.Object)'> (0x00000000849cc4c0) thrown at [./src/hotspot/share/interpreter/linkResolver.cpp, line 773]
Event: 0.917 Thread 0x0000015c593c9800 Exception <a 'java/lang/NoSuchMethodError'{0x00000000848889f8}: 'java.lang.Object java.lang.invoke.DirectMethodHandle$Holder.invokeStaticInit(java.lang.Object, int, int, int, int)'> (0x00000000848889f8) thrown at [./src/hotspot/share/interpreter/linkResolver.cpp, line 773]
Event: 0.957 Thread 0x0000015c593c9800 Exception <a 'java/lang/NoSuchMethodError'{0x0000000084707ba8}: 'java.lang.Object java.lang.invoke.DirectMethodHandle$Holder.invokeStaticInit(java.lang.Object, java.lang.Object, int, int, int, int)'> (0x0000000084707ba8) thrown at [./src/hotspot/share/interpreter/linkResolver.cpp, line 773]
Event: 1.046 Thread 0x0000015c593c9800 Exception <a 'java/io/IOException'{0x00000000846acb80}> (0x00000000846acb80) thrown at [./src/hotspot/share/prims/jni.cpp, line 615]
Event: 1.073 Thread 0x0000015c78725800 Exception <a 'java/lang/NoSuchMethodError'{0x0000000084320418}: <clinit>> (0x0000000084320418) thrown at [./src/hotspot/share/prims/jni.cpp, line 1362]
Event: 1.073 Thread 0x0000015c78725800 Exception <a 'java/lang/NoSuchMethodError'{0x0000000084328cb0}: <clinit>> (0x0000000084328cb0) thrown at [./src/hotspot/share/prims/jni.cpp, line 1362]
Event: 1.075 Thread 0x0000015c78725800 Exception <a 'java/lang/NoSuchMethodError'{0x000000008433bed8}: <clinit>> (0x000000008433bed8) thrown at [./src/hotspot/share/prims/jni.cpp, line 1362]
Event: 1.084 Thread 0x0000015c78725800 Exception <a 'java/lang/NoSuchMethodError'{0x000000008438a288}: <clinit>> (0x000000008438a288) thrown at [./src/hotspot/share/prims/jni.cpp, line 1362]
Event: 1.088 Thread 0x0000015c78725800 Exception <a 'java/lang/NoSuchMethodError'{0x00000000843c5740}: <clinit>> (0x00000000843c5740) thrown at [./src/hotspot/share/prims/jni.cpp, line 1362]
Event: 1.092 Thread 0x0000015c78725800 Exception <a 'java/lang/NoSuchMethodError'{0x00000000843f8218}: <clinit>> (0x00000000843f8218) thrown at [./src/hotspot/share/prims/jni.cpp, line 1362]
Event: 1.138 Thread 0x0000015c791f2000 Exception <a 'java/lang/NoSuchMethodError'{0x0000000083f9cfb0}: 'void java.lang.invoke.DelegatingMethodHandle$Holder.reinvoke_L(java.lang.Object, java.lang.Object, java.lang.Object, java.lang.Object)'> (0x0000000083f9cfb0) thrown at [./src/hotspot/share/interpreter/linkResolver.cpp, line 773]
Event: 1.142 Thread 0x0000015c791f2000 Exception <a 'java/lang/NoSuchMethodError'{0x0000000083fd3f98}: 'long java.lang.invoke.DirectMethodHandle$Holder.invokeInterface(java.lang.Object, java.lang.Object)'> (0x0000000083fd3f98) thrown at [./src/hotspot/share/interpreter/linkResolver.cpp, line 773]
Event: 1.143 Thread 0x0000015c791f2000 Exception <a 'java/lang/NoSuchMethodError'{0x0000000083ff59e0}: 'void java.lang.invoke.DelegatingMethodHandle$Holder.reinvoke_L(java.lang.Object, java.lang.Object, java.lang.Object, java.lang.Object, java.lang.Object, java.lang.Object, java.lang.Object)'> (0x0000000083ff59e0) thrown at [./src/hotspot/share/interpreter/linkResolver.cpp, line 773]

Events (20 events):
Event: 1.254 loading class org/gradle/internal/state/ModelObject
Event: 1.254 loading class org/gradle/internal/state/ModelObject done
Event: 1.254 loading class org/gradle/internal/state/ModelObject
Event: 1.254 loading class org/gradle/internal/state/ModelObject done
Event: 1.254 loading class org/gradle/internal/state/ModelObject
Event: 1.254 loading class org/gradle/internal/state/ModelObject done
Event: 1.254 loading class org/gradle/api/internal/provider/PropertyHost
Event: 1.254 loading class org/gradle/api/internal/provider/PropertyHost done
Event: 1.254 loading class org/gradle/api/internal/provider/DefaultPropertyFactory
Event: 1.254 loading class org/gradle/api/internal/provider/DefaultPropertyFactory done
Event: 1.254 loading class org/gradle/api/internal/file/IdentityFileResolver
Event: 1.254 loading class org/gradle/api/internal/file/IdentityFileResolver done
Event: 1.255 loading class org/gradle/api/internal/file/AbstractFileResolver
Event: 1.255 loading class org/gradle/api/internal/file/AbstractFileResolver done
Event: 1.255 loading class org/gradle/api/InvalidUserDataException
Event: 1.255 loading class org/gradle/api/InvalidUserDataException done
Event: 1.255 loading class org/gradle/api/internal/file/FileOrUriNotationConverter
Event: 1.255 loading class org/gradle/api/internal/file/FileOrUriNotationConverter done
Event: 1.255 loading class org/gradle/internal/typeconversion/NotationParserBuilder
Event: 1.255 loading class org/gradle/internal/typeconversion/NotationParserBuilder done


Dynamic libraries:
0x00007ff7b33b0000 - 0x00007ff7b33ba000 	C:\Program Files\Android\Android Studio\jre\bin\java.exe
0x00007ffa81410000 - 0x00007ffa81605000 	C:\WINDOWS\SYSTEM32\ntdll.dll
0x00007ffa80890000 - 0x00007ffa8094d000 	C:\WINDOWS\System32\KERNEL32.DLL
0x00007ffa7ede0000 - 0x00007ffa7f0a8000 	C:\WINDOWS\System32\KERNELBASE.dll
0x00007ffa7eb50000 - 0x00007ffa7ec50000 	C:\WINDOWS\System32\ucrtbase.dll
0x00007ffa61d10000 - 0x00007ffa61d29000 	C:\Program Files\Android\Android Studio\jre\bin\jli.dll
0x00007ffa61cf0000 - 0x00007ffa61d07000 	C:\Program Files\Android\Android Studio\jre\bin\VCRUNTIME140.dll
0x00007ffa801e0000 - 0x00007ffa80380000 	C:\WINDOWS\System32\USER32.dll
0x00007ffa7f390000 - 0x00007ffa7f3b2000 	C:\WINDOWS\System32\win32u.dll
0x00007ffa5ce70000 - 0x00007ffa5d10a000 	C:\WINDOWS\WinSxS\amd64_microsoft.windows.common-controls_6595b64144ccf1df_6.0.19041.844_none_ca00b6081b84eb1d\COMCTL32.dll
0x00007ffa7f640000 - 0x00007ffa7f66a000 	C:\WINDOWS\System32\GDI32.dll
0x00007ffa807f0000 - 0x00007ffa8088e000 	C:\WINDOWS\System32\msvcrt.dll
0x00007ffa7ec50000 - 0x00007ffa7ed5b000 	C:\WINDOWS\System32\gdi32full.dll
0x00007ffa7f2f0000 - 0x00007ffa7f38d000 	C:\WINDOWS\System32\msvcp_win.dll
0x00007ffa7ff10000 - 0x00007ffa7ff40000 	C:\WINDOWS\System32\IMM32.DLL
0x00007ffa61bb0000 - 0x00007ffa61c4d000 	C:\Program Files\Android\Android Studio\jre\bin\msvcp140.dll
0x00007ffa2d910000 - 0x00007ffa2e3cc000 	C:\Program Files\Android\Android Studio\jre\bin\server\jvm.dll
0x00007ffa7f590000 - 0x00007ffa7f63c000 	C:\WINDOWS\System32\ADVAPI32.dll
0x00007ffa81320000 - 0x00007ffa813bb000 	C:\WINDOWS\System32\sechost.dll
0x00007ffa811d0000 - 0x00007ffa812fb000 	C:\WINDOWS\System32\RPCRT4.dll
0x00007ffa7f670000 - 0x00007ffa7f678000 	C:\WINDOWS\System32\PSAPI.DLL
0x00007ffa7a780000 - 0x00007ffa7a789000 	C:\WINDOWS\SYSTEM32\WSOCK32.dll
0x00007ffa80170000 - 0x00007ffa801db000 	C:\WINDOWS\System32\WS2_32.dll
0x00007ffa59b40000 - 0x00007ffa59b67000 	C:\WINDOWS\SYSTEM32\WINMM.dll
0x00007ffa78810000 - 0x00007ffa7881a000 	C:\WINDOWS\SYSTEM32\VERSION.dll
0x00007ffa7c9e0000 - 0x00007ffa7c9f2000 	C:\WINDOWS\SYSTEM32\kernel.appcore.dll
0x00007ffa6a930000 - 0x00007ffa6a941000 	C:\Program Files\Android\Android Studio\jre\bin\verify.dll
0x00007ffa68eb0000 - 0x00007ffa69094000 	C:\WINDOWS\SYSTEM32\DBGHELP.DLL
0x00007ffa68de0000 - 0x00007ffa68e0c000 	C:\WINDOWS\SYSTEM32\dbgcore.DLL
0x00007ffa7ed60000 - 0x00007ffa7ede0000 	C:\WINDOWS\System32\bcryptPrimitives.dll
0x00007ffa62380000 - 0x00007ffa623a9000 	C:\Program Files\Android\Android Studio\jre\bin\java.dll
0x00007ffa6ab50000 - 0x00007ffa6ab5b000 	C:\Program Files\Android\Android Studio\jre\bin\jimage.dll
0x00007ffa61b70000 - 0x00007ffa61b88000 	C:\Program Files\Android\Android Studio\jre\bin\zip.dll
0x00007ffa7f680000 - 0x00007ffa7fdc2000 	C:\WINDOWS\System32\SHELL32.dll
0x00007ffa7ccc0000 - 0x00007ffa7d450000 	C:\WINDOWS\SYSTEM32\windows.storage.dll
0x00007ffa80e10000 - 0x00007ffa81165000 	C:\WINDOWS\System32\combase.dll
0x00007ffa7e550000 - 0x00007ffa7e57c000 	C:\WINDOWS\SYSTEM32\Wldp.dll
0x00007ffa80020000 - 0x00007ffa800ce000 	C:\WINDOWS\System32\SHCORE.dll
0x00007ffa80ce0000 - 0x00007ffa80d35000 	C:\WINDOWS\System32\shlwapi.dll
0x00007ffa7ea90000 - 0x00007ffa7eaaf000 	C:\WINDOWS\SYSTEM32\profapi.dll
0x00007ffa605f0000 - 0x00007ffa6060a000 	C:\Program Files\Android\Android Studio\jre\bin\net.dll
0x00007ffa77e40000 - 0x00007ffa77f4b000 	C:\WINDOWS\SYSTEM32\WINHTTP.dll
0x00007ffa7e260000 - 0x00007ffa7e2ca000 	C:\WINDOWS\system32\mswsock.dll
0x00007ffa605d0000 - 0x00007ffa605e4000 	C:\Program Files\Android\Android Studio\jre\bin\nio.dll
0x00007ffa54af0000 - 0x00007ffa54b17000 	C:\Users\Administrator\.gradle\native\fdc75f09e3144964f2cf3f50f0aa648679c211496f362492102eb8c894070792\windows-amd64\native-platform.dll
0x00007ffa31f10000 - 0x00007ffa320a6000 	C:\Users\Administrator\.gradle\native\12488b8bf47d2d4c9fbf2f6322a914ad602e24e48041cd04a747c6da556b65c4\windows-amd64\native-platform-file-events.dll
0x00007ffa69bd0000 - 0x00007ffa69bda000 	C:\Program Files\Android\Android Studio\jre\bin\management.dll
0x00007ffa69900000 - 0x00007ffa6990c000 	C:\Program Files\Android\Android Studio\jre\bin\management_ext.dll
0x00007ffa7e440000 - 0x00007ffa7e458000 	C:\WINDOWS\SYSTEM32\CRYPTSP.dll
0x00007ffa7dc00000 - 0x00007ffa7dc34000 	C:\WINDOWS\system32\rsaenh.dll
0x00007ffa7f110000 - 0x00007ffa7f137000 	C:\WINDOWS\System32\bcrypt.dll
0x00007ffa7ea50000 - 0x00007ffa7ea7e000 	C:\WINDOWS\SYSTEM32\USERENV.dll
0x00007ffa7e430000 - 0x00007ffa7e43c000 	C:\WINDOWS\SYSTEM32\CRYPTBASE.dll
0x00007ffa7df50000 - 0x00007ffa7df8b000 	C:\WINDOWS\SYSTEM32\IPHLPAPI.DLL
0x00007ffa813c0000 - 0x00007ffa813c8000 	C:\WINDOWS\System32\NSI.dll
0x00007ffa78ca0000 - 0x00007ffa78cb7000 	C:\WINDOWS\SYSTEM32\dhcpcsvc6.DLL
0x00007ffa78c80000 - 0x00007ffa78c9d000 	C:\WINDOWS\SYSTEM32\dhcpcsvc.DLL
0x00007ffa7df90000 - 0x00007ffa7e05c000 	C:\WINDOWS\SYSTEM32\DNSAPI.dll
0x00007ffa78e40000 - 0x00007ffa78e4b000 	C:\WINDOWS\SYSTEM32\WINNSI.DLL

dbghelp: loaded successfully - version: 4.0.5 - missing functions: none
symbol engine: initialized successfully - sym options: 0x614 - pdb path: .;C:\Program Files\Android\Android Studio\jre\bin;C:\WINDOWS\SYSTEM32;C:\WINDOWS\WinSxS\amd64_microsoft.windows.common-controls_6595b64144ccf1df_6.0.19041.844_none_ca00b6081b84eb1d;C:\Program Files\Android\Android Studio\jre\bin\server;C:\Users\Administrator\.gradle\native\fdc75f09e3144964f2cf3f50f0aa648679c211496f362492102eb8c894070792\windows-amd64;C:\Users\Administrator\.gradle\native\12488b8bf47d2d4c9fbf2f6322a914ad602e24e48041cd04a747c6da556b65c4\windows-amd64

VM Arguments:
jvm_args: --add-opens=java.base/java.util=ALL-UNNAMED --add-opens=java.base/java.lang=ALL-UNNAMED --add-opens=java.base/java.lang.invoke=ALL-UNNAMED --add-opens=java.prefs/java.util.prefs=ALL-UNNAMED -Xmx2048m -Dfile.encoding=UTF-8 -Duser.country=CN -Duser.language=zh -Duser.variant 
java_command: org.gradle.launcher.daemon.bootstrap.GradleDaemon 6.7.1
java_class_path (initial): C:\Users\Administrator\.gradle\wrapper\dists\gradle-6.7.1-bin\bwlcbys1h7rz3272sye1xwiv6\gradle-6.7.1\lib\gradle-launcher-6.7.1.jar
Launcher Type: SUN_STANDARD

[Global flags]
     intx CICompilerCount                          = 4                                         {product} {ergonomic}
     uint ConcGCThreads                            = 2                                         {product} {ergonomic}
     uint G1ConcRefinementThreads                  = 8                                         {product} {ergonomic}
   size_t G1HeapRegionSize                         = 1048576                                   {product} {ergonomic}
    uintx GCDrainStackTargetSize                   = 64                                        {product} {ergonomic}
   size_t InitialHeapSize                          = 132120576                                 {product} {ergonomic}
   size_t MarkStackSize                            = 4194304                                   {product} {ergonomic}
   size_t MaxHeapSize                              = 2147483648                                {product} {command line}
   size_t MaxNewSize                               = 1287651328                                {product} {ergonomic}
   size_t MinHeapDeltaBytes                        = 1048576                                   {product} {ergonomic}
    uintx NonNMethodCodeHeapSize                   = 5836300                                {pd product} {ergonomic}
    uintx NonProfiledCodeHeapSize                  = 122910970                              {pd product} {ergonomic}
    uintx ProfiledCodeHeapSize                     = 122910970                              {pd product} {ergonomic}
    uintx ReservedCodeCacheSize                    = 251658240                              {pd product} {ergonomic}
     bool SegmentedCodeCache                       = true                                      {product} {ergonomic}
     bool UseCompressedClassPointers               = true                                 {lp64_product} {ergonomic}
     bool UseCompressedOops                        = true                                 {lp64_product} {ergonomic}
     bool UseG1GC                                  = true                                      {product} {ergonomic}
     bool UseLargePagesIndividualAllocation        = false                                  {pd product} {ergonomic}

Logging:
Log output configuration:
 #0: stdout all=warning uptime,level,tags
 #1: stderr all=off uptime,level,tags

Environment Variables:
PATH=C:\Program Files\NVIDIA GPU Computing Toolkit\CUDA\v10.0\bin;C:\Program Files\NVIDIA GPU Computing Toolkit\CUDA\v10.0\libnvvp;C:\Windows\system32;C:\Windows;C:\Windows\System32\Wbem;C:\Windows\System32\WindowsPowerShell\v1.0\;C:\Windows\System32\OpenSSH\;C:\Program Files (x86)\NVIDIA Corporation\PhysX\Common;C:\Program Files\NVIDIA Corporation\NVIDIA NvDLISR;C:\Program Files\Microsoft SQL Server\130\Tools\Binn\;C:\Program Files\dotnet\;C:\WINDOWS\system32;C:\WINDOWS;C:\WINDOWS\System32\Wbem;C:\WINDOWS\System32\WindowsPowerShell\v1.0\;C:\WINDOWS\System32\OpenSSH\;C:\WINDOWS\system32;C:\WINDOWS;C:\WINDOWS\System32\Wbem;C:\WINDOWS\System32\WindowsPowerShell\v1.0\;C:\WINDOWS\System32\OpenSSH\;C:\Users\Administrator\AppData\Local\Microsoft\WindowsApps;
USERNAME=Administrator
OS=Windows_NT
PROCESSOR_IDENTIFIER=Intel64 Family 6 Model 158 Stepping 13, GenuineIntel



---------------  S Y S T E M  ---------------

OS: Windows 10 , 64 bit Build 19041 (10.0.19041.928)
OS uptime: 1 days 19:54 hours

CPU:total 8 (initial active 8) (8 cores per cpu, 1 threads per core) family 6 model 158 stepping 13, cmov, cx8, fxsr, mmx, sse, sse2, sse3, ssse3, sse4.1, sse4.2, popcnt, avx, avx2, aes, clmul, erms, 3dnowpref, lzcnt, tsc, tscinvbit, bmi1, bmi2, adx, fma

Memory: 4k page, system-wide physical 8035M (764M free)
TotalPageFile size 12131M (AvailPageFile size 6M)
current process WorkingSet (physical memory assigned to process): 186M, peak: 189M
current process commit charge ("private bytes"): 271M, peak: 275M

vm_info: OpenJDK 64-Bit Server VM (11.0.8+10-b944.6842174) for windows-amd64 JRE (11.0.8+10-b944.6842174), built on Sep 19 2020 01:11:42 by "builder" with MS VC++ 14.0 (VS2015)

END.
