#
# There is insufficient memory for the Java Runtime Environment to continue.
# Native memory allocation (malloc) failed to allocate 1341136 bytes for Chunk::new
# Possible reasons:
#   The system is out of physical RAM or swap space
#   The process is running with CompressedOops enabled, and the Java Heap may be blocking the growth of the native heap
# Possible solutions:
#   Reduce memory load on the system
#   Increase physical memory or swap space
#   Check if swap backing store is full
#   Decrease Java heap size (-Xmx/-Xms)
#   Decrease number of Java threads
#   Decrease Java thread stack sizes (-Xss)
#   Set larger code cache with -XX:ReservedCodeCacheSize=
#   JVM is running with Unscaled Compressed Oops mode in which the Java heap is
#     placed in the first 4GB address space. The Java Heap base address is the
#     maximum limit for the native heap growth. Please use -XX:HeapBaseMinAddress
#     to set the Java Heap base and to place the Java Heap above 4GB virtual address.
# This output file may be truncated or incomplete.
#
#  Out of Memory Error (./src/hotspot/share/memory/arena.cpp:197), pid=16988, tid=15472
#
# JRE version: OpenJDK Runtime Environment (11.0.8+10) (build 11.0.8+10-b944.6842174)
# Java VM: OpenJDK 64-Bit Server VM (11.0.8+10-b944.6842174, mixed mode, tiered, compressed oops, g1 gc, windows-amd64)
# No core dump will be written. Minidumps are not enabled by default on client versions of Windows
#

---------------  S U M M A R Y ------------

Command Line: --add-opens=java.base/java.util=ALL-UNNAMED --add-opens=java.base/java.lang=ALL-UNNAMED --add-opens=java.base/java.lang.invoke=ALL-UNNAMED --add-opens=java.prefs/java.util.prefs=ALL-UNNAMED -Xmx2048m -Dfile.encoding=UTF-8 -Duser.country=CN -Duser.language=zh -Duser.variant org.gradle.launcher.daemon.bootstrap.GradleDaemon 6.7.1

Host: Intel(R) Core(TM) i7-9700K CPU @ 3.60GHz, 8 cores, 7G,  Windows 10 , 64 bit Build 19041 (10.0.19041.928)
Time: Mon May 31 10:46:35 2021 中国标准时间 elapsed time: 1 seconds (0d 0h 0m 1s)

---------------  T H R E A D  ---------------

Current thread (0x000001eb1d24d000):  JavaThread "C2 CompilerThread2" daemon [_thread_in_native, id=15472, stack(0x0000006d2ae00000,0x0000006d2af00000)]


Current CompileTask:
C2:   1346 1883   !   4       java.lang.ClassLoader::loadClass (122 bytes)

Stack: [0x0000006d2ae00000,0x0000006d2af00000]
Native frames: (J=compiled Java code, j=interpreted, Vv=VM code, C=native code)
V  [jvm.dll+0x5de50a]
V  [jvm.dll+0x7122f5]
V  [jvm.dll+0x71384d]
V  [jvm.dll+0x713f03]
V  [jvm.dll+0x23e728]
V  [jvm.dll+0xb899c]
V  [jvm.dll+0xb8e9c]
V  [jvm.dll+0x35020b]
V  [jvm.dll+0x31dea3]
V  [jvm.dll+0x31d39a]
V  [jvm.dll+0x1f7702]
V  [jvm.dll+0x1f68d4]
V  [jvm.dll+0x17f32c]
V  [jvm.dll+0x205047]
V  [jvm.dll+0x203891]
V  [jvm.dll+0x6dad3f]
V  [jvm.dll+0x6d3895]
V  [jvm.dll+0x5dd4a6]
C  [ucrtbase.dll+0x21bb2]
C  [KERNEL32.DLL+0x17034]
C  [ntdll.dll+0x52651]


---------------  P R O C E S S  ---------------

Threads class SMR info:
_java_thread_list=0x000001eb1d2ed810, length=25, elements={
0x000001eb7e99a000, 0x000001eb1aa28800, 0x000001eb1aa33800, 0x000001eb1b265000,
0x000001eb1b266000, 0x000001eb1b268800, 0x000001eb1b26b800, 0x000001eb1b270000,
0x000001eb1b3e0800, 0x000001eb1b3e1800, 0x000001eb1b6ba000, 0x000001eb1d24d000,
0x000001eb1cc53800, 0x000001eb1c231800, 0x000001eb1c7db800, 0x000001eb1d345800,
0x000001eb1bf7e800, 0x000001eb1c509000, 0x000001eb1cb61000, 0x000001eb1d1b4800,
0x000001eb1d341800, 0x000001eb1c23f800, 0x000001eb1cca1800, 0x000001eb1cc9e800,
0x000001eb1cca2800
}

Java Threads: ( => current thread )
  0x000001eb7e99a000 JavaThread "main" [_thread_blocked, id=15556, stack(0x0000006d29a00000,0x0000006d29b00000)]
  0x000001eb1aa28800 JavaThread "Reference Handler" daemon [_thread_blocked, id=12764, stack(0x0000006d2a100000,0x0000006d2a200000)]
  0x000001eb1aa33800 JavaThread "Finalizer" daemon [_thread_blocked, id=5896, stack(0x0000006d2a200000,0x0000006d2a300000)]
  0x000001eb1b265000 JavaThread "Signal Dispatcher" daemon [_thread_blocked, id=5676, stack(0x0000006d2a300000,0x0000006d2a400000)]
  0x000001eb1b266000 JavaThread "Attach Listener" daemon [_thread_blocked, id=12056, stack(0x0000006d2a400000,0x0000006d2a500000)]
  0x000001eb1b268800 JavaThread "C2 CompilerThread0" daemon [_thread_blocked, id=17392, stack(0x0000006d2a500000,0x0000006d2a600000)]
  0x000001eb1b26b800 JavaThread "C1 CompilerThread0" daemon [_thread_blocked, id=5220, stack(0x0000006d2a600000,0x0000006d2a700000)]
  0x000001eb1b270000 JavaThread "Sweeper thread" daemon [_thread_blocked, id=2992, stack(0x0000006d2a700000,0x0000006d2a800000)]
  0x000001eb1b3e0800 JavaThread "Common-Cleaner" daemon [_thread_blocked, id=16508, stack(0x0000006d2a800000,0x0000006d2a900000)]
  0x000001eb1b3e1800 JavaThread "Service Thread" daemon [_thread_blocked, id=3300, stack(0x0000006d2a900000,0x0000006d2aa00000)]
  0x000001eb1b6ba000 JavaThread "C2 CompilerThread1" daemon [_thread_blocked, id=14124, stack(0x0000006d2ab00000,0x0000006d2ac00000)]
=>0x000001eb1d24d000 JavaThread "C2 CompilerThread2" daemon [_thread_in_native, id=15472, stack(0x0000006d2ae00000,0x0000006d2af00000)]
  0x000001eb1cc53800 JavaThread "Daemon health stats" [_thread_blocked, id=14300, stack(0x0000006d2af00000,0x0000006d2b000000)]
  0x000001eb1c231800 JavaThread "Incoming local TCP Connector on port 51911" [_thread_in_native, id=16280, stack(0x0000006d2b200000,0x0000006d2b300000)]
  0x000001eb1c7db800 JavaThread "Daemon periodic checks" [_thread_blocked, id=15724, stack(0x0000006d2b300000,0x0000006d2b400000)]
  0x000001eb1d345800 JavaThread "Daemon" [_thread_blocked, id=12180, stack(0x0000006d2b400000,0x0000006d2b500000)]
  0x000001eb1bf7e800 JavaThread "Handler for socket connection from /127.0.0.1:51911 to /127.0.0.1:51912" [_thread_in_native, id=10440, stack(0x0000006d2b500000,0x0000006d2b600000)]
  0x000001eb1c509000 JavaThread "Cancel handler" [_thread_blocked, id=13892, stack(0x0000006d2b600000,0x0000006d2b700000)]
  0x000001eb1cb61000 JavaThread "Daemon worker" [_thread_in_vm, id=16712, stack(0x0000006d2b700000,0x0000006d2b800000)]
  0x000001eb1d1b4800 JavaThread "Asynchronous log dispatcher for DefaultDaemonConnection: socket connection from /127.0.0.1:51911 to /127.0.0.1:51912" [_thread_blocked, id=11220, stack(0x0000006d2b800000,0x0000006d2b900000)]
  0x000001eb1d341800 JavaThread "Stdin handler" [_thread_blocked, id=17072, stack(0x0000006d2b900000,0x0000006d2ba00000)]
  0x000001eb1c23f800 JavaThread "Thread-8" [_thread_blocked, id=5176, stack(0x0000006d2ba00000,0x0000006d2bb00000)]
  0x000001eb1cca1800 JavaThread "Cache worker for file hash cache (C:\Users\Administrator\.gradle\caches\6.7.1\fileHashes)" [_thread_blocked, id=7824, stack(0x0000006d2c000000,0x0000006d2c100000)]
  0x000001eb1cc9e800 JavaThread "File lock request listener" [_thread_in_native, id=10120, stack(0x0000006d2c100000,0x0000006d2c200000)]
  0x000001eb1cca2800 JavaThread "Cache worker for journal cache (C:\Users\Administrator\.gradle\caches\journal-1)" [_thread_blocked, id=7116, stack(0x0000006d2c300000,0x0000006d2c400000)]

Other Threads:
  0x000001eb1b240800 VMThread "VM Thread" [stack: 0x0000006d2a000000,0x0000006d2a100000] [id=12780]
  0x000001eb1b3e2800 WatcherThread [stack: 0x0000006d2aa00000,0x0000006d2ab00000] [id=12460]
  0x000001eb7e9b2000 GCTaskThread "GC Thread#0" [stack: 0x0000006d29b00000,0x0000006d29c00000] [id=16500]
  0x000001eb1bdea000 GCTaskThread "GC Thread#1" [stack: 0x0000006d2ac00000,0x0000006d2ad00000] [id=15032]
  0x000001eb1bd85800 GCTaskThread "GC Thread#2" [stack: 0x0000006d2ad00000,0x0000006d2ae00000] [id=1472]
  0x000001eb1d248800 GCTaskThread "GC Thread#3" [stack: 0x0000006d2bb00000,0x0000006d2bc00000] [id=13540]
  0x000001eb1c9f1800 GCTaskThread "GC Thread#4" [stack: 0x0000006d2bc00000,0x0000006d2bd00000] [id=5816]
  0x000001eb1ccf6000 GCTaskThread "GC Thread#5" [stack: 0x0000006d2bd00000,0x0000006d2be00000] [id=14680]
  0x000001eb1d24b800 GCTaskThread "GC Thread#6" [stack: 0x0000006d2be00000,0x0000006d2bf00000] [id=3568]
  0x000001eb1c6b9800 GCTaskThread "GC Thread#7" [stack: 0x0000006d2bf00000,0x0000006d2c000000] [id=16844]
  0x000001eb7e9e3800 ConcurrentGCThread "G1 Main Marker" [stack: 0x0000006d29c00000,0x0000006d29d00000] [id=2056]
  0x000001eb7e9e6000 ConcurrentGCThread "G1 Conc#0" [stack: 0x0000006d29d00000,0x0000006d29e00000] [id=16792]
  0x000001eb1d2b1800 ConcurrentGCThread "G1 Conc#1" [stack: 0x0000006d2c200000,0x0000006d2c300000] [id=2476]
  0x000001eb7ea73800 ConcurrentGCThread "G1 Refine#0" [stack: 0x0000006d29e00000,0x0000006d29f00000] [id=10920]
  0x000001eb1a850800 ConcurrentGCThread "G1 Young RemSet Sampling" [stack: 0x0000006d29f00000,0x0000006d2a000000] [id=14996]

Threads with active compile tasks:
C2 CompilerThread2   1354 1883   !   4       java.lang.ClassLoader::loadClass (122 bytes)

VM state:not at safepoint (normal execution)

VM Mutex/Monitor currently owned by a thread: None

Heap address: 0x0000000080000000, size: 2048 MB, Compressed Oops mode: 32-bit
Narrow klass base: 0x0000000000000000, Narrow klass shift: 3
Compressed class space size: 1073741824 Address: 0x0000000100000000

Heap:
 garbage-first heap   total 129024K, used 29457K [0x0000000080000000, 0x0000000100000000)
  region size 1024K, 15 young (15360K), 1 survivors (1024K)
 Metaspace       used 21847K, capacity 22466K, committed 22784K, reserved 1069056K
  class space    used 2769K, capacity 2976K, committed 3072K, reserved 1048576K
Heap Regions: E=young(eden), S=young(survivor), O=old, HS=humongous(starts), HC=humongous(continues), CS=collection set, F=free, A=archive, TAMS=top-at-mark-start (previous, next)
|   0|0x0000000080000000, 0x0000000080100000, 0x0000000080100000|100%| O|  |TAMS 0x0000000080100000, 0x0000000080000000| Untracked 
|   1|0x0000000080100000, 0x0000000080200000, 0x0000000080200000|100%| O|  |TAMS 0x0000000080200000, 0x0000000080100000| Untracked 
|   2|0x0000000080200000, 0x0000000080300000, 0x0000000080300000|100%| O|  |TAMS 0x0000000080300000, 0x0000000080200000| Untracked 
|   3|0x0000000080300000, 0x0000000080400000, 0x0000000080400000|100%|HS|  |TAMS 0x0000000080400000, 0x0000000080300000| Complete 
|   4|0x0000000080400000, 0x0000000080500000, 0x0000000080500000|100%|HC|  |TAMS 0x0000000080500000, 0x0000000080400000| Complete 
|   5|0x0000000080500000, 0x0000000080600000, 0x0000000080600000|100%|HC|  |TAMS 0x0000000080600000, 0x0000000080500000| Complete 
|   6|0x0000000080600000, 0x0000000080700000, 0x0000000080700000|100%| O|  |TAMS 0x0000000080700000, 0x0000000080600000| Untracked 
|   7|0x0000000080700000, 0x0000000080800000, 0x0000000080800000|100%| O|  |TAMS 0x0000000080800000, 0x0000000080700000| Untracked 
|   8|0x0000000080800000, 0x0000000080900000, 0x0000000080900000|100%| O|  |TAMS 0x0000000080900000, 0x0000000080800000| Untracked 
|   9|0x0000000080900000, 0x0000000080a00000, 0x0000000080a00000|100%| O|  |TAMS 0x0000000080a00000, 0x0000000080900000| Untracked 
|  10|0x0000000080a00000, 0x0000000080b00000, 0x0000000080b00000|100%| O|  |TAMS 0x0000000080b00000, 0x0000000080a00000| Untracked 
|  11|0x0000000080b00000, 0x0000000080c00000, 0x0000000080c00000|100%| O|  |TAMS 0x0000000080c00000, 0x0000000080b00000| Untracked 
|  12|0x0000000080c00000, 0x0000000080d00000, 0x0000000080d00000|100%| O|  |TAMS 0x0000000080d00000, 0x0000000080c00000| Untracked 
|  13|0x0000000080d00000, 0x0000000080e00000, 0x0000000080e00000|100%| O|  |TAMS 0x0000000080e00000, 0x0000000080d00000| Untracked 
|  14|0x0000000080e00000, 0x0000000080f00000, 0x0000000080f00000|100%| O|  |TAMS 0x0000000080f00000, 0x0000000080e00000| Untracked 
|  15|0x0000000080f00000, 0x0000000080f1f200, 0x0000000081000000| 12%| O|  |TAMS 0x0000000080f1f200, 0x0000000080f00000| Untracked 
|  16|0x0000000081000000, 0x0000000081000000, 0x0000000081100000|  0%| F|  |TAMS 0x0000000081000000, 0x0000000081000000| Untracked 
|  17|0x0000000081100000, 0x0000000081100000, 0x0000000081200000|  0%| F|  |TAMS 0x0000000081100000, 0x0000000081100000| Untracked 
|  18|0x0000000081200000, 0x0000000081200000, 0x0000000081300000|  0%| F|  |TAMS 0x0000000081200000, 0x0000000081200000| Untracked 
|  19|0x0000000081300000, 0x0000000081300000, 0x0000000081400000|  0%| F|  |TAMS 0x0000000081300000, 0x0000000081300000| Untracked 
|  20|0x0000000081400000, 0x0000000081400000, 0x0000000081500000|  0%| F|  |TAMS 0x0000000081400000, 0x0000000081400000| Untracked 
|  21|0x0000000081500000, 0x0000000081500000, 0x0000000081600000|  0%| F|  |TAMS 0x0000000081500000, 0x0000000081500000| Untracked 
|  22|0x0000000081600000, 0x0000000081600000, 0x0000000081700000|  0%| F|  |TAMS 0x0000000081600000, 0x0000000081600000| Untracked 
|  23|0x0000000081700000, 0x0000000081700000, 0x0000000081800000|  0%| F|  |TAMS 0x0000000081700000, 0x0000000081700000| Untracked 
|  24|0x0000000081800000, 0x0000000081800000, 0x0000000081900000|  0%| F|  |TAMS 0x0000000081800000, 0x0000000081800000| Untracked 
|  25|0x0000000081900000, 0x0000000081900000, 0x0000000081a00000|  0%| F|  |TAMS 0x0000000081900000, 0x0000000081900000| Untracked 
|  26|0x0000000081a00000, 0x0000000081a00000, 0x0000000081b00000|  0%| F|  |TAMS 0x0000000081a00000, 0x0000000081a00000| Untracked 
|  27|0x0000000081b00000, 0x0000000081b00000, 0x0000000081c00000|  0%| F|  |TAMS 0x0000000081b00000, 0x0000000081b00000| Untracked 
|  28|0x0000000081c00000, 0x0000000081c00000, 0x0000000081d00000|  0%| F|  |TAMS 0x0000000081c00000, 0x0000000081c00000| Untracked 
|  29|0x0000000081d00000, 0x0000000081d00000, 0x0000000081e00000|  0%| F|  |TAMS 0x0000000081d00000, 0x0000000081d00000| Untracked 
|  30|0x0000000081e00000, 0x0000000081e00000, 0x0000000081f00000|  0%| F|  |TAMS 0x0000000081e00000, 0x0000000081e00000| Untracked 
|  31|0x0000000081f00000, 0x0000000081f00000, 0x0000000082000000|  0%| F|  |TAMS 0x0000000081f00000, 0x0000000081f00000| Untracked 
|  32|0x0000000082000000, 0x0000000082000000, 0x0000000082100000|  0%| F|  |TAMS 0x0000000082000000, 0x0000000082000000| Untracked 
|  33|0x0000000082100000, 0x0000000082100000, 0x0000000082200000|  0%| F|  |TAMS 0x0000000082100000, 0x0000000082100000| Untracked 
|  34|0x0000000082200000, 0x0000000082200000, 0x0000000082300000|  0%| F|  |TAMS 0x0000000082200000, 0x0000000082200000| Untracked 
|  35|0x0000000082300000, 0x0000000082300000, 0x0000000082400000|  0%| F|  |TAMS 0x0000000082300000, 0x0000000082300000| Untracked 
|  36|0x0000000082400000, 0x0000000082400000, 0x0000000082500000|  0%| F|  |TAMS 0x0000000082400000, 0x0000000082400000| Untracked 
|  37|0x0000000082500000, 0x0000000082500000, 0x0000000082600000|  0%| F|  |TAMS 0x0000000082500000, 0x0000000082500000| Untracked 
|  38|0x0000000082600000, 0x0000000082600000, 0x0000000082700000|  0%| F|  |TAMS 0x0000000082600000, 0x0000000082600000| Untracked 
|  39|0x0000000082700000, 0x0000000082700000, 0x0000000082800000|  0%| F|  |TAMS 0x0000000082700000, 0x0000000082700000| Untracked 
|  40|0x0000000082800000, 0x0000000082800000, 0x0000000082900000|  0%| F|  |TAMS 0x0000000082800000, 0x0000000082800000| Untracked 
|  41|0x0000000082900000, 0x0000000082900000, 0x0000000082a00000|  0%| F|  |TAMS 0x0000000082900000, 0x0000000082900000| Untracked 
|  42|0x0000000082a00000, 0x0000000082a00000, 0x0000000082b00000|  0%| F|  |TAMS 0x0000000082a00000, 0x0000000082a00000| Untracked 
|  43|0x0000000082b00000, 0x0000000082b00000, 0x0000000082c00000|  0%| F|  |TAMS 0x0000000082b00000, 0x0000000082b00000| Untracked 
|  44|0x0000000082c00000, 0x0000000082c00000, 0x0000000082d00000|  0%| F|  |TAMS 0x0000000082c00000, 0x0000000082c00000| Untracked 
|  45|0x0000000082d00000, 0x0000000082d00000, 0x0000000082e00000|  0%| F|  |TAMS 0x0000000082d00000, 0x0000000082d00000| Untracked 
|  46|0x0000000082e00000, 0x0000000082e00000, 0x0000000082f00000|  0%| F|  |TAMS 0x0000000082e00000, 0x0000000082e00000| Untracked 
|  47|0x0000000082f00000, 0x0000000082f00000, 0x0000000083000000|  0%| F|  |TAMS 0x0000000082f00000, 0x0000000082f00000| Untracked 
|  48|0x0000000083000000, 0x0000000083000000, 0x0000000083100000|  0%| F|  |TAMS 0x0000000083000000, 0x0000000083000000| Untracked 
|  49|0x0000000083100000, 0x0000000083100000, 0x0000000083200000|  0%| F|  |TAMS 0x0000000083100000, 0x0000000083100000| Untracked 
|  50|0x0000000083200000, 0x0000000083200000, 0x0000000083300000|  0%| F|  |TAMS 0x0000000083200000, 0x0000000083200000| Untracked 
|  51|0x0000000083300000, 0x0000000083300000, 0x0000000083400000|  0%| F|  |TAMS 0x0000000083300000, 0x0000000083300000| Untracked 
|  52|0x0000000083400000, 0x0000000083400000, 0x0000000083500000|  0%| F|  |TAMS 0x0000000083400000, 0x0000000083400000| Untracked 
|  53|0x0000000083500000, 0x0000000083500000, 0x0000000083600000|  0%| F|  |TAMS 0x0000000083500000, 0x0000000083500000| Untracked 
|  54|0x0000000083600000, 0x0000000083600000, 0x0000000083700000|  0%| F|  |TAMS 0x0000000083600000, 0x0000000083600000| Untracked 
|  55|0x0000000083700000, 0x0000000083700000, 0x0000000083800000|  0%| F|  |TAMS 0x0000000083700000, 0x0000000083700000| Untracked 
|  56|0x0000000083800000, 0x0000000083800000, 0x0000000083900000|  0%| F|  |TAMS 0x0000000083800000, 0x0000000083800000| Untracked 
|  57|0x0000000083900000, 0x0000000083900000, 0x0000000083a00000|  0%| F|  |TAMS 0x0000000083900000, 0x0000000083900000| Untracked 
|  58|0x0000000083a00000, 0x0000000083a00000, 0x0000000083b00000|  0%| F|  |TAMS 0x0000000083a00000, 0x0000000083a00000| Untracked 
|  59|0x0000000083b00000, 0x0000000083b00000, 0x0000000083c00000|  0%| F|  |TAMS 0x0000000083b00000, 0x0000000083b00000| Untracked 
|  60|0x0000000083c00000, 0x0000000083c00000, 0x0000000083d00000|  0%| F|  |TAMS 0x0000000083c00000, 0x0000000083c00000| Untracked 
|  61|0x0000000083d00000, 0x0000000083d00000, 0x0000000083e00000|  0%| F|  |TAMS 0x0000000083d00000, 0x0000000083d00000| Untracked 
|  62|0x0000000083e00000, 0x0000000083e00000, 0x0000000083f00000|  0%| F|  |TAMS 0x0000000083e00000, 0x0000000083e00000| Untracked 
|  63|0x0000000083f00000, 0x0000000083f00000, 0x0000000084000000|  0%| F|  |TAMS 0x0000000083f00000, 0x0000000083f00000| Untracked 
|  64|0x0000000084000000, 0x0000000084000000, 0x0000000084100000|  0%| F|  |TAMS 0x0000000084000000, 0x0000000084000000| Untracked 
|  65|0x0000000084100000, 0x0000000084100000, 0x0000000084200000|  0%| F|  |TAMS 0x0000000084100000, 0x0000000084100000| Untracked 
|  66|0x0000000084200000, 0x0000000084200000, 0x0000000084300000|  0%| F|  |TAMS 0x0000000084200000, 0x0000000084200000| Untracked 
|  67|0x0000000084300000, 0x0000000084300000, 0x0000000084400000|  0%| F|  |TAMS 0x0000000084300000, 0x0000000084300000| Untracked 
|  68|0x0000000084400000, 0x0000000084400000, 0x0000000084500000|  0%| F|  |TAMS 0x0000000084400000, 0x0000000084400000| Untracked 
|  69|0x0000000084500000, 0x0000000084500000, 0x0000000084600000|  0%| F|  |TAMS 0x0000000084500000, 0x0000000084500000| Untracked 
|  70|0x0000000084600000, 0x0000000084600000, 0x0000000084700000|  0%| F|  |TAMS 0x0000000084600000, 0x0000000084600000| Untracked 
|  71|0x0000000084700000, 0x0000000084700000, 0x0000000084800000|  0%| F|  |TAMS 0x0000000084700000, 0x0000000084700000| Untracked 
|  72|0x0000000084800000, 0x0000000084800000, 0x0000000084900000|  0%| F|  |TAMS 0x0000000084800000, 0x0000000084800000| Untracked 
|  73|0x0000000084900000, 0x0000000084900000, 0x0000000084a00000|  0%| F|  |TAMS 0x0000000084900000, 0x0000000084900000| Untracked 
|  74|0x0000000084a00000, 0x0000000084a00000, 0x0000000084b00000|  0%| F|  |TAMS 0x0000000084a00000, 0x0000000084a00000| Untracked 
|  75|0x0000000084b00000, 0x0000000084b00000, 0x0000000084c00000|  0%| F|  |TAMS 0x0000000084b00000, 0x0000000084b00000| Untracked 
|  76|0x0000000084c00000, 0x0000000084c00000, 0x0000000084d00000|  0%| F|  |TAMS 0x0000000084c00000, 0x0000000084c00000| Untracked 
|  77|0x0000000084d00000, 0x0000000084d00000, 0x0000000084e00000|  0%| F|  |TAMS 0x0000000084d00000, 0x0000000084d00000| Untracked 
|  78|0x0000000084e00000, 0x0000000084e00000, 0x0000000084f00000|  0%| F|  |TAMS 0x0000000084e00000, 0x0000000084e00000| Untracked 
|  79|0x0000000084f00000, 0x0000000084f00000, 0x0000000085000000|  0%| F|  |TAMS 0x0000000084f00000, 0x0000000084f00000| Untracked 
|  80|0x0000000085000000, 0x0000000085000000, 0x0000000085100000|  0%| F|  |TAMS 0x0000000085000000, 0x0000000085000000| Untracked 
|  81|0x0000000085100000, 0x0000000085100000, 0x0000000085200000|  0%| F|  |TAMS 0x0000000085100000, 0x0000000085100000| Untracked 
|  82|0x0000000085200000, 0x0000000085200000, 0x0000000085300000|  0%| F|  |TAMS 0x0000000085200000, 0x0000000085200000| Untracked 
|  83|0x0000000085300000, 0x0000000085300000, 0x0000000085400000|  0%| F|  |TAMS 0x0000000085300000, 0x0000000085300000| Untracked 
|  84|0x0000000085400000, 0x0000000085400000, 0x0000000085500000|  0%| F|  |TAMS 0x0000000085400000, 0x0000000085400000| Untracked 
|  85|0x0000000085500000, 0x0000000085500000, 0x0000000085600000|  0%| F|  |TAMS 0x0000000085500000, 0x0000000085500000| Untracked 
|  86|0x0000000085600000, 0x0000000085600000, 0x0000000085700000|  0%| F|  |TAMS 0x0000000085600000, 0x0000000085600000| Untracked 
|  87|0x0000000085700000, 0x0000000085700000, 0x0000000085800000|  0%| F|  |TAMS 0x0000000085700000, 0x0000000085700000| Untracked 
|  88|0x0000000085800000, 0x0000000085800000, 0x0000000085900000|  0%| F|  |TAMS 0x0000000085800000, 0x0000000085800000| Untracked 
|  89|0x0000000085900000, 0x0000000085900000, 0x0000000085a00000|  0%| F|  |TAMS 0x0000000085900000, 0x0000000085900000| Untracked 
|  90|0x0000000085a00000, 0x0000000085a00000, 0x0000000085b00000|  0%| F|  |TAMS 0x0000000085a00000, 0x0000000085a00000| Untracked 
|  91|0x0000000085b00000, 0x0000000085b00000, 0x0000000085c00000|  0%| F|  |TAMS 0x0000000085b00000, 0x0000000085b00000| Untracked 
|  92|0x0000000085c00000, 0x0000000085c00000, 0x0000000085d00000|  0%| F|  |TAMS 0x0000000085c00000, 0x0000000085c00000| Untracked 
|  93|0x0000000085d00000, 0x0000000085d00000, 0x0000000085e00000|  0%| F|  |TAMS 0x0000000085d00000, 0x0000000085d00000| Untracked 
|  94|0x0000000085e00000, 0x0000000085e00000, 0x0000000085f00000|  0%| F|  |TAMS 0x0000000085e00000, 0x0000000085e00000| Untracked 
|  95|0x0000000085f00000, 0x0000000085f00000, 0x0000000086000000|  0%| F|  |TAMS 0x0000000085f00000, 0x0000000085f00000| Untracked 
|  96|0x0000000086000000, 0x0000000086000000, 0x0000000086100000|  0%| F|  |TAMS 0x0000000086000000, 0x0000000086000000| Untracked 
|  97|0x0000000086100000, 0x0000000086100000, 0x0000000086200000|  0%| F|  |TAMS 0x0000000086100000, 0x0000000086100000| Untracked 
|  98|0x0000000086200000, 0x0000000086200000, 0x0000000086300000|  0%| F|  |TAMS 0x0000000086200000, 0x0000000086200000| Untracked 
|  99|0x0000000086300000, 0x0000000086300000, 0x0000000086400000|  0%| F|  |TAMS 0x0000000086300000, 0x0000000086300000| Untracked 
| 100|0x0000000086400000, 0x0000000086400000, 0x0000000086500000|  0%| F|  |TAMS 0x0000000086400000, 0x0000000086400000| Untracked 
| 101|0x0000000086500000, 0x0000000086500000, 0x0000000086600000|  0%| F|  |TAMS 0x0000000086500000, 0x0000000086500000| Untracked 
| 102|0x0000000086600000, 0x0000000086600000, 0x0000000086700000|  0%| F|  |TAMS 0x0000000086600000, 0x0000000086600000| Untracked 
| 103|0x0000000086700000, 0x0000000086700000, 0x0000000086800000|  0%| F|  |TAMS 0x0000000086700000, 0x0000000086700000| Untracked 
| 104|0x0000000086800000, 0x0000000086800000, 0x0000000086900000|  0%| F|  |TAMS 0x0000000086800000, 0x0000000086800000| Untracked 
| 105|0x0000000086900000, 0x0000000086900000, 0x0000000086a00000|  0%| F|  |TAMS 0x0000000086900000, 0x0000000086900000| Untracked 
| 106|0x0000000086a00000, 0x0000000086a00000, 0x0000000086b00000|  0%| F|  |TAMS 0x0000000086a00000, 0x0000000086a00000| Untracked 
| 107|0x0000000086b00000, 0x0000000086b00000, 0x0000000086c00000|  0%| F|  |TAMS 0x0000000086b00000, 0x0000000086b00000| Untracked 
| 108|0x0000000086c00000, 0x0000000086c00000, 0x0000000086d00000|  0%| F|  |TAMS 0x0000000086c00000, 0x0000000086c00000| Untracked 
| 109|0x0000000086d00000, 0x0000000086d00000, 0x0000000086e00000|  0%| F|  |TAMS 0x0000000086d00000, 0x0000000086d00000| Untracked 
| 110|0x0000000086e00000, 0x0000000086e43068, 0x0000000086f00000| 26%| E|  |TAMS 0x0000000086e00000, 0x0000000086e00000| Complete 
| 111|0x0000000086f00000, 0x0000000086fa52e8, 0x0000000087000000| 64%| S|CS|TAMS 0x0000000086f00000, 0x0000000086f00000| Complete 
| 112|0x0000000087000000, 0x0000000087100000, 0x0000000087100000|100%| E|CS|TAMS 0x0000000087000000, 0x0000000087000000| Complete 
| 113|0x0000000087100000, 0x0000000087200000, 0x0000000087200000|100%| E|CS|TAMS 0x0000000087100000, 0x0000000087100000| Complete 
| 114|0x0000000087200000, 0x0000000087300000, 0x0000000087300000|100%| E|CS|TAMS 0x0000000087200000, 0x0000000087200000| Complete 
| 115|0x0000000087300000, 0x0000000087400000, 0x0000000087400000|100%| E|CS|TAMS 0x0000000087300000, 0x0000000087300000| Complete 
| 116|0x0000000087400000, 0x0000000087500000, 0x0000000087500000|100%| E|CS|TAMS 0x0000000087400000, 0x0000000087400000| Complete 
| 117|0x0000000087500000, 0x0000000087600000, 0x0000000087600000|100%| E|CS|TAMS 0x0000000087500000, 0x0000000087500000| Complete 
| 118|0x0000000087600000, 0x0000000087700000, 0x0000000087700000|100%| E|CS|TAMS 0x0000000087600000, 0x0000000087600000| Complete 
| 119|0x0000000087700000, 0x0000000087800000, 0x0000000087800000|100%| E|CS|TAMS 0x0000000087700000, 0x0000000087700000| Complete 
| 120|0x0000000087800000, 0x0000000087900000, 0x0000000087900000|100%| E|CS|TAMS 0x0000000087800000, 0x0000000087800000| Complete 
| 121|0x0000000087900000, 0x0000000087a00000, 0x0000000087a00000|100%| E|CS|TAMS 0x0000000087900000, 0x0000000087900000| Complete 
| 122|0x0000000087a00000, 0x0000000087b00000, 0x0000000087b00000|100%| E|CS|TAMS 0x0000000087a00000, 0x0000000087a00000| Complete 
| 123|0x0000000087b00000, 0x0000000087c00000, 0x0000000087c00000|100%| E|CS|TAMS 0x0000000087b00000, 0x0000000087b00000| Complete 
| 124|0x0000000087c00000, 0x0000000087d00000, 0x0000000087d00000|100%| E|CS|TAMS 0x0000000087c00000, 0x0000000087c00000| Complete 
| 125|0x0000000087d00000, 0x0000000087e00000, 0x0000000087e00000|100%| E|CS|TAMS 0x0000000087d00000, 0x0000000087d00000| Complete 

Card table byte_map: [0x000001eb13730000,0x000001eb13b30000] _byte_map_base: 0x000001eb13330000

Marking Bits (Prev, Next): (CMBitMap*) 0x000001eb7e9dadf0, (CMBitMap*) 0x000001eb7e9dadb8
 Prev Bits: [0x000001eb15f30000, 0x000001eb17f30000)
 Next Bits: [0x000001eb13f30000, 0x000001eb15f30000)

Polling page: 0x000001eb00000000

Metaspace:

Usage:
  Non-class:     19.03 MB capacity,    18.64 MB ( 98%) used,   367.04 KB (  2%) free+waste,    38.38 KB ( <1%) overhead. 
      Class:      2.91 MB capacity,     2.71 MB ( 93%) used,   183.38 KB (  6%) free+waste,    19.25 KB ( <1%) overhead. 
       Both:     21.94 MB capacity,    21.35 MB ( 97%) used,   550.41 KB (  2%) free+waste,    57.63 KB ( <1%) overhead. 

Virtual space:
  Non-class space:       20.00 MB reserved,      19.25 MB ( 96%) committed 
      Class space:        1.00 GB reserved,       3.00 MB ( <1%) committed 
             Both:        1.02 GB reserved,      22.25 MB (  2%) committed 

Chunk freelists:
   Non-Class:  30.00 KB
       Class:  0 bytes
        Both:  30.00 KB

MaxMetaspaceSize: 17179869184.00 GB
CompressedClassSpaceSize: 1.00 GB

CodeHeap 'non-profiled nmethods': size=120000Kb used=815Kb max_used=815Kb free=119184Kb
 bounds [0x000001eb0b390000, 0x000001eb0b600000, 0x000001eb128c0000]
CodeHeap 'profiled nmethods': size=120000Kb used=3412Kb max_used=3418Kb free=116587Kb
 bounds [0x000001eb03e60000, 0x000001eb041d0000, 0x000001eb0b390000]
CodeHeap 'non-nmethods': size=5760Kb used=1125Kb max_used=1147Kb free=4634Kb
 bounds [0x000001eb038c0000, 0x000001eb03b30000, 0x000001eb03e60000]
 total_blobs=2148 nmethods=1686 adapters=374
 compilation: enabled
              stopped_count=0, restarted_count=0
 full_count=0

Compilation events (20 events):
Event: 1.339 Thread 0x000001eb1b26b800 1904       3       org.gradle.internal.service.AbstractServiceMethod::<init> (42 bytes)
Event: 1.339 Thread 0x000001eb1b6ba000 nmethod 1897 0x000001eb0b458d90 code [0x000001eb0b458f20, 0x000001eb0b459118]
Event: 1.340 Thread 0x000001eb1b26b800 nmethod 1904 0x000001eb041b8990 code [0x000001eb041b8d00, 0x000001eb041ba828]
Event: 1.340 Thread 0x000001eb1b26b800 1905       3       java.lang.reflect.Method::getGenericParameterTypes (5 bytes)
Event: 1.340 Thread 0x000001eb1b268800 nmethod 1893 0x000001eb0b459290 code [0x000001eb0b4594c0, 0x000001eb0b45ac10]
Event: 1.341 Thread 0x000001eb1b26b800 nmethod 1905 0x000001eb040d8190 code [0x000001eb040d8460, 0x000001eb040d94b8]
Event: 1.341 Thread 0x000001eb1b26b800 1906       3       java.lang.reflect.Method::hasGenericInformation (13 bytes)
Event: 1.341 Thread 0x000001eb1b26b800 nmethod 1906 0x000001eb03f21910 code [0x000001eb03f21ac0, 0x000001eb03f21c38]
Event: 1.341 Thread 0x000001eb1b26b800 1907       3       org.gradle.internal.service.ReflectionBasedServiceMethod::<init> (16 bytes)
Event: 1.341 Thread 0x000001eb1b26b800 nmethod 1907 0x000001eb040a4810 code [0x000001eb040a4a60, 0x000001eb040a52d8]
Event: 1.341 Thread 0x000001eb1b26b800 1908       3       org.gradle.internal.reflect.JavaMethod::of (10 bytes)
Event: 1.341 Thread 0x000001eb1b26b800 nmethod 1908 0x000001eb040b8b90 code [0x000001eb040b8dc0, 0x000001eb040b94e8]
Event: 1.341 Thread 0x000001eb1b26b800 1910       3       sun.reflect.generics.parser.SignatureParser::parsePackageNameAndSimpleClassTypeSignature (119 bytes)
Event: 1.342 Thread 0x000001eb1b26b800 nmethod 1910 0x000001eb041bb010 code [0x000001eb041bb360, 0x000001eb041bc408]
Event: 1.342 Thread 0x000001eb1b26b800 1909       3       sun.reflect.generics.parser.SignatureParser::parseClassTypeSignature (118 bytes)
Event: 1.342 Thread 0x000001eb1b26b800 nmethod 1909 0x000001eb041bca10 code [0x000001eb041bce40, 0x000001eb041be6f8]
Event: 1.345 Thread 0x000001eb1b26b800 1911       3       sun.reflect.generics.parser.SignatureParser::parseFieldTypeSignature (6 bytes)
Event: 1.345 Thread 0x000001eb1b26b800 nmethod 1911 0x000001eb03efea90 code [0x000001eb03efec40, 0x000001eb03efed68]
Event: 1.345 Thread 0x000001eb1b26b800 1912       3       sun.reflect.generics.parser.SignatureParser::parseFieldTypeSignature (73 bytes)
Event: 1.345 Thread 0x000001eb1b26b800 nmethod 1912 0x000001eb04067210 code [0x000001eb04067460, 0x000001eb04067918]

GC Heap History (6 events):
Event: 0.467 GC heap before
{Heap before GC invocations=0 (full 0):
 garbage-first heap   total 129024K, used 29696K [0x0000000080000000, 0x0000000100000000)
  region size 1024K, 24 young (24576K), 0 survivors (0K)
 Metaspace       used 10372K, capacity 10663K, committed 10880K, reserved 1058816K
  class space    used 1082K, capacity 1129K, committed 1152K, reserved 1048576K
}
Event: 0.470 GC heap after
{Heap after GC invocations=1 (full 0):
 garbage-first heap   total 129024K, used 9005K [0x0000000080000000, 0x0000000100000000)
  region size 1024K, 3 young (3072K), 3 survivors (3072K)
 Metaspace       used 10372K, capacity 10663K, committed 10880K, reserved 1058816K
  class space    used 1082K, capacity 1129K, committed 1152K, reserved 1048576K
}
Event: 1.169 GC heap before
{Heap before GC invocations=1 (full 0):
 garbage-first heap   total 129024K, used 81709K [0x0000000080000000, 0x0000000100000000)
  region size 1024K, 75 young (76800K), 3 survivors (3072K)
 Metaspace       used 18826K, capacity 19269K, committed 19328K, reserved 1067008K
  class space    used 2268K, capacity 2394K, committed 2432K, reserved 1048576K
}
Event: 1.174 GC heap after
{Heap after GC invocations=2 (full 0):
 garbage-first heap   total 129024K, used 16020K [0x0000000080000000, 0x0000000100000000)
  region size 1024K, 10 young (10240K), 10 survivors (10240K)
 Metaspace       used 18826K, capacity 19269K, committed 19328K, reserved 1067008K
  class space    used 2268K, capacity 2394K, committed 2432K, reserved 1048576K
}
Event: 1.266 GC heap before
{Heap before GC invocations=2 (full 0):
 garbage-first heap   total 129024K, used 29332K [0x0000000080000000, 0x0000000100000000)
  region size 1024K, 24 young (24576K), 10 survivors (10240K)
 Metaspace       used 20583K, capacity 21103K, committed 21248K, reserved 1067008K
  class space    used 2526K, capacity 2712K, committed 2816K, reserved 1048576K
}
Event: 1.271 GC heap after
{Heap after GC invocations=3 (full 0):
 garbage-first heap   total 129024K, used 16145K [0x0000000080000000, 0x0000000100000000)
  region size 1024K, 1 young (1024K), 1 survivors (1024K)
 Metaspace       used 20583K, capacity 21103K, committed 21248K, reserved 1067008K
  class space    used 2526K, capacity 2712K, committed 2816K, reserved 1048576K
}

Deoptimization events (20 events):
Event: 1.238 Thread 0x000001eb1cb61000 Uncommon trap: trap_request=0xffffffc6 fr.pc=0x000001eb0b3f9a74 relative=0x0000000000000134
Event: 1.238 Thread 0x000001eb1cb61000 Uncommon trap: reason=bimorphic_or_optimized_type_check action=maybe_recompile pc=0x000001eb0b3f9a74 method=java.util.AbstractList$Itr.next()Ljava/lang/Object; @ 14 c2
Event: 1.238 Thread 0x000001eb1cb61000 DEOPT PACKING pc=0x000001eb0b3f9a74 sp=0x0000006d2b7fac30
Event: 1.238 Thread 0x000001eb1cb61000 DEOPT UNPACKING pc=0x000001eb038e74af sp=0x0000006d2b7fabc8 mode 2
Event: 1.238 Thread 0x000001eb1cb61000 Uncommon trap: trap_request=0xffffff4d fr.pc=0x000001eb0b3f8170 relative=0x00000000000005b0
Event: 1.238 Thread 0x000001eb1cb61000 Uncommon trap: reason=unstable_if action=reinterpret pc=0x000001eb0b3f8170 method=java.io.File.getName()Ljava/lang/String; @ 16 c2
Event: 1.238 Thread 0x000001eb1cb61000 DEOPT PACKING pc=0x000001eb0b3f8170 sp=0x0000006d2b7fb5e0
Event: 1.238 Thread 0x000001eb1cb61000 DEOPT UNPACKING pc=0x000001eb038e74af sp=0x0000006d2b7fb5b0 mode 2
Event: 1.238 Thread 0x000001eb1cb61000 Uncommon trap: trap_request=0xffffff4d fr.pc=0x000001eb0b3ed488 relative=0x0000000000000448
Event: 1.238 Thread 0x000001eb1cb61000 Uncommon trap: reason=unstable_if action=reinterpret pc=0x000001eb0b3ed488 method=java.lang.String.substring(I)Ljava/lang/String; @ 34 c2
Event: 1.238 Thread 0x000001eb1cb61000 DEOPT PACKING pc=0x000001eb0b3ed488 sp=0x0000006d2b7fb560
Event: 1.238 Thread 0x000001eb1cb61000 DEOPT UNPACKING pc=0x000001eb038e74af sp=0x0000006d2b7fb538 mode 2
Event: 1.283 Thread 0x000001eb1cb61000 Uncommon trap: trap_request=0xffffff4d fr.pc=0x000001eb0b3d42d8 relative=0x0000000000000398
Event: 1.283 Thread 0x000001eb1cb61000 Uncommon trap: reason=unstable_if action=reinterpret pc=0x000001eb0b3d42d8 method=jdk.internal.org.objectweb.asm.Type.getArgumentsAndReturnSizes(Ljava/lang/String;)I @ 88 c2
Event: 1.284 Thread 0x000001eb1cb61000 DEOPT PACKING pc=0x000001eb0b3d42d8 sp=0x0000006d2b7fa450
Event: 1.284 Thread 0x000001eb1cb61000 DEOPT UNPACKING pc=0x000001eb038e74af sp=0x0000006d2b7fa3d8 mode 2
Event: 1.290 Thread 0x000001eb1cb61000 Uncommon trap: trap_request=0xffffff4d fr.pc=0x000001eb0b3fc0a8 relative=0x0000000000000b08
Event: 1.290 Thread 0x000001eb1cb61000 Uncommon trap: reason=unstable_if action=reinterpret pc=0x000001eb0b3fc0a8 method=java.util.Properties$LineReader.readLine()I @ 249 c2
Event: 1.290 Thread 0x000001eb1cb61000 DEOPT PACKING pc=0x000001eb0b3fc0a8 sp=0x0000006d2b7fbde0
Event: 1.290 Thread 0x000001eb1cb61000 DEOPT UNPACKING pc=0x000001eb038e74af sp=0x0000006d2b7fbd70 mode 2

Classes redefined (0 events):
No events

Internal exceptions (20 events):
Event: 0.871 Thread 0x000001eb7e99a000 Exception <a 'java/lang/NoSuchMethodError'{0x00000000849bf780}: 'java.lang.Object java.lang.invoke.Invokers$Holder.invoker(java.lang.Object, java.lang.Object, java.lang.Object, java.lang.Object, java.lang.Object)'> (0x00000000849bf780) thrown at [./src/hotspot/share/interpreter/linkResolver.cpp, line 773]
Event: 0.873 Thread 0x000001eb7e99a000 Exception <a 'java/lang/NoSuchMethodError'{0x00000000849d03f8}: 'void java.lang.invoke.DelegatingMethodHandle$Holder.delegate(java.lang.Object, java.lang.Object, int, java.lang.Object)'> (0x00000000849d03f8) thrown at [./src/hotspot/share/interpreter/linkResolver.cpp, line 773]
Event: 0.885 Thread 0x000001eb7e99a000 Exception <a 'java/lang/NoSuchMethodError'{0x000000008488d2a8}: 'java.lang.Object java.lang.invoke.DirectMethodHandle$Holder.invokeStaticInit(java.lang.Object, int, int, int, int)'> (0x000000008488d2a8) thrown at [./src/hotspot/share/interpreter/linkResolver.cpp, line 773]
Event: 0.919 Thread 0x000001eb7e99a000 Exception <a 'java/lang/NoSuchMethodError'{0x000000008470c330}: 'java.lang.Object java.lang.invoke.DirectMethodHandle$Holder.invokeStaticInit(java.lang.Object, java.lang.Object, int, int, int, int)'> (0x000000008470c330) thrown at [./src/hotspot/share/interpreter/linkResolver.cpp, line 773]
Event: 0.993 Thread 0x000001eb7e99a000 Exception <a 'java/io/IOException'{0x00000000846b1b18}> (0x00000000846b1b18) thrown at [./src/hotspot/share/prims/jni.cpp, line 615]
Event: 1.024 Thread 0x000001eb1bf7e800 Exception <a 'java/lang/NoSuchMethodError'{0x0000000084320418}: <clinit>> (0x0000000084320418) thrown at [./src/hotspot/share/prims/jni.cpp, line 1362]
Event: 1.024 Thread 0x000001eb1bf7e800 Exception <a 'java/lang/NoSuchMethodError'{0x0000000084328cb0}: <clinit>> (0x0000000084328cb0) thrown at [./src/hotspot/share/prims/jni.cpp, line 1362]
Event: 1.027 Thread 0x000001eb1bf7e800 Exception <a 'java/lang/NoSuchMethodError'{0x000000008433bed8}: <clinit>> (0x000000008433bed8) thrown at [./src/hotspot/share/prims/jni.cpp, line 1362]
Event: 1.032 Thread 0x000001eb1bf7e800 Exception <a 'java/lang/NoSuchMethodError'{0x000000008438a288}: <clinit>> (0x000000008438a288) thrown at [./src/hotspot/share/prims/jni.cpp, line 1362]
Event: 1.036 Thread 0x000001eb1bf7e800 Exception <a 'java/lang/NoSuchMethodError'{0x00000000843c5760}: <clinit>> (0x00000000843c5760) thrown at [./src/hotspot/share/prims/jni.cpp, line 1362]
Event: 1.039 Thread 0x000001eb1bf7e800 Exception <a 'java/lang/NoSuchMethodError'{0x00000000843f81f8}: <clinit>> (0x00000000843f81f8) thrown at [./src/hotspot/share/prims/jni.cpp, line 1362]
Event: 1.077 Thread 0x000001eb1cb61000 Exception <a 'java/lang/NoSuchMethodError'{0x0000000083f9ced0}: 'void java.lang.invoke.DelegatingMethodHandle$Holder.reinvoke_L(java.lang.Object, java.lang.Object, java.lang.Object, java.lang.Object)'> (0x0000000083f9ced0) thrown at [./src/hotspot/share/interpreter/linkResolver.cpp, line 773]
Event: 1.080 Thread 0x000001eb1cb61000 Exception <a 'java/lang/NoSuchMethodError'{0x0000000083fd3eb8}: 'long java.lang.invoke.DirectMethodHandle$Holder.invokeInterface(java.lang.Object, java.lang.Object)'> (0x0000000083fd3eb8) thrown at [./src/hotspot/share/interpreter/linkResolver.cpp, line 773]
Event: 1.082 Thread 0x000001eb1cb61000 Exception <a 'java/lang/NoSuchMethodError'{0x0000000083ff5900}: 'void java.lang.invoke.DelegatingMethodHandle$Holder.reinvoke_L(java.lang.Object, java.lang.Object, java.lang.Object, java.lang.Object, java.lang.Object, java.lang.Object, java.lang.Object)'> (0x0000000083ff5900) thrown at [./src/hotspot/share/interpreter/linkResolver.cpp, line 773]
Event: 1.185 Thread 0x000001eb1cb61000 Exception <a 'java/lang/NoSuchMethodError'{0x0000000087b870d8}: 'java.lang.Object java.lang.invoke.DirectMethodHandle$Holder.invokeVirtual(java.lang.Object, java.lang.Object, java.lang.Object)'> (0x0000000087b870d8) thrown at [./src/hotspot/share/interpreter/linkResolver.cpp, line 773]
Event: 1.203 Thread 0x000001eb1cb61000 Exception <a 'java/lang/NoSuchMethodError'{0x000000008774e238}: 'void java.lang.invoke.DirectMethodHandle$Holder.invokeStaticInit(java.lang.Object)'> (0x000000008774e238) thrown at [./src/hotspot/share/interpreter/linkResolver.cpp, line 773]
Event: 1.260 Thread 0x000001eb1cb61000 Exception <a 'java/lang/NoSuchMethodError'{0x00000000871dc580}: 'int java.lang.invoke.DirectMethodHandle$Holder.invokeSpecialIFC(java.lang.Object, java.lang.Object, java.lang.Object, java.lang.Object)'> (0x00000000871dc580) thrown at [./src/hotspot/share/interpreter/linkResolver.cpp, line 773]
Event: 1.261 Thread 0x000001eb1cb61000 Exception <a 'java/lang/NoSuchMethodError'{0x00000000871ea340}: 'java.lang.Object java.lang.invoke.DirectMethodHandle$Holder.invokeInterface(java.lang.Object, java.lang.Object, java.lang.Object)'> (0x00000000871ea340) thrown at [./src/hotspot/share/interpreter/linkResolver.cpp, line 773]
Event: 1.261 Thread 0x000001eb1cb61000 Exception <a 'java/lang/IncompatibleClassChangeError'{0x00000000871ed818}: Found class java.lang.Object, but interface was expected> (0x00000000871ed818) thrown at [./src/hotspot/share/interpreter/linkResolver.cpp, line 839]
Event: 1.301 Thread 0x000001eb1cb61000 Exception <a 'java/lang/NoSuchMethodError'{0x0000000087afe658}: 'void java.lang.invoke.DirectMethodHandle$Holder.invokeSpecial(java.lang.Object, java.lang.Object)'> (0x0000000087afe658) thrown at [./src/hotspot/share/interpreter/linkResolver.cpp, line 773]

Events (20 events):
Event: 1.343 loading class org/gradle/language/jvm/internal/JvmPluginServiceRegistry$ComponentRegistrationAction
Event: 1.343 loading class org/gradle/language/jvm/internal/JvmPluginServiceRegistry$ComponentRegistrationAction done
Event: 1.343 loading class org/gradle/jvm/JvmLibrary
Event: 1.343 loading class org/gradle/jvm/JvmLibrary done
Event: 1.344 loading class org/gradle/platform/base/Library
Event: 1.344 loading class org/gradle/platform/base/Library done
Event: 1.344 loading class org/gradle/language/base/artifact/SourcesArtifact
Event: 1.344 loading class org/gradle/language/base/artifact/SourcesArtifact done
Event: 1.344 loading class org/gradle/jvm/toolchain/internal/DefaultJavaInstallationRegistry
Event: 1.344 loading class org/gradle/jvm/toolchain/internal/DefaultJavaInstallationRegistry done
Event: 1.344 loading class org/gradle/jvm/toolchain/JavaInstallationRegistry
Event: 1.344 loading class org/gradle/jvm/toolchain/JavaInstallationRegistry done
Event: 1.344 loading class org/gradle/jvm/internal/services/PlatformJvmServices$BuildScopeServices
Event: 1.344 loading class org/gradle/jvm/internal/services/PlatformJvmServices$BuildScopeServices done
Event: 1.344 loading class org/gradle/jvm/internal/services/PlatformJvmServices$LocalLibraryDependencyResolverFactory
Event: 1.344 loading class org/gradle/jvm/internal/services/PlatformJvmServices$LocalLibraryDependencyResolverFactory done
Event: 1.345 loading class org/gradle/jvm/toolchain/install/internal/JdkCacheDirectory
Event: 1.345 loading class org/gradle/jvm/toolchain/install/internal/JdkCacheDirectory done
Event: 1.345 loading class org/gradle/jvm/toolchain/internal/SharedJavaInstallationRegistry
Event: 1.345 loading class org/gradle/jvm/toolchain/internal/SharedJavaInstallationRegistry done


Dynamic libraries:
0x00007ff7b33b0000 - 0x00007ff7b33ba000 	C:\Program Files\Android\Android Studio\jre\bin\java.exe
0x00007ffa81410000 - 0x00007ffa81605000 	C:\WINDOWS\SYSTEM32\ntdll.dll
0x00007ffa80890000 - 0x00007ffa8094d000 	C:\WINDOWS\System32\KERNEL32.DLL
0x00007ffa7ede0000 - 0x00007ffa7f0a8000 	C:\WINDOWS\System32\KERNELBASE.dll
0x00007ffa7eb50000 - 0x00007ffa7ec50000 	C:\WINDOWS\System32\ucrtbase.dll
0x00007ffa629b0000 - 0x00007ffa629c9000 	C:\Program Files\Android\Android Studio\jre\bin\jli.dll
0x00007ffa62990000 - 0x00007ffa629a7000 	C:\Program Files\Android\Android Studio\jre\bin\VCRUNTIME140.dll
0x00007ffa801e0000 - 0x00007ffa80380000 	C:\WINDOWS\System32\USER32.dll
0x00007ffa7f390000 - 0x00007ffa7f3b2000 	C:\WINDOWS\System32\win32u.dll
0x00007ffa5ce70000 - 0x00007ffa5d10a000 	C:\WINDOWS\WinSxS\amd64_microsoft.windows.common-controls_6595b64144ccf1df_6.0.19041.844_none_ca00b6081b84eb1d\COMCTL32.dll
0x00007ffa7f640000 - 0x00007ffa7f66a000 	C:\WINDOWS\System32\GDI32.dll
0x00007ffa807f0000 - 0x00007ffa8088e000 	C:\WINDOWS\System32\msvcrt.dll
0x00007ffa7ec50000 - 0x00007ffa7ed5b000 	C:\WINDOWS\System32\gdi32full.dll
0x00007ffa7f2f0000 - 0x00007ffa7f38d000 	C:\WINDOWS\System32\msvcp_win.dll
0x00007ffa7ff10000 - 0x00007ffa7ff40000 	C:\WINDOWS\System32\IMM32.DLL
0x00007ffa61bb0000 - 0x00007ffa61c4d000 	C:\Program Files\Android\Android Studio\jre\bin\msvcp140.dll
0x00007ffa2d910000 - 0x00007ffa2e3cc000 	C:\Program Files\Android\Android Studio\jre\bin\server\jvm.dll
0x00007ffa7f590000 - 0x00007ffa7f63c000 	C:\WINDOWS\System32\ADVAPI32.dll
0x00007ffa81320000 - 0x00007ffa813bb000 	C:\WINDOWS\System32\sechost.dll
0x00007ffa811d0000 - 0x00007ffa812fb000 	C:\WINDOWS\System32\RPCRT4.dll
0x00007ffa7f670000 - 0x00007ffa7f678000 	C:\WINDOWS\System32\PSAPI.DLL
0x00007ffa59b40000 - 0x00007ffa59b67000 	C:\WINDOWS\SYSTEM32\WINMM.dll
0x00007ffa7a780000 - 0x00007ffa7a789000 	C:\WINDOWS\SYSTEM32\WSOCK32.dll
0x00007ffa78810000 - 0x00007ffa7881a000 	C:\WINDOWS\SYSTEM32\VERSION.dll
0x00007ffa80170000 - 0x00007ffa801db000 	C:\WINDOWS\System32\WS2_32.dll
0x00007ffa7c9e0000 - 0x00007ffa7c9f2000 	C:\WINDOWS\SYSTEM32\kernel.appcore.dll
0x00007ffa6a930000 - 0x00007ffa6a941000 	C:\Program Files\Android\Android Studio\jre\bin\verify.dll
0x00007ffa68eb0000 - 0x00007ffa69094000 	C:\WINDOWS\SYSTEM32\DBGHELP.DLL
0x00007ffa68de0000 - 0x00007ffa68e0c000 	C:\WINDOWS\SYSTEM32\dbgcore.DLL
0x00007ffa7ed60000 - 0x00007ffa7ede0000 	C:\WINDOWS\System32\bcryptPrimitives.dll
0x00007ffa62380000 - 0x00007ffa623a9000 	C:\Program Files\Android\Android Studio\jre\bin\java.dll
0x00007ffa6ab50000 - 0x00007ffa6ab5b000 	C:\Program Files\Android\Android Studio\jre\bin\jimage.dll
0x00007ffa61b70000 - 0x00007ffa61b88000 	C:\Program Files\Android\Android Studio\jre\bin\zip.dll
0x00007ffa7f680000 - 0x00007ffa7fdc2000 	C:\WINDOWS\System32\SHELL32.dll
0x00007ffa7ccc0000 - 0x00007ffa7d450000 	C:\WINDOWS\SYSTEM32\windows.storage.dll
0x00007ffa80e10000 - 0x00007ffa81165000 	C:\WINDOWS\System32\combase.dll
0x00007ffa7e550000 - 0x00007ffa7e57c000 	C:\WINDOWS\SYSTEM32\Wldp.dll
0x00007ffa80020000 - 0x00007ffa800ce000 	C:\WINDOWS\System32\SHCORE.dll
0x00007ffa80ce0000 - 0x00007ffa80d35000 	C:\WINDOWS\System32\shlwapi.dll
0x00007ffa7ea90000 - 0x00007ffa7eaaf000 	C:\WINDOWS\SYSTEM32\profapi.dll
0x00007ffa605f0000 - 0x00007ffa6060a000 	C:\Program Files\Android\Android Studio\jre\bin\net.dll
0x00007ffa77e40000 - 0x00007ffa77f4b000 	C:\WINDOWS\SYSTEM32\WINHTTP.dll
0x00007ffa7e260000 - 0x00007ffa7e2ca000 	C:\WINDOWS\system32\mswsock.dll
0x00007ffa605d0000 - 0x00007ffa605e4000 	C:\Program Files\Android\Android Studio\jre\bin\nio.dll
0x00007ffa54af0000 - 0x00007ffa54b17000 	C:\Users\Administrator\.gradle\native\fdc75f09e3144964f2cf3f50f0aa648679c211496f362492102eb8c894070792\windows-amd64\native-platform.dll
0x00007ffa31f10000 - 0x00007ffa320a6000 	C:\Users\Administrator\.gradle\native\12488b8bf47d2d4c9fbf2f6322a914ad602e24e48041cd04a747c6da556b65c4\windows-amd64\native-platform-file-events.dll
0x00007ffa69bd0000 - 0x00007ffa69bda000 	C:\Program Files\Android\Android Studio\jre\bin\management.dll
0x00007ffa69900000 - 0x00007ffa6990c000 	C:\Program Files\Android\Android Studio\jre\bin\management_ext.dll
0x00007ffa7e440000 - 0x00007ffa7e458000 	C:\WINDOWS\SYSTEM32\CRYPTSP.dll
0x00007ffa7dc00000 - 0x00007ffa7dc34000 	C:\WINDOWS\system32\rsaenh.dll
0x00007ffa7f110000 - 0x00007ffa7f137000 	C:\WINDOWS\System32\bcrypt.dll
0x00007ffa7ea50000 - 0x00007ffa7ea7e000 	C:\WINDOWS\SYSTEM32\USERENV.dll
0x00007ffa7e430000 - 0x00007ffa7e43c000 	C:\WINDOWS\SYSTEM32\CRYPTBASE.dll
0x00007ffa7df50000 - 0x00007ffa7df8b000 	C:\WINDOWS\SYSTEM32\IPHLPAPI.DLL
0x00007ffa813c0000 - 0x00007ffa813c8000 	C:\WINDOWS\System32\NSI.dll
0x00007ffa78ca0000 - 0x00007ffa78cb7000 	C:\WINDOWS\SYSTEM32\dhcpcsvc6.DLL
0x00007ffa78c80000 - 0x00007ffa78c9d000 	C:\WINDOWS\SYSTEM32\dhcpcsvc.DLL
0x00007ffa7df90000 - 0x00007ffa7e05c000 	C:\WINDOWS\SYSTEM32\DNSAPI.dll
0x00007ffa78e40000 - 0x00007ffa78e4b000 	C:\WINDOWS\SYSTEM32\WINNSI.DLL

dbghelp: loaded successfully - version: 4.0.5 - missing functions: none
symbol engine: initialized successfully - sym options: 0x614 - pdb path: .;C:\Program Files\Android\Android Studio\jre\bin;C:\WINDOWS\SYSTEM32;C:\WINDOWS\WinSxS\amd64_microsoft.windows.common-controls_6595b64144ccf1df_6.0.19041.844_none_ca00b6081b84eb1d;C:\Program Files\Android\Android Studio\jre\bin\server;C:\Users\Administrator\.gradle\native\fdc75f09e3144964f2cf3f50f0aa648679c211496f362492102eb8c894070792\windows-amd64;C:\Users\Administrator\.gradle\native\12488b8bf47d2d4c9fbf2f6322a914ad602e24e48041cd04a747c6da556b65c4\windows-amd64

VM Arguments:
jvm_args: --add-opens=java.base/java.util=ALL-UNNAMED --add-opens=java.base/java.lang=ALL-UNNAMED --add-opens=java.base/java.lang.invoke=ALL-UNNAMED --add-opens=java.prefs/java.util.prefs=ALL-UNNAMED -Xmx2048m -Dfile.encoding=UTF-8 -Duser.country=CN -Duser.language=zh -Duser.variant 
java_command: org.gradle.launcher.daemon.bootstrap.GradleDaemon 6.7.1
java_class_path (initial): C:\Users\Administrator\.gradle\wrapper\dists\gradle-6.7.1-bin\bwlcbys1h7rz3272sye1xwiv6\gradle-6.7.1\lib\gradle-launcher-6.7.1.jar
Launcher Type: SUN_STANDARD

[Global flags]
     intx CICompilerCount                          = 4                                         {product} {ergonomic}
     uint ConcGCThreads                            = 2                                         {product} {ergonomic}
     uint G1ConcRefinementThreads                  = 8                                         {product} {ergonomic}
   size_t G1HeapRegionSize                         = 1048576                                   {product} {ergonomic}
    uintx GCDrainStackTargetSize                   = 64                                        {product} {ergonomic}
   size_t InitialHeapSize                          = 132120576                                 {product} {ergonomic}
   size_t MarkStackSize                            = 4194304                                   {product} {ergonomic}
   size_t MaxHeapSize                              = 2147483648                                {product} {command line}
   size_t MaxNewSize                               = 1287651328                                {product} {ergonomic}
   size_t MinHeapDeltaBytes                        = 1048576                                   {product} {ergonomic}
    uintx NonNMethodCodeHeapSize                   = 5836300                                {pd product} {ergonomic}
    uintx NonProfiledCodeHeapSize                  = 122910970                              {pd product} {ergonomic}
    uintx ProfiledCodeHeapSize                     = 122910970                              {pd product} {ergonomic}
    uintx ReservedCodeCacheSize                    = 251658240                              {pd product} {ergonomic}
     bool SegmentedCodeCache                       = true                                      {product} {ergonomic}
     bool UseCompressedClassPointers               = true                                 {lp64_product} {ergonomic}
     bool UseCompressedOops                        = true                                 {lp64_product} {ergonomic}
     bool UseG1GC                                  = true                                      {product} {ergonomic}
     bool UseLargePagesIndividualAllocation        = false                                  {pd product} {ergonomic}

Logging:
Log output configuration:
 #0: stdout all=warning uptime,level,tags
 #1: stderr all=off uptime,level,tags

Environment Variables:
PATH=C:\Program Files\NVIDIA GPU Computing Toolkit\CUDA\v10.0\bin;C:\Program Files\NVIDIA GPU Computing Toolkit\CUDA\v10.0\libnvvp;C:\Windows\system32;C:\Windows;C:\Windows\System32\Wbem;C:\Windows\System32\WindowsPowerShell\v1.0\;C:\Windows\System32\OpenSSH\;C:\Program Files (x86)\NVIDIA Corporation\PhysX\Common;C:\Program Files\NVIDIA Corporation\NVIDIA NvDLISR;C:\Program Files\Microsoft SQL Server\130\Tools\Binn\;C:\Program Files\dotnet\;C:\WINDOWS\system32;C:\WINDOWS;C:\WINDOWS\System32\Wbem;C:\WINDOWS\System32\WindowsPowerShell\v1.0\;C:\WINDOWS\System32\OpenSSH\;C:\WINDOWS\system32;C:\WINDOWS;C:\WINDOWS\System32\Wbem;C:\WINDOWS\System32\WindowsPowerShell\v1.0\;C:\WINDOWS\System32\OpenSSH\;C:\Users\Administrator\AppData\Local\Microsoft\WindowsApps;
USERNAME=Administrator
OS=Windows_NT
PROCESSOR_IDENTIFIER=Intel64 Family 6 Model 158 Stepping 13, GenuineIntel



---------------  S Y S T E M  ---------------

OS: Windows 10 , 64 bit Build 19041 (10.0.19041.928)
OS uptime: 1 days 19:55 hours

CPU:total 8 (initial active 8) (8 cores per cpu, 1 threads per core) family 6 model 158 stepping 13, cmov, cx8, fxsr, mmx, sse, sse2, sse3, ssse3, sse4.1, sse4.2, popcnt, avx, avx2, aes, clmul, erms, 3dnowpref, lzcnt, tsc, tscinvbit, bmi1, bmi2, adx, fma

Memory: 4k page, system-wide physical 8035M (784M free)
TotalPageFile size 12131M (AvailPageFile size 5M)
current process WorkingSet (physical memory assigned to process): 196M, peak: 196M
current process commit charge ("private bytes"): 264M, peak: 264M

vm_info: OpenJDK 64-Bit Server VM (11.0.8+10-b944.6842174) for windows-amd64 JRE (11.0.8+10-b944.6842174), built on Sep 19 2020 01:11:42 by "builder" with MS VC++ 14.0 (VS2015)

END.
