#
# There is insufficient memory for the Java Runtime Environment to continue.
# Native memory allocation (malloc) failed to allocate 2062256 bytes for Chunk::new
# Possible reasons:
#   The system is out of physical RAM or swap space
#   The process is running with CompressedOops enabled, and the Java Heap may be blocking the growth of the native heap
# Possible solutions:
#   Reduce memory load on the system
#   Increase physical memory or swap space
#   Check if swap backing store is full
#   Decrease Java heap size (-Xmx/-Xms)
#   Decrease number of Java threads
#   Decrease Java thread stack sizes (-Xss)
#   Set larger code cache with -XX:ReservedCodeCacheSize=
#   JVM is running with Unscaled Compressed Oops mode in which the Java heap is
#     placed in the first 4GB address space. The Java Heap base address is the
#     maximum limit for the native heap growth. Please use -XX:HeapBaseMinAddress
#     to set the Java Heap base and to place the Java Heap above 4GB virtual address.
# This output file may be truncated or incomplete.
#
#  Out of Memory Error (./src/hotspot/share/memory/arena.cpp:197), pid=2160, tid=14912
#
# JRE version: OpenJDK Runtime Environment (11.0.8+10) (build 11.0.8+10-b944.6842174)
# Java VM: OpenJDK 64-Bit Server VM (11.0.8+10-b944.6842174, mixed mode, tiered, compressed oops, g1 gc, windows-amd64)
# No core dump will be written. Minidumps are not enabled by default on client versions of Windows
#

---------------  S U M M A R Y ------------

Command Line: --add-opens=java.base/java.util=ALL-UNNAMED --add-opens=java.base/java.lang=ALL-UNNAMED --add-opens=java.base/java.lang.invoke=ALL-UNNAMED --add-opens=java.prefs/java.util.prefs=ALL-UNNAMED -Xmx2048m -Dfile.encoding=UTF-8 -Duser.country=CN -Duser.language=zh -Duser.variant org.gradle.launcher.daemon.bootstrap.GradleDaemon 6.7.1

Host: Intel(R) Core(TM) i7-9700K CPU @ 3.60GHz, 8 cores, 7G,  Windows 10 , 64 bit Build 19041 (10.0.19041.928)
Time: Mon May 31 10:26:16 2021 中国标准时间 elapsed time: 2382 seconds (0d 0h 39m 42s)

---------------  T H R E A D  ---------------

Current thread (0x00000297686dc000):  JavaThread "C2 CompilerThread0" daemon [_thread_in_native, id=14912, stack(0x000000c01e200000,0x000000c01e300000)]


Current CompileTask:
C2:2382280 20123       4       org.gradle.internal.fingerprint.classpath.impl.ClasspathFingerprintingStrategy$ClasspathContentFingerprintingVisitor::visitFile (69 bytes)

Stack: [0x000000c01e200000,0x000000c01e300000]
Native frames: (J=compiled Java code, j=interpreted, Vv=VM code, C=native code)
V  [jvm.dll+0x5de50a]
V  [jvm.dll+0x7122f5]
V  [jvm.dll+0x71384d]
V  [jvm.dll+0x713f03]
V  [jvm.dll+0x23e728]
V  [jvm.dll+0xb899c]
V  [jvm.dll+0xb8e9c]
V  [jvm.dll+0x35020b]
V  [jvm.dll+0x31dea3]
V  [jvm.dll+0x31d39a]
V  [jvm.dll+0x1f7702]
V  [jvm.dll+0x1f68d4]
V  [jvm.dll+0x17f32c]
V  [jvm.dll+0x205047]
V  [jvm.dll+0x203891]
V  [jvm.dll+0x6dad3f]
V  [jvm.dll+0x6d3895]
V  [jvm.dll+0x5dd4a6]
C  [ucrtbase.dll+0x21bb2]
C  [KERNEL32.DLL+0x17034]
C  [ntdll.dll+0x52651]


---------------  P R O C E S S  ---------------

Threads class SMR info:
_java_thread_list=0x00000297712a2d90, length=176, elements={
0x000002974d2e9000, 0x0000029767dea800, 0x0000029767df4000, 0x00000297686d9000,
0x00000297686db000, 0x00000297686dc000, 0x00000297686df800, 0x00000297686e0800,
0x0000029768858000, 0x0000029768858800, 0x000002976ac40800, 0x000002976a850000,
0x00000297698d2000, 0x000002976a705000, 0x000002976a706000, 0x000002976a706800,
0x000002976c9b6000, 0x000002976c9b8800, 0x0000029771682000, 0x000002976c947800,
0x000002976c942000, 0x000002976c944800, 0x000002976c942800, 0x000002976c945000,
0x000002976c948800, 0x000002976c949000, 0x000002976c943800, 0x000002976c94a000,
0x000002976c94b000, 0x000002976c94b800, 0x000002976c946000, 0x000002976c94d800,
0x000002976c94e000, 0x000002976c94f000, 0x000002976c94f800, 0x0000029768f32000,
0x0000029768f31000, 0x0000029768f2f800, 0x0000029768f33000, 0x0000029768f30800,
0x0000029768f2d000, 0x0000029768f33800, 0x0000029768f2e000, 0x0000029768f34800,
0x0000029768f2e800, 0x0000029768f3a000, 0x0000029768f35000, 0x0000029768f3b000,
0x0000029768f37800, 0x0000029768f39800, 0x0000029768f36000, 0x0000029768f3c000,
0x0000029768f37000, 0x000002977167e800, 0x0000029771681000, 0x0000029771680000,
0x000002977167f800, 0x000002977167d800, 0x0000029771682800, 0x000002977167d000,
0x0000029771689000, 0x0000029771686000, 0x0000029771687800, 0x0000029771683800,
0x0000029771688800, 0x000002977168a000, 0x0000029771685000, 0x0000029771686800,
0x0000029771684000, 0x000002977168a800, 0x000002976a704800, 0x000002976a701000,
0x000002976a707800, 0x000002976a702000, 0x000002976a702800, 0x000002976a703800,
0x000002976c9b6800, 0x000002976c9bb800, 0x000002976c9b7800, 0x000002976c9bb000,
0x000002976c9bc800, 0x000002976c9b9000, 0x0000029768d64800, 0x0000029768d68800,
0x0000029768d69800, 0x0000029768d66000, 0x0000029768d65800, 0x0000029768d67800,
0x0000029768d63800, 0x0000029768d67000, 0x0000029768d6a000, 0x0000029768d6b000,
0x0000029768d6c800, 0x0000029768d71800, 0x0000029768d6c000, 0x0000029768d6d800,
0x0000029768d72800, 0x0000029768d70800, 0x0000029768d70000, 0x0000029768d6e000,
0x0000029768d6f000, 0x00000297728a4800, 0x00000297728a2000, 0x00000297728a5800,
0x00000297728a3000, 0x00000297728a7800, 0x00000297728a6000, 0x00000297728a8800,
0x00000297728a9800, 0x00000297728a3800, 0x00000297728aa000, 0x00000297728a7000,
0x00000297728ad800, 0x00000297728ae000, 0x00000297728af000, 0x00000297728ab000,
0x00000297728b0800, 0x00000297728ac000, 0x00000297728b0000, 0x00000297728ac800,
0x00000297713bb800, 0x00000297713bc000, 0x00000297713b9800, 0x00000297713b7800,
0x00000297713b9000, 0x00000297713b8000, 0x00000297713ba800, 0x00000297713b6800,
0x00000297713bd000, 0x000002976fbb9800, 0x000002976fbba000, 0x000002976fbbf000,
0x000002976fbbb800, 0x000002976fbbc800, 0x000002976fbbd800, 0x000002976fbbe000,
0x000002976fbbb000, 0x000002976fbc0000, 0x0000029769f23000, 0x0000029769f21800,
0x0000029769f23800, 0x0000029769f24800, 0x0000029769f25800, 0x0000029769f28000,
0x0000029769f26000, 0x0000029769f27000, 0x0000029769f22000, 0x000002976d48d000,
0x000002976d48f000, 0x000002976d48c000, 0x000002976d489800, 0x000002976d490000,
0x000002976d48d800, 0x000002976d48a800, 0x000002976d491000, 0x000002976d48e800,
0x000002976d48b000, 0x000002976d497800, 0x000002976d491800, 0x000002976d493800,
0x000002976d492800, 0x000002976d498000, 0x000002976d495000, 0x000002976d494000,
0x000002976d496000, 0x000002976d496800, 0x00000297689a5800, 0x00000297689a2800,
0x00000297689a6800, 0x00000297689a4000, 0x00000297689a1800, 0x00000297689a0800,
0x00000297689a7800, 0x00000297689a8000, 0x00000297689a9000, 0x00000297689a9800
}

Java Threads: ( => current thread )
  0x000002974d2e9000 JavaThread "main" [_thread_blocked, id=4124, stack(0x000000c01d700000,0x000000c01d800000)]
  0x0000029767dea800 JavaThread "Reference Handler" daemon [_thread_blocked, id=9356, stack(0x000000c01de00000,0x000000c01df00000)]
  0x0000029767df4000 JavaThread "Finalizer" daemon [_thread_blocked, id=6996, stack(0x000000c01df00000,0x000000c01e000000)]
  0x00000297686d9000 JavaThread "Signal Dispatcher" daemon [_thread_blocked, id=14360, stack(0x000000c01e000000,0x000000c01e100000)]
  0x00000297686db000 JavaThread "Attach Listener" daemon [_thread_blocked, id=15148, stack(0x000000c01e100000,0x000000c01e200000)]
=>0x00000297686dc000 JavaThread "C2 CompilerThread0" daemon [_thread_in_native, id=14912, stack(0x000000c01e200000,0x000000c01e300000)]
  0x00000297686df800 JavaThread "C1 CompilerThread0" daemon [_thread_in_vm_trans, id=15296, stack(0x000000c01e300000,0x000000c01e400000)]
  0x00000297686e0800 JavaThread "Sweeper thread" daemon [_thread_blocked, id=15464, stack(0x000000c01e400000,0x000000c01e500000)]
  0x0000029768858000 JavaThread "Common-Cleaner" daemon [_thread_blocked, id=1344, stack(0x000000c01e500000,0x000000c01e600000)]
  0x0000029768858800 JavaThread "Service Thread" daemon [_thread_blocked, id=14212, stack(0x000000c01e600000,0x000000c01e700000)]
  0x000002976ac40800 JavaThread "Daemon health stats" [_thread_blocked, id=15324, stack(0x000000c01ec00000,0x000000c01ed00000)]
  0x000002976a850000 JavaThread "Incoming local TCP Connector on port 50576" [_thread_in_native, id=17332, stack(0x000000c01ef00000,0x000000c01f000000)]
  0x00000297698d2000 JavaThread "Daemon periodic checks" [_thread_blocked, id=5772, stack(0x000000c01f000000,0x000000c01f100000)]
  0x000002976a705000 JavaThread "Cache worker for file hash cache (C:\Users\Administrator\.gradle\caches\6.7.1\fileHashes)" [_thread_blocked, id=11936, stack(0x000000c01fd00000,0x000000c01fe00000)]
  0x000002976a706000 JavaThread "File lock request listener" [_thread_in_native, id=7512, stack(0x000000c01fe00000,0x000000c01ff00000)]
  0x000002976a706800 JavaThread "Cache worker for journal cache (C:\Users\Administrator\.gradle\caches\journal-1)" [_thread_blocked, id=9696, stack(0x000000c020000000,0x000000c020100000)]
  0x000002976c9b6000 JavaThread "Cache worker for execution history cache (C:\Users\Administrator\.gradle\caches\6.7.1\executionHistory)" [_thread_blocked, id=15700, stack(0x000000c021a00000,0x000000c021b00000)]
  0x000002976c9b8800 JavaThread "Cache worker for file content cache (C:\Users\Administrator\.gradle\caches\6.7.1\fileContent)" [_thread_blocked, id=9668, stack(0x000000c021b00000,0x000000c021c00000)]
  0x0000029771682000 JavaThread "Memory manager" [_thread_blocked, id=17196, stack(0x000000c028600000,0x000000c028700000)]
  0x000002976c947800 JavaThread "Daemon Thread 5" [_thread_blocked, id=5224, stack(0x000000c01e800000,0x000000c01e900000)]
  0x000002976c942000 JavaThread "Handler for socket connection from /127.0.0.1:50576 to /127.0.0.1:61796" [_thread_in_native, id=9672, stack(0x000000c01eb00000,0x000000c01ec00000)]
  0x000002976c944800 JavaThread "Cancel handler" [_thread_blocked, id=7524, stack(0x000000c01ed00000,0x000000c01ee00000)]
  0x000002976c942800 JavaThread "Daemon worker Thread 5" [_thread_blocked, id=13832, stack(0x000000c01ee00000,0x000000c01ef00000)]
  0x000002976c945000 JavaThread "Asynchronous log dispatcher for DefaultDaemonConnection: socket connection from /127.0.0.1:50576 to /127.0.0.1:61796" [_thread_blocked, id=10184, stack(0x000000c01f100000,0x000000c01f200000)]
  0x000002976c948800 JavaThread "Stdin handler" [_thread_blocked, id=14316, stack(0x000000c01f200000,0x000000c01f300000)]
  0x000002976c949000 JavaThread "Thread-591" [_thread_blocked, id=14308, stack(0x000000c01f300000,0x000000c01f400000)]
  0x000002976c943800 JavaThread "Cache worker for file hash cache (D:\Android\PokemonDrawer\.gradle\6.7.1\fileHashes)" [_thread_blocked, id=13340, stack(0x000000c01f400000,0x000000c01f500000)]
  0x000002976c94a000 JavaThread "Cache worker for checksums cache (D:\Android\PokemonDrawer\.gradle\checksums)" [_thread_blocked, id=13448, stack(0x000000c01f500000,0x000000c01f600000)]
  0x000002976c94b000 JavaThread "Cache worker for cache directory md-supplier (C:\Users\Administrator\.gradle\caches\6.7.1\md-supplier)" [_thread_blocked, id=16016, stack(0x000000c01f600000,0x000000c01f700000)]
  0x000002976c94b800 JavaThread "Cache worker for cache directory md-rule (C:\Users\Administrator\.gradle\caches\6.7.1\md-rule)" [_thread_blocked, id=16236, stack(0x000000c01f700000,0x000000c01f800000)]
  0x000002976c946000 JavaThread "Cache worker for Build Output Cleanup Cache (D:\Android\PokemonDrawer\.gradle\buildOutputCleanup)" [_thread_blocked, id=13780, stack(0x000000c020100000,0x000000c020200000)]
  0x000002976c94d800 JavaThread "Build operations" [_thread_blocked, id=17152, stack(0x000000c020400000,0x000000c020500000)]
  0x000002976c94e000 JavaThread "Build operations Thread 2" [_thread_blocked, id=9680, stack(0x000000c020500000,0x000000c020600000)]
  0x000002976c94f000 JavaThread "Build operations Thread 3" [_thread_in_Java, id=16776, stack(0x000000c020600000,0x000000c020700000)]
  0x000002976c94f800 JavaThread "Build operations Thread 4" [_thread_blocked, id=16280, stack(0x000000c020700000,0x000000c020800000)]
  0x0000029768f32000 JavaThread "Build operations Thread 5" [_thread_blocked, id=14492, stack(0x000000c020800000,0x000000c020900000)]
  0x0000029768f31000 JavaThread "Build operations Thread 6" [_thread_blocked, id=8676, stack(0x000000c020900000,0x000000c020a00000)]
  0x0000029768f2f800 JavaThread "Build operations Thread 7" [_thread_blocked, id=15472, stack(0x000000c020a00000,0x000000c020b00000)]
  0x0000029768f33000 JavaThread "Build operations Thread 8" [_thread_in_vm, id=15616, stack(0x000000c020b00000,0x000000c020c00000)]
  0x0000029768f30800 JavaThread "jar transforms Thread 473" [_thread_blocked, id=15452, stack(0x000000c020c00000,0x000000c020d00000)]
  0x0000029768f2d000 JavaThread "jar transforms Thread 474" [_thread_blocked, id=12880, stack(0x000000c020d00000,0x000000c020e00000)]
  0x0000029768f33800 JavaThread "jar transforms Thread 475" [_thread_blocked, id=15320, stack(0x000000c020e00000,0x000000c020f00000)]
  0x0000029768f2e000 JavaThread "jar transforms Thread 476" [_thread_blocked, id=4972, stack(0x000000c020f00000,0x000000c021000000)]
  0x0000029768f34800 JavaThread "jar transforms Thread 477" [_thread_blocked, id=15604, stack(0x000000c021000000,0x000000c021100000)]
  0x0000029768f2e800 JavaThread "jar transforms Thread 478" [_thread_blocked, id=1484, stack(0x000000c021100000,0x000000c021200000)]
  0x0000029768f3a000 JavaThread "jar transforms Thread 479" [_thread_blocked, id=5680, stack(0x000000c021200000,0x000000c021300000)]
  0x0000029768f35000 JavaThread "jar transforms Thread 480" [_thread_blocked, id=14368, stack(0x000000c021300000,0x000000c021400000)]
  0x0000029768f3b000 JavaThread "jar transforms Thread 481" [_thread_blocked, id=9476, stack(0x000000c021400000,0x000000c021500000)]
  0x0000029768f37800 JavaThread "jar transforms Thread 482" [_thread_blocked, id=16448, stack(0x000000c021500000,0x000000c021600000)]
  0x0000029768f39800 JavaThread "jar transforms Thread 483" [_thread_blocked, id=7224, stack(0x000000c021600000,0x000000c021700000)]
  0x0000029768f36000 JavaThread "jar transforms Thread 484" [_thread_blocked, id=16180, stack(0x000000c021700000,0x000000c021800000)]
  0x0000029768f3c000 JavaThread "jar transforms Thread 485" [_thread_blocked, id=5160, stack(0x000000c021800000,0x000000c021900000)]
  0x0000029768f37000 JavaThread "jar transforms Thread 486" [_thread_blocked, id=13752, stack(0x000000c021900000,0x000000c021a00000)]
  0x000002977167e800 JavaThread "jar transforms Thread 487" [_thread_blocked, id=13416, stack(0x000000c021c00000,0x000000c021d00000)]
  0x0000029771681000 JavaThread "jar transforms Thread 488" [_thread_blocked, id=14160, stack(0x000000c021d00000,0x000000c021e00000)]
  0x0000029771680000 JavaThread "jar transforms Thread 489" [_thread_blocked, id=4336, stack(0x000000c021e00000,0x000000c021f00000)]
  0x000002977167f800 JavaThread "jar transforms Thread 490" [_thread_blocked, id=16260, stack(0x000000c021f00000,0x000000c022000000)]
  0x000002977167d800 JavaThread "jar transforms Thread 491" [_thread_blocked, id=11220, stack(0x000000c022000000,0x000000c022100000)]
  0x0000029771682800 JavaThread "jar transforms Thread 492" [_thread_blocked, id=2664, stack(0x000000c022100000,0x000000c022200000)]
  0x000002977167d000 JavaThread "jar transforms Thread 493" [_thread_blocked, id=12216, stack(0x000000c022200000,0x000000c022300000)]
  0x0000029771689000 JavaThread "jar transforms Thread 494" [_thread_blocked, id=13520, stack(0x000000c022300000,0x000000c022400000)]
  0x0000029771686000 JavaThread "jar transforms Thread 495" [_thread_blocked, id=5948, stack(0x000000c022400000,0x000000c022500000)]
  0x0000029771687800 JavaThread "jar transforms Thread 496" [_thread_blocked, id=13532, stack(0x000000c022500000,0x000000c022600000)]
  0x0000029771683800 JavaThread "jar transforms Thread 497" [_thread_blocked, id=15776, stack(0x000000c022600000,0x000000c022700000)]
  0x0000029771688800 JavaThread "jar transforms Thread 498" [_thread_blocked, id=13680, stack(0x000000c022700000,0x000000c022800000)]
  0x000002977168a000 JavaThread "jar transforms Thread 499" [_thread_blocked, id=12208, stack(0x000000c022800000,0x000000c022900000)]
  0x0000029771685000 JavaThread "jar transforms Thread 500" [_thread_blocked, id=2736, stack(0x000000c022900000,0x000000c022a00000)]
  0x0000029771686800 JavaThread "jar transforms Thread 501" [_thread_blocked, id=5868, stack(0x000000c022a00000,0x000000c022b00000)]
  0x0000029771684000 JavaThread "jar transforms Thread 502" [_thread_blocked, id=4272, stack(0x000000c022b00000,0x000000c022c00000)]
  0x000002977168a800 JavaThread "jar transforms Thread 503" [_thread_blocked, id=16576, stack(0x000000c022c00000,0x000000c022d00000)]
  0x000002976a704800 JavaThread "jar transforms Thread 504" [_thread_blocked, id=17052, stack(0x000000c022d00000,0x000000c022e00000)]
  0x000002976a701000 JavaThread "jar transforms Thread 505" [_thread_blocked, id=17272, stack(0x000000c022e00000,0x000000c022f00000)]
  0x000002976a707800 JavaThread "jar transforms Thread 506" [_thread_blocked, id=13428, stack(0x000000c022f00000,0x000000c023000000)]
  0x000002976a702000 JavaThread "jar transforms Thread 507" [_thread_blocked, id=16924, stack(0x000000c023000000,0x000000c023100000)]
  0x000002976a702800 JavaThread "jar transforms Thread 508" [_thread_blocked, id=7988, stack(0x000000c023100000,0x000000c023200000)]
  0x000002976a703800 JavaThread "jar transforms Thread 509" [_thread_blocked, id=6828, stack(0x000000c023200000,0x000000c023300000)]
  0x000002976c9b6800 JavaThread "jar transforms Thread 510" [_thread_blocked, id=15212, stack(0x000000c023300000,0x000000c023400000)]
  0x000002976c9bb800 JavaThread "jar transforms Thread 511" [_thread_blocked, id=13500, stack(0x000000c023400000,0x000000c023500000)]
  0x000002976c9b7800 JavaThread "jar transforms Thread 512" [_thread_blocked, id=7588, stack(0x000000c023500000,0x000000c023600000)]
  0x000002976c9bb000 JavaThread "jar transforms Thread 513" [_thread_blocked, id=16424, stack(0x000000c023600000,0x000000c023700000)]
  0x000002976c9bc800 JavaThread "jar transforms Thread 514" [_thread_blocked, id=7156, stack(0x000000c023700000,0x000000c023800000)]
  0x000002976c9b9000 JavaThread "jar transforms Thread 515" [_thread_blocked, id=10636, stack(0x000000c023800000,0x000000c023900000)]
  0x0000029768d64800 JavaThread "jar transforms Thread 516" [_thread_blocked, id=16676, stack(0x000000c023900000,0x000000c023a00000)]
  0x0000029768d68800 JavaThread "jar transforms Thread 517" [_thread_blocked, id=13740, stack(0x000000c023a00000,0x000000c023b00000)]
  0x0000029768d69800 JavaThread "jar transforms Thread 518" [_thread_blocked, id=880, stack(0x000000c023b00000,0x000000c023c00000)]
  0x0000029768d66000 JavaThread "jar transforms Thread 519" [_thread_blocked, id=4396, stack(0x000000c023c00000,0x000000c023d00000)]
  0x0000029768d65800 JavaThread "jar transforms Thread 520" [_thread_blocked, id=9972, stack(0x000000c023d00000,0x000000c023e00000)]
  0x0000029768d67800 JavaThread "jar transforms Thread 521" [_thread_blocked, id=11016, stack(0x000000c023e00000,0x000000c023f00000)]
  0x0000029768d63800 JavaThread "jar transforms Thread 522" [_thread_blocked, id=17072, stack(0x000000c023f00000,0x000000c024000000)]
  0x0000029768d67000 JavaThread "jar transforms Thread 523" [_thread_blocked, id=5896, stack(0x000000c024000000,0x000000c024100000)]
  0x0000029768d6a000 JavaThread "jar transforms Thread 524" [_thread_blocked, id=15532, stack(0x000000c024100000,0x000000c024200000)]
  0x0000029768d6b000 JavaThread "jar transforms Thread 525" [_thread_blocked, id=15572, stack(0x000000c024200000,0x000000c024300000)]
  0x0000029768d6c800 JavaThread "jar transforms Thread 526" [_thread_blocked, id=3140, stack(0x000000c024300000,0x000000c024400000)]
  0x0000029768d71800 JavaThread "jar transforms Thread 527" [_thread_blocked, id=16736, stack(0x000000c024400000,0x000000c024500000)]
  0x0000029768d6c000 JavaThread "jar transforms Thread 528" [_thread_blocked, id=14608, stack(0x000000c024500000,0x000000c024600000)]
  0x0000029768d6d800 JavaThread "jar transforms Thread 529" [_thread_blocked, id=5540, stack(0x000000c024600000,0x000000c024700000)]
  0x0000029768d72800 JavaThread "jar transforms Thread 530" [_thread_blocked, id=14556, stack(0x000000c024700000,0x000000c024800000)]
  0x0000029768d70800 JavaThread "jar transforms Thread 531" [_thread_blocked, id=10920, stack(0x000000c024800000,0x000000c024900000)]
  0x0000029768d70000 JavaThread "jar transforms Thread 532" [_thread_blocked, id=16456, stack(0x000000c024900000,0x000000c024a00000)]
  0x0000029768d6e000 JavaThread "jar transforms Thread 533" [_thread_blocked, id=16980, stack(0x000000c024a00000,0x000000c024b00000)]
  0x0000029768d6f000 JavaThread "jar transforms Thread 534" [_thread_blocked, id=12416, stack(0x000000c024b00000,0x000000c024c00000)]
  0x00000297728a4800 JavaThread "jar transforms Thread 535" [_thread_blocked, id=13548, stack(0x000000c024c00000,0x000000c024d00000)]
  0x00000297728a2000 JavaThread "jar transforms Thread 536" [_thread_blocked, id=14176, stack(0x000000c024d00000,0x000000c024e00000)]
  0x00000297728a5800 JavaThread "jar transforms Thread 537" [_thread_blocked, id=12384, stack(0x000000c024e00000,0x000000c024f00000)]
  0x00000297728a3000 JavaThread "jar transforms Thread 538" [_thread_blocked, id=14468, stack(0x000000c024f00000,0x000000c025000000)]
  0x00000297728a7800 JavaThread "jar transforms Thread 539" [_thread_blocked, id=1284, stack(0x000000c025000000,0x000000c025100000)]
  0x00000297728a6000 JavaThread "jar transforms Thread 540" [_thread_blocked, id=15724, stack(0x000000c025100000,0x000000c025200000)]
  0x00000297728a8800 JavaThread "jar transforms Thread 541" [_thread_blocked, id=6632, stack(0x000000c025200000,0x000000c025300000)]
  0x00000297728a9800 JavaThread "jar transforms Thread 542" [_thread_blocked, id=15432, stack(0x000000c025300000,0x000000c025400000)]
  0x00000297728a3800 JavaThread "jar transforms Thread 543" [_thread_blocked, id=14540, stack(0x000000c025400000,0x000000c025500000)]
  0x00000297728aa000 JavaThread "jar transforms Thread 544" [_thread_blocked, id=14844, stack(0x000000c025500000,0x000000c025600000)]
  0x00000297728a7000 JavaThread "jar transforms Thread 545" [_thread_blocked, id=13236, stack(0x000000c025600000,0x000000c025700000)]
  0x00000297728ad800 JavaThread "jar transforms Thread 546" [_thread_blocked, id=15096, stack(0x000000c025700000,0x000000c025800000)]
  0x00000297728ae000 JavaThread "jar transforms Thread 547" [_thread_blocked, id=15816, stack(0x000000c025800000,0x000000c025900000)]
  0x00000297728af000 JavaThread "jar transforms Thread 548" [_thread_blocked, id=17200, stack(0x000000c025900000,0x000000c025a00000)]
  0x00000297728ab000 JavaThread "jar transforms Thread 549" [_thread_blocked, id=16588, stack(0x000000c025a00000,0x000000c025b00000)]
  0x00000297728b0800 JavaThread "jar transforms Thread 550" [_thread_blocked, id=13492, stack(0x000000c025b00000,0x000000c025c00000)]
  0x00000297728ac000 JavaThread "jar transforms Thread 551" [_thread_blocked, id=14456, stack(0x000000c025c00000,0x000000c025d00000)]
  0x00000297728b0000 JavaThread "jar transforms Thread 552" [_thread_blocked, id=772, stack(0x000000c025d00000,0x000000c025e00000)]
  0x00000297728ac800 JavaThread "jar transforms Thread 553" [_thread_blocked, id=11424, stack(0x000000c025e00000,0x000000c025f00000)]
  0x00000297713bb800 JavaThread "jar transforms Thread 554" [_thread_blocked, id=16876, stack(0x000000c025f00000,0x000000c026000000)]
  0x00000297713bc000 JavaThread "jar transforms Thread 555" [_thread_blocked, id=7596, stack(0x000000c026000000,0x000000c026100000)]
  0x00000297713b9800 JavaThread "jar transforms Thread 556" [_thread_blocked, id=11236, stack(0x000000c026100000,0x000000c026200000)]
  0x00000297713b7800 JavaThread "jar transforms Thread 557" [_thread_blocked, id=16784, stack(0x000000c026200000,0x000000c026300000)]
  0x00000297713b9000 JavaThread "jar transforms Thread 558" [_thread_blocked, id=14672, stack(0x000000c026300000,0x000000c026400000)]
  0x00000297713b8000 JavaThread "jar transforms Thread 559" [_thread_blocked, id=5600, stack(0x000000c026400000,0x000000c026500000)]
  0x00000297713ba800 JavaThread "jar transforms Thread 560" [_thread_blocked, id=7880, stack(0x000000c026500000,0x000000c026600000)]
  0x00000297713b6800 JavaThread "jar transforms Thread 561" [_thread_blocked, id=2348, stack(0x000000c026600000,0x000000c026700000)]
  0x00000297713bd000 JavaThread "jar transforms Thread 562" [_thread_blocked, id=11632, stack(0x000000c026700000,0x000000c026800000)]
  0x000002976fbb9800 JavaThread "jar transforms Thread 563" [_thread_blocked, id=2476, stack(0x000000c026800000,0x000000c026900000)]
  0x000002976fbba000 JavaThread "jar transforms Thread 564" [_thread_blocked, id=12804, stack(0x000000c026900000,0x000000c026a00000)]
  0x000002976fbbf000 JavaThread "jar transforms Thread 565" [_thread_blocked, id=5220, stack(0x000000c026a00000,0x000000c026b00000)]
  0x000002976fbbb800 JavaThread "jar transforms Thread 566" [_thread_blocked, id=3816, stack(0x000000c026b00000,0x000000c026c00000)]
  0x000002976fbbc800 JavaThread "jar transforms Thread 567" [_thread_blocked, id=8068, stack(0x000000c026c00000,0x000000c026d00000)]
  0x000002976fbbd800 JavaThread "jar transforms Thread 568" [_thread_blocked, id=11480, stack(0x000000c026d00000,0x000000c026e00000)]
  0x000002976fbbe000 JavaThread "jar transforms Thread 569" [_thread_blocked, id=2900, stack(0x000000c026e00000,0x000000c026f00000)]
  0x000002976fbbb000 JavaThread "jar transforms Thread 570" [_thread_blocked, id=8812, stack(0x000000c026f00000,0x000000c027000000)]
  0x000002976fbc0000 JavaThread "jar transforms Thread 571" [_thread_blocked, id=15732, stack(0x000000c027000000,0x000000c027100000)]
  0x0000029769f23000 JavaThread "jar transforms Thread 572" [_thread_blocked, id=6764, stack(0x000000c027100000,0x000000c027200000)]
  0x0000029769f21800 JavaThread "jar transforms Thread 573" [_thread_blocked, id=7116, stack(0x000000c027200000,0x000000c027300000)]
  0x0000029769f23800 JavaThread "jar transforms Thread 574" [_thread_blocked, id=12444, stack(0x000000c027300000,0x000000c027400000)]
  0x0000029769f24800 JavaThread "jar transforms Thread 575" [_thread_blocked, id=15524, stack(0x000000c027400000,0x000000c027500000)]
  0x0000029769f25800 JavaThread "jar transforms Thread 576" [_thread_blocked, id=12464, stack(0x000000c027500000,0x000000c027600000)]
  0x0000029769f28000 JavaThread "jar transforms Thread 577" [_thread_blocked, id=10224, stack(0x000000c027600000,0x000000c027700000)]
  0x0000029769f26000 JavaThread "jar transforms Thread 578" [_thread_blocked, id=16752, stack(0x000000c027700000,0x000000c027800000)]
  0x0000029769f27000 JavaThread "jar transforms Thread 579" [_thread_blocked, id=972, stack(0x000000c027800000,0x000000c027900000)]
  0x0000029769f22000 JavaThread "jar transforms Thread 580" [_thread_blocked, id=5992, stack(0x000000c027900000,0x000000c027a00000)]
  0x000002976d48d000 JavaThread "jar transforms Thread 581" [_thread_blocked, id=10320, stack(0x000000c027a00000,0x000000c027b00000)]
  0x000002976d48f000 JavaThread "jar transforms Thread 582" [_thread_blocked, id=8000, stack(0x000000c027b00000,0x000000c027c00000)]
  0x000002976d48c000 JavaThread "jar transforms Thread 583" [_thread_blocked, id=3244, stack(0x000000c027c00000,0x000000c027d00000)]
  0x000002976d489800 JavaThread "jar transforms Thread 584" [_thread_blocked, id=4516, stack(0x000000c027d00000,0x000000c027e00000)]
  0x000002976d490000 JavaThread "jar transforms Thread 585" [_thread_blocked, id=3900, stack(0x000000c027e00000,0x000000c027f00000)]
  0x000002976d48d800 JavaThread "jar transforms Thread 586" [_thread_blocked, id=1068, stack(0x000000c027f00000,0x000000c028000000)]
  0x000002976d48a800 JavaThread "jar transforms Thread 587" [_thread_blocked, id=1532, stack(0x000000c028000000,0x000000c028100000)]
  0x000002976d491000 JavaThread "jar transforms Thread 588" [_thread_blocked, id=14604, stack(0x000000c028100000,0x000000c028200000)]
  0x000002976d48e800 JavaThread "jar transforms Thread 589" [_thread_blocked, id=4756, stack(0x000000c028200000,0x000000c028300000)]
  0x000002976d48b000 JavaThread "jar transforms Thread 590" [_thread_blocked, id=16616, stack(0x000000c028300000,0x000000c028400000)]
  0x000002976d497800 JavaThread "build event listener" [_thread_blocked, id=12440, stack(0x000000c028400000,0x000000c028500000)]
  0x000002976d491800 JavaThread "build event listener" [_thread_blocked, id=7736, stack(0x000000c028500000,0x000000c028600000)]
  0x000002976d493800 JavaThread "Execution worker for ':'" [_thread_blocked, id=9304, stack(0x000000c028700000,0x000000c028800000)]
  0x000002976d492800 JavaThread "Execution worker for ':' Thread 2" [_thread_blocked, id=14680, stack(0x000000c028800000,0x000000c028900000)]
  0x000002976d498000 JavaThread "Execution worker for ':' Thread 3" [_thread_blocked, id=13964, stack(0x000000c028900000,0x000000c028a00000)]
  0x000002976d495000 JavaThread "Execution worker for ':' Thread 4" [_thread_blocked, id=4524, stack(0x000000c028a00000,0x000000c028b00000)]
  0x000002976d494000 JavaThread "Execution worker for ':' Thread 5" [_thread_blocked, id=7728, stack(0x000000c028b00000,0x000000c028c00000)]
  0x000002976d496000 JavaThread "Execution worker for ':' Thread 6" [_thread_blocked, id=16816, stack(0x000000c028c00000,0x000000c028d00000)]
  0x000002976d496800 JavaThread "Execution worker for ':' Thread 7" [_thread_blocked, id=13816, stack(0x000000c028d00000,0x000000c028e00000)]
  0x00000297689a5800 JavaThread "Cache worker for execution history cache (D:\Android\PokemonDrawer\.gradle\6.7.1\executionHistory)" [_thread_blocked, id=16344, stack(0x000000c028e00000,0x000000c028f00000)]
  0x00000297689a2800 JavaThread "WorkerExecutor Queue" [_thread_in_native, id=16144, stack(0x000000c028f00000,0x000000c029000000)]
  0x00000297689a6800 JavaThread "C2 CompilerThread1" daemon [_thread_in_native, id=11512, stack(0x000000c020200000,0x000000c020300000)]
  0x00000297689a4000 JavaThread "WorkerExecutor Queue Thread 2" [_thread_blocked, id=5260, stack(0x000000c020300000,0x000000c020400000)]
  0x00000297689a1800 JavaThread "WorkerExecutor Queue Thread 3" [_thread_blocked, id=16828, stack(0x000000c029000000,0x000000c029100000)]
  0x00000297689a0800 JavaThread "WorkerExecutor Queue Thread 4" [_thread_blocked, id=14888, stack(0x000000c029100000,0x000000c029200000)]
  0x00000297689a7800 JavaThread "WorkerExecutor Queue Thread 5" [_thread_blocked, id=14344, stack(0x000000c029200000,0x000000c029300000)]
  0x00000297689a8000 JavaThread "WorkerExecutor Queue Thread 6" [_thread_blocked, id=8052, stack(0x000000c029300000,0x000000c029400000)]
  0x00000297689a9000 JavaThread "WorkerExecutor Queue Thread 7" [_thread_blocked, id=3400, stack(0x000000c029400000,0x000000c029500000)]
  0x00000297689a9800 JavaThread "WorkerExecutor Queue Thread 8" [_thread_blocked, id=14464, stack(0x000000c029500000,0x000000c029600000)]

Other Threads:
  0x0000029767de8800 VMThread "VM Thread" [stack: 0x000000c01dd00000,0x000000c01de00000] [id=12604]
  0x0000029768872000 WatcherThread [stack: 0x000000c01e700000,0x000000c01e800000] [id=10744]
  0x000002974d300800 GCTaskThread "GC Thread#0" [stack: 0x000000c01d800000,0x000000c01d900000] [id=5076]
  0x00000297694d2000 GCTaskThread "GC Thread#1" [stack: 0x000000c01e900000,0x000000c01ea00000] [id=2132]
  0x0000029769555800 GCTaskThread "GC Thread#2" [stack: 0x000000c01ea00000,0x000000c01eb00000] [id=15264]
  0x000002976aacd000 GCTaskThread "GC Thread#3" [stack: 0x000000c01f800000,0x000000c01f900000] [id=15032]
  0x0000029769932000 GCTaskThread "GC Thread#4" [stack: 0x000000c01f900000,0x000000c01fa00000] [id=12648]
  0x000002976a93c000 GCTaskThread "GC Thread#5" [stack: 0x000000c01fa00000,0x000000c01fb00000] [id=2064]
  0x000002976a8f7800 GCTaskThread "GC Thread#6" [stack: 0x000000c01fb00000,0x000000c01fc00000] [id=13744]
  0x000002976aa2b000 GCTaskThread "GC Thread#7" [stack: 0x000000c01fc00000,0x000000c01fd00000] [id=17048]
  0x000002974d33a800 ConcurrentGCThread "G1 Main Marker" [stack: 0x000000c01d900000,0x000000c01da00000] [id=13320]
  0x000002974d33c000 ConcurrentGCThread "G1 Conc#0" [stack: 0x000000c01da00000,0x000000c01db00000] [id=16316]
  0x0000029769908800 ConcurrentGCThread "G1 Conc#1" [stack: 0x000000c01ff00000,0x000000c020000000] [id=16508]
  0x0000029767c30800 ConcurrentGCThread "G1 Refine#0" [stack: 0x000000c01db00000,0x000000c01dc00000] [id=14136]
  0x000002976e2a2000 ConcurrentGCThread "G1 Refine#1" [stack: 0x000000c01d400000,0x000000c01d500000] [id=14928]
  0x0000029768aba800 ConcurrentGCThread "G1 Refine#2" [stack: 0x000000c01d500000,0x000000c01d600000] [id=14428]
  0x0000029772245000 ConcurrentGCThread "G1 Refine#3" [stack: 0x000000c01d600000,0x000000c01d700000] [id=14384]
  0x0000029767c31000 ConcurrentGCThread "G1 Young RemSet Sampling" [stack: 0x000000c01dc00000,0x000000c01dd00000] [id=11780]

Threads with active compile tasks:
C2 CompilerThread02382344 20123       4       org.gradle.internal.fingerprint.classpath.impl.ClasspathFingerprintingStrategy$ClasspathContentFingerprintingVisitor::visitFile (69 bytes)
C1 CompilerThread02382344 20559       2       com.android.tools.r8.C.a.a.f::a (6058 bytes)
C2 CompilerThread12382344 20118       4       org.gradle.internal.logging.sink.OutputEventTransformer::onOutput (399 bytes)

VM state:not at safepoint (normal execution)

VM Mutex/Monitor currently owned by a thread: None

Heap address: 0x0000000080000000, size: 2048 MB, Compressed Oops mode: 32-bit
Narrow klass base: 0x0000000000000000, Narrow klass shift: 3
Compressed class space size: 1073741824 Address: 0x0000000100000000

Heap:
 garbage-first heap   total 225280K, used 158334K [0x0000000080000000, 0x0000000100000000)
  region size 1024K, 47 young (48128K), 1 survivors (1024K)
 Metaspace       used 130250K, capacity 133585K, committed 133884K, reserved 1167360K
  class space    used 15804K, capacity 16932K, committed 17024K, reserved 1048576K
Heap Regions: E=young(eden), S=young(survivor), O=old, HS=humongous(starts), HC=humongous(continues), CS=collection set, F=free, A=archive, TAMS=top-at-mark-start (previous, next)
|   0|0x0000000080000000, 0x0000000080100000, 0x0000000080100000|100%| O|  |TAMS 0x0000000080100000, 0x0000000080000000| Untracked 
|   1|0x0000000080100000, 0x0000000080200000, 0x0000000080200000|100%| O|  |TAMS 0x0000000080200000, 0x0000000080100000| Untracked 
|   2|0x0000000080200000, 0x0000000080300000, 0x0000000080300000|100%| O|  |TAMS 0x0000000080300000, 0x0000000080200000| Untracked 
|   3|0x0000000080300000, 0x0000000080400000, 0x0000000080400000|100%|HS|  |TAMS 0x0000000080400000, 0x0000000080300000| Complete 
|   4|0x0000000080400000, 0x0000000080500000, 0x0000000080500000|100%|HC|  |TAMS 0x0000000080500000, 0x0000000080400000| Complete 
|   5|0x0000000080500000, 0x0000000080600000, 0x0000000080600000|100%|HC|  |TAMS 0x0000000080600000, 0x0000000080500000| Complete 
|   6|0x0000000080600000, 0x0000000080700000, 0x0000000080700000|100%| O|  |TAMS 0x0000000080700000, 0x0000000080600000| Untracked 
|   7|0x0000000080700000, 0x0000000080800000, 0x0000000080800000|100%| O|  |TAMS 0x0000000080800000, 0x0000000080700000| Untracked 
|   8|0x0000000080800000, 0x0000000080900000, 0x0000000080900000|100%| O|  |TAMS 0x0000000080900000, 0x0000000080800000| Untracked 
|   9|0x0000000080900000, 0x0000000080a00000, 0x0000000080a00000|100%| O|  |TAMS 0x0000000080a00000, 0x0000000080900000| Untracked 
|  10|0x0000000080a00000, 0x0000000080b00000, 0x0000000080b00000|100%| O|  |TAMS 0x0000000080b00000, 0x0000000080a00000| Untracked 
|  11|0x0000000080b00000, 0x0000000080c00000, 0x0000000080c00000|100%| O|  |TAMS 0x0000000080c00000, 0x0000000080b00000| Untracked 
|  12|0x0000000080c00000, 0x0000000080d00000, 0x0000000080d00000|100%| O|  |TAMS 0x0000000080c00000, 0x0000000080c00000| Untracked 
|  13|0x0000000080d00000, 0x0000000080e00000, 0x0000000080e00000|100%| O|  |TAMS 0x0000000080e00000, 0x0000000080d00000| Untracked 
|  14|0x0000000080e00000, 0x0000000080f00000, 0x0000000080f00000|100%| O|  |TAMS 0x0000000080f00000, 0x0000000080e00000| Untracked 
|  15|0x0000000080f00000, 0x0000000081000000, 0x0000000081000000|100%| O|  |TAMS 0x0000000081000000, 0x0000000080f00000| Untracked 
|  16|0x0000000081000000, 0x0000000081100000, 0x0000000081100000|100%|HS|  |TAMS 0x0000000081100000, 0x0000000081000000| Complete 
|  17|0x0000000081100000, 0x0000000081200000, 0x0000000081200000|100%|HC|  |TAMS 0x0000000081200000, 0x0000000081100000| Complete 
|  18|0x0000000081200000, 0x0000000081300000, 0x0000000081300000|100%|HS|  |TAMS 0x0000000081300000, 0x0000000081200000| Complete 
|  19|0x0000000081300000, 0x0000000081400000, 0x0000000081400000|100%|HC|  |TAMS 0x0000000081400000, 0x0000000081300000| Complete 
|  20|0x0000000081400000, 0x0000000081500000, 0x0000000081500000|100%|HC|  |TAMS 0x0000000081500000, 0x0000000081400000| Complete 
|  21|0x0000000081500000, 0x0000000081600000, 0x0000000081600000|100%|HS|  |TAMS 0x0000000081600000, 0x0000000081500000| Complete 
|  22|0x0000000081600000, 0x0000000081700000, 0x0000000081700000|100%|HC|  |TAMS 0x0000000081700000, 0x0000000081600000| Complete 
|  23|0x0000000081700000, 0x0000000081800000, 0x0000000081800000|100%|HC|  |TAMS 0x0000000081800000, 0x0000000081700000| Complete 
|  24|0x0000000081800000, 0x0000000081900000, 0x0000000081900000|100%|HC|  |TAMS 0x0000000081900000, 0x0000000081800000| Complete 
|  25|0x0000000081900000, 0x0000000081a00000, 0x0000000081a00000|100%| O|  |TAMS 0x0000000081a00000, 0x0000000081900000| Untracked 
|  26|0x0000000081a00000, 0x0000000081b00000, 0x0000000081b00000|100%| O|  |TAMS 0x0000000081b00000, 0x0000000081a00000| Untracked 
|  27|0x0000000081b00000, 0x0000000081c00000, 0x0000000081c00000|100%| O|  |TAMS 0x0000000081c00000, 0x0000000081b00000| Untracked 
|  28|0x0000000081c00000, 0x0000000081d00000, 0x0000000081d00000|100%| O|  |TAMS 0x0000000081d00000, 0x0000000081c00000| Untracked 
|  29|0x0000000081d00000, 0x0000000081e00000, 0x0000000081e00000|100%| O|  |TAMS 0x0000000081e00000, 0x0000000081d00000| Untracked 
|  30|0x0000000081e00000, 0x0000000081f00000, 0x0000000081f00000|100%| O|  |TAMS 0x0000000081f00000, 0x0000000081e00000| Untracked 
|  31|0x0000000081f00000, 0x0000000082000000, 0x0000000082000000|100%| O|  |TAMS 0x0000000082000000, 0x0000000081f00000| Untracked 
|  32|0x0000000082000000, 0x0000000082100000, 0x0000000082100000|100%|HS|  |TAMS 0x0000000082100000, 0x0000000082000000| Complete 
|  33|0x0000000082100000, 0x0000000082200000, 0x0000000082200000|100%|HC|  |TAMS 0x0000000082200000, 0x0000000082100000| Complete 
|  34|0x0000000082200000, 0x0000000082300000, 0x0000000082300000|100%|HC|  |TAMS 0x0000000082300000, 0x0000000082200000| Complete 
|  35|0x0000000082300000, 0x0000000082400000, 0x0000000082400000|100%|HS|  |TAMS 0x0000000082400000, 0x0000000082300000| Complete 
|  36|0x0000000082400000, 0x0000000082500000, 0x0000000082500000|100%|HC|  |TAMS 0x0000000082500000, 0x0000000082400000| Complete 
|  37|0x0000000082500000, 0x0000000082600000, 0x0000000082600000|100%|HC|  |TAMS 0x0000000082600000, 0x0000000082500000| Complete 
|  38|0x0000000082600000, 0x0000000082700000, 0x0000000082700000|100%|HC|  |TAMS 0x0000000082700000, 0x0000000082600000| Complete 
|  39|0x0000000082700000, 0x0000000082800000, 0x0000000082800000|100%| O|  |TAMS 0x0000000082800000, 0x0000000082700000| Untracked 
|  40|0x0000000082800000, 0x0000000082900000, 0x0000000082900000|100%| O|  |TAMS 0x0000000082900000, 0x0000000082800000| Untracked 
|  41|0x0000000082900000, 0x0000000082a00000, 0x0000000082a00000|100%| O|  |TAMS 0x0000000082a00000, 0x0000000082900000| Untracked 
|  42|0x0000000082a00000, 0x0000000082b00000, 0x0000000082b00000|100%| O|  |TAMS 0x0000000082b00000, 0x0000000082a00000| Untracked 
|  43|0x0000000082b00000, 0x0000000082c00000, 0x0000000082c00000|100%| O|  |TAMS 0x0000000082c00000, 0x0000000082b00000| Untracked 
|  44|0x0000000082c00000, 0x0000000082d00000, 0x0000000082d00000|100%| O|  |TAMS 0x0000000082d00000, 0x0000000082c00000| Untracked 
|  45|0x0000000082d00000, 0x0000000082e00000, 0x0000000082e00000|100%| O|  |TAMS 0x0000000082e00000, 0x0000000082d00000| Untracked 
|  46|0x0000000082e00000, 0x0000000082f00000, 0x0000000082f00000|100%| O|  |TAMS 0x0000000082f00000, 0x0000000082e00000| Untracked 
|  47|0x0000000082f00000, 0x0000000083000000, 0x0000000083000000|100%| O|  |TAMS 0x0000000083000000, 0x0000000082f00000| Untracked 
|  48|0x0000000083000000, 0x0000000083100000, 0x0000000083100000|100%|HS|  |TAMS 0x0000000083100000, 0x0000000083000000| Complete 
|  49|0x0000000083100000, 0x0000000083200000, 0x0000000083200000|100%|HS|  |TAMS 0x0000000083200000, 0x0000000083100000| Complete 
|  50|0x0000000083200000, 0x0000000083300000, 0x0000000083300000|100%|HC|  |TAMS 0x0000000083300000, 0x0000000083200000| Complete 
|  51|0x0000000083300000, 0x0000000083400000, 0x0000000083400000|100%|HC|  |TAMS 0x0000000083400000, 0x0000000083300000| Complete 
|  52|0x0000000083400000, 0x0000000083500000, 0x0000000083500000|100%|HS|  |TAMS 0x0000000083500000, 0x0000000083400000| Complete 
|  53|0x0000000083500000, 0x0000000083600000, 0x0000000083600000|100%|HC|  |TAMS 0x0000000083600000, 0x0000000083500000| Complete 
|  54|0x0000000083600000, 0x0000000083700000, 0x0000000083700000|100%| O|  |TAMS 0x0000000083700000, 0x0000000083600000| Untracked 
|  55|0x0000000083700000, 0x0000000083800000, 0x0000000083800000|100%| O|  |TAMS 0x0000000083800000, 0x0000000083700000| Untracked 
|  56|0x0000000083800000, 0x0000000083900000, 0x0000000083900000|100%| O|  |TAMS 0x0000000083900000, 0x0000000083800000| Untracked 
|  57|0x0000000083900000, 0x0000000083a00000, 0x0000000083a00000|100%| O|  |TAMS 0x0000000083a00000, 0x0000000083900000| Untracked 
|  58|0x0000000083a00000, 0x0000000083b00000, 0x0000000083b00000|100%| O|  |TAMS 0x0000000083b00000, 0x0000000083a00000| Untracked 
|  59|0x0000000083b00000, 0x0000000083c00000, 0x0000000083c00000|100%| O|  |TAMS 0x0000000083c00000, 0x0000000083b00000| Untracked 
|  60|0x0000000083c00000, 0x0000000083d00000, 0x0000000083d00000|100%| O|  |TAMS 0x0000000083c00000, 0x0000000083c00000| Untracked 
|  61|0x0000000083d00000, 0x0000000083e00000, 0x0000000083e00000|100%| O|  |TAMS 0x0000000083e00000, 0x0000000083d00000| Untracked 
|  62|0x0000000083e00000, 0x0000000083f00000, 0x0000000083f00000|100%| O|  |TAMS 0x0000000083f00000, 0x0000000083e00000| Untracked 
|  63|0x0000000083f00000, 0x0000000084000000, 0x0000000084000000|100%| O|  |TAMS 0x0000000084000000, 0x0000000083f00000| Untracked 
|  64|0x0000000084000000, 0x0000000084100000, 0x0000000084100000|100%| O|  |TAMS 0x0000000084100000, 0x0000000084000000| Untracked 
|  65|0x0000000084100000, 0x0000000084200000, 0x0000000084200000|100%| O|  |TAMS 0x0000000084200000, 0x0000000084100000| Untracked 
|  66|0x0000000084200000, 0x0000000084300000, 0x0000000084300000|100%| O|  |TAMS 0x0000000084300000, 0x0000000084200000| Untracked 
|  67|0x0000000084300000, 0x0000000084400000, 0x0000000084400000|100%| O|  |TAMS 0x0000000084400000, 0x0000000084300000| Untracked 
|  68|0x0000000084400000, 0x0000000084500000, 0x0000000084500000|100%| O|  |TAMS 0x0000000084400000, 0x0000000084400000| Untracked 
|  69|0x0000000084500000, 0x0000000084600000, 0x0000000084600000|100%| O|  |TAMS 0x0000000084600000, 0x0000000084500000| Untracked 
|  70|0x0000000084600000, 0x0000000084700000, 0x0000000084700000|100%| O|  |TAMS 0x0000000084662200, 0x0000000084600000| Untracked 
|  71|0x0000000084700000, 0x0000000084800000, 0x0000000084800000|100%| O|  |TAMS 0x0000000084800000, 0x0000000084700000| Untracked 
|  72|0x0000000084800000, 0x0000000084900000, 0x0000000084900000|100%| O|  |TAMS 0x0000000084900000, 0x0000000084800000| Untracked 
|  73|0x0000000084900000, 0x0000000084a00000, 0x0000000084a00000|100%| O|  |TAMS 0x0000000084a00000, 0x0000000084900000| Untracked 
|  74|0x0000000084a00000, 0x0000000084ab8000, 0x0000000084b00000| 71%| O|  |TAMS 0x0000000084a00000, 0x0000000084a00000| Untracked 
|  75|0x0000000084b00000, 0x0000000084c00000, 0x0000000084c00000|100%| O|  |TAMS 0x0000000084c00000, 0x0000000084b00000| Untracked 
|  76|0x0000000084c00000, 0x0000000084d00000, 0x0000000084d00000|100%| O|  |TAMS 0x0000000084d00000, 0x0000000084c00000| Untracked 
|  77|0x0000000084d00000, 0x0000000084e00000, 0x0000000084e00000|100%| O|  |TAMS 0x0000000084e00000, 0x0000000084d00000| Untracked 
|  78|0x0000000084e00000, 0x0000000084f00000, 0x0000000084f00000|100%| O|  |TAMS 0x0000000084f00000, 0x0000000084e00000| Untracked 
|  79|0x0000000084f00000, 0x0000000085000000, 0x0000000085000000|100%| O|  |TAMS 0x0000000085000000, 0x0000000084f00000| Untracked 
|  80|0x0000000085000000, 0x0000000085100000, 0x0000000085100000|100%| O|  |TAMS 0x0000000085100000, 0x0000000085000000| Untracked 
|  81|0x0000000085100000, 0x0000000085100000, 0x0000000085200000|  0%| F|  |TAMS 0x0000000085100000, 0x0000000085100000| Untracked 
|  82|0x0000000085200000, 0x0000000085200000, 0x0000000085300000|  0%| F|  |TAMS 0x0000000085200000, 0x0000000085200000| Untracked 
|  83|0x0000000085300000, 0x0000000085400000, 0x0000000085400000|100%| O|  |TAMS 0x0000000085400000, 0x0000000085300000| Untracked 
|  84|0x0000000085400000, 0x0000000085400000, 0x0000000085500000|  0%| F|  |TAMS 0x0000000085400000, 0x0000000085400000| Untracked 
|  85|0x0000000085500000, 0x0000000085600000, 0x0000000085600000|100%| O|  |TAMS 0x0000000085600000, 0x0000000085500000| Untracked 
|  86|0x0000000085600000, 0x0000000085700000, 0x0000000085700000|100%| O|  |TAMS 0x0000000085700000, 0x0000000085600000| Untracked 
|  87|0x0000000085700000, 0x0000000085800000, 0x0000000085800000|100%| O|  |TAMS 0x0000000085800000, 0x0000000085700000| Untracked 
|  88|0x0000000085800000, 0x0000000085900000, 0x0000000085900000|100%| O|  |TAMS 0x0000000085900000, 0x0000000085800000| Untracked 
|  89|0x0000000085900000, 0x0000000085a00000, 0x0000000085a00000|100%| O|  |TAMS 0x0000000085a00000, 0x0000000085900000| Untracked 
|  90|0x0000000085a00000, 0x0000000085a00000, 0x0000000085b00000|  0%| F|  |TAMS 0x0000000085a00000, 0x0000000085a00000| Untracked 
|  91|0x0000000085b00000, 0x0000000085c00000, 0x0000000085c00000|100%| O|  |TAMS 0x0000000085c00000, 0x0000000085b00000| Untracked 
|  92|0x0000000085c00000, 0x0000000085d00000, 0x0000000085d00000|100%| O|  |TAMS 0x0000000085d00000, 0x0000000085c00000| Untracked 
|  93|0x0000000085d00000, 0x0000000085e00000, 0x0000000085e00000|100%| O|  |TAMS 0x0000000085e00000, 0x0000000085d00000| Untracked 
|  94|0x0000000085e00000, 0x0000000085e00000, 0x0000000085f00000|  0%| F|  |TAMS 0x0000000085e00000, 0x0000000085e00000| Untracked 
|  95|0x0000000085f00000, 0x0000000086000000, 0x0000000086000000|100%| O|  |TAMS 0x0000000086000000, 0x0000000085f00000| Untracked 
|  96|0x0000000086000000, 0x0000000086100000, 0x0000000086100000|100%| O|  |TAMS 0x0000000086100000, 0x0000000086000000| Untracked 
|  97|0x0000000086100000, 0x0000000086200000, 0x0000000086200000|100%| O|  |TAMS 0x0000000086200000, 0x0000000086100000| Untracked 
|  98|0x0000000086200000, 0x0000000086300000, 0x0000000086300000|100%| O|  |TAMS 0x0000000086300000, 0x0000000086200000| Untracked 
|  99|0x0000000086300000, 0x0000000086400000, 0x0000000086400000|100%| O|  |TAMS 0x0000000086400000, 0x0000000086300000| Untracked 
| 100|0x0000000086400000, 0x0000000086500000, 0x0000000086500000|100%| O|  |TAMS 0x0000000086500000, 0x0000000086400000| Untracked 
| 101|0x0000000086500000, 0x0000000086600000, 0x0000000086600000|100%| O|  |TAMS 0x0000000086600000, 0x0000000086500000| Untracked 
| 102|0x0000000086600000, 0x0000000086600000, 0x0000000086700000|  0%| F|  |TAMS 0x0000000086600000, 0x0000000086600000| Untracked 
| 103|0x0000000086700000, 0x0000000086800000, 0x0000000086800000|100%| O|  |TAMS 0x0000000086800000, 0x0000000086700000| Untracked 
| 104|0x0000000086800000, 0x0000000086900000, 0x0000000086900000|100%| O|  |TAMS 0x0000000086900000, 0x0000000086800000| Untracked 
| 105|0x0000000086900000, 0x0000000086900000, 0x0000000086a00000|  0%| F|  |TAMS 0x0000000086900000, 0x0000000086900000| Untracked 
| 106|0x0000000086a00000, 0x0000000086a00000, 0x0000000086b00000|  0%| F|  |TAMS 0x0000000086a00000, 0x0000000086a00000| Untracked 
| 107|0x0000000086b00000, 0x0000000086b00000, 0x0000000086c00000|  0%| F|  |TAMS 0x0000000086b00000, 0x0000000086b00000| Untracked 
| 108|0x0000000086c00000, 0x0000000086c00000, 0x0000000086d00000|  0%| F|  |TAMS 0x0000000086c00000, 0x0000000086c00000| Untracked 
| 109|0x0000000086d00000, 0x0000000086e00000, 0x0000000086e00000|100%| O|  |TAMS 0x0000000086e00000, 0x0000000086d00000| Untracked 
| 110|0x0000000086e00000, 0x0000000086f00000, 0x0000000086f00000|100%| O|  |TAMS 0x0000000086f00000, 0x0000000086e00000| Untracked 
| 111|0x0000000086f00000, 0x0000000086f00000, 0x0000000087000000|  0%| F|  |TAMS 0x0000000086f00000, 0x0000000086f00000| Untracked 
| 112|0x0000000087000000, 0x0000000087000000, 0x0000000087100000|  0%| F|  |TAMS 0x0000000087000000, 0x0000000087000000| Untracked 
| 113|0x0000000087100000, 0x0000000087100000, 0x0000000087200000|  0%| F|  |TAMS 0x0000000087100000, 0x0000000087100000| Untracked 
| 114|0x0000000087200000, 0x0000000087200000, 0x0000000087300000|  0%| F|  |TAMS 0x0000000087200000, 0x0000000087200000| Untracked 
| 115|0x0000000087300000, 0x0000000087300000, 0x0000000087400000|  0%| F|  |TAMS 0x0000000087300000, 0x0000000087300000| Untracked 
| 116|0x0000000087400000, 0x0000000087500000, 0x0000000087500000|100%| O|  |TAMS 0x0000000087500000, 0x0000000087400000| Untracked 
| 117|0x0000000087500000, 0x0000000087600000, 0x0000000087600000|100%| O|  |TAMS 0x0000000087600000, 0x0000000087500000| Untracked 
| 118|0x0000000087600000, 0x0000000087700000, 0x0000000087700000|100%| O|  |TAMS 0x0000000087700000, 0x0000000087600000| Untracked 
| 119|0x0000000087700000, 0x0000000087800000, 0x0000000087800000|100%| O|  |TAMS 0x0000000087800000, 0x0000000087700000| Untracked 
| 120|0x0000000087800000, 0x0000000087800000, 0x0000000087900000|  0%| F|  |TAMS 0x0000000087800000, 0x0000000087800000| Untracked 
| 121|0x0000000087900000, 0x0000000087900000, 0x0000000087a00000|  0%| F|  |TAMS 0x0000000087900000, 0x0000000087900000| Untracked 
| 122|0x0000000087a00000, 0x0000000087b00000, 0x0000000087b00000|100%| O|  |TAMS 0x0000000087b00000, 0x0000000087a00000| Untracked 
| 123|0x0000000087b00000, 0x0000000087c00000, 0x0000000087c00000|100%| O|  |TAMS 0x0000000087c00000, 0x0000000087b00000| Untracked 
| 124|0x0000000087c00000, 0x0000000087c00000, 0x0000000087d00000|  0%| F|  |TAMS 0x0000000087c00000, 0x0000000087c00000| Untracked 
| 125|0x0000000087d00000, 0x0000000087e00000, 0x0000000087e00000|100%| O|  |TAMS 0x0000000087e00000, 0x0000000087d00000| Untracked 
| 126|0x0000000087e00000, 0x0000000087f00000, 0x0000000087f00000|100%| O|  |TAMS 0x0000000087f00000, 0x0000000087e00000| Untracked 
| 127|0x0000000087f00000, 0x0000000087f00000, 0x0000000088000000|  0%| F|  |TAMS 0x0000000087f00000, 0x0000000087f00000| Untracked 
| 128|0x0000000088000000, 0x0000000088100000, 0x0000000088100000|100%| O|  |TAMS 0x0000000088100000, 0x0000000088000000| Untracked 
| 129|0x0000000088100000, 0x0000000088100000, 0x0000000088200000|  0%| F|  |TAMS 0x0000000088100000, 0x0000000088100000| Untracked 
| 130|0x0000000088200000, 0x0000000088200000, 0x0000000088300000|  0%| F|  |TAMS 0x0000000088200000, 0x0000000088200000| Untracked 
| 131|0x0000000088300000, 0x0000000088300000, 0x0000000088400000|  0%| F|  |TAMS 0x0000000088300000, 0x0000000088300000| Untracked 
| 132|0x0000000088400000, 0x0000000088400000, 0x0000000088500000|  0%| F|  |TAMS 0x0000000088400000, 0x0000000088400000| Untracked 
| 133|0x0000000088500000, 0x0000000088500000, 0x0000000088600000|  0%| F|  |TAMS 0x0000000088500000, 0x0000000088500000| Untracked 
| 134|0x0000000088600000, 0x0000000088600000, 0x0000000088700000|  0%| F|  |TAMS 0x0000000088600000, 0x0000000088600000| Untracked 
| 135|0x0000000088700000, 0x0000000088700000, 0x0000000088800000|  0%| F|  |TAMS 0x0000000088700000, 0x0000000088700000| Untracked 
| 136|0x0000000088800000, 0x0000000088800000, 0x0000000088900000|  0%| F|  |TAMS 0x0000000088800000, 0x0000000088800000| Untracked 
| 137|0x0000000088900000, 0x0000000088900000, 0x0000000088a00000|  0%| F|  |TAMS 0x0000000088900000, 0x0000000088900000| Untracked 
| 138|0x0000000088a00000, 0x0000000088a00000, 0x0000000088b00000|  0%| F|  |TAMS 0x0000000088a00000, 0x0000000088a00000| Untracked 
| 139|0x0000000088b00000, 0x0000000088b00000, 0x0000000088c00000|  0%| F|  |TAMS 0x0000000088b00000, 0x0000000088b00000| Untracked 
| 140|0x0000000088c00000, 0x0000000088c00000, 0x0000000088d00000|  0%| F|  |TAMS 0x0000000088c00000, 0x0000000088c00000| Untracked 
| 141|0x0000000088d00000, 0x0000000088d00000, 0x0000000088e00000|  0%| F|  |TAMS 0x0000000088d00000, 0x0000000088d00000| Untracked 
| 142|0x0000000088e00000, 0x0000000088e00000, 0x0000000088f00000|  0%| F|  |TAMS 0x0000000088e00000, 0x0000000088e00000| Untracked 
| 143|0x0000000088f00000, 0x0000000088f00000, 0x0000000089000000|  0%| F|  |TAMS 0x0000000088f00000, 0x0000000088f00000| Untracked 
| 144|0x0000000089000000, 0x0000000089000000, 0x0000000089100000|  0%| F|  |TAMS 0x0000000089000000, 0x0000000089000000| Untracked 
| 145|0x0000000089100000, 0x0000000089100000, 0x0000000089200000|  0%| F|  |TAMS 0x0000000089100000, 0x0000000089100000| Untracked 
| 146|0x0000000089200000, 0x0000000089200000, 0x0000000089300000|  0%| F|  |TAMS 0x0000000089200000, 0x0000000089200000| Untracked 
| 147|0x0000000089300000, 0x0000000089300000, 0x0000000089400000|  0%| F|  |TAMS 0x0000000089300000, 0x0000000089300000| Untracked 
| 148|0x0000000089400000, 0x0000000089400000, 0x0000000089500000|  0%| F|  |TAMS 0x0000000089400000, 0x0000000089400000| Untracked 
| 149|0x0000000089500000, 0x0000000089500000, 0x0000000089600000|  0%| F|  |TAMS 0x0000000089500000, 0x0000000089500000| Untracked 
| 150|0x0000000089600000, 0x0000000089600000, 0x0000000089700000|  0%| F|  |TAMS 0x0000000089600000, 0x0000000089600000| Untracked 
| 151|0x0000000089700000, 0x0000000089700000, 0x0000000089800000|  0%| F|  |TAMS 0x0000000089700000, 0x0000000089700000| Untracked 
| 152|0x0000000089800000, 0x0000000089800000, 0x0000000089900000|  0%| F|  |TAMS 0x0000000089800000, 0x0000000089800000| Untracked 
| 153|0x0000000089900000, 0x0000000089900000, 0x0000000089a00000|  0%| F|  |TAMS 0x0000000089900000, 0x0000000089900000| Untracked 
| 154|0x0000000089a00000, 0x0000000089a00000, 0x0000000089b00000|  0%| F|  |TAMS 0x0000000089a00000, 0x0000000089a00000| Untracked 
| 155|0x0000000089b00000, 0x0000000089b00000, 0x0000000089c00000|  0%| F|  |TAMS 0x0000000089b00000, 0x0000000089b00000| Untracked 
| 156|0x0000000089c00000, 0x0000000089c00000, 0x0000000089d00000|  0%| F|  |TAMS 0x0000000089c00000, 0x0000000089c00000| Untracked 
| 157|0x0000000089d00000, 0x0000000089d00000, 0x0000000089e00000|  0%| F|  |TAMS 0x0000000089d00000, 0x0000000089d00000| Untracked 
| 158|0x0000000089e00000, 0x0000000089e00000, 0x0000000089f00000|  0%| F|  |TAMS 0x0000000089e00000, 0x0000000089e00000| Untracked 
| 159|0x0000000089f00000, 0x0000000089f00000, 0x000000008a000000|  0%| F|  |TAMS 0x0000000089f00000, 0x0000000089f00000| Untracked 
| 160|0x000000008a000000, 0x000000008a000000, 0x000000008a100000|  0%| F|  |TAMS 0x000000008a000000, 0x000000008a000000| Untracked 
| 161|0x000000008a100000, 0x000000008a100000, 0x000000008a200000|  0%| F|  |TAMS 0x000000008a100000, 0x000000008a100000| Untracked 
| 162|0x000000008a200000, 0x000000008a200000, 0x000000008a300000|  0%| F|  |TAMS 0x000000008a200000, 0x000000008a200000| Untracked 
| 163|0x000000008a300000, 0x000000008a300000, 0x000000008a400000|  0%| F|  |TAMS 0x000000008a300000, 0x000000008a300000| Untracked 
| 164|0x000000008a400000, 0x000000008a400000, 0x000000008a500000|  0%| F|  |TAMS 0x000000008a400000, 0x000000008a400000| Untracked 
| 165|0x000000008a500000, 0x000000008a500000, 0x000000008a600000|  0%| F|  |TAMS 0x000000008a500000, 0x000000008a500000| Untracked 
| 166|0x000000008a600000, 0x000000008a600000, 0x000000008a700000|  0%| F|  |TAMS 0x000000008a600000, 0x000000008a600000| Untracked 
| 167|0x000000008a700000, 0x000000008a700000, 0x000000008a800000|  0%| F|  |TAMS 0x000000008a700000, 0x000000008a700000| Untracked 
| 168|0x000000008a800000, 0x000000008a800000, 0x000000008a900000|  0%| F|  |TAMS 0x000000008a800000, 0x000000008a800000| Untracked 
| 169|0x000000008a900000, 0x000000008a900000, 0x000000008aa00000|  0%| F|  |TAMS 0x000000008a900000, 0x000000008a900000| Untracked 
| 170|0x000000008aa00000, 0x000000008aa00000, 0x000000008ab00000|  0%| F|  |TAMS 0x000000008aa00000, 0x000000008aa00000| Untracked 
| 171|0x000000008ab00000, 0x000000008ab00000, 0x000000008ac00000|  0%| F|  |TAMS 0x000000008ab00000, 0x000000008ab00000| Untracked 
| 172|0x000000008ac00000, 0x000000008ac00000, 0x000000008ad00000|  0%| F|  |TAMS 0x000000008ac00000, 0x000000008ac00000| Untracked 
| 173|0x000000008ad00000, 0x000000008adbb218, 0x000000008ae00000| 73%| E|  |TAMS 0x000000008ad00000, 0x000000008ad00000| Complete 
| 174|0x000000008ae00000, 0x000000008af00000, 0x000000008af00000|100%| E|CS|TAMS 0x000000008ae00000, 0x000000008ae00000| Complete 
| 175|0x000000008af00000, 0x000000008b000000, 0x000000008b000000|100%| E|CS|TAMS 0x000000008af00000, 0x000000008af00000| Complete 
| 176|0x000000008b000000, 0x000000008b100000, 0x000000008b100000|100%| E|CS|TAMS 0x000000008b000000, 0x000000008b000000| Complete 
| 177|0x000000008b100000, 0x000000008b200000, 0x000000008b200000|100%| E|CS|TAMS 0x000000008b100000, 0x000000008b100000| Complete 
| 178|0x000000008b200000, 0x000000008b300000, 0x000000008b300000|100%| E|CS|TAMS 0x000000008b200000, 0x000000008b200000| Complete 
| 179|0x000000008b300000, 0x000000008b400000, 0x000000008b400000|100%| E|CS|TAMS 0x000000008b300000, 0x000000008b300000| Complete 
| 180|0x000000008b400000, 0x000000008b500000, 0x000000008b500000|100%| E|CS|TAMS 0x000000008b400000, 0x000000008b400000| Complete 
| 181|0x000000008b500000, 0x000000008b600000, 0x000000008b600000|100%| E|CS|TAMS 0x000000008b500000, 0x000000008b500000| Complete 
| 182|0x000000008b600000, 0x000000008b700000, 0x000000008b700000|100%| E|CS|TAMS 0x000000008b600000, 0x000000008b600000| Complete 
| 183|0x000000008b700000, 0x000000008b800000, 0x000000008b800000|100%| E|CS|TAMS 0x000000008b700000, 0x000000008b700000| Complete 
| 184|0x000000008b800000, 0x000000008b900000, 0x000000008b900000|100%| E|  |TAMS 0x000000008b800000, 0x000000008b800000| Complete 
| 185|0x000000008b900000, 0x000000008ba00000, 0x000000008ba00000|100%| E|CS|TAMS 0x000000008b900000, 0x000000008b900000| Complete 
| 186|0x000000008ba00000, 0x000000008bb00000, 0x000000008bb00000|100%| E|CS|TAMS 0x000000008ba00000, 0x000000008ba00000| Complete 
| 187|0x000000008bb00000, 0x000000008bc00000, 0x000000008bc00000|100%| E|CS|TAMS 0x000000008bb00000, 0x000000008bb00000| Complete 
| 188|0x000000008bc00000, 0x000000008bd00000, 0x000000008bd00000|100%| E|CS|TAMS 0x000000008bc00000, 0x000000008bc00000| Complete 
| 189|0x000000008bd00000, 0x000000008be00000, 0x000000008be00000|100%| E|CS|TAMS 0x000000008bd00000, 0x000000008bd00000| Complete 
| 190|0x000000008be00000, 0x000000008bf00000, 0x000000008bf00000|100%| E|CS|TAMS 0x000000008be00000, 0x000000008be00000| Complete 
| 191|0x000000008bf00000, 0x000000008c000000, 0x000000008c000000|100%| E|CS|TAMS 0x000000008bf00000, 0x000000008bf00000| Complete 
| 192|0x000000008c000000, 0x000000008c100000, 0x000000008c100000|100%| E|CS|TAMS 0x000000008c000000, 0x000000008c000000| Complete 
| 193|0x000000008c100000, 0x000000008c200000, 0x000000008c200000|100%| E|CS|TAMS 0x000000008c100000, 0x000000008c100000| Complete 
| 194|0x000000008c200000, 0x000000008c300000, 0x000000008c300000|100%| E|CS|TAMS 0x000000008c200000, 0x000000008c200000| Complete 
| 195|0x000000008c300000, 0x000000008c400000, 0x000000008c400000|100%| E|CS|TAMS 0x000000008c300000, 0x000000008c300000| Complete 
| 196|0x000000008c400000, 0x000000008c500000, 0x000000008c500000|100%| E|CS|TAMS 0x000000008c400000, 0x000000008c400000| Complete 
| 197|0x000000008c500000, 0x000000008c600000, 0x000000008c600000|100%| E|CS|TAMS 0x000000008c500000, 0x000000008c500000| Complete 
| 198|0x000000008c600000, 0x000000008c700000, 0x000000008c700000|100%| E|CS|TAMS 0x000000008c600000, 0x000000008c600000| Complete 
| 199|0x000000008c700000, 0x000000008c800000, 0x000000008c800000|100%| E|CS|TAMS 0x000000008c700000, 0x000000008c700000| Complete 
| 200|0x000000008c800000, 0x000000008c900000, 0x000000008c900000|100%| E|CS|TAMS 0x000000008c800000, 0x000000008c800000| Complete 
| 201|0x000000008c900000, 0x000000008ca00000, 0x000000008ca00000|100%| E|CS|TAMS 0x000000008c900000, 0x000000008c900000| Complete 
| 202|0x000000008ca00000, 0x000000008cb00000, 0x000000008cb00000|100%| E|CS|TAMS 0x000000008ca00000, 0x000000008ca00000| Complete 
| 203|0x000000008cb00000, 0x000000008cc00000, 0x000000008cc00000|100%| E|CS|TAMS 0x000000008cb00000, 0x000000008cb00000| Complete 
| 204|0x000000008cc00000, 0x000000008cd00000, 0x000000008cd00000|100%| E|CS|TAMS 0x000000008cc00000, 0x000000008cc00000| Complete 
| 205|0x000000008cd00000, 0x000000008ce00000, 0x000000008ce00000|100%| E|CS|TAMS 0x000000008cd00000, 0x000000008cd00000| Complete 
| 206|0x000000008ce00000, 0x000000008cf00000, 0x000000008cf00000|100%| E|CS|TAMS 0x000000008ce00000, 0x000000008ce00000| Complete 
| 207|0x000000008cf00000, 0x000000008d000000, 0x000000008d000000|100%| E|CS|TAMS 0x000000008cf00000, 0x000000008cf00000| Complete 
| 208|0x000000008d000000, 0x000000008d100000, 0x000000008d100000|100%| E|CS|TAMS 0x000000008d000000, 0x000000008d000000| Complete 
| 209|0x000000008d100000, 0x000000008d200000, 0x000000008d200000|100%| E|CS|TAMS 0x000000008d100000, 0x000000008d100000| Complete 
| 210|0x000000008d200000, 0x000000008d300000, 0x000000008d300000|100%| E|CS|TAMS 0x000000008d200000, 0x000000008d200000| Complete 
| 211|0x000000008d300000, 0x000000008d400000, 0x000000008d400000|100%| E|CS|TAMS 0x000000008d300000, 0x000000008d300000| Complete 
| 212|0x000000008d400000, 0x000000008d500000, 0x000000008d500000|100%| E|CS|TAMS 0x000000008d400000, 0x000000008d400000| Complete 
| 213|0x000000008d500000, 0x000000008d5e7900, 0x000000008d600000| 90%| S|CS|TAMS 0x000000008d500000, 0x000000008d500000| Complete 
| 214|0x000000008d600000, 0x000000008d700000, 0x000000008d700000|100%| E|CS|TAMS 0x000000008d600000, 0x000000008d600000| Complete 
| 215|0x000000008d700000, 0x000000008d800000, 0x000000008d800000|100%| E|CS|TAMS 0x000000008d700000, 0x000000008d700000| Complete 
| 216|0x000000008d800000, 0x000000008d900000, 0x000000008d900000|100%| E|CS|TAMS 0x000000008d800000, 0x000000008d800000| Complete 
| 217|0x000000008d900000, 0x000000008da00000, 0x000000008da00000|100%| E|CS|TAMS 0x000000008d900000, 0x000000008d900000| Complete 
| 218|0x000000008da00000, 0x000000008db00000, 0x000000008db00000|100%| E|CS|TAMS 0x000000008da00000, 0x000000008da00000| Complete 
| 219|0x000000008db00000, 0x000000008dc00000, 0x000000008dc00000|100%| E|CS|TAMS 0x000000008db00000, 0x000000008db00000| Complete 

Card table byte_map: [0x0000029760b10000,0x0000029760f10000] _byte_map_base: 0x0000029760710000

Marking Bits (Prev, Next): (CMBitMap*) 0x000002974d331b90, (CMBitMap*) 0x000002974d331b58
 Prev Bits: [0x0000029763310000, 0x0000029765310000)
 Next Bits: [0x0000029761310000, 0x0000029763310000)

Polling page: 0x0000029750c70000

Metaspace:

Usage:
  Non-class:    113.98 MB capacity,   111.78 MB ( 98%) used,     1.85 MB (  2%) free+waste,   353.75 KB ( <1%) overhead. 
      Class:     16.54 MB capacity,    15.44 MB ( 93%) used,   964.72 KB (  6%) free+waste,   156.50 KB ( <1%) overhead. 
       Both:    130.52 MB capacity,   127.23 MB ( 97%) used,     2.79 MB (  2%) free+waste,   510.25 KB ( <1%) overhead. 

Virtual space:
  Non-class space:      116.00 MB reserved,     114.12 MB ( 98%) committed 
      Class space:        1.00 GB reserved,      16.63 MB (  2%) committed 
             Both:        1.11 GB reserved,     130.75 MB ( 11%) committed 

Chunk freelists:
   Non-Class:  15.00 KB
       Class:  28.00 KB
        Both:  43.00 KB

MaxMetaspaceSize: 17179869184.00 GB
CompressedClassSpaceSize: 1.00 GB

CodeHeap 'non-profiled nmethods': size=120000Kb used=12256Kb max_used=12256Kb free=107744Kb
 bounds [0x0000029758760000, 0x0000029759360000, 0x000002975fc90000]
CodeHeap 'profiled nmethods': size=120000Kb used=39147Kb max_used=39147Kb free=80853Kb
 bounds [0x0000029751230000, 0x0000029753890000, 0x0000029758760000]
CodeHeap 'non-nmethods': size=5760Kb used=2376Kb max_used=2435Kb free=3383Kb
 bounds [0x0000029750c90000, 0x0000029750f00000, 0x0000029751230000]
 total_blobs=18788 nmethods=17787 adapters=911
 compilation: enabled
              stopped_count=0, restarted_count=0
 full_count=0

Compilation events (20 events):
Event: 2382.265 Thread 0x00000297686df800 20489       2       com.android.tools.r8.graph.a1$d::c (803 bytes)
Event: 2382.268 Thread 0x00000297686df800 nmethod 20489 0x0000029753856a90 code [0x0000029753856f80, 0x0000029753859408]
Event: 2382.269 Thread 0x00000297686df800 20486       2       com.android.tools.r8.C.a.a.f::a (16 bytes)
Event: 2382.269 Thread 0x00000297686df800 nmethod 20486 0x000002975385a910 code [0x000002975385aae0, 0x000002975385ad08]
Event: 2382.269 Thread 0x00000297686df800 20485       2       com.android.tools.r8.graph.t0::<init> (5 bytes)
Event: 2382.269 Thread 0x00000297686df800 nmethod 20485 0x000002975385af10 code [0x000002975385b0c0, 0x000002975385b1b8]
Event: 2382.272 Thread 0x00000297686df800 20490       2       com.android.tools.build.apkzlib.zip.ZFile::makeVerifyLog (23 bytes)
Event: 2382.273 Thread 0x00000297686df800 nmethod 20490 0x000002975385b290 code [0x000002975385b460, 0x000002975385b698]
Event: 2382.273 Thread 0x00000297686df800 20491       2       com.android.tools.build.apkzlib.zip.StoredEntry::readLocalHeader (423 bytes)
Event: 2382.275 Thread 0x00000297686df800 nmethod 20491 0x000002975385b790 code [0x000002975385bc40, 0x000002975385d5c8]
Event: 2382.275 Thread 0x00000297686df800 20492       2       com.android.tools.build.apkzlib.zip.ZipField::verify (8 bytes)
Event: 2382.276 Thread 0x00000297686df800 nmethod 20492 0x000002975385e790 code [0x000002975385e940, 0x000002975385ea68]
Event: 2382.276 Thread 0x00000297686df800 20493   !   2       com.android.tools.build.apkzlib.zip.StoredEntry::createSourceFromZip (62 bytes)
Event: 2382.276 Thread 0x00000297686df800 nmethod 20493 0x000002975385eb10 code [0x000002975385ed00, 0x000002975385f138]
Event: 2382.276 Thread 0x00000297686df800 20494       2       com.android.tools.build.apkzlib.zip.StoredEntry$1::<init> (20 bytes)
Event: 2382.276 Thread 0x00000297686df800 nmethod 20494 0x000002975385f390 code [0x000002975385f540, 0x000002975385f6f8]
Event: 2382.276 Thread 0x00000297686df800 20495   !   2       com.android.tools.build.apkzlib.zip.StoredEntry::createSourcesFromRawContents (58 bytes)
Event: 2382.276 Thread 0x00000297686df800 nmethod 20495 0x000002975385f790 code [0x000002975385f980, 0x000002975385fd78]
Event: 2382.276 Thread 0x00000297686df800 20496       2       com.android.tools.build.apkzlib.zip.ProcessedAndRawByteSources::<init> (15 bytes)
Event: 2382.276 Thread 0x00000297686df800 nmethod 20496 0x000002975385ff90 code [0x0000029753860140, 0x00000297538602d8]

GC Heap History (20 events):
Event: 2380.383 GC heap before
{Heap before GC invocations=66 (full 0):
 garbage-first heap   total 187392K, used 121812K [0x0000000080000000, 0x0000000100000000)
  region size 1024K, 9 young (9216K), 6 survivors (6144K)
 Metaspace       used 120897K, capacity 123921K, committed 124540K, reserved 1157120K
  class space    used 14824K, capacity 15856K, committed 16128K, reserved 1048576K
}
Event: 2380.386 GC heap after
{Heap after GC invocations=67 (full 0):
 garbage-first heap   total 187392K, used 118891K [0x0000000080000000, 0x0000000100000000)
  region size 1024K, 1 young (1024K), 1 survivors (1024K)
 Metaspace       used 120897K, capacity 123921K, committed 124540K, reserved 1157120K
  class space    used 14824K, capacity 15856K, committed 16128K, reserved 1048576K
}
Event: 2380.525 GC heap before
{Heap before GC invocations=67 (full 0):
 garbage-first heap   total 187392K, used 135275K [0x0000000080000000, 0x0000000100000000)
  region size 1024K, 18 young (18432K), 1 survivors (1024K)
 Metaspace       used 121387K, capacity 124526K, committed 125052K, reserved 1159168K
  class space    used 14870K, capacity 15910K, committed 16128K, reserved 1048576K
}
Event: 2380.529 GC heap after
{Heap after GC invocations=68 (full 0):
 garbage-first heap   total 187392K, used 119601K [0x0000000080000000, 0x0000000100000000)
  region size 1024K, 2 young (2048K), 2 survivors (2048K)
 Metaspace       used 121387K, capacity 124526K, committed 125052K, reserved 1159168K
  class space    used 14870K, capacity 15910K, committed 16128K, reserved 1048576K
}
Event: 2380.835 GC heap before
{Heap before GC invocations=69 (full 0):
 garbage-first heap   total 187392K, used 164657K [0x0000000080000000, 0x0000000100000000)
  region size 1024K, 36 young (36864K), 2 survivors (2048K)
 Metaspace       used 121927K, capacity 125061K, committed 125564K, reserved 1159168K
  class space    used 14904K, capacity 15953K, committed 16128K, reserved 1048576K
}
Event: 2380.839 GC heap after
{Heap after GC invocations=70 (full 0):
 garbage-first heap   total 187392K, used 121811K [0x0000000080000000, 0x0000000100000000)
  region size 1024K, 4 young (4096K), 4 survivors (4096K)
 Metaspace       used 121927K, capacity 125061K, committed 125564K, reserved 1159168K
  class space    used 14904K, capacity 15953K, committed 16128K, reserved 1048576K
}
Event: 2380.876 GC heap before
{Heap before GC invocations=70 (full 0):
 garbage-first heap   total 187392K, used 125907K [0x0000000080000000, 0x0000000100000000)
  region size 1024K, 9 young (9216K), 4 survivors (4096K)
 Metaspace       used 122737K, capacity 125864K, committed 126332K, reserved 1159168K
  class space    used 14970K, capacity 15986K, committed 16128K, reserved 1048576K
}
Event: 2380.879 GC heap after
{Heap after GC invocations=71 (full 0):
 garbage-first heap   total 187392K, used 121958K [0x0000000080000000, 0x0000000100000000)
  region size 1024K, 1 young (1024K), 1 survivors (1024K)
 Metaspace       used 122737K, capacity 125864K, committed 126332K, reserved 1159168K
  class space    used 14970K, capacity 15986K, committed 16128K, reserved 1048576K
}
Event: 2381.027 GC heap before
{Heap before GC invocations=71 (full 0):
 garbage-first heap   total 187392K, used 154726K [0x0000000080000000, 0x0000000100000000)
  region size 1024K, 34 young (34816K), 1 survivors (1024K)
 Metaspace       used 124742K, capacity 127880K, committed 128380K, reserved 1161216K
  class space    used 15125K, capacity 16146K, committed 16384K, reserved 1048576K
}
Event: 2381.031 GC heap after
{Heap after GC invocations=72 (full 0):
 garbage-first heap   total 187392K, used 125002K [0x0000000080000000, 0x0000000100000000)
  region size 1024K, 4 young (4096K), 4 survivors (4096K)
 Metaspace       used 124742K, capacity 127880K, committed 128380K, reserved 1161216K
  class space    used 15125K, capacity 16146K, committed 16384K, reserved 1048576K
}
Event: 2381.188 GC heap before
{Heap before GC invocations=73 (full 0):
 garbage-first heap   total 187392K, used 149363K [0x0000000080000000, 0x0000000100000000)
  region size 1024K, 35 young (35840K), 4 survivors (4096K)
 Metaspace       used 125798K, capacity 128949K, committed 129404K, reserved 1163264K
  class space    used 15204K, capacity 16245K, committed 16384K, reserved 1048576K
}
Event: 2381.190 GC heap after
{Heap after GC invocations=74 (full 0):
 garbage-first heap   total 187392K, used 115768K [0x0000000080000000, 0x0000000100000000)
  region size 1024K, 1 young (1024K), 1 survivors (1024K)
 Metaspace       used 125798K, capacity 128949K, committed 129404K, reserved 1163264K
  class space    used 15204K, capacity 16245K, committed 16384K, reserved 1048576K
}
Event: 2381.242 GC heap before
{Heap before GC invocations=74 (full 0):
 garbage-first heap   total 187392K, used 122936K [0x0000000080000000, 0x0000000100000000)
  region size 1024K, 9 young (9216K), 1 survivors (1024K)
 Metaspace       used 126143K, capacity 129316K, committed 129788K, reserved 1163264K
  class space    used 15253K, capacity 16282K, committed 16512K, reserved 1048576K
}
Event: 2381.245 GC heap after
{Heap after GC invocations=75 (full 0):
 garbage-first heap   total 187392K, used 108870K [0x0000000080000000, 0x0000000100000000)
  region size 1024K, 1 young (1024K), 1 survivors (1024K)
 Metaspace       used 126143K, capacity 129316K, committed 129788K, reserved 1163264K
  class space    used 15253K, capacity 16282K, committed 16512K, reserved 1048576K
}
Event: 2381.670 GC heap before
{Heap before GC invocations=75 (full 0):
 garbage-first heap   total 187392K, used 150854K [0x0000000080000000, 0x0000000100000000)
  region size 1024K, 43 young (44032K), 1 survivors (1024K)
 Metaspace       used 126869K, capacity 130085K, committed 130428K, reserved 1163264K
  class space    used 15327K, capacity 16427K, committed 16640K, reserved 1048576K
}
Event: 2381.675 GC heap after
{Heap after GC invocations=76 (full 0):
 garbage-first heap   total 187392K, used 111230K [0x0000000080000000, 0x0000000100000000)
  region size 1024K, 4 young (4096K), 4 survivors (4096K)
 Metaspace       used 126869K, capacity 130085K, committed 130428K, reserved 1163264K
  class space    used 15327K, capacity 16427K, committed 16640K, reserved 1048576K
}
Event: 2381.964 GC heap before
{Heap before GC invocations=77 (full 0):
 garbage-first heap   total 187392K, used 152190K [0x0000000080000000, 0x0000000100000000)
  region size 1024K, 45 young (46080K), 4 survivors (4096K)
 Metaspace       used 127000K, capacity 130241K, committed 130684K, reserved 1163264K
  class space    used 15341K, capacity 16434K, committed 16640K, reserved 1048576K
}
Event: 2381.972 GC heap after
{Heap after GC invocations=78 (full 0):
 garbage-first heap   total 225280K, used 112805K [0x0000000080000000, 0x0000000100000000)
  region size 1024K, 5 young (5120K), 5 survivors (5120K)
 Metaspace       used 127000K, capacity 130241K, committed 130684K, reserved 1163264K
  class space    used 15341K, capacity 16434K, committed 16640K, reserved 1048576K
}
Event: 2382.011 GC heap before
{Heap before GC invocations=78 (full 0):
 garbage-first heap   total 225280K, used 117925K [0x0000000080000000, 0x0000000100000000)
  region size 1024K, 11 young (11264K), 5 survivors (5120K)
 Metaspace       used 127168K, capacity 130348K, committed 130684K, reserved 1163264K
  class space    used 15363K, capacity 16447K, committed 16640K, reserved 1048576K
}
Event: 2382.015 GC heap after
{Heap after GC invocations=79 (full 0):
 garbage-first heap   total 225280K, used 113278K [0x0000000080000000, 0x0000000100000000)
  region size 1024K, 1 young (1024K), 1 survivors (1024K)
 Metaspace       used 127168K, capacity 130348K, committed 130684K, reserved 1163264K
  class space    used 15363K, capacity 16447K, committed 16640K, reserved 1048576K
}

Deoptimization events (20 events):
Event: 2382.009 Thread 0x0000029768f31000 Uncommon trap: trap_request=0xffffff4d fr.pc=0x0000029758a2e9b0 relative=0x00000000000009d0
Event: 2382.009 Thread 0x0000029768f31000 Uncommon trap: reason=unstable_if action=reinterpret pc=0x0000029758a2e9b0 method=org.gradle.cache.internal.LoggingEvictionListener.onRemoval(Lcom/google/common/cache/RemovalNotification;)V @ 7 c2
Event: 2382.009 Thread 0x0000029768f31000 DEOPT PACKING pc=0x0000029758a2e9b0 sp=0x000000c0209fd7a0
Event: 2382.009 Thread 0x0000029768f31000 DEOPT UNPACKING pc=0x0000029750cb74af sp=0x000000c0209fd708 mode 2
Event: 2382.050 Thread 0x0000029768f33000 Uncommon trap: trap_request=0xffffff4d fr.pc=0x0000029758f23d9c relative=0x00000000000000fc
Event: 2382.050 Thread 0x0000029768f33000 Uncommon trap: reason=unstable_if action=reinterpret pc=0x0000029758f23d9c method=java.util.stream.AbstractPipeline.close()V @ 22 c2
Event: 2382.050 Thread 0x0000029768f33000 DEOPT PACKING pc=0x0000029758f23d9c sp=0x000000c020bfb5a0
Event: 2382.050 Thread 0x0000029768f33000 DEOPT UNPACKING pc=0x0000029750cb74af sp=0x000000c020bfb558 mode 2
Event: 2382.070 Thread 0x00000297689a2800 Uncommon trap: trap_request=0xffffff4d fr.pc=0x0000029758b0ec5c relative=0x00000000000000bc
Event: 2382.070 Thread 0x00000297689a2800 Uncommon trap: reason=unstable_if action=reinterpret pc=0x0000029758b0ec5c method=jdk.internal.misc.Unsafe.convEndian(ZS)S @ 4 c2
Event: 2382.070 Thread 0x00000297689a2800 DEOPT PACKING pc=0x0000029758b0ec5c sp=0x000000c028ffd210
Event: 2382.070 Thread 0x00000297689a2800 DEOPT UNPACKING pc=0x0000029750cb74af sp=0x000000c028ffd0d0 mode 2
Event: 2382.098 Thread 0x00000297689a2800 Uncommon trap: trap_request=0xffffff4d fr.pc=0x0000029758d35e2c relative=0x0000000000000bec
Event: 2382.098 Thread 0x00000297689a2800 Uncommon trap: reason=unstable_if action=reinterpret pc=0x0000029758d35e2c method=sun.nio.fs.WindowsPathParser.normalize(Ljava/lang/StringBuilder;Ljava/lang/String;I)Ljava/lang/String; @ 100 c2
Event: 2382.098 Thread 0x00000297689a2800 DEOPT PACKING pc=0x0000029758d35e2c sp=0x000000c028ffc840
Event: 2382.098 Thread 0x00000297689a2800 DEOPT UNPACKING pc=0x0000029750cb74af sp=0x000000c028ffc810 mode 2
Event: 2382.135 Thread 0x0000029768f31000 DEOPT PACKING pc=0x00000297537faac4 sp=0x000000c0209fad40
Event: 2382.135 Thread 0x0000029768f31000 DEOPT UNPACKING pc=0x0000029750cb72ce sp=0x000000c0209fa2e0 mode 0
Event: 2382.266 Thread 0x0000029768f2f800 DEOPT PACKING pc=0x00000297537faac4 sp=0x000000c020afca90
Event: 2382.266 Thread 0x0000029768f2f800 DEOPT UNPACKING pc=0x0000029750cb72ce sp=0x000000c020afc030 mode 0

Classes redefined (0 events):
No events

Internal exceptions (20 events):
Event: 2381.725 Thread 0x000002976c94d800 Exception <a 'sun/nio/fs/WindowsException'{0x000000008b0496e8}> (0x000000008b0496e8) thrown at [./src/hotspot/share/prims/jni.cpp, line 615]
Event: 2381.732 Thread 0x0000029768f2f800 Exception <a 'sun/nio/fs/WindowsException'{0x000000008b0ff718}> (0x000000008b0ff718) thrown at [./src/hotspot/share/prims/jni.cpp, line 615]
Event: 2381.743 Thread 0x000002976c94f000 Exception <a 'sun/nio/fs/WindowsException'{0x000000008aff03d8}> (0x000000008aff03d8) thrown at [./src/hotspot/share/prims/jni.cpp, line 615]
Event: 2381.769 Thread 0x0000029768f2f800 Exception <a 'sun/nio/fs/WindowsException'{0x000000008aee1850}> (0x000000008aee1850) thrown at [./src/hotspot/share/prims/jni.cpp, line 615]
Event: 2381.791 Thread 0x0000029768f32000 Exception <a 'sun/nio/fs/WindowsException'{0x000000008adc7268}> (0x000000008adc7268) thrown at [./src/hotspot/share/prims/jni.cpp, line 615]
Event: 2381.791 Thread 0x000002976c94f000 Exception <a 'sun/nio/fs/WindowsException'{0x000000008ac46e10}> (0x000000008ac46e10) thrown at [./src/hotspot/share/prims/jni.cpp, line 615]
Event: 2381.804 Thread 0x0000029768f32000 Exception <a 'sun/nio/fs/WindowsException'{0x000000008a965260}> (0x000000008a965260) thrown at [./src/hotspot/share/prims/jni.cpp, line 615]
Event: 2381.881 Thread 0x000002976c94f000 Implicit null exception at 0x0000029759046022 to 0x000002975904762c
Event: 2381.982 Thread 0x000002976d496000 Exception <a 'java/lang/NoSuchMethodError'{0x000000008daa1c90}: 'int java.lang.invoke.DirectMethodHandle$Holder.invokeSpecial(java.lang.Object, java.lang.Object, java.lang.Object, java.lang.Object, java.lang.Object)'> (0x000000008daa1c90) thrown at [./src/hotspot/share/interpreter/linkResolver.cpp, line 773]
Event: 2382.003 Thread 0x00000297689a2800 Exception <a 'sun/nio/fs/WindowsException'{0x000000008d9f4f30}> (0x000000008d9f4f30) thrown at [./src/hotspot/share/prims/jni.cpp, line 615]
Event: 2382.004 Thread 0x000002976c942800 Implicit null exception at 0x0000029758b89233 to 0x0000029758b89d10
Event: 2382.106 Thread 0x000002976c94f800 Exception <a 'sun/nio/fs/WindowsException'{0x000000008ca35218}> (0x000000008ca35218) thrown at [./src/hotspot/share/prims/jni.cpp, line 615]
Event: 2382.106 Thread 0x000002976c94f000 Exception <a 'sun/nio/fs/WindowsException'{0x000000008ca15468}> (0x000000008ca15468) thrown at [./src/hotspot/share/prims/jni.cpp, line 615]
Event: 2382.106 Thread 0x0000029768f33000 Exception <a 'sun/nio/fs/WindowsException'{0x000000008ca3d3d8}> (0x000000008ca3d3d8) thrown at [./src/hotspot/share/prims/jni.cpp, line 615]
Event: 2382.125 Thread 0x000002976c94e000 Exception <a 'sun/nio/fs/WindowsException'{0x000000008c629ec8}> (0x000000008c629ec8) thrown at [./src/hotspot/share/prims/jni.cpp, line 615]
Event: 2382.139 Thread 0x0000029768f31000 Exception <a 'sun/nio/fs/WindowsException'{0x000000008c43b838}> (0x000000008c43b838) thrown at [./src/hotspot/share/prims/jni.cpp, line 615]
Event: 2382.192 Thread 0x0000029768f31000 Exception <a 'java/lang/NoSuchMethodError'{0x000000008bf9d2c8}: 'java.lang.Object java.lang.invoke.DirectMethodHandle$Holder.invokeStatic(java.lang.Object, long)'> (0x000000008bf9d2c8) thrown at [./src/hotspot/share/interpreter/linkResolver.cpp, line 773]
Event: 2382.235 Thread 0x000002976c94f800 Exception <a 'java/lang/NoSuchMethodError'{0x000000008b84d440}: 'void java.lang.invoke.DirectMethodHandle$Holder.invokeStatic(java.lang.Object, java.lang.Object, java.lang.Object, int)'> (0x000000008b84d440) thrown at [./src/hotspot/share/interpreter/linkResolver.cpp, line 773]
Event: 2382.235 Thread 0x0000029768f31000 Exception <a 'java/lang/NoSuchMethodError'{0x000000008b851bb8}: 'void java.lang.invoke.DirectMethodHandle$Holder.invokeStatic(java.lang.Object, java.lang.Object, java.lang.Object, int)'> (0x000000008b851bb8) thrown at [./src/hotspot/share/interpreter/linkResolver.cpp, line 773]
Event: 2382.237 Thread 0x0000029768f31000 Exception <a 'java/lang/IncompatibleClassChangeError'{0x000000008b86fb78}: Found class java.lang.Object, but interface was expected> (0x000000008b86fb78) thrown at [./src/hotspot/share/interpreter/linkResolver.cpp, line 839]

Events (20 events):
Event: 2382.270 loading class com/android/tools/r8/w/a/a/a/h/f0$g
Event: 2382.270 loading class com/android/tools/r8/w/a/a/a/h/f0$g done
Event: 2382.270 loading class com/android/tools/r8/shaking/O0
Event: 2382.270 loading class com/android/tools/r8/shaking/O0 done
Event: 2382.270 loading class com/android/tools/r8/r/o/Z
Event: 2382.270 loading class com/android/tools/r8/r/o/Z done
Event: 2382.270 loading class com/android/tools/r8/r/o/S
Event: 2382.270 loading class com/android/tools/r8/r/o/S done
Event: 2382.270 loading class com/android/tools/r8/graph/e0
Event: 2382.270 loading class com/android/tools/r8/graph/e0 done
Event: 2382.270 loading class com/android/tools/r8/graph/e0
Event: 2382.270 loading class com/android/tools/r8/graph/e0 done
Event: 2382.270 loading class com/android/tools/r8/graph/v1
Event: 2382.270 loading class com/android/tools/r8/graph/v1 done
Event: 2382.270 loading class com/android/tools/r8/utils/q0
Event: 2382.270 loading class com/android/tools/r8/utils/q0 done
Event: 2382.276 loading class com/android/tools/r8/graph/P1
Event: 2382.276 loading class com/android/tools/r8/graph/P1 done
Event: 2382.276 loading class com/android/tools/r8/graph/P1$h
Event: 2382.276 loading class com/android/tools/r8/graph/P1$h done


Dynamic libraries:
0x00007ff7b33b0000 - 0x00007ff7b33ba000 	C:\Program Files\Android\Android Studio\jre\bin\java.exe
0x00007ffa81410000 - 0x00007ffa81605000 	C:\WINDOWS\SYSTEM32\ntdll.dll
0x00007ffa80890000 - 0x00007ffa8094d000 	C:\WINDOWS\System32\KERNEL32.DLL
0x00007ffa7ede0000 - 0x00007ffa7f0a8000 	C:\WINDOWS\System32\KERNELBASE.dll
0x00007ffa7eb50000 - 0x00007ffa7ec50000 	C:\WINDOWS\System32\ucrtbase.dll
0x00007ffa7a170000 - 0x00007ffa7a189000 	C:\Program Files\Android\Android Studio\jre\bin\jli.dll
0x00007ffa801e0000 - 0x00007ffa80380000 	C:\WINDOWS\System32\USER32.dll
0x00007ffa7f390000 - 0x00007ffa7f3b2000 	C:\WINDOWS\System32\win32u.dll
0x00007ffa7f640000 - 0x00007ffa7f66a000 	C:\WINDOWS\System32\GDI32.dll
0x00007ffa5ce70000 - 0x00007ffa5d10a000 	C:\WINDOWS\WinSxS\amd64_microsoft.windows.common-controls_6595b64144ccf1df_6.0.19041.844_none_ca00b6081b84eb1d\COMCTL32.dll
0x00007ffa7ec50000 - 0x00007ffa7ed5b000 	C:\WINDOWS\System32\gdi32full.dll
0x00007ffa807f0000 - 0x00007ffa8088e000 	C:\WINDOWS\System32\msvcrt.dll
0x00007ffa7f2f0000 - 0x00007ffa7f38d000 	C:\WINDOWS\System32\msvcp_win.dll
0x00007ffa5fc00000 - 0x00007ffa5fc17000 	C:\Program Files\Android\Android Studio\jre\bin\VCRUNTIME140.dll
0x00007ffa7ff10000 - 0x00007ffa7ff40000 	C:\WINDOWS\System32\IMM32.DLL
0x00007ffa4d6c0000 - 0x00007ffa4d75d000 	C:\Program Files\Android\Android Studio\jre\bin\msvcp140.dll
0x00007ffa2d910000 - 0x00007ffa2e3cc000 	C:\Program Files\Android\Android Studio\jre\bin\server\jvm.dll
0x00007ffa7f590000 - 0x00007ffa7f63c000 	C:\WINDOWS\System32\ADVAPI32.dll
0x00007ffa81320000 - 0x00007ffa813bb000 	C:\WINDOWS\System32\sechost.dll
0x00007ffa811d0000 - 0x00007ffa812fb000 	C:\WINDOWS\System32\RPCRT4.dll
0x00007ffa7f670000 - 0x00007ffa7f678000 	C:\WINDOWS\System32\PSAPI.DLL
0x00007ffa7a780000 - 0x00007ffa7a789000 	C:\WINDOWS\SYSTEM32\WSOCK32.dll
0x00007ffa59b40000 - 0x00007ffa59b67000 	C:\WINDOWS\SYSTEM32\WINMM.dll
0x00007ffa78810000 - 0x00007ffa7881a000 	C:\WINDOWS\SYSTEM32\VERSION.dll
0x00007ffa80170000 - 0x00007ffa801db000 	C:\WINDOWS\System32\WS2_32.dll
0x00007ffa7c9e0000 - 0x00007ffa7c9f2000 	C:\WINDOWS\SYSTEM32\kernel.appcore.dll
0x00007ffa6a930000 - 0x00007ffa6a941000 	C:\Program Files\Android\Android Studio\jre\bin\verify.dll
0x00007ffa68eb0000 - 0x00007ffa69094000 	C:\WINDOWS\SYSTEM32\DBGHELP.DLL
0x00007ffa68de0000 - 0x00007ffa68e0c000 	C:\WINDOWS\SYSTEM32\dbgcore.DLL
0x00007ffa7ed60000 - 0x00007ffa7ede0000 	C:\WINDOWS\System32\bcryptPrimitives.dll
0x00007ffa62380000 - 0x00007ffa623a9000 	C:\Program Files\Android\Android Studio\jre\bin\java.dll
0x00007ffa6ab50000 - 0x00007ffa6ab5b000 	C:\Program Files\Android\Android Studio\jre\bin\jimage.dll
0x00007ffa61b70000 - 0x00007ffa61b88000 	C:\Program Files\Android\Android Studio\jre\bin\zip.dll
0x00007ffa7f680000 - 0x00007ffa7fdc2000 	C:\WINDOWS\System32\SHELL32.dll
0x00007ffa7ccc0000 - 0x00007ffa7d450000 	C:\WINDOWS\SYSTEM32\windows.storage.dll
0x00007ffa80e10000 - 0x00007ffa81165000 	C:\WINDOWS\System32\combase.dll
0x00007ffa7e550000 - 0x00007ffa7e57c000 	C:\WINDOWS\SYSTEM32\Wldp.dll
0x00007ffa80020000 - 0x00007ffa800ce000 	C:\WINDOWS\System32\SHCORE.dll
0x00007ffa80ce0000 - 0x00007ffa80d35000 	C:\WINDOWS\System32\shlwapi.dll
0x00007ffa7ea90000 - 0x00007ffa7eaaf000 	C:\WINDOWS\SYSTEM32\profapi.dll
0x00007ffa605f0000 - 0x00007ffa6060a000 	C:\Program Files\Android\Android Studio\jre\bin\net.dll
0x00007ffa77e40000 - 0x00007ffa77f4b000 	C:\WINDOWS\SYSTEM32\WINHTTP.dll
0x00007ffa7e260000 - 0x00007ffa7e2ca000 	C:\WINDOWS\system32\mswsock.dll
0x00007ffa605d0000 - 0x00007ffa605e4000 	C:\Program Files\Android\Android Studio\jre\bin\nio.dll
0x00007ffa54af0000 - 0x00007ffa54b17000 	C:\Users\Administrator\.gradle\native\fdc75f09e3144964f2cf3f50f0aa648679c211496f362492102eb8c894070792\windows-amd64\native-platform.dll
0x00007ffa31f10000 - 0x00007ffa320a6000 	C:\Users\Administrator\.gradle\native\12488b8bf47d2d4c9fbf2f6322a914ad602e24e48041cd04a747c6da556b65c4\windows-amd64\native-platform-file-events.dll
0x00007ffa69bd0000 - 0x00007ffa69bda000 	C:\Program Files\Android\Android Studio\jre\bin\management.dll
0x00007ffa69900000 - 0x00007ffa6990c000 	C:\Program Files\Android\Android Studio\jre\bin\management_ext.dll
0x00007ffa7e440000 - 0x00007ffa7e458000 	C:\WINDOWS\SYSTEM32\CRYPTSP.dll
0x00007ffa7dc00000 - 0x00007ffa7dc34000 	C:\WINDOWS\system32\rsaenh.dll
0x00007ffa7f110000 - 0x00007ffa7f137000 	C:\WINDOWS\System32\bcrypt.dll
0x00007ffa7ea50000 - 0x00007ffa7ea7e000 	C:\WINDOWS\SYSTEM32\USERENV.dll
0x00007ffa7e430000 - 0x00007ffa7e43c000 	C:\WINDOWS\SYSTEM32\CRYPTBASE.dll
0x00007ffa7df50000 - 0x00007ffa7df8b000 	C:\WINDOWS\SYSTEM32\IPHLPAPI.DLL
0x00007ffa813c0000 - 0x00007ffa813c8000 	C:\WINDOWS\System32\NSI.dll
0x00007ffa78ca0000 - 0x00007ffa78cb7000 	C:\WINDOWS\SYSTEM32\dhcpcsvc6.DLL
0x00007ffa78c80000 - 0x00007ffa78c9d000 	C:\WINDOWS\SYSTEM32\dhcpcsvc.DLL
0x00007ffa7df90000 - 0x00007ffa7e05c000 	C:\WINDOWS\SYSTEM32\DNSAPI.dll
0x00007ffa78e40000 - 0x00007ffa78e4b000 	C:\WINDOWS\SYSTEM32\WINNSI.DLL
0x00007ffa54ee0000 - 0x00007ffa54f07000 	C:\Program Files\Android\Android Studio\jre\bin\sunec.dll
0x00007ffa6f8a0000 - 0x00007ffa6f8aa000 	C:\Windows\System32\rasadhlp.dll
0x00007ffa6f690000 - 0x00007ffa6f70f000 	C:\WINDOWS\System32\fwpuclnt.dll

dbghelp: loaded successfully - version: 4.0.5 - missing functions: none
symbol engine: initialized successfully - sym options: 0x614 - pdb path: .;C:\Program Files\Android\Android Studio\jre\bin;C:\WINDOWS\SYSTEM32;C:\WINDOWS\WinSxS\amd64_microsoft.windows.common-controls_6595b64144ccf1df_6.0.19041.844_none_ca00b6081b84eb1d;C:\Program Files\Android\Android Studio\jre\bin\server;C:\Users\Administrator\.gradle\native\fdc75f09e3144964f2cf3f50f0aa648679c211496f362492102eb8c894070792\windows-amd64;C:\Users\Administrator\.gradle\native\12488b8bf47d2d4c9fbf2f6322a914ad602e24e48041cd04a747c6da556b65c4\windows-amd64

VM Arguments:
jvm_args: --add-opens=java.base/java.util=ALL-UNNAMED --add-opens=java.base/java.lang=ALL-UNNAMED --add-opens=java.base/java.lang.invoke=ALL-UNNAMED --add-opens=java.prefs/java.util.prefs=ALL-UNNAMED -Xmx2048m -Dfile.encoding=UTF-8 -Duser.country=CN -Duser.language=zh -Duser.variant 
java_command: org.gradle.launcher.daemon.bootstrap.GradleDaemon 6.7.1
java_class_path (initial): C:\Users\Administrator\.gradle\wrapper\dists\gradle-6.7.1-bin\bwlcbys1h7rz3272sye1xwiv6\gradle-6.7.1\lib\gradle-launcher-6.7.1.jar
Launcher Type: SUN_STANDARD

[Global flags]
     intx CICompilerCount                          = 4                                         {product} {ergonomic}
     uint ConcGCThreads                            = 2                                         {product} {ergonomic}
     uint G1ConcRefinementThreads                  = 8                                         {product} {ergonomic}
   size_t G1HeapRegionSize                         = 1048576                                   {product} {ergonomic}
    uintx GCDrainStackTargetSize                   = 64                                        {product} {ergonomic}
   size_t InitialHeapSize                          = 132120576                                 {product} {ergonomic}
   size_t MarkStackSize                            = 4194304                                   {product} {ergonomic}
   size_t MaxHeapSize                              = 2147483648                                {product} {command line}
   size_t MaxNewSize                               = 1287651328                                {product} {ergonomic}
   size_t MinHeapDeltaBytes                        = 1048576                                   {product} {ergonomic}
    uintx NonNMethodCodeHeapSize                   = 5836300                                {pd product} {ergonomic}
    uintx NonProfiledCodeHeapSize                  = 122910970                              {pd product} {ergonomic}
    uintx ProfiledCodeHeapSize                     = 122910970                              {pd product} {ergonomic}
    uintx ReservedCodeCacheSize                    = 251658240                              {pd product} {ergonomic}
     bool SegmentedCodeCache                       = true                                      {product} {ergonomic}
     bool UseCompressedClassPointers               = true                                 {lp64_product} {ergonomic}
     bool UseCompressedOops                        = true                                 {lp64_product} {ergonomic}
     bool UseG1GC                                  = true                                      {product} {ergonomic}
     bool UseLargePagesIndividualAllocation        = false                                  {pd product} {ergonomic}

Logging:
Log output configuration:
 #0: stdout all=warning uptime,level,tags
 #1: stderr all=off uptime,level,tags

Environment Variables:
PATH=C:\Program Files\NVIDIA GPU Computing Toolkit\CUDA\v10.0\bin;C:\Program Files\NVIDIA GPU Computing Toolkit\CUDA\v10.0\libnvvp;C:\Windows\system32;C:\Windows;C:\Windows\System32\Wbem;C:\Windows\System32\WindowsPowerShell\v1.0\;C:\Windows\System32\OpenSSH\;C:\Program Files (x86)\NVIDIA Corporation\PhysX\Common;C:\Program Files\NVIDIA Corporation\NVIDIA NvDLISR;C:\Program Files\Microsoft SQL Server\130\Tools\Binn\;C:\Program Files\dotnet\;C:\WINDOWS\system32;C:\WINDOWS;C:\WINDOWS\System32\Wbem;C:\WINDOWS\System32\WindowsPowerShell\v1.0\;C:\WINDOWS\System32\OpenSSH\;C:\WINDOWS\system32;C:\WINDOWS;C:\WINDOWS\System32\Wbem;C:\WINDOWS\System32\WindowsPowerShell\v1.0\;C:\WINDOWS\System32\OpenSSH\;C:\Users\Administrator\AppData\Local\Microsoft\WindowsApps;
USERNAME=Administrator
OS=Windows_NT
PROCESSOR_IDENTIFIER=Intel64 Family 6 Model 158 Stepping 13, GenuineIntel



---------------  S Y S T E M  ---------------

OS: Windows 10 , 64 bit Build 19041 (10.0.19041.928)
OS uptime: 1 days 19:35 hours

CPU:total 8 (initial active 8) (8 cores per cpu, 1 threads per core) family 6 model 158 stepping 13, cmov, cx8, fxsr, mmx, sse, sse2, sse3, ssse3, sse4.1, sse4.2, popcnt, avx, avx2, aes, clmul, erms, 3dnowpref, lzcnt, tsc, tscinvbit, bmi1, bmi2, adx, fma

Memory: 4k page, system-wide physical 8035M (454M free)
TotalPageFile size 12131M (AvailPageFile size 3M)
current process WorkingSet (physical memory assigned to process): 567M, peak: 567M
current process commit charge ("private bytes"): 629M, peak: 630M

vm_info: OpenJDK 64-Bit Server VM (11.0.8+10-b944.6842174) for windows-amd64 JRE (11.0.8+10-b944.6842174), built on Sep 19 2020 01:11:42 by "builder" with MS VC++ 14.0 (VS2015)

END.
