#
# There is insufficient memory for the Java Runtime Environment to continue.
# Native memory allocation (malloc) failed to allocate 1530096 bytes for Chunk::new
# Possible reasons:
#   The system is out of physical RAM or swap space
#   The process is running with CompressedOops enabled, and the Java Heap may be blocking the growth of the native heap
# Possible solutions:
#   Reduce memory load on the system
#   Increase physical memory or swap space
#   Check if swap backing store is full
#   Decrease Java heap size (-Xmx/-Xms)
#   Decrease number of Java threads
#   Decrease Java thread stack sizes (-Xss)
#   Set larger code cache with -XX:ReservedCodeCacheSize=
#   JVM is running with Unscaled Compressed Oops mode in which the Java heap is
#     placed in the first 4GB address space. The Java Heap base address is the
#     maximum limit for the native heap growth. Please use -XX:HeapBaseMinAddress
#     to set the Java Heap base and to place the Java Heap above 4GB virtual address.
# This output file may be truncated or incomplete.
#
#  Out of Memory Error (./src/hotspot/share/memory/arena.cpp:197), pid=7880, tid=16588
#
# JRE version: OpenJDK Runtime Environment (11.0.8+10) (build 11.0.8+10-b944.6842174)
# Java VM: OpenJDK 64-Bit Server VM (11.0.8+10-b944.6842174, mixed mode, tiered, compressed oops, g1 gc, windows-amd64)
# No core dump will be written. Minidumps are not enabled by default on client versions of Windows
#

---------------  S U M M A R Y ------------

Command Line: --add-opens=java.base/java.util=ALL-UNNAMED --add-opens=java.base/java.lang=ALL-UNNAMED --add-opens=java.base/java.lang.invoke=ALL-UNNAMED --add-opens=java.prefs/java.util.prefs=ALL-UNNAMED -Xmx2048m -Dfile.encoding=UTF-8 -Duser.country=CN -Duser.language=zh -Duser.variant org.gradle.launcher.daemon.bootstrap.GradleDaemon 6.7.1

Host: Intel(R) Core(TM) i7-9700K CPU @ 3.60GHz, 8 cores, 7G,  Windows 10 , 64 bit Build 19041 (10.0.19041.928)
Time: Mon May 31 10:26:48 2021 中国标准时间 elapsed time: 2 seconds (0d 0h 0m 2s)

---------------  T H R E A D  ---------------

Current thread (0x000001c9e4d27000):  JavaThread "C2 CompilerThread1" daemon [_thread_in_native, id=16588, stack(0x000000c8d0100000,0x000000c8d0200000)]


Current CompileTask:
C2:   2913 2841       4       java.util.AbstractCollection::addAll (42 bytes)

Stack: [0x000000c8d0100000,0x000000c8d0200000]
Native frames: (J=compiled Java code, j=interpreted, Vv=VM code, C=native code)
V  [jvm.dll+0x5de50a]
V  [jvm.dll+0x7122f5]
V  [jvm.dll+0x71384d]
V  [jvm.dll+0x713f03]
V  [jvm.dll+0x23e728]
V  [jvm.dll+0xb899c]
V  [jvm.dll+0xb8e9c]
V  [jvm.dll+0x35020b]
V  [jvm.dll+0x31dea3]
V  [jvm.dll+0x31d39a]
V  [jvm.dll+0x1f7702]
V  [jvm.dll+0x1f68d4]
V  [jvm.dll+0x17f32c]
V  [jvm.dll+0x205047]
V  [jvm.dll+0x203891]
V  [jvm.dll+0x6dad3f]
V  [jvm.dll+0x6d3895]
V  [jvm.dll+0x5dd4a6]
C  [ucrtbase.dll+0x21bb2]
C  [KERNEL32.DLL+0x17034]
C  [ntdll.dll+0x52651]


---------------  P R O C E S S  ---------------

Threads class SMR info:
_java_thread_list=0x000001c9ea900c70, length=32, elements={
0x000001c9c9ffe800, 0x000001c9e42ee800, 0x000001c9e42fa000, 0x000001c9e4b86800,
0x000001c9e430d800, 0x000001c9e430f800, 0x000001c9e4312800, 0x000001c9e432a800,
0x000001c9e4cd6800, 0x000001c9e4ce5000, 0x000001c9e4d27000, 0x000001c9e600c000,
0x000001c9e7a77800, 0x000001c9e6dc4000, 0x000001c9e5314000, 0x000001c9e781c800,
0x000001c9e6fbd800, 0x000001c9e7cc5800, 0x000001c9e5743000, 0x000001c9e6003000,
0x000001c9e5e75000, 0x000001c9e61fb800, 0x000001c9e5760800, 0x000001c9e5763000,
0x000001c9e5761000, 0x000001c9e5762000, 0x000001c9ea091800, 0x000001c9ea092000,
0x000001c9ea093000, 0x000001c9ea094000, 0x000001c9ea094800, 0x000001c9ea08f000
}

Java Threads: ( => current thread )
  0x000001c9c9ffe800 JavaThread "main" [_thread_blocked, id=16980, stack(0x000000c8cf000000,0x000000c8cf100000)]
  0x000001c9e42ee800 JavaThread "Reference Handler" daemon [_thread_blocked, id=14608, stack(0x000000c8cf700000,0x000000c8cf800000)]
  0x000001c9e42fa000 JavaThread "Finalizer" daemon [_thread_blocked, id=12216, stack(0x000000c8cf800000,0x000000c8cf900000)]
  0x000001c9e4b86800 JavaThread "Signal Dispatcher" daemon [_thread_blocked, id=16752, stack(0x000000c8cf900000,0x000000c8cfa00000)]
  0x000001c9e430d800 JavaThread "Attach Listener" daemon [_thread_blocked, id=2476, stack(0x000000c8cfa00000,0x000000c8cfb00000)]
  0x000001c9e430f800 JavaThread "C2 CompilerThread0" daemon [_thread_blocked, id=7116, stack(0x000000c8cfb00000,0x000000c8cfc00000)]
  0x000001c9e4312800 JavaThread "C1 CompilerThread0" daemon [_thread_blocked, id=7728, stack(0x000000c8cfc00000,0x000000c8cfd00000)]
  0x000001c9e432a800 JavaThread "Sweeper thread" daemon [_thread_blocked, id=6632, stack(0x000000c8cfd00000,0x000000c8cfe00000)]
  0x000001c9e4cd6800 JavaThread "Common-Cleaner" daemon [_thread_blocked, id=16344, stack(0x000000c8cfe00000,0x000000c8cff00000)]
  0x000001c9e4ce5000 JavaThread "Service Thread" daemon [_thread_blocked, id=13780, stack(0x000000c8cff00000,0x000000c8d0000000)]
=>0x000001c9e4d27000 JavaThread "C2 CompilerThread1" daemon [_thread_in_native, id=16588, stack(0x000000c8d0100000,0x000000c8d0200000)]
  0x000001c9e600c000 JavaThread "C2 CompilerThread2" daemon [_thread_in_native, id=12804, stack(0x000000c8d0400000,0x000000c8d0500000)]
  0x000001c9e7a77800 JavaThread "Daemon health stats" [_thread_blocked, id=16940, stack(0x000000c8d0500000,0x000000c8d0600000)]
  0x000001c9e6dc4000 JavaThread "Incoming local TCP Connector on port 50663" [_thread_in_native, id=9360, stack(0x000000c8d0800000,0x000000c8d0900000)]
  0x000001c9e5314000 JavaThread "Daemon periodic checks" [_thread_blocked, id=12636, stack(0x000000c8d0900000,0x000000c8d0a00000)]
  0x000001c9e781c800 JavaThread "Daemon" [_thread_blocked, id=5724, stack(0x000000c8d0a00000,0x000000c8d0b00000)]
  0x000001c9e6fbd800 JavaThread "Handler for socket connection from /127.0.0.1:50663 to /127.0.0.1:50664" [_thread_in_native, id=3860, stack(0x000000c8d0b00000,0x000000c8d0c00000)]
  0x000001c9e7cc5800 JavaThread "Cancel handler" [_thread_blocked, id=15548, stack(0x000000c8d0c00000,0x000000c8d0d00000)]
  0x000001c9e5743000 JavaThread "Daemon worker" [_thread_in_native, id=15868, stack(0x000000c8d0d00000,0x000000c8d0e00000)]
  0x000001c9e6003000 JavaThread "Asynchronous log dispatcher for DefaultDaemonConnection: socket connection from /127.0.0.1:50663 to /127.0.0.1:50664" [_thread_blocked, id=15124, stack(0x000000c8d0e00000,0x000000c8d0f00000)]
  0x000001c9e5e75000 JavaThread "Stdin handler" [_thread_blocked, id=16504, stack(0x000000c8d0f00000,0x000000c8d1000000)]
  0x000001c9e61fb800 JavaThread "Thread-8" [_thread_blocked, id=16120, stack(0x000000c8d1000000,0x000000c8d1100000)]
  0x000001c9e5760800 JavaThread "Cache worker for file hash cache (C:\Users\Administrator\.gradle\caches\6.7.1\fileHashes)" [_thread_blocked, id=13108, stack(0x000000c8d1600000,0x000000c8d1700000)]
  0x000001c9e5763000 JavaThread "File lock request listener" [_thread_in_native, id=14752, stack(0x000000c8d1700000,0x000000c8d1800000)]
  0x000001c9e5761000 JavaThread "Cache worker for journal cache (C:\Users\Administrator\.gradle\caches\journal-1)" [_thread_blocked, id=10488, stack(0x000000c8d1900000,0x000000c8d1a00000)]
  0x000001c9e5762000 JavaThread "Cache worker for file hash cache (D:\Android\PokemonDrawer\.gradle\6.7.1\fileHashes)" [_thread_blocked, id=3192, stack(0x000000c8d1a00000,0x000000c8d1b00000)]
  0x000001c9ea091800 JavaThread "Cache worker for checksums cache (D:\Android\PokemonDrawer\.gradle\checksums)" [_thread_blocked, id=4400, stack(0x000000c8d1b00000,0x000000c8d1c00000)]
  0x000001c9ea092000 JavaThread "Cache worker for cache directory md-supplier (C:\Users\Administrator\.gradle\caches\6.7.1\md-supplier)" [_thread_blocked, id=16212, stack(0x000000c8d1c00000,0x000000c8d1d00000)]
  0x000001c9ea093000 JavaThread "Cache worker for cache directory md-rule (C:\Users\Administrator\.gradle\caches\6.7.1\md-rule)" [_thread_blocked, id=11380, stack(0x000000c8d1d00000,0x000000c8d1e00000)]
  0x000001c9ea094000 JavaThread "Cache worker for execution history cache (C:\Users\Administrator\.gradle\caches\6.7.1\executionHistory)" [_thread_blocked, id=5416, stack(0x000000c8d1e00000,0x000000c8d1f00000)]
  0x000001c9ea094800 JavaThread "jar transforms" [_thread_blocked, id=9936, stack(0x000000c8d1f00000,0x000000c8d2000000)]
  0x000001c9ea08f000 JavaThread "Cache worker for file content cache (C:\Users\Administrator\.gradle\caches\6.7.1\fileContent)" [_thread_blocked, id=10996, stack(0x000000c8d2000000,0x000000c8d2100000)]

Other Threads:
  0x000001c9e42ea000 VMThread "VM Thread" [stack: 0x000000c8cf600000,0x000000c8cf700000] [id=5896]
  0x000001c9e4ce6800 WatcherThread [stack: 0x000000c8d0000000,0x000000c8d0100000] [id=13680]
  0x000001c9ca011000 GCTaskThread "GC Thread#0" [stack: 0x000000c8cf100000,0x000000c8cf200000] [id=14316]
  0x000001c9e5611800 GCTaskThread "GC Thread#1" [stack: 0x000000c8d0200000,0x000000c8d0300000] [id=5948]
  0x000001c9e5612800 GCTaskThread "GC Thread#2" [stack: 0x000000c8d0300000,0x000000c8d0400000] [id=9672]
  0x000001c9e5766800 GCTaskThread "GC Thread#3" [stack: 0x000000c8d1100000,0x000000c8d1200000] [id=14828]
  0x000001c9e7d1c800 GCTaskThread "GC Thread#4" [stack: 0x000000c8d1200000,0x000000c8d1300000] [id=5116]
  0x000001c9e8067800 GCTaskThread "GC Thread#5" [stack: 0x000000c8d1300000,0x000000c8d1400000] [id=2220]
  0x000001c9e5a74800 GCTaskThread "GC Thread#6" [stack: 0x000000c8d1400000,0x000000c8d1500000] [id=16380]
  0x000001c9e5a61000 GCTaskThread "GC Thread#7" [stack: 0x000000c8d1500000,0x000000c8d1600000] [id=8224]
  0x000001c9ca043000 ConcurrentGCThread "G1 Main Marker" [stack: 0x000000c8cf200000,0x000000c8cf300000] [id=16736]
  0x000001c9ca045000 ConcurrentGCThread "G1 Conc#0" [stack: 0x000000c8cf300000,0x000000c8cf400000] [id=17152]
  0x000001c9e7d2e000 ConcurrentGCThread "G1 Conc#1" [stack: 0x000000c8d1800000,0x000000c8d1900000] [id=10340]
  0x000001c9e4140800 ConcurrentGCThread "G1 Refine#0" [stack: 0x000000c8cf400000,0x000000c8cf500000] [id=12416]
  0x000001c9e4141000 ConcurrentGCThread "G1 Young RemSet Sampling" [stack: 0x000000c8cf500000,0x000000c8cf600000] [id=4972]

Threads with active compile tasks:
C2 CompilerThread1   2930 2841       4       java.util.AbstractCollection::addAll (42 bytes)
C2 CompilerThread2   2930 2864   !   4       java.util.zip.ZipFile::getInputStream (323 bytes)

VM state:not at safepoint (normal execution)

VM Mutex/Monitor currently owned by a thread: None

Heap address: 0x0000000080000000, size: 2048 MB, Compressed Oops mode: 32-bit
Narrow klass base: 0x0000000000000000, Narrow klass shift: 3
Compressed class space size: 1073741824 Address: 0x0000000100000000

Heap:
 garbage-first heap   total 129024K, used 33597K [0x0000000080000000, 0x0000000100000000)
  region size 1024K, 17 young (17408K), 6 survivors (6144K)
 Metaspace       used 36535K, capacity 37343K, committed 37580K, reserved 1081344K
  class space    used 4649K, capacity 4959K, committed 5068K, reserved 1048576K
Heap Regions: E=young(eden), S=young(survivor), O=old, HS=humongous(starts), HC=humongous(continues), CS=collection set, F=free, A=archive, TAMS=top-at-mark-start (previous, next)
|   0|0x0000000080000000, 0x0000000080100000, 0x0000000080100000|100%| O|  |TAMS 0x0000000080100000, 0x0000000080000000| Untracked 
|   1|0x0000000080100000, 0x0000000080200000, 0x0000000080200000|100%| O|  |TAMS 0x0000000080200000, 0x0000000080100000| Untracked 
|   2|0x0000000080200000, 0x0000000080300000, 0x0000000080300000|100%| O|  |TAMS 0x0000000080300000, 0x0000000080200000| Untracked 
|   3|0x0000000080300000, 0x0000000080400000, 0x0000000080400000|100%|HS|  |TAMS 0x0000000080400000, 0x0000000080300000| Complete 
|   4|0x0000000080400000, 0x0000000080500000, 0x0000000080500000|100%|HC|  |TAMS 0x0000000080500000, 0x0000000080400000| Complete 
|   5|0x0000000080500000, 0x0000000080600000, 0x0000000080600000|100%|HC|  |TAMS 0x0000000080600000, 0x0000000080500000| Complete 
|   6|0x0000000080600000, 0x0000000080700000, 0x0000000080700000|100%| O|  |TAMS 0x0000000080700000, 0x0000000080600000| Untracked 
|   7|0x0000000080700000, 0x0000000080800000, 0x0000000080800000|100%| O|  |TAMS 0x0000000080800000, 0x0000000080700000| Untracked 
|   8|0x0000000080800000, 0x0000000080900000, 0x0000000080900000|100%| O|  |TAMS 0x0000000080900000, 0x0000000080800000| Untracked 
|   9|0x0000000080900000, 0x0000000080a00000, 0x0000000080a00000|100%| O|  |TAMS 0x0000000080a00000, 0x0000000080900000| Untracked 
|  10|0x0000000080a00000, 0x0000000080b00000, 0x0000000080b00000|100%| O|  |TAMS 0x0000000080b00000, 0x0000000080a00000| Untracked 
|  11|0x0000000080b00000, 0x0000000080c00000, 0x0000000080c00000|100%| O|  |TAMS 0x0000000080c00000, 0x0000000080b00000| Untracked 
|  12|0x0000000080c00000, 0x0000000080d00000, 0x0000000080d00000|100%| O|  |TAMS 0x0000000080d00000, 0x0000000080c00000| Untracked 
|  13|0x0000000080d00000, 0x0000000080e00000, 0x0000000080e00000|100%| O|  |TAMS 0x0000000080e00000, 0x0000000080d00000| Untracked 
|  14|0x0000000080e00000, 0x0000000080f00000, 0x0000000080f00000|100%| O|  |TAMS 0x0000000080f00000, 0x0000000080e00000| Untracked 
|  15|0x0000000080f00000, 0x0000000080f35400, 0x0000000081000000| 20%| O|  |TAMS 0x0000000080f35400, 0x0000000080f00000| Untracked 
|  16|0x0000000081000000, 0x0000000081100000, 0x0000000081100000|100%|HS|  |TAMS 0x0000000081000000, 0x0000000081000000| Complete 
|  17|0x0000000081100000, 0x0000000081200000, 0x0000000081200000|100%|HS|  |TAMS 0x0000000081100000, 0x0000000081100000| Complete 
|  18|0x0000000081200000, 0x0000000081300000, 0x0000000081300000|100%|HC|  |TAMS 0x0000000081200000, 0x0000000081200000| Complete 
|  19|0x0000000081300000, 0x0000000081300000, 0x0000000081400000|  0%| F|  |TAMS 0x0000000081300000, 0x0000000081300000| Untracked 
|  20|0x0000000081400000, 0x0000000081400000, 0x0000000081500000|  0%| F|  |TAMS 0x0000000081400000, 0x0000000081400000| Untracked 
|  21|0x0000000081500000, 0x0000000081500000, 0x0000000081600000|  0%| F|  |TAMS 0x0000000081500000, 0x0000000081500000| Untracked 
|  22|0x0000000081600000, 0x0000000081600000, 0x0000000081700000|  0%| F|  |TAMS 0x0000000081600000, 0x0000000081600000| Untracked 
|  23|0x0000000081700000, 0x0000000081700000, 0x0000000081800000|  0%| F|  |TAMS 0x0000000081700000, 0x0000000081700000| Untracked 
|  24|0x0000000081800000, 0x0000000081800000, 0x0000000081900000|  0%| F|  |TAMS 0x0000000081800000, 0x0000000081800000| Untracked 
|  25|0x0000000081900000, 0x0000000081900000, 0x0000000081a00000|  0%| F|  |TAMS 0x0000000081900000, 0x0000000081900000| Untracked 
|  26|0x0000000081a00000, 0x0000000081a00000, 0x0000000081b00000|  0%| F|  |TAMS 0x0000000081a00000, 0x0000000081a00000| Untracked 
|  27|0x0000000081b00000, 0x0000000081b00000, 0x0000000081c00000|  0%| F|  |TAMS 0x0000000081b00000, 0x0000000081b00000| Untracked 
|  28|0x0000000081c00000, 0x0000000081c00000, 0x0000000081d00000|  0%| F|  |TAMS 0x0000000081c00000, 0x0000000081c00000| Untracked 
|  29|0x0000000081d00000, 0x0000000081d00000, 0x0000000081e00000|  0%| F|  |TAMS 0x0000000081d00000, 0x0000000081d00000| Untracked 
|  30|0x0000000081e00000, 0x0000000081e00000, 0x0000000081f00000|  0%| F|  |TAMS 0x0000000081e00000, 0x0000000081e00000| Untracked 
|  31|0x0000000081f00000, 0x0000000081f00000, 0x0000000082000000|  0%| F|  |TAMS 0x0000000081f00000, 0x0000000081f00000| Untracked 
|  32|0x0000000082000000, 0x0000000082000000, 0x0000000082100000|  0%| F|  |TAMS 0x0000000082000000, 0x0000000082000000| Untracked 
|  33|0x0000000082100000, 0x0000000082100000, 0x0000000082200000|  0%| F|  |TAMS 0x0000000082100000, 0x0000000082100000| Untracked 
|  34|0x0000000082200000, 0x0000000082200000, 0x0000000082300000|  0%| F|  |TAMS 0x0000000082200000, 0x0000000082200000| Untracked 
|  35|0x0000000082300000, 0x0000000082300000, 0x0000000082400000|  0%| F|  |TAMS 0x0000000082300000, 0x0000000082300000| Untracked 
|  36|0x0000000082400000, 0x0000000082400000, 0x0000000082500000|  0%| F|  |TAMS 0x0000000082400000, 0x0000000082400000| Untracked 
|  37|0x0000000082500000, 0x0000000082500000, 0x0000000082600000|  0%| F|  |TAMS 0x0000000082500000, 0x0000000082500000| Untracked 
|  38|0x0000000082600000, 0x0000000082600000, 0x0000000082700000|  0%| F|  |TAMS 0x0000000082600000, 0x0000000082600000| Untracked 
|  39|0x0000000082700000, 0x0000000082700000, 0x0000000082800000|  0%| F|  |TAMS 0x0000000082700000, 0x0000000082700000| Untracked 
|  40|0x0000000082800000, 0x0000000082800000, 0x0000000082900000|  0%| F|  |TAMS 0x0000000082800000, 0x0000000082800000| Untracked 
|  41|0x0000000082900000, 0x0000000082900000, 0x0000000082a00000|  0%| F|  |TAMS 0x0000000082900000, 0x0000000082900000| Untracked 
|  42|0x0000000082a00000, 0x0000000082a00000, 0x0000000082b00000|  0%| F|  |TAMS 0x0000000082a00000, 0x0000000082a00000| Untracked 
|  43|0x0000000082b00000, 0x0000000082b00000, 0x0000000082c00000|  0%| F|  |TAMS 0x0000000082b00000, 0x0000000082b00000| Untracked 
|  44|0x0000000082c00000, 0x0000000082c00000, 0x0000000082d00000|  0%| F|  |TAMS 0x0000000082c00000, 0x0000000082c00000| Untracked 
|  45|0x0000000082d00000, 0x0000000082d00000, 0x0000000082e00000|  0%| F|  |TAMS 0x0000000082d00000, 0x0000000082d00000| Untracked 
|  46|0x0000000082e00000, 0x0000000082e00000, 0x0000000082f00000|  0%| F|  |TAMS 0x0000000082e00000, 0x0000000082e00000| Untracked 
|  47|0x0000000082f00000, 0x0000000082f00000, 0x0000000083000000|  0%| F|  |TAMS 0x0000000082f00000, 0x0000000082f00000| Untracked 
|  48|0x0000000083000000, 0x0000000083000000, 0x0000000083100000|  0%| F|  |TAMS 0x0000000083000000, 0x0000000083000000| Untracked 
|  49|0x0000000083100000, 0x0000000083100000, 0x0000000083200000|  0%| F|  |TAMS 0x0000000083100000, 0x0000000083100000| Untracked 
|  50|0x0000000083200000, 0x0000000083200000, 0x0000000083300000|  0%| F|  |TAMS 0x0000000083200000, 0x0000000083200000| Untracked 
|  51|0x0000000083300000, 0x0000000083300000, 0x0000000083400000|  0%| F|  |TAMS 0x0000000083300000, 0x0000000083300000| Untracked 
|  52|0x0000000083400000, 0x0000000083400000, 0x0000000083500000|  0%| F|  |TAMS 0x0000000083400000, 0x0000000083400000| Untracked 
|  53|0x0000000083500000, 0x0000000083500000, 0x0000000083600000|  0%| F|  |TAMS 0x0000000083500000, 0x0000000083500000| Untracked 
|  54|0x0000000083600000, 0x0000000083600000, 0x0000000083700000|  0%| F|  |TAMS 0x0000000083600000, 0x0000000083600000| Untracked 
|  55|0x0000000083700000, 0x0000000083700000, 0x0000000083800000|  0%| F|  |TAMS 0x0000000083700000, 0x0000000083700000| Untracked 
|  56|0x0000000083800000, 0x0000000083800000, 0x0000000083900000|  0%| F|  |TAMS 0x0000000083800000, 0x0000000083800000| Untracked 
|  57|0x0000000083900000, 0x0000000083900000, 0x0000000083a00000|  0%| F|  |TAMS 0x0000000083900000, 0x0000000083900000| Untracked 
|  58|0x0000000083a00000, 0x0000000083a00000, 0x0000000083b00000|  0%| F|  |TAMS 0x0000000083a00000, 0x0000000083a00000| Untracked 
|  59|0x0000000083b00000, 0x0000000083b00000, 0x0000000083c00000|  0%| F|  |TAMS 0x0000000083b00000, 0x0000000083b00000| Untracked 
|  60|0x0000000083c00000, 0x0000000083c00000, 0x0000000083d00000|  0%| F|  |TAMS 0x0000000083c00000, 0x0000000083c00000| Untracked 
|  61|0x0000000083d00000, 0x0000000083d00000, 0x0000000083e00000|  0%| F|  |TAMS 0x0000000083d00000, 0x0000000083d00000| Untracked 
|  62|0x0000000083e00000, 0x0000000083e00000, 0x0000000083f00000|  0%| F|  |TAMS 0x0000000083e00000, 0x0000000083e00000| Untracked 
|  63|0x0000000083f00000, 0x0000000083f00000, 0x0000000084000000|  0%| F|  |TAMS 0x0000000083f00000, 0x0000000083f00000| Untracked 
|  64|0x0000000084000000, 0x0000000084000000, 0x0000000084100000|  0%| F|  |TAMS 0x0000000084000000, 0x0000000084000000| Untracked 
|  65|0x0000000084100000, 0x0000000084100000, 0x0000000084200000|  0%| F|  |TAMS 0x0000000084100000, 0x0000000084100000| Untracked 
|  66|0x0000000084200000, 0x0000000084200000, 0x0000000084300000|  0%| F|  |TAMS 0x0000000084200000, 0x0000000084200000| Untracked 
|  67|0x0000000084300000, 0x0000000084300000, 0x0000000084400000|  0%| F|  |TAMS 0x0000000084300000, 0x0000000084300000| Untracked 
|  68|0x0000000084400000, 0x0000000084400000, 0x0000000084500000|  0%| F|  |TAMS 0x0000000084400000, 0x0000000084400000| Untracked 
|  69|0x0000000084500000, 0x000000008459a208, 0x0000000084600000| 60%| S|CS|TAMS 0x0000000084500000, 0x0000000084500000| Complete 
|  70|0x0000000084600000, 0x0000000084700000, 0x0000000084700000|100%| S|CS|TAMS 0x0000000084600000, 0x0000000084600000| Complete 
|  71|0x0000000084700000, 0x0000000084800000, 0x0000000084800000|100%| S|CS|TAMS 0x0000000084700000, 0x0000000084700000| Complete 
|  72|0x0000000084800000, 0x0000000084800000, 0x0000000084900000|  0%| F|  |TAMS 0x0000000084800000, 0x0000000084800000| Untracked 
|  73|0x0000000084900000, 0x0000000084900000, 0x0000000084a00000|  0%| F|  |TAMS 0x0000000084900000, 0x0000000084900000| Untracked 
|  74|0x0000000084a00000, 0x0000000084a00000, 0x0000000084b00000|  0%| F|  |TAMS 0x0000000084a00000, 0x0000000084a00000| Untracked 
|  75|0x0000000084b00000, 0x0000000084c00000, 0x0000000084c00000|100%| S|CS|TAMS 0x0000000084b00000, 0x0000000084b00000| Complete 
|  76|0x0000000084c00000, 0x0000000084d00000, 0x0000000084d00000|100%| S|CS|TAMS 0x0000000084c00000, 0x0000000084c00000| Complete 
|  77|0x0000000084d00000, 0x0000000084e00000, 0x0000000084e00000|100%| S|CS|TAMS 0x0000000084d00000, 0x0000000084d00000| Complete 
|  78|0x0000000084e00000, 0x0000000084e00000, 0x0000000084f00000|  0%| F|  |TAMS 0x0000000084e00000, 0x0000000084e00000| Untracked 
|  79|0x0000000084f00000, 0x0000000084f00000, 0x0000000085000000|  0%| F|  |TAMS 0x0000000084f00000, 0x0000000084f00000| Untracked 
|  80|0x0000000085000000, 0x0000000085000000, 0x0000000085100000|  0%| F|  |TAMS 0x0000000085000000, 0x0000000085000000| Untracked 
|  81|0x0000000085100000, 0x0000000085100000, 0x0000000085200000|  0%| F|  |TAMS 0x0000000085100000, 0x0000000085100000| Untracked 
|  82|0x0000000085200000, 0x0000000085200000, 0x0000000085300000|  0%| F|  |TAMS 0x0000000085200000, 0x0000000085200000| Untracked 
|  83|0x0000000085300000, 0x0000000085300000, 0x0000000085400000|  0%| F|  |TAMS 0x0000000085300000, 0x0000000085300000| Untracked 
|  84|0x0000000085400000, 0x0000000085400000, 0x0000000085500000|  0%| F|  |TAMS 0x0000000085400000, 0x0000000085400000| Untracked 
|  85|0x0000000085500000, 0x0000000085500000, 0x0000000085600000|  0%| F|  |TAMS 0x0000000085500000, 0x0000000085500000| Untracked 
|  86|0x0000000085600000, 0x0000000085600000, 0x0000000085700000|  0%| F|  |TAMS 0x0000000085600000, 0x0000000085600000| Untracked 
|  87|0x0000000085700000, 0x0000000085700000, 0x0000000085800000|  0%| F|  |TAMS 0x0000000085700000, 0x0000000085700000| Untracked 
|  88|0x0000000085800000, 0x0000000085800000, 0x0000000085900000|  0%| F|  |TAMS 0x0000000085800000, 0x0000000085800000| Untracked 
|  89|0x0000000085900000, 0x0000000085900000, 0x0000000085a00000|  0%| F|  |TAMS 0x0000000085900000, 0x0000000085900000| Untracked 
|  90|0x0000000085a00000, 0x0000000085a00000, 0x0000000085b00000|  0%| F|  |TAMS 0x0000000085a00000, 0x0000000085a00000| Untracked 
|  91|0x0000000085b00000, 0x0000000085b00000, 0x0000000085c00000|  0%| F|  |TAMS 0x0000000085b00000, 0x0000000085b00000| Untracked 
|  92|0x0000000085c00000, 0x0000000085c00000, 0x0000000085d00000|  0%| F|  |TAMS 0x0000000085c00000, 0x0000000085c00000| Untracked 
|  93|0x0000000085d00000, 0x0000000085d00000, 0x0000000085e00000|  0%| F|  |TAMS 0x0000000085d00000, 0x0000000085d00000| Untracked 
|  94|0x0000000085e00000, 0x0000000085e00000, 0x0000000085f00000|  0%| F|  |TAMS 0x0000000085e00000, 0x0000000085e00000| Untracked 
|  95|0x0000000085f00000, 0x0000000085f00000, 0x0000000086000000|  0%| F|  |TAMS 0x0000000085f00000, 0x0000000085f00000| Untracked 
|  96|0x0000000086000000, 0x0000000086000000, 0x0000000086100000|  0%| F|  |TAMS 0x0000000086000000, 0x0000000086000000| Untracked 
|  97|0x0000000086100000, 0x0000000086100000, 0x0000000086200000|  0%| F|  |TAMS 0x0000000086100000, 0x0000000086100000| Untracked 
|  98|0x0000000086200000, 0x0000000086200000, 0x0000000086300000|  0%| F|  |TAMS 0x0000000086200000, 0x0000000086200000| Untracked 
|  99|0x0000000086300000, 0x0000000086300000, 0x0000000086400000|  0%| F|  |TAMS 0x0000000086300000, 0x0000000086300000| Untracked 
| 100|0x0000000086400000, 0x0000000086400000, 0x0000000086500000|  0%| F|  |TAMS 0x0000000086400000, 0x0000000086400000| Untracked 
| 101|0x0000000086500000, 0x0000000086500000, 0x0000000086600000|  0%| F|  |TAMS 0x0000000086500000, 0x0000000086500000| Untracked 
| 102|0x0000000086600000, 0x0000000086600000, 0x0000000086700000|  0%| F|  |TAMS 0x0000000086600000, 0x0000000086600000| Untracked 
| 103|0x0000000086700000, 0x0000000086700000, 0x0000000086800000|  0%| F|  |TAMS 0x0000000086700000, 0x0000000086700000| Untracked 
| 104|0x0000000086800000, 0x0000000086800000, 0x0000000086900000|  0%| F|  |TAMS 0x0000000086800000, 0x0000000086800000| Untracked 
| 105|0x0000000086900000, 0x0000000086900000, 0x0000000086a00000|  0%| F|  |TAMS 0x0000000086900000, 0x0000000086900000| Untracked 
| 106|0x0000000086a00000, 0x0000000086a00000, 0x0000000086b00000|  0%| F|  |TAMS 0x0000000086a00000, 0x0000000086a00000| Untracked 
| 107|0x0000000086b00000, 0x0000000086b00000, 0x0000000086c00000|  0%| F|  |TAMS 0x0000000086b00000, 0x0000000086b00000| Untracked 
| 108|0x0000000086c00000, 0x0000000086c00000, 0x0000000086d00000|  0%| F|  |TAMS 0x0000000086c00000, 0x0000000086c00000| Untracked 
| 109|0x0000000086d00000, 0x0000000086d00000, 0x0000000086e00000|  0%| F|  |TAMS 0x0000000086d00000, 0x0000000086d00000| Untracked 
| 110|0x0000000086e00000, 0x0000000086e00000, 0x0000000086f00000|  0%| F|  |TAMS 0x0000000086e00000, 0x0000000086e00000| Untracked 
| 111|0x0000000086f00000, 0x0000000086f00000, 0x0000000087000000|  0%| F|  |TAMS 0x0000000086f00000, 0x0000000086f00000| Untracked 
| 112|0x0000000087000000, 0x0000000087000000, 0x0000000087100000|  0%| F|  |TAMS 0x0000000087000000, 0x0000000087000000| Untracked 
| 113|0x0000000087100000, 0x0000000087100000, 0x0000000087200000|  0%| F|  |TAMS 0x0000000087100000, 0x0000000087100000| Untracked 
| 114|0x0000000087200000, 0x0000000087200000, 0x0000000087300000|  0%| F|  |TAMS 0x0000000087200000, 0x0000000087200000| Untracked 
| 115|0x0000000087300000, 0x0000000087400000, 0x0000000087400000|100%| E|  |TAMS 0x0000000087300000, 0x0000000087300000| Complete 
| 116|0x0000000087400000, 0x0000000087500000, 0x0000000087500000|100%| E|CS|TAMS 0x0000000087400000, 0x0000000087400000| Complete 
| 117|0x0000000087500000, 0x0000000087600000, 0x0000000087600000|100%| E|  |TAMS 0x0000000087500000, 0x0000000087500000| Complete 
| 118|0x0000000087600000, 0x0000000087700000, 0x0000000087700000|100%| E|CS|TAMS 0x0000000087600000, 0x0000000087600000| Complete 
| 119|0x0000000087700000, 0x0000000087800000, 0x0000000087800000|100%| E|CS|TAMS 0x0000000087700000, 0x0000000087700000| Complete 
| 120|0x0000000087800000, 0x0000000087900000, 0x0000000087900000|100%| E|CS|TAMS 0x0000000087800000, 0x0000000087800000| Complete 
| 121|0x0000000087900000, 0x0000000087a00000, 0x0000000087a00000|100%| E|CS|TAMS 0x0000000087900000, 0x0000000087900000| Complete 
| 122|0x0000000087a00000, 0x0000000087b00000, 0x0000000087b00000|100%| E|CS|TAMS 0x0000000087a00000, 0x0000000087a00000| Complete 
| 123|0x0000000087b00000, 0x0000000087c00000, 0x0000000087c00000|100%| E|CS|TAMS 0x0000000087b00000, 0x0000000087b00000| Complete 
| 124|0x0000000087c00000, 0x0000000087d00000, 0x0000000087d00000|100%| E|CS|TAMS 0x0000000087c00000, 0x0000000087c00000| Complete 
| 125|0x0000000087d00000, 0x0000000087e00000, 0x0000000087e00000|100%| E|CS|TAMS 0x0000000087d00000, 0x0000000087d00000| Complete 

Card table byte_map: [0x000001c9dd0b0000,0x000001c9dd4b0000] _byte_map_base: 0x000001c9dccb0000

Marking Bits (Prev, Next): (CMBitMap*) 0x000001c9ca039ee8, (CMBitMap*) 0x000001c9ca039f20
 Prev Bits: [0x000001c9dd8b0000, 0x000001c9df8b0000)
 Next Bits: [0x000001c9df8b0000, 0x000001c9e18b0000)

Polling page: 0x000001c9c7e00000

Metaspace:

Usage:
  Non-class:     31.63 MB capacity,    31.14 MB ( 98%) used,   430.71 KB (  1%) free+waste,    67.44 KB ( <1%) overhead. 
      Class:      4.84 MB capacity,     4.54 MB ( 94%) used,   277.27 KB (  6%) free+waste,    32.56 KB ( <1%) overhead. 
       Both:     36.47 MB capacity,    35.68 MB ( 98%) used,   707.98 KB (  2%) free+waste,   100.00 KB ( <1%) overhead. 

Virtual space:
  Non-class space:       32.00 MB reserved,      31.75 MB (>99%) committed 
      Class space:        1.00 GB reserved,       4.95 MB ( <1%) committed 
             Both:        1.03 GB reserved,      36.70 MB (  3%) committed 

Chunk freelists:
   Non-Class:  0 bytes
       Class:  1.00 KB
        Both:  1.00 KB

MaxMetaspaceSize: 17179869184.00 GB
CompressedClassSpaceSize: 1.00 GB

CodeHeap 'non-profiled nmethods': size=120000Kb used=1484Kb max_used=1484Kb free=118515Kb
 bounds [0x000001c9d5450000, 0x000001c9d56c0000, 0x000001c9dc980000]
CodeHeap 'profiled nmethods': size=120000Kb used=5603Kb max_used=5603Kb free=114396Kb
 bounds [0x000001c9cdf20000, 0x000001c9ce4a0000, 0x000001c9d5450000]
CodeHeap 'non-nmethods': size=5760Kb used=2182Kb max_used=2196Kb free=3577Kb
 bounds [0x000001c9cd980000, 0x000001c9cdbf0000, 0x000001c9cdf20000]
 total_blobs=3414 nmethods=2677 adapters=648
 compilation: enabled
              stopped_count=0, restarted_count=0
 full_count=0

Compilation events (20 events):
Event: 2.887 Thread 0x000001c9e4312800 nmethod 2842 0x000001c9ce48c510 code [0x000001c9ce48c6c0, 0x000001c9ce48c838]
Event: 2.887 Thread 0x000001c9e4312800 2843       3       java.lang.StringConcatHelper::mixLen (10 bytes)
Event: 2.887 Thread 0x000001c9e4312800 nmethod 2843 0x000001c9ce48c910 code [0x000001c9ce48cb00, 0x000001c9ce48ce48]
Event: 2.887 Thread 0x000001c9e4312800 2844       3       java.lang.StringConcatHelper::checkOverflow (16 bytes)
Event: 2.887 Thread 0x000001c9e4312800 nmethod 2844 0x000001c9ce48d010 code [0x000001c9ce48d1e0, 0x000001c9ce48d3c8]
Event: 2.890 Thread 0x000001c9e4312800 2845       3       java.util.Collections$UnmodifiableMap::get (11 bytes)
Event: 2.891 Thread 0x000001c9e4312800 nmethod 2845 0x000001c9ce48d490 code [0x000001c9ce48d640, 0x000001c9ce48d808]
Event: 2.892 Thread 0x000001c9e4312800 2846       3       org.gradle.internal.dispatch.ReflectionDispatch::dispatch (9 bytes)
Event: 2.893 Thread 0x000001c9e4312800 nmethod 2846 0x000001c9ce48d910 code [0x000001c9ce48dae0, 0x000001c9ce48dd08]
Event: 2.893 Thread 0x000001c9e4312800 2847   !   3       org.gradle.internal.dispatch.ReflectionDispatch::dispatch (42 bytes)
Event: 2.893 Thread 0x000001c9e4312800 nmethod 2847 0x000001c9ce48de10 code [0x000001c9ce48e0c0, 0x000001c9ce48eb98]
Event: 2.895 Thread 0x000001c9e4312800 2848       3       org.gradle.internal.reflect.MutablePropertyDetails::addGetter (9 bytes)
Event: 2.895 Thread 0x000001c9e4312800 nmethod 2848 0x000001c9ce48f190 code [0x000001c9ce48f340, 0x000001c9ce48f488]
Event: 2.896 Thread 0x000001c9e4312800 2849       3       org.objectweb.asm.Frame::setInputFrameFromDescriptor (175 bytes)
Event: 2.896 Thread 0x000001c9e4312800 nmethod 2849 0x000001c9ce48f590 code [0x000001c9ce48f7c0, 0x000001c9ce48ff98]
Event: 2.896 Thread 0x000001c9e4312800 2850       3       org.objectweb.asm.MethodWriter::putAbstractTypes (31 bytes)
Event: 2.896 Thread 0x000001c9e4312800 nmethod 2850 0x000001c9ce490390 code [0x000001c9ce490560, 0x000001c9ce490788]
Event: 2.896 Thread 0x000001c9e4312800 2851       3       org.objectweb.asm.SymbolTable::addTypeInternal (85 bytes)
Event: 2.896 Thread 0x000001c9e4312800 nmethod 2851 0x000001c9ce490910 code [0x000001c9ce490b00, 0x000001c9ce4910f8]
Event: 2.896 Thread 0x000001c9e4312800 2853       3       org.objectweb.asm.Type::appendDescriptor (185 bytes)

GC Heap History (10 events):
Event: 0.498 GC heap before
{Heap before GC invocations=0 (full 0):
 garbage-first heap   total 129024K, used 29696K [0x0000000080000000, 0x0000000100000000)
  region size 1024K, 24 young (24576K), 0 survivors (0K)
 Metaspace       used 10368K, capacity 10659K, committed 10880K, reserved 1058816K
  class space    used 1082K, capacity 1129K, committed 1152K, reserved 1048576K
}
Event: 0.501 GC heap after
{Heap after GC invocations=1 (full 0):
 garbage-first heap   total 129024K, used 8685K [0x0000000080000000, 0x0000000100000000)
  region size 1024K, 3 young (3072K), 3 survivors (3072K)
 Metaspace       used 10368K, capacity 10659K, committed 10880K, reserved 1058816K
  class space    used 1082K, capacity 1129K, committed 1152K, reserved 1048576K
}
Event: 1.303 GC heap before
{Heap before GC invocations=1 (full 0):
 garbage-first heap   total 129024K, used 81389K [0x0000000080000000, 0x0000000100000000)
  region size 1024K, 75 young (76800K), 3 survivors (3072K)
 Metaspace       used 18828K, capacity 19265K, committed 19328K, reserved 1067008K
  class space    used 2268K, capacity 2394K, committed 2432K, reserved 1048576K
}
Event: 1.308 GC heap after
{Heap after GC invocations=2 (full 0):
 garbage-first heap   total 129024K, used 15516K [0x0000000080000000, 0x0000000100000000)
  region size 1024K, 10 young (10240K), 10 survivors (10240K)
 Metaspace       used 18828K, capacity 19265K, committed 19328K, reserved 1067008K
  class space    used 2268K, capacity 2394K, committed 2432K, reserved 1048576K
}
Event: 1.407 GC heap before
{Heap before GC invocations=2 (full 0):
 garbage-first heap   total 129024K, used 28828K [0x0000000080000000, 0x0000000100000000)
  region size 1024K, 24 young (24576K), 10 survivors (10240K)
 Metaspace       used 20580K, capacity 21099K, committed 21248K, reserved 1067008K
  class space    used 2526K, capacity 2712K, committed 2816K, reserved 1048576K
}
Event: 1.412 GC heap after
{Heap after GC invocations=3 (full 0):
 garbage-first heap   total 129024K, used 16402K [0x0000000080000000, 0x0000000100000000)
  region size 1024K, 1 young (1024K), 1 survivors (1024K)
 Metaspace       used 20580K, capacity 21099K, committed 21248K, reserved 1067008K
  class space    used 2526K, capacity 2712K, committed 2816K, reserved 1048576K
}
Event: 1.923 GC heap before
{Heap before GC invocations=4 (full 0):
 garbage-first heap   total 129024K, used 67602K [0x0000000080000000, 0x0000000100000000)
  region size 1024K, 51 young (52224K), 1 survivors (1024K)
 Metaspace       used 26291K, capacity 26953K, committed 27008K, reserved 1073152K
  class space    used 3443K, capacity 3666K, committed 3712K, reserved 1048576K
}
Event: 1.925 GC heap after
{Heap after GC invocations=5 (full 0):
 garbage-first heap   total 129024K, used 18053K [0x0000000080000000, 0x0000000100000000)
  region size 1024K, 3 young (3072K), 3 survivors (3072K)
 Metaspace       used 26291K, capacity 26953K, committed 27008K, reserved 1073152K
  class space    used 3443K, capacity 3666K, committed 3712K, reserved 1048576K
}
Event: 2.750 GC heap before
{Heap before GC invocations=5 (full 0):
 garbage-first heap   total 129024K, used 66181K [0x0000000080000000, 0x0000000100000000)
  region size 1024K, 51 young (52224K), 3 survivors (3072K)
 Metaspace       used 35034K, capacity 35775K, committed 35840K, reserved 1081344K
  class space    used 4559K, capacity 4822K, committed 4864K, reserved 1048576K
}
Event: 2.756 GC heap after
{Heap after GC invocations=6 (full 0):
 garbage-first heap   total 129024K, used 21309K [0x0000000080000000, 0x0000000100000000)
  region size 1024K, 6 young (6144K), 6 survivors (6144K)
 Metaspace       used 35034K, capacity 35775K, committed 35840K, reserved 1081344K
  class space    used 4559K, capacity 4822K, committed 4864K, reserved 1048576K
}

Deoptimization events (20 events):
Event: 2.815 Thread 0x000001c9e5743000 Uncommon trap: trap_request=0xffffffbe fr.pc=0x000001c9d55b6a6c relative=0x000000000000070c
Event: 2.815 Thread 0x000001c9e5743000 Uncommon trap: reason=profile_predicate action=maybe_recompile pc=0x000001c9d55b6a6c method=java.lang.PublicMethods$MethodList.filter([Ljava/lang/reflect/Method;Ljava/lang/String;[Ljava/lang/Class;Z)Ljava/lang/PublicMethods$MethodList; @ 21 c2
Event: 2.815 Thread 0x000001c9e5743000 DEOPT PACKING pc=0x000001c9d55b6a6c sp=0x000000c8d0df9700
Event: 2.815 Thread 0x000001c9e5743000 DEOPT UNPACKING pc=0x000001c9cd9a74af sp=0x000000c8d0df96b8 mode 2
Event: 2.815 Thread 0x000001c9e5743000 Uncommon trap: trap_request=0xffffffbe fr.pc=0x000001c9d55b6a6c relative=0x000000000000070c
Event: 2.815 Thread 0x000001c9e5743000 Uncommon trap: reason=profile_predicate action=maybe_recompile pc=0x000001c9d55b6a6c method=java.lang.PublicMethods$MethodList.filter([Ljava/lang/reflect/Method;Ljava/lang/String;[Ljava/lang/Class;Z)Ljava/lang/PublicMethods$MethodList; @ 21 c2
Event: 2.815 Thread 0x000001c9e5743000 DEOPT PACKING pc=0x000001c9d55b6a6c sp=0x000000c8d0df96e0
Event: 2.815 Thread 0x000001c9e5743000 DEOPT UNPACKING pc=0x000001c9cd9a74af sp=0x000000c8d0df9698 mode 2
Event: 2.891 Thread 0x000001c9e5743000 Uncommon trap: trap_request=0xffffff4d fr.pc=0x000001c9d55934b4 relative=0x0000000000000114
Event: 2.891 Thread 0x000001c9e5743000 Uncommon trap: reason=unstable_if action=reinterpret pc=0x000001c9d55934b4 method=java.util.Arrays.hashCode([Ljava/lang/Object;)I @ 34 c2
Event: 2.891 Thread 0x000001c9e5743000 DEOPT PACKING pc=0x000001c9d55934b4 sp=0x000000c8d0df9a80
Event: 2.891 Thread 0x000001c9e5743000 DEOPT UNPACKING pc=0x000001c9cd9a74af sp=0x000000c8d0df99f8 mode 2
Event: 2.891 Thread 0x000001c9e5743000 Uncommon trap: trap_request=0xffffffde fr.pc=0x000001c9d54b6ea8 relative=0x00000000000002e8
Event: 2.891 Thread 0x000001c9e5743000 Uncommon trap: reason=class_check action=maybe_recompile pc=0x000001c9d54b6ea8 method=java.util.Collections$SetFromMap.remove(Ljava/lang/Object;)Z @ 5 c2
Event: 2.891 Thread 0x000001c9e5743000 DEOPT PACKING pc=0x000001c9d54b6ea8 sp=0x000000c8d0dfb050
Event: 2.891 Thread 0x000001c9e5743000 DEOPT UNPACKING pc=0x000001c9cd9a74af sp=0x000000c8d0dfb048 mode 2
Event: 2.891 Thread 0x000001c9e5743000 Uncommon trap: trap_request=0xffffffde fr.pc=0x000001c9d54b6ea8 relative=0x00000000000002e8
Event: 2.891 Thread 0x000001c9e5743000 Uncommon trap: reason=class_check action=maybe_recompile pc=0x000001c9d54b6ea8 method=java.util.Collections$SetFromMap.remove(Ljava/lang/Object;)Z @ 5 c2
Event: 2.891 Thread 0x000001c9e5743000 DEOPT PACKING pc=0x000001c9d54b6ea8 sp=0x000000c8d0dfafe0
Event: 2.891 Thread 0x000001c9e5743000 DEOPT UNPACKING pc=0x000001c9cd9a74af sp=0x000000c8d0dfafd8 mode 2

Classes redefined (0 events):
No events

Internal exceptions (20 events):
Event: 2.798 Thread 0x000001c9e5743000 Exception <a 'java/lang/ClassNotFoundException'{0x0000000087b80c10}: org/gradle/groovy/scripts/DefaultScriptBeanInfo> (0x0000000087b80c10) thrown at [./src/hotspot/share/classfile/systemDictionary.cpp, line 231]
Event: 2.798 Thread 0x000001c9e5743000 Exception <a 'java/lang/ClassNotFoundException'{0x0000000087b90868}: org/gradle/groovy/scripts/BasicScriptBeanInfo> (0x0000000087b90868) thrown at [./src/hotspot/share/classfile/systemDictionary.cpp, line 231]
Event: 2.798 Thread 0x000001c9e5743000 Exception <a 'java/lang/ClassNotFoundException'{0x0000000087ba04e8}: org/gradle/groovy/scripts/ScriptBeanInfo> (0x0000000087ba04e8) thrown at [./src/hotspot/share/classfile/systemDictionary.cpp, line 231]
Event: 2.798 Thread 0x000001c9e5743000 Exception <a 'java/lang/ClassNotFoundException'{0x0000000087baefc8}: groovy/lang/ScriptBeanInfo> (0x0000000087baefc8) thrown at [./src/hotspot/share/classfile/systemDictionary.cpp, line 231]
Event: 2.798 Thread 0x000001c9e5743000 Exception <a 'java/lang/ClassNotFoundException'{0x0000000087bbe380}: groovy/lang/ScriptCustomizer> (0x0000000087bbe380) thrown at [./src/hotspot/share/classfile/systemDictionary.cpp, line 231]
Event: 2.799 Thread 0x000001c9e5743000 Exception <a 'java/lang/ClassNotFoundException'{0x0000000087bd5d70}: org/gradle/groovy/scripts/ScriptCustomizer> (0x0000000087bd5d70) thrown at [./src/hotspot/share/classfile/systemDictionary.cpp, line 231]
Event: 2.800 Thread 0x000001c9e5743000 Exception <a 'java/lang/ClassNotFoundException'{0x0000000087bec440}: org/gradle/groovy/scripts/BasicScriptCustomizer> (0x0000000087bec440) thrown at [./src/hotspot/share/classfile/systemDictionary.cpp, line 231]
Event: 2.800 Thread 0x000001c9e5743000 Exception <a 'java/lang/ClassNotFoundException'{0x0000000087a08af8}: org/gradle/groovy/scripts/DefaultScriptCustomizer> (0x0000000087a08af8) thrown at [./src/hotspot/share/classfile/systemDictionary.cpp, line 231]
Event: 2.802 Thread 0x000001c9e5743000 Exception <a 'java/lang/ClassNotFoundException'{0x0000000087a50528}: org/gradle/plugin/use/internal/PluginsAwareScriptCustomizer> (0x0000000087a50528) thrown at [./src/hotspot/share/classfile/systemDictionary.cpp, line 231]
Event: 2.802 Thread 0x000001c9e5743000 Exception <a 'java/lang/ClassNotFoundException'{0x0000000087a68878}: org/gradle/initialization/SettingsScriptCustomizer> (0x0000000087a68878) thrown at [./src/hotspot/share/classfile/systemDictionary.cpp, line 231]
Event: 2.803 Thread 0x000001c9e5743000 Exception <a 'java/lang/ClassNotFoundException'{0x0000000087a793a8}: settings_brpi2sfdv9dir9tsroqj600gvCustomizer> (0x0000000087a793a8) thrown at [./src/hotspot/share/classfile/systemDictionary.cpp, line 231]
Event: 2.818 Thread 0x000001c9e5743000 Exception <a 'java/lang/ClassNotFoundException'{0x00000000879ee9c8}: org/gradle/initialization/DefaultSettings_DecoratedBeanInfo> (0x00000000879ee9c8) thrown at [./src/hotspot/share/classfile/systemDictionary.cpp, line 231]
Event: 2.818 Thread 0x000001c9e5743000 Exception <a 'java/lang/ClassNotFoundException'{0x000000008780b488}: org/gradle/initialization/DefaultSettingsBeanInfo> (0x000000008780b488) thrown at [./src/hotspot/share/classfile/systemDictionary.cpp, line 231]
Event: 2.819 Thread 0x000001c9e5743000 Exception <a 'java/lang/ClassNotFoundException'{0x000000008782a8f0}: org/gradle/api/internal/project/AbstractPluginAwareBeanInfo> (0x000000008782a8f0) thrown at [./src/hotspot/share/classfile/systemDictionary.cpp, line 231]
Event: 2.819 Thread 0x000001c9e5743000 Exception <a 'java/lang/ClassNotFoundException'{0x0000000087849e20}: org/gradle/api/internal/project/AbstractPluginAwareCustomizer> (0x0000000087849e20) thrown at [./src/hotspot/share/classfile/systemDictionary.cpp, line 231]
Event: 2.821 Thread 0x000001c9e5743000 Exception <a 'java/lang/ClassNotFoundException'{0x000000008786da08}: org/gradle/initialization/DefaultSettingsCustomizer> (0x000000008786da08) thrown at [./src/hotspot/share/classfile/systemDictionary.cpp, line 231]
Event: 2.823 Thread 0x000001c9e5743000 Exception <a 'java/lang/ClassNotFoundException'{0x00000000878b6200}: org/gradle/initialization/DefaultSettings_DecoratedCustomizer> (0x00000000878b6200) thrown at [./src/hotspot/share/classfile/systemDictionary.cpp, line 231]
Event: 2.830 Thread 0x000001c9e5743000 Exception <a 'java/lang/ClassNotFoundException'{0x00000000877574c8}: org/gradle/initialization/DefaultProjectDescriptorBeanInfo> (0x00000000877574c8) thrown at [./src/hotspot/share/classfile/systemDictionary.cpp, line 231]
Event: 2.831 Thread 0x000001c9e5743000 Exception <a 'java/lang/ClassNotFoundException'{0x0000000087775e28}: org/gradle/initialization/DefaultProjectDescriptorCustomizer> (0x0000000087775e28) thrown at [./src/hotspot/share/classfile/systemDictionary.cpp, line 231]
Event: 2.891 Thread 0x000001c9e5743000 Implicit null exception at 0x000001c9d55933ef to 0x000001c9d5593498

Events (20 events):
Event: 2.870 loading class org/codehaus/groovy/ast/MixinNode
Event: 2.870 loading class org/codehaus/groovy/ast/MixinNode done
Event: 2.871 loading class org/codehaus/groovy/ast/ClassNode$MapOfLists
Event: 2.871 loading class org/codehaus/groovy/ast/ClassNode$MapOfLists done
Event: 2.872 loading class org/codehaus/groovy/util/ManagedConcurrentMap$EntryWithValue
Event: 2.872 loading class org/codehaus/groovy/util/ManagedConcurrentMap$EntryWithValue done
Event: 2.872 loading class org/codehaus/groovy/util/ManagedConcurrentMap$Entry
Event: 2.872 loading class org/codehaus/groovy/util/ManagedConcurrentMap$Entry done
Event: 2.873 loading class org/apache/groovy/util/Maps
Event: 2.873 loading class org/apache/groovy/util/Maps done
Event: 2.885 loading class groovyjarjarasm/asm/Type
Event: 2.885 loading class groovyjarjarasm/asm/Type done
Event: 2.891 loading class org/gradle/internal/time/TimeFormatting
Event: 2.891 loading class org/gradle/internal/time/TimeFormatting done
Event: 2.893 loading class org/gradle/caching/local/DirectoryBuildCache
Event: 2.893 loading class org/gradle/caching/local/DirectoryBuildCache done
Event: 2.894 loading class org/gradle/caching/local/internal/DirectoryBuildCacheServiceFactory
Event: 2.894 loading class org/gradle/caching/local/internal/DirectoryBuildCacheServiceFactory done
Event: 2.894 loading class org/gradle/caching/configuration/internal/DefaultBuildCacheConfiguration
Event: 2.894 loading class org/gradle/caching/configuration/internal/DefaultBuildCacheConfiguration done


Dynamic libraries:
0x00007ff7b33b0000 - 0x00007ff7b33ba000 	C:\Program Files\Android\Android Studio\jre\bin\java.exe
0x00007ffa81410000 - 0x00007ffa81605000 	C:\WINDOWS\SYSTEM32\ntdll.dll
0x00007ffa80890000 - 0x00007ffa8094d000 	C:\WINDOWS\System32\KERNEL32.DLL
0x00007ffa7ede0000 - 0x00007ffa7f0a8000 	C:\WINDOWS\System32\KERNELBASE.dll
0x00007ffa7eb50000 - 0x00007ffa7ec50000 	C:\WINDOWS\System32\ucrtbase.dll
0x00007ffa7a180000 - 0x00007ffa7a199000 	C:\Program Files\Android\Android Studio\jre\bin\jli.dll
0x00007ffa649a0000 - 0x00007ffa649b7000 	C:\Program Files\Android\Android Studio\jre\bin\VCRUNTIME140.dll
0x00007ffa801e0000 - 0x00007ffa80380000 	C:\WINDOWS\System32\USER32.dll
0x00007ffa7f390000 - 0x00007ffa7f3b2000 	C:\WINDOWS\System32\win32u.dll
0x00007ffa5ce70000 - 0x00007ffa5d10a000 	C:\WINDOWS\WinSxS\amd64_microsoft.windows.common-controls_6595b64144ccf1df_6.0.19041.844_none_ca00b6081b84eb1d\COMCTL32.dll
0x00007ffa7f640000 - 0x00007ffa7f66a000 	C:\WINDOWS\System32\GDI32.dll
0x00007ffa807f0000 - 0x00007ffa8088e000 	C:\WINDOWS\System32\msvcrt.dll
0x00007ffa7ec50000 - 0x00007ffa7ed5b000 	C:\WINDOWS\System32\gdi32full.dll
0x00007ffa7f2f0000 - 0x00007ffa7f38d000 	C:\WINDOWS\System32\msvcp_win.dll
0x00007ffa7ff10000 - 0x00007ffa7ff40000 	C:\WINDOWS\System32\IMM32.DLL
0x00007ffa61ce0000 - 0x00007ffa61d7d000 	C:\Program Files\Android\Android Studio\jre\bin\msvcp140.dll
0x00007ffa2d910000 - 0x00007ffa2e3cc000 	C:\Program Files\Android\Android Studio\jre\bin\server\jvm.dll
0x00007ffa7f590000 - 0x00007ffa7f63c000 	C:\WINDOWS\System32\ADVAPI32.dll
0x00007ffa81320000 - 0x00007ffa813bb000 	C:\WINDOWS\System32\sechost.dll
0x00007ffa811d0000 - 0x00007ffa812fb000 	C:\WINDOWS\System32\RPCRT4.dll
0x00007ffa7f670000 - 0x00007ffa7f678000 	C:\WINDOWS\System32\PSAPI.DLL
0x00007ffa7a780000 - 0x00007ffa7a789000 	C:\WINDOWS\SYSTEM32\WSOCK32.dll
0x00007ffa59b40000 - 0x00007ffa59b67000 	C:\WINDOWS\SYSTEM32\WINMM.dll
0x00007ffa78810000 - 0x00007ffa7881a000 	C:\WINDOWS\SYSTEM32\VERSION.dll
0x00007ffa80170000 - 0x00007ffa801db000 	C:\WINDOWS\System32\WS2_32.dll
0x00007ffa7c9e0000 - 0x00007ffa7c9f2000 	C:\WINDOWS\SYSTEM32\kernel.appcore.dll
0x00007ffa6a930000 - 0x00007ffa6a941000 	C:\Program Files\Android\Android Studio\jre\bin\verify.dll
0x00007ffa68eb0000 - 0x00007ffa69094000 	C:\WINDOWS\SYSTEM32\DBGHELP.DLL
0x00007ffa68de0000 - 0x00007ffa68e0c000 	C:\WINDOWS\SYSTEM32\dbgcore.DLL
0x00007ffa7ed60000 - 0x00007ffa7ede0000 	C:\WINDOWS\System32\bcryptPrimitives.dll
0x00007ffa62380000 - 0x00007ffa623a9000 	C:\Program Files\Android\Android Studio\jre\bin\java.dll
0x00007ffa6ab50000 - 0x00007ffa6ab5b000 	C:\Program Files\Android\Android Studio\jre\bin\jimage.dll
0x00007ffa61b70000 - 0x00007ffa61b88000 	C:\Program Files\Android\Android Studio\jre\bin\zip.dll
0x00007ffa7f680000 - 0x00007ffa7fdc2000 	C:\WINDOWS\System32\SHELL32.dll
0x00007ffa7ccc0000 - 0x00007ffa7d450000 	C:\WINDOWS\SYSTEM32\windows.storage.dll
0x00007ffa80e10000 - 0x00007ffa81165000 	C:\WINDOWS\System32\combase.dll
0x00007ffa7e550000 - 0x00007ffa7e57c000 	C:\WINDOWS\SYSTEM32\Wldp.dll
0x00007ffa80020000 - 0x00007ffa800ce000 	C:\WINDOWS\System32\SHCORE.dll
0x00007ffa80ce0000 - 0x00007ffa80d35000 	C:\WINDOWS\System32\shlwapi.dll
0x00007ffa7ea90000 - 0x00007ffa7eaaf000 	C:\WINDOWS\SYSTEM32\profapi.dll
0x00007ffa605f0000 - 0x00007ffa6060a000 	C:\Program Files\Android\Android Studio\jre\bin\net.dll
0x00007ffa77e40000 - 0x00007ffa77f4b000 	C:\WINDOWS\SYSTEM32\WINHTTP.dll
0x00007ffa7e260000 - 0x00007ffa7e2ca000 	C:\WINDOWS\system32\mswsock.dll
0x00007ffa605d0000 - 0x00007ffa605e4000 	C:\Program Files\Android\Android Studio\jre\bin\nio.dll
0x00007ffa54af0000 - 0x00007ffa54b17000 	C:\Users\Administrator\.gradle\native\fdc75f09e3144964f2cf3f50f0aa648679c211496f362492102eb8c894070792\windows-amd64\native-platform.dll
0x00007ffa31f10000 - 0x00007ffa320a6000 	C:\Users\Administrator\.gradle\native\12488b8bf47d2d4c9fbf2f6322a914ad602e24e48041cd04a747c6da556b65c4\windows-amd64\native-platform-file-events.dll
0x00007ffa69bd0000 - 0x00007ffa69bda000 	C:\Program Files\Android\Android Studio\jre\bin\management.dll
0x00007ffa69900000 - 0x00007ffa6990c000 	C:\Program Files\Android\Android Studio\jre\bin\management_ext.dll
0x00007ffa7e440000 - 0x00007ffa7e458000 	C:\WINDOWS\SYSTEM32\CRYPTSP.dll
0x00007ffa7dc00000 - 0x00007ffa7dc34000 	C:\WINDOWS\system32\rsaenh.dll
0x00007ffa7f110000 - 0x00007ffa7f137000 	C:\WINDOWS\System32\bcrypt.dll
0x00007ffa7ea50000 - 0x00007ffa7ea7e000 	C:\WINDOWS\SYSTEM32\USERENV.dll
0x00007ffa7e430000 - 0x00007ffa7e43c000 	C:\WINDOWS\SYSTEM32\CRYPTBASE.dll
0x00007ffa7df50000 - 0x00007ffa7df8b000 	C:\WINDOWS\SYSTEM32\IPHLPAPI.DLL
0x00007ffa813c0000 - 0x00007ffa813c8000 	C:\WINDOWS\System32\NSI.dll
0x00007ffa78ca0000 - 0x00007ffa78cb7000 	C:\WINDOWS\SYSTEM32\dhcpcsvc6.DLL
0x00007ffa78c80000 - 0x00007ffa78c9d000 	C:\WINDOWS\SYSTEM32\dhcpcsvc.DLL
0x00007ffa7df90000 - 0x00007ffa7e05c000 	C:\WINDOWS\SYSTEM32\DNSAPI.dll
0x00007ffa78e40000 - 0x00007ffa78e4b000 	C:\WINDOWS\SYSTEM32\WINNSI.DLL

dbghelp: loaded successfully - version: 4.0.5 - missing functions: none
symbol engine: initialized successfully - sym options: 0x614 - pdb path: .;C:\Program Files\Android\Android Studio\jre\bin;C:\WINDOWS\SYSTEM32;C:\WINDOWS\WinSxS\amd64_microsoft.windows.common-controls_6595b64144ccf1df_6.0.19041.844_none_ca00b6081b84eb1d;C:\Program Files\Android\Android Studio\jre\bin\server;C:\Users\Administrator\.gradle\native\fdc75f09e3144964f2cf3f50f0aa648679c211496f362492102eb8c894070792\windows-amd64;C:\Users\Administrator\.gradle\native\12488b8bf47d2d4c9fbf2f6322a914ad602e24e48041cd04a747c6da556b65c4\windows-amd64

VM Arguments:
jvm_args: --add-opens=java.base/java.util=ALL-UNNAMED --add-opens=java.base/java.lang=ALL-UNNAMED --add-opens=java.base/java.lang.invoke=ALL-UNNAMED --add-opens=java.prefs/java.util.prefs=ALL-UNNAMED -Xmx2048m -Dfile.encoding=UTF-8 -Duser.country=CN -Duser.language=zh -Duser.variant 
java_command: org.gradle.launcher.daemon.bootstrap.GradleDaemon 6.7.1
java_class_path (initial): C:\Users\Administrator\.gradle\wrapper\dists\gradle-6.7.1-bin\bwlcbys1h7rz3272sye1xwiv6\gradle-6.7.1\lib\gradle-launcher-6.7.1.jar
Launcher Type: SUN_STANDARD

[Global flags]
     intx CICompilerCount                          = 4                                         {product} {ergonomic}
     uint ConcGCThreads                            = 2                                         {product} {ergonomic}
     uint G1ConcRefinementThreads                  = 8                                         {product} {ergonomic}
   size_t G1HeapRegionSize                         = 1048576                                   {product} {ergonomic}
    uintx GCDrainStackTargetSize                   = 64                                        {product} {ergonomic}
   size_t InitialHeapSize                          = 132120576                                 {product} {ergonomic}
   size_t MarkStackSize                            = 4194304                                   {product} {ergonomic}
   size_t MaxHeapSize                              = 2147483648                                {product} {command line}
   size_t MaxNewSize                               = 1287651328                                {product} {ergonomic}
   size_t MinHeapDeltaBytes                        = 1048576                                   {product} {ergonomic}
    uintx NonNMethodCodeHeapSize                   = 5836300                                {pd product} {ergonomic}
    uintx NonProfiledCodeHeapSize                  = 122910970                              {pd product} {ergonomic}
    uintx ProfiledCodeHeapSize                     = 122910970                              {pd product} {ergonomic}
    uintx ReservedCodeCacheSize                    = 251658240                              {pd product} {ergonomic}
     bool SegmentedCodeCache                       = true                                      {product} {ergonomic}
     bool UseCompressedClassPointers               = true                                 {lp64_product} {ergonomic}
     bool UseCompressedOops                        = true                                 {lp64_product} {ergonomic}
     bool UseG1GC                                  = true                                      {product} {ergonomic}
     bool UseLargePagesIndividualAllocation        = false                                  {pd product} {ergonomic}

Logging:
Log output configuration:
 #0: stdout all=warning uptime,level,tags
 #1: stderr all=off uptime,level,tags

Environment Variables:
PATH=C:\Program Files\NVIDIA GPU Computing Toolkit\CUDA\v10.0\bin;C:\Program Files\NVIDIA GPU Computing Toolkit\CUDA\v10.0\libnvvp;C:\Windows\system32;C:\Windows;C:\Windows\System32\Wbem;C:\Windows\System32\WindowsPowerShell\v1.0\;C:\Windows\System32\OpenSSH\;C:\Program Files (x86)\NVIDIA Corporation\PhysX\Common;C:\Program Files\NVIDIA Corporation\NVIDIA NvDLISR;C:\Program Files\Microsoft SQL Server\130\Tools\Binn\;C:\Program Files\dotnet\;C:\WINDOWS\system32;C:\WINDOWS;C:\WINDOWS\System32\Wbem;C:\WINDOWS\System32\WindowsPowerShell\v1.0\;C:\WINDOWS\System32\OpenSSH\;C:\WINDOWS\system32;C:\WINDOWS;C:\WINDOWS\System32\Wbem;C:\WINDOWS\System32\WindowsPowerShell\v1.0\;C:\WINDOWS\System32\OpenSSH\;C:\Users\Administrator\AppData\Local\Microsoft\WindowsApps;
USERNAME=Administrator
OS=Windows_NT
PROCESSOR_IDENTIFIER=Intel64 Family 6 Model 158 Stepping 13, GenuineIntel



---------------  S Y S T E M  ---------------

OS: Windows 10 , 64 bit Build 19041 (10.0.19041.928)
OS uptime: 1 days 19:36 hours

CPU:total 8 (initial active 8) (8 cores per cpu, 1 threads per core) family 6 model 158 stepping 13, cmov, cx8, fxsr, mmx, sse, sse2, sse3, ssse3, sse4.1, sse4.2, popcnt, avx, avx2, aes, clmul, erms, 3dnowpref, lzcnt, tsc, tscinvbit, bmi1, bmi2, adx, fma

Memory: 4k page, system-wide physical 8035M (542M free)
TotalPageFile size 12131M (AvailPageFile size 0M)
current process WorkingSet (physical memory assigned to process): 258M, peak: 258M
current process commit charge ("private bytes"): 322M, peak: 324M

vm_info: OpenJDK 64-Bit Server VM (11.0.8+10-b944.6842174) for windows-amd64 JRE (11.0.8+10-b944.6842174), built on Sep 19 2020 01:11:42 by "builder" with MS VC++ 14.0 (VS2015)

END.
