#
# There is insufficient memory for the Java Runtime Environment to continue.
# Native memory allocation (malloc) failed to allocate 268016 bytes for Chunk::new
# Possible reasons:
#   The system is out of physical RAM or swap space
#   The process is running with CompressedOops enabled, and the Java Heap may be blocking the growth of the native heap
# Possible solutions:
#   Reduce memory load on the system
#   Increase physical memory or swap space
#   Check if swap backing store is full
#   Decrease Java heap size (-Xmx/-Xms)
#   Decrease number of Java threads
#   Decrease Java thread stack sizes (-Xss)
#   Set larger code cache with -XX:ReservedCodeCacheSize=
#   JVM is running with Unscaled Compressed Oops mode in which the Java heap is
#     placed in the first 4GB address space. The Java Heap base address is the
#     maximum limit for the native heap growth. Please use -XX:HeapBaseMinAddress
#     to set the Java Heap base and to place the Java Heap above 4GB virtual address.
# This output file may be truncated or incomplete.
#
#  Out of Memory Error (./src/hotspot/share/memory/arena.cpp:197), pid=11852, tid=15672
#
# JRE version: OpenJDK Runtime Environment (11.0.8+10) (build 11.0.8+10-b944.6842174)
# Java VM: OpenJDK 64-Bit Server VM (11.0.8+10-b944.6842174, mixed mode, tiered, compressed oops, g1 gc, windows-amd64)
# No core dump will be written. Minidumps are not enabled by default on client versions of Windows
#

---------------  S U M M A R Y ------------

Command Line: --add-opens=java.base/java.util=ALL-UNNAMED --add-opens=java.base/java.lang=ALL-UNNAMED --add-opens=java.base/java.lang.invoke=ALL-UNNAMED --add-opens=java.prefs/java.util.prefs=ALL-UNNAMED -Xmx2048m -Dfile.encoding=UTF-8 -Duser.country=CN -Duser.language=zh -Duser.variant org.gradle.launcher.daemon.bootstrap.GradleDaemon 6.7.1

Host: Intel(R) Core(TM) i7-9700K CPU @ 3.60GHz, 8 cores, 7G,  Windows 10 , 64 bit Build 19041 (10.0.19041.928)
Time: Mon May 31 10:26:36 2021 中国标准时间 elapsed time: 2 seconds (0d 0h 0m 2s)

---------------  T H R E A D  ---------------

Current thread (0x000001dc972b4000):  JavaThread "C2 CompilerThread1" daemon [_thread_in_native, id=15672, stack(0x000000159f000000,0x000000159f100000)]


Current CompileTask:
C2:   2976 2812       4       org.codehaus.groovy.reflection.ParameterTypes::getParameterTypes (16 bytes)

Stack: [0x000000159f000000,0x000000159f100000]
Native frames: (J=compiled Java code, j=interpreted, Vv=VM code, C=native code)
V  [jvm.dll+0x5de50a]
V  [jvm.dll+0x7122f5]
V  [jvm.dll+0x71384d]
V  [jvm.dll+0x713f03]
V  [jvm.dll+0x23e728]
V  [jvm.dll+0xb899c]
V  [jvm.dll+0xb8e9c]
V  [jvm.dll+0x35024d]
V  [jvm.dll+0x193ebc]
V  [jvm.dll+0x1f780e]
V  [jvm.dll+0x1f68d4]
V  [jvm.dll+0x17f32c]
V  [jvm.dll+0x205047]
V  [jvm.dll+0x203891]
V  [jvm.dll+0x6dad3f]
V  [jvm.dll+0x6d3895]
V  [jvm.dll+0x5dd4a6]
C  [ucrtbase.dll+0x21bb2]
C  [KERNEL32.DLL+0x17034]
C  [ntdll.dll+0x52651]


---------------  P R O C E S S  ---------------

Threads class SMR info:
_java_thread_list=0x000001dc9953b030, length=31, elements={
0x000001dcfa05b000, 0x000001dcffb25800, 0x000001dcffb2e800, 0x000001dcffc16800,
0x000001dcffb41800, 0x000001dcffb43800, 0x000001dcffb46800, 0x000001dcffb47800,
0x000001dcffd6e000, 0x000001dcffd92800, 0x000001dc97831800, 0x000001dc9773b800,
0x000001dc97614800, 0x000001dc96abe800, 0x000001dc96922000, 0x000001dc975c7000,
0x000001dc96aaf800, 0x000001dc97bdc000, 0x000001dc97973000, 0x000001dc96408000,
0x000001dc975f6800, 0x000001dc975f0800, 0x000001dc975f1800, 0x000001dc975f4000,
0x000001dc975f3000, 0x000001dc975f5800, 0x000001dc975f5000, 0x000001dc975f2800,
0x000001dc972b4000, 0x000001dc975f7000, 0x000001dc980d1800
}

Java Threads: ( => current thread )
  0x000001dcfa05b000 JavaThread "main" [_thread_blocked, id=5520, stack(0x000000159df00000,0x000000159e000000)]
  0x000001dcffb25800 JavaThread "Reference Handler" daemon [_thread_blocked, id=7944, stack(0x000000159e600000,0x000000159e700000)]
  0x000001dcffb2e800 JavaThread "Finalizer" daemon [_thread_blocked, id=15160, stack(0x000000159e700000,0x000000159e800000)]
  0x000001dcffc16800 JavaThread "Signal Dispatcher" daemon [_thread_blocked, id=8216, stack(0x000000159e800000,0x000000159e900000)]
  0x000001dcffb41800 JavaThread "Attach Listener" daemon [_thread_blocked, id=6364, stack(0x000000159e900000,0x000000159ea00000)]
  0x000001dcffb43800 JavaThread "C2 CompilerThread0" daemon [_thread_in_native, id=15208, stack(0x000000159ea00000,0x000000159eb00000)]
  0x000001dcffb46800 JavaThread "C1 CompilerThread0" daemon [_thread_blocked, id=7960, stack(0x000000159eb00000,0x000000159ec00000)]
  0x000001dcffb47800 JavaThread "Sweeper thread" daemon [_thread_blocked, id=13952, stack(0x000000159ec00000,0x000000159ed00000)]
  0x000001dcffd6e000 JavaThread "Common-Cleaner" daemon [_thread_blocked, id=9996, stack(0x000000159ed00000,0x000000159ee00000)]
  0x000001dcffd92800 JavaThread "Service Thread" daemon [_thread_blocked, id=10484, stack(0x000000159ee00000,0x000000159ef00000)]
  0x000001dc97831800 JavaThread "Daemon health stats" [_thread_blocked, id=11676, stack(0x000000159f400000,0x000000159f500000)]
  0x000001dc9773b800 JavaThread "Incoming local TCP Connector on port 64073" [_thread_in_native, id=9512, stack(0x000000159f700000,0x000000159f800000)]
  0x000001dc97614800 JavaThread "Daemon periodic checks" [_thread_blocked, id=14700, stack(0x000000159f800000,0x000000159f900000)]
  0x000001dc96abe800 JavaThread "Daemon" [_thread_blocked, id=17016, stack(0x000000159f900000,0x000000159fa00000)]
  0x000001dc96922000 JavaThread "Handler for socket connection from /127.0.0.1:64073 to /127.0.0.1:64074" [_thread_in_native, id=16476, stack(0x000000159fa00000,0x000000159fb00000)]
  0x000001dc975c7000 JavaThread "Cancel handler" [_thread_blocked, id=14776, stack(0x000000159fb00000,0x000000159fc00000)]
  0x000001dc96aaf800 JavaThread "Daemon worker" [_thread_in_vm, id=17380, stack(0x000000159fc00000,0x000000159fd00000)]
  0x000001dc97bdc000 JavaThread "Asynchronous log dispatcher for DefaultDaemonConnection: socket connection from /127.0.0.1:64073 to /127.0.0.1:64074" [_thread_blocked, id=15804, stack(0x000000159fd00000,0x000000159fe00000)]
  0x000001dc97973000 JavaThread "Stdin handler" [_thread_blocked, id=17028, stack(0x000000159fe00000,0x000000159ff00000)]
  0x000001dc96408000 JavaThread "Thread-8" [_thread_blocked, id=16732, stack(0x000000159ff00000,0x00000015a0000000)]
  0x000001dc975f6800 JavaThread "Cache worker for file hash cache (C:\Users\Administrator\.gradle\caches\6.7.1\fileHashes)" [_thread_blocked, id=17368, stack(0x00000015a0500000,0x00000015a0600000)]
  0x000001dc975f0800 JavaThread "File lock request listener" [_thread_in_native, id=11868, stack(0x00000015a0600000,0x00000015a0700000)]
  0x000001dc975f1800 JavaThread "Cache worker for journal cache (C:\Users\Administrator\.gradle\caches\journal-1)" [_thread_blocked, id=14640, stack(0x00000015a0800000,0x00000015a0900000)]
  0x000001dc975f4000 JavaThread "Cache worker for file hash cache (D:\Android\PokemonDrawer\.gradle\6.7.1\fileHashes)" [_thread_blocked, id=6856, stack(0x00000015a0900000,0x00000015a0a00000)]
  0x000001dc975f3000 JavaThread "Cache worker for checksums cache (D:\Android\PokemonDrawer\.gradle\checksums)" [_thread_blocked, id=9868, stack(0x00000015a0a00000,0x00000015a0b00000)]
  0x000001dc975f5800 JavaThread "Cache worker for cache directory md-supplier (C:\Users\Administrator\.gradle\caches\6.7.1\md-supplier)" [_thread_blocked, id=8684, stack(0x000000159f300000,0x000000159f400000)]
  0x000001dc975f5000 JavaThread "Cache worker for cache directory md-rule (C:\Users\Administrator\.gradle\caches\6.7.1\md-rule)" [_thread_blocked, id=16188, stack(0x00000015a0b00000,0x00000015a0c00000)]
  0x000001dc975f2800 JavaThread "Cache worker for execution history cache (C:\Users\Administrator\.gradle\caches\6.7.1\executionHistory)" [_thread_blocked, id=16612, stack(0x00000015a0c00000,0x00000015a0d00000)]
=>0x000001dc972b4000 JavaThread "C2 CompilerThread1" daemon [_thread_in_native, id=15672, stack(0x000000159f000000,0x000000159f100000)]
  0x000001dc975f7000 JavaThread "jar transforms" [_thread_blocked, id=15324, stack(0x00000015a0d00000,0x00000015a0e00000)]
  0x000001dc980d1800 JavaThread "Cache worker for file content cache (C:\Users\Administrator\.gradle\caches\6.7.1\fileContent)" [_thread_blocked, id=772, stack(0x00000015a0e00000,0x00000015a0f00000)]

Other Threads:
  0x000001dcffb21800 VMThread "VM Thread" [stack: 0x000000159e500000,0x000000159e600000] [id=13096]
  0x000001dcffd93800 WatcherThread [stack: 0x000000159ef00000,0x000000159f000000] [id=9408]
  0x000001dcfa071800 GCTaskThread "GC Thread#0" [stack: 0x000000159e000000,0x000000159e100000] [id=17180]
  0x000001dc96034800 GCTaskThread "GC Thread#1" [stack: 0x000000159f100000,0x000000159f200000] [id=11620]
  0x000001dc96035000 GCTaskThread "GC Thread#2" [stack: 0x000000159f200000,0x000000159f300000] [id=12940]
  0x000001dc97b2f000 GCTaskThread "GC Thread#3" [stack: 0x00000015a0000000,0x00000015a0100000] [id=14772]
  0x000001dc976c7800 GCTaskThread "GC Thread#4" [stack: 0x00000015a0100000,0x00000015a0200000] [id=15180]
  0x000001dc961bd000 GCTaskThread "GC Thread#5" [stack: 0x00000015a0200000,0x00000015a0300000] [id=16852]
  0x000001dc97379000 GCTaskThread "GC Thread#6" [stack: 0x00000015a0300000,0x00000015a0400000] [id=13640]
  0x000001dc96f58000 GCTaskThread "GC Thread#7" [stack: 0x00000015a0400000,0x00000015a0500000] [id=16128]
  0x000001dcfa0a3800 ConcurrentGCThread "G1 Main Marker" [stack: 0x000000159e100000,0x000000159e200000] [id=14408]
  0x000001dcfa0a6000 ConcurrentGCThread "G1 Conc#0" [stack: 0x000000159e200000,0x000000159e300000] [id=16868]
  0x000001dc97722800 ConcurrentGCThread "G1 Conc#1" [stack: 0x00000015a0700000,0x00000015a0800000] [id=13800]
  0x000001dcfa136800 ConcurrentGCThread "G1 Refine#0" [stack: 0x000000159e300000,0x000000159e400000] [id=15056]
  0x000001dcff971000 ConcurrentGCThread "G1 Young RemSet Sampling" [stack: 0x000000159e400000,0x000000159e500000] [id=17128]

Threads with active compile tasks:
C2 CompilerThread1   2996 2812       4       org.codehaus.groovy.reflection.ParameterTypes::getParameterTypes (16 bytes)

VM state:not at safepoint (normal execution)

VM Mutex/Monitor currently owned by a thread: None

OutOfMemory and StackOverflow Exception counts:
OutOfMemoryError java_heap_errors=2
LinkageErrors=52

Heap address: 0x0000000080000000, size: 2048 MB, Compressed Oops mode: 32-bit
Narrow klass base: 0x0000000000000000, Narrow klass shift: 3
Compressed class space size: 1073741824 Address: 0x0000000100000000

Heap:
 garbage-first heap   total 129024K, used 31980K [0x0000000080000000, 0x0000000100000000)
  region size 1024K, 15 young (15360K), 6 survivors (6144K)
 Metaspace       used 35743K, capacity 36509K, committed 36736K, reserved 1081344K
  class space    used 4642K, capacity 4909K, committed 4992K, reserved 1048576K
Heap Regions: E=young(eden), S=young(survivor), O=old, HS=humongous(starts), HC=humongous(continues), CS=collection set, F=free, A=archive, TAMS=top-at-mark-start (previous, next)
|   0|0x0000000080000000, 0x0000000080100000, 0x0000000080100000|100%| O|  |TAMS 0x0000000080100000, 0x0000000080000000| Untracked 
|   1|0x0000000080100000, 0x0000000080200000, 0x0000000080200000|100%| O|  |TAMS 0x0000000080200000, 0x0000000080100000| Untracked 
|   2|0x0000000080200000, 0x0000000080300000, 0x0000000080300000|100%| O|  |TAMS 0x0000000080300000, 0x0000000080200000| Untracked 
|   3|0x0000000080300000, 0x0000000080400000, 0x0000000080400000|100%|HS|  |TAMS 0x0000000080400000, 0x0000000080300000| Complete 
|   4|0x0000000080400000, 0x0000000080500000, 0x0000000080500000|100%|HC|  |TAMS 0x0000000080500000, 0x0000000080400000| Complete 
|   5|0x0000000080500000, 0x0000000080600000, 0x0000000080600000|100%|HC|  |TAMS 0x0000000080600000, 0x0000000080500000| Complete 
|   6|0x0000000080600000, 0x0000000080700000, 0x0000000080700000|100%| O|  |TAMS 0x0000000080700000, 0x0000000080600000| Untracked 
|   7|0x0000000080700000, 0x0000000080800000, 0x0000000080800000|100%| O|  |TAMS 0x0000000080800000, 0x0000000080700000| Untracked 
|   8|0x0000000080800000, 0x0000000080900000, 0x0000000080900000|100%| O|  |TAMS 0x0000000080900000, 0x0000000080800000| Untracked 
|   9|0x0000000080900000, 0x0000000080a00000, 0x0000000080a00000|100%| O|  |TAMS 0x0000000080a00000, 0x0000000080900000| Untracked 
|  10|0x0000000080a00000, 0x0000000080b00000, 0x0000000080b00000|100%| O|  |TAMS 0x0000000080b00000, 0x0000000080a00000| Untracked 
|  11|0x0000000080b00000, 0x0000000080c00000, 0x0000000080c00000|100%| O|  |TAMS 0x0000000080c00000, 0x0000000080b00000| Untracked 
|  12|0x0000000080c00000, 0x0000000080d00000, 0x0000000080d00000|100%| O|  |TAMS 0x0000000080d00000, 0x0000000080c00000| Untracked 
|  13|0x0000000080d00000, 0x0000000080e00000, 0x0000000080e00000|100%| O|  |TAMS 0x0000000080e00000, 0x0000000080d00000| Untracked 
|  14|0x0000000080e00000, 0x0000000080f00000, 0x0000000080f00000|100%| O|  |TAMS 0x0000000080f00000, 0x0000000080e00000| Untracked 
|  15|0x0000000080f00000, 0x0000000080fa0200, 0x0000000081000000| 62%| O|  |TAMS 0x0000000080fa0200, 0x0000000080f00000| Untracked 
|  16|0x0000000081000000, 0x0000000081100000, 0x0000000081100000|100%|HS|  |TAMS 0x0000000081000000, 0x0000000081000000| Complete 
|  17|0x0000000081100000, 0x0000000081200000, 0x0000000081200000|100%|HS|  |TAMS 0x0000000081100000, 0x0000000081100000| Complete 
|  18|0x0000000081200000, 0x0000000081300000, 0x0000000081300000|100%|HC|  |TAMS 0x0000000081200000, 0x0000000081200000| Complete 
|  19|0x0000000081300000, 0x0000000081300000, 0x0000000081400000|  0%| F|  |TAMS 0x0000000081300000, 0x0000000081300000| Untracked 
|  20|0x0000000081400000, 0x0000000081400000, 0x0000000081500000|  0%| F|  |TAMS 0x0000000081400000, 0x0000000081400000| Untracked 
|  21|0x0000000081500000, 0x0000000081500000, 0x0000000081600000|  0%| F|  |TAMS 0x0000000081500000, 0x0000000081500000| Untracked 
|  22|0x0000000081600000, 0x0000000081600000, 0x0000000081700000|  0%| F|  |TAMS 0x0000000081600000, 0x0000000081600000| Untracked 
|  23|0x0000000081700000, 0x0000000081700000, 0x0000000081800000|  0%| F|  |TAMS 0x0000000081700000, 0x0000000081700000| Untracked 
|  24|0x0000000081800000, 0x0000000081800000, 0x0000000081900000|  0%| F|  |TAMS 0x0000000081800000, 0x0000000081800000| Untracked 
|  25|0x0000000081900000, 0x0000000081900000, 0x0000000081a00000|  0%| F|  |TAMS 0x0000000081900000, 0x0000000081900000| Untracked 
|  26|0x0000000081a00000, 0x0000000081a00000, 0x0000000081b00000|  0%| F|  |TAMS 0x0000000081a00000, 0x0000000081a00000| Untracked 
|  27|0x0000000081b00000, 0x0000000081b00000, 0x0000000081c00000|  0%| F|  |TAMS 0x0000000081b00000, 0x0000000081b00000| Untracked 
|  28|0x0000000081c00000, 0x0000000081c00000, 0x0000000081d00000|  0%| F|  |TAMS 0x0000000081c00000, 0x0000000081c00000| Untracked 
|  29|0x0000000081d00000, 0x0000000081d00000, 0x0000000081e00000|  0%| F|  |TAMS 0x0000000081d00000, 0x0000000081d00000| Untracked 
|  30|0x0000000081e00000, 0x0000000081e00000, 0x0000000081f00000|  0%| F|  |TAMS 0x0000000081e00000, 0x0000000081e00000| Untracked 
|  31|0x0000000081f00000, 0x0000000081f00000, 0x0000000082000000|  0%| F|  |TAMS 0x0000000081f00000, 0x0000000081f00000| Untracked 
|  32|0x0000000082000000, 0x0000000082000000, 0x0000000082100000|  0%| F|  |TAMS 0x0000000082000000, 0x0000000082000000| Untracked 
|  33|0x0000000082100000, 0x0000000082100000, 0x0000000082200000|  0%| F|  |TAMS 0x0000000082100000, 0x0000000082100000| Untracked 
|  34|0x0000000082200000, 0x0000000082200000, 0x0000000082300000|  0%| F|  |TAMS 0x0000000082200000, 0x0000000082200000| Untracked 
|  35|0x0000000082300000, 0x0000000082300000, 0x0000000082400000|  0%| F|  |TAMS 0x0000000082300000, 0x0000000082300000| Untracked 
|  36|0x0000000082400000, 0x0000000082400000, 0x0000000082500000|  0%| F|  |TAMS 0x0000000082400000, 0x0000000082400000| Untracked 
|  37|0x0000000082500000, 0x0000000082500000, 0x0000000082600000|  0%| F|  |TAMS 0x0000000082500000, 0x0000000082500000| Untracked 
|  38|0x0000000082600000, 0x0000000082600000, 0x0000000082700000|  0%| F|  |TAMS 0x0000000082600000, 0x0000000082600000| Untracked 
|  39|0x0000000082700000, 0x0000000082700000, 0x0000000082800000|  0%| F|  |TAMS 0x0000000082700000, 0x0000000082700000| Untracked 
|  40|0x0000000082800000, 0x0000000082800000, 0x0000000082900000|  0%| F|  |TAMS 0x0000000082800000, 0x0000000082800000| Untracked 
|  41|0x0000000082900000, 0x0000000082900000, 0x0000000082a00000|  0%| F|  |TAMS 0x0000000082900000, 0x0000000082900000| Untracked 
|  42|0x0000000082a00000, 0x0000000082a00000, 0x0000000082b00000|  0%| F|  |TAMS 0x0000000082a00000, 0x0000000082a00000| Untracked 
|  43|0x0000000082b00000, 0x0000000082b00000, 0x0000000082c00000|  0%| F|  |TAMS 0x0000000082b00000, 0x0000000082b00000| Untracked 
|  44|0x0000000082c00000, 0x0000000082c00000, 0x0000000082d00000|  0%| F|  |TAMS 0x0000000082c00000, 0x0000000082c00000| Untracked 
|  45|0x0000000082d00000, 0x0000000082d00000, 0x0000000082e00000|  0%| F|  |TAMS 0x0000000082d00000, 0x0000000082d00000| Untracked 
|  46|0x0000000082e00000, 0x0000000082e00000, 0x0000000082f00000|  0%| F|  |TAMS 0x0000000082e00000, 0x0000000082e00000| Untracked 
|  47|0x0000000082f00000, 0x0000000082f00000, 0x0000000083000000|  0%| F|  |TAMS 0x0000000082f00000, 0x0000000082f00000| Untracked 
|  48|0x0000000083000000, 0x0000000083000000, 0x0000000083100000|  0%| F|  |TAMS 0x0000000083000000, 0x0000000083000000| Untracked 
|  49|0x0000000083100000, 0x0000000083100000, 0x0000000083200000|  0%| F|  |TAMS 0x0000000083100000, 0x0000000083100000| Untracked 
|  50|0x0000000083200000, 0x0000000083200000, 0x0000000083300000|  0%| F|  |TAMS 0x0000000083200000, 0x0000000083200000| Untracked 
|  51|0x0000000083300000, 0x0000000083300000, 0x0000000083400000|  0%| F|  |TAMS 0x0000000083300000, 0x0000000083300000| Untracked 
|  52|0x0000000083400000, 0x0000000083400000, 0x0000000083500000|  0%| F|  |TAMS 0x0000000083400000, 0x0000000083400000| Untracked 
|  53|0x0000000083500000, 0x0000000083500000, 0x0000000083600000|  0%| F|  |TAMS 0x0000000083500000, 0x0000000083500000| Untracked 
|  54|0x0000000083600000, 0x0000000083600000, 0x0000000083700000|  0%| F|  |TAMS 0x0000000083600000, 0x0000000083600000| Untracked 
|  55|0x0000000083700000, 0x0000000083700000, 0x0000000083800000|  0%| F|  |TAMS 0x0000000083700000, 0x0000000083700000| Untracked 
|  56|0x0000000083800000, 0x0000000083800000, 0x0000000083900000|  0%| F|  |TAMS 0x0000000083800000, 0x0000000083800000| Untracked 
|  57|0x0000000083900000, 0x0000000083900000, 0x0000000083a00000|  0%| F|  |TAMS 0x0000000083900000, 0x0000000083900000| Untracked 
|  58|0x0000000083a00000, 0x0000000083a00000, 0x0000000083b00000|  0%| F|  |TAMS 0x0000000083a00000, 0x0000000083a00000| Untracked 
|  59|0x0000000083b00000, 0x0000000083b00000, 0x0000000083c00000|  0%| F|  |TAMS 0x0000000083b00000, 0x0000000083b00000| Untracked 
|  60|0x0000000083c00000, 0x0000000083c00000, 0x0000000083d00000|  0%| F|  |TAMS 0x0000000083c00000, 0x0000000083c00000| Untracked 
|  61|0x0000000083d00000, 0x0000000083d00000, 0x0000000083e00000|  0%| F|  |TAMS 0x0000000083d00000, 0x0000000083d00000| Untracked 
|  62|0x0000000083e00000, 0x0000000083e00000, 0x0000000083f00000|  0%| F|  |TAMS 0x0000000083e00000, 0x0000000083e00000| Untracked 
|  63|0x0000000083f00000, 0x0000000083f00000, 0x0000000084000000|  0%| F|  |TAMS 0x0000000083f00000, 0x0000000083f00000| Untracked 
|  64|0x0000000084000000, 0x0000000084000000, 0x0000000084100000|  0%| F|  |TAMS 0x0000000084000000, 0x0000000084000000| Untracked 
|  65|0x0000000084100000, 0x0000000084100000, 0x0000000084200000|  0%| F|  |TAMS 0x0000000084100000, 0x0000000084100000| Untracked 
|  66|0x0000000084200000, 0x000000008429b0d0, 0x0000000084300000| 60%| S|CS|TAMS 0x0000000084200000, 0x0000000084200000| Complete 
|  67|0x0000000084300000, 0x0000000084400000, 0x0000000084400000|100%| S|CS|TAMS 0x0000000084300000, 0x0000000084300000| Complete 
|  68|0x0000000084400000, 0x0000000084500000, 0x0000000084500000|100%| S|CS|TAMS 0x0000000084400000, 0x0000000084400000| Complete 
|  69|0x0000000084500000, 0x0000000084600000, 0x0000000084600000|100%| S|CS|TAMS 0x0000000084500000, 0x0000000084500000| Complete 
|  70|0x0000000084600000, 0x0000000084700000, 0x0000000084700000|100%| S|CS|TAMS 0x0000000084600000, 0x0000000084600000| Complete 
|  71|0x0000000084700000, 0x0000000084800000, 0x0000000084800000|100%| S|CS|TAMS 0x0000000084700000, 0x0000000084700000| Complete 
|  72|0x0000000084800000, 0x0000000084800000, 0x0000000084900000|  0%| F|  |TAMS 0x0000000084800000, 0x0000000084800000| Untracked 
|  73|0x0000000084900000, 0x0000000084900000, 0x0000000084a00000|  0%| F|  |TAMS 0x0000000084900000, 0x0000000084900000| Untracked 
|  74|0x0000000084a00000, 0x0000000084a00000, 0x0000000084b00000|  0%| F|  |TAMS 0x0000000084a00000, 0x0000000084a00000| Untracked 
|  75|0x0000000084b00000, 0x0000000084b00000, 0x0000000084c00000|  0%| F|  |TAMS 0x0000000084b00000, 0x0000000084b00000| Untracked 
|  76|0x0000000084c00000, 0x0000000084c00000, 0x0000000084d00000|  0%| F|  |TAMS 0x0000000084c00000, 0x0000000084c00000| Untracked 
|  77|0x0000000084d00000, 0x0000000084d00000, 0x0000000084e00000|  0%| F|  |TAMS 0x0000000084d00000, 0x0000000084d00000| Untracked 
|  78|0x0000000084e00000, 0x0000000084e00000, 0x0000000084f00000|  0%| F|  |TAMS 0x0000000084e00000, 0x0000000084e00000| Untracked 
|  79|0x0000000084f00000, 0x0000000084f00000, 0x0000000085000000|  0%| F|  |TAMS 0x0000000084f00000, 0x0000000084f00000| Untracked 
|  80|0x0000000085000000, 0x0000000085000000, 0x0000000085100000|  0%| F|  |TAMS 0x0000000085000000, 0x0000000085000000| Untracked 
|  81|0x0000000085100000, 0x0000000085100000, 0x0000000085200000|  0%| F|  |TAMS 0x0000000085100000, 0x0000000085100000| Untracked 
|  82|0x0000000085200000, 0x0000000085200000, 0x0000000085300000|  0%| F|  |TAMS 0x0000000085200000, 0x0000000085200000| Untracked 
|  83|0x0000000085300000, 0x0000000085300000, 0x0000000085400000|  0%| F|  |TAMS 0x0000000085300000, 0x0000000085300000| Untracked 
|  84|0x0000000085400000, 0x0000000085400000, 0x0000000085500000|  0%| F|  |TAMS 0x0000000085400000, 0x0000000085400000| Untracked 
|  85|0x0000000085500000, 0x0000000085500000, 0x0000000085600000|  0%| F|  |TAMS 0x0000000085500000, 0x0000000085500000| Untracked 
|  86|0x0000000085600000, 0x0000000085600000, 0x0000000085700000|  0%| F|  |TAMS 0x0000000085600000, 0x0000000085600000| Untracked 
|  87|0x0000000085700000, 0x0000000085700000, 0x0000000085800000|  0%| F|  |TAMS 0x0000000085700000, 0x0000000085700000| Untracked 
|  88|0x0000000085800000, 0x0000000085800000, 0x0000000085900000|  0%| F|  |TAMS 0x0000000085800000, 0x0000000085800000| Untracked 
|  89|0x0000000085900000, 0x0000000085900000, 0x0000000085a00000|  0%| F|  |TAMS 0x0000000085900000, 0x0000000085900000| Untracked 
|  90|0x0000000085a00000, 0x0000000085a00000, 0x0000000085b00000|  0%| F|  |TAMS 0x0000000085a00000, 0x0000000085a00000| Untracked 
|  91|0x0000000085b00000, 0x0000000085b00000, 0x0000000085c00000|  0%| F|  |TAMS 0x0000000085b00000, 0x0000000085b00000| Untracked 
|  92|0x0000000085c00000, 0x0000000085c00000, 0x0000000085d00000|  0%| F|  |TAMS 0x0000000085c00000, 0x0000000085c00000| Untracked 
|  93|0x0000000085d00000, 0x0000000085d00000, 0x0000000085e00000|  0%| F|  |TAMS 0x0000000085d00000, 0x0000000085d00000| Untracked 
|  94|0x0000000085e00000, 0x0000000085e00000, 0x0000000085f00000|  0%| F|  |TAMS 0x0000000085e00000, 0x0000000085e00000| Untracked 
|  95|0x0000000085f00000, 0x0000000085f00000, 0x0000000086000000|  0%| F|  |TAMS 0x0000000085f00000, 0x0000000085f00000| Untracked 
|  96|0x0000000086000000, 0x0000000086000000, 0x0000000086100000|  0%| F|  |TAMS 0x0000000086000000, 0x0000000086000000| Untracked 
|  97|0x0000000086100000, 0x0000000086100000, 0x0000000086200000|  0%| F|  |TAMS 0x0000000086100000, 0x0000000086100000| Untracked 
|  98|0x0000000086200000, 0x0000000086200000, 0x0000000086300000|  0%| F|  |TAMS 0x0000000086200000, 0x0000000086200000| Untracked 
|  99|0x0000000086300000, 0x0000000086300000, 0x0000000086400000|  0%| F|  |TAMS 0x0000000086300000, 0x0000000086300000| Untracked 
| 100|0x0000000086400000, 0x0000000086400000, 0x0000000086500000|  0%| F|  |TAMS 0x0000000086400000, 0x0000000086400000| Untracked 
| 101|0x0000000086500000, 0x0000000086500000, 0x0000000086600000|  0%| F|  |TAMS 0x0000000086500000, 0x0000000086500000| Untracked 
| 102|0x0000000086600000, 0x0000000086600000, 0x0000000086700000|  0%| F|  |TAMS 0x0000000086600000, 0x0000000086600000| Untracked 
| 103|0x0000000086700000, 0x0000000086700000, 0x0000000086800000|  0%| F|  |TAMS 0x0000000086700000, 0x0000000086700000| Untracked 
| 104|0x0000000086800000, 0x0000000086800000, 0x0000000086900000|  0%| F|  |TAMS 0x0000000086800000, 0x0000000086800000| Untracked 
| 105|0x0000000086900000, 0x0000000086900000, 0x0000000086a00000|  0%| F|  |TAMS 0x0000000086900000, 0x0000000086900000| Untracked 
| 106|0x0000000086a00000, 0x0000000086a00000, 0x0000000086b00000|  0%| F|  |TAMS 0x0000000086a00000, 0x0000000086a00000| Untracked 
| 107|0x0000000086b00000, 0x0000000086b00000, 0x0000000086c00000|  0%| F|  |TAMS 0x0000000086b00000, 0x0000000086b00000| Untracked 
| 108|0x0000000086c00000, 0x0000000086c00000, 0x0000000086d00000|  0%| F|  |TAMS 0x0000000086c00000, 0x0000000086c00000| Untracked 
| 109|0x0000000086d00000, 0x0000000086d00000, 0x0000000086e00000|  0%| F|  |TAMS 0x0000000086d00000, 0x0000000086d00000| Untracked 
| 110|0x0000000086e00000, 0x0000000086e00000, 0x0000000086f00000|  0%| F|  |TAMS 0x0000000086e00000, 0x0000000086e00000| Untracked 
| 111|0x0000000086f00000, 0x0000000086f00000, 0x0000000087000000|  0%| F|  |TAMS 0x0000000086f00000, 0x0000000086f00000| Untracked 
| 112|0x0000000087000000, 0x0000000087000000, 0x0000000087100000|  0%| F|  |TAMS 0x0000000087000000, 0x0000000087000000| Untracked 
| 113|0x0000000087100000, 0x0000000087100000, 0x0000000087200000|  0%| F|  |TAMS 0x0000000087100000, 0x0000000087100000| Untracked 
| 114|0x0000000087200000, 0x0000000087200000, 0x0000000087300000|  0%| F|  |TAMS 0x0000000087200000, 0x0000000087200000| Untracked 
| 115|0x0000000087300000, 0x0000000087300000, 0x0000000087400000|  0%| F|  |TAMS 0x0000000087300000, 0x0000000087300000| Untracked 
| 116|0x0000000087400000, 0x0000000087480800, 0x0000000087500000| 50%| E|  |TAMS 0x0000000087400000, 0x0000000087400000| Complete 
| 117|0x0000000087500000, 0x0000000087600000, 0x0000000087600000|100%| E|CS|TAMS 0x0000000087500000, 0x0000000087500000| Complete 
| 118|0x0000000087600000, 0x0000000087700000, 0x0000000087700000|100%| E|CS|TAMS 0x0000000087600000, 0x0000000087600000| Complete 
| 119|0x0000000087700000, 0x0000000087800000, 0x0000000087800000|100%| E|  |TAMS 0x0000000087700000, 0x0000000087700000| Complete 
| 120|0x0000000087800000, 0x0000000087900000, 0x0000000087900000|100%| E|CS|TAMS 0x0000000087800000, 0x0000000087800000| Complete 
| 121|0x0000000087900000, 0x0000000087a00000, 0x0000000087a00000|100%| E|CS|TAMS 0x0000000087900000, 0x0000000087900000| Complete 
| 122|0x0000000087a00000, 0x0000000087b00000, 0x0000000087b00000|100%| E|CS|TAMS 0x0000000087a00000, 0x0000000087a00000| Complete 
| 123|0x0000000087b00000, 0x0000000087c00000, 0x0000000087c00000|100%| E|CS|TAMS 0x0000000087b00000, 0x0000000087b00000| Complete 
| 124|0x0000000087c00000, 0x0000000087d00000, 0x0000000087d00000|100%| E|CS|TAMS 0x0000000087c00000, 0x0000000087c00000| Complete 
| 125|0x0000000087d00000, 0x0000000087e00000, 0x0000000087e00000|100%| E|CS|TAMS 0x0000000087d00000, 0x0000000087d00000| Complete 

Card table byte_map: [0x000001dcfe850000,0x000001dcfec50000] _byte_map_base: 0x000001dcfe450000

Marking Bits (Prev, Next): (CMBitMap*) 0x000001dcfa09ad88, (CMBitMap*) 0x000001dcfa09adc0
 Prev Bits: [0x000001dc8f000000, 0x000001dc91000000)
 Next Bits: [0x000001dc91000000, 0x000001dc93000000)

Polling page: 0x000001dcf8820000

Metaspace:

Usage:
  Non-class:     30.87 MB capacity,    30.39 MB ( 98%) used,   431.69 KB (  1%) free+waste,    68.50 KB ( <1%) overhead. 
      Class:      4.80 MB capacity,     4.54 MB ( 95%) used,   232.66 KB (  5%) free+waste,    33.50 KB ( <1%) overhead. 
       Both:     35.67 MB capacity,    34.92 MB ( 98%) used,   664.35 KB (  2%) free+waste,   102.00 KB ( <1%) overhead. 

Virtual space:
  Non-class space:       32.00 MB reserved,      31.00 MB ( 97%) committed 
      Class space:        1.00 GB reserved,       4.88 MB ( <1%) committed 
             Both:        1.03 GB reserved,      35.88 MB (  3%) committed 

Chunk freelists:
   Non-Class:  1.00 KB
       Class:  0 bytes
        Both:  1.00 KB

MaxMetaspaceSize: 17179869184.00 GB
CompressedClassSpaceSize: 1.00 GB

CodeHeap 'non-profiled nmethods': size=120000Kb used=1431Kb max_used=1431Kb free=118568Kb
 bounds [0x000001dc87ad0000, 0x000001dc87d40000, 0x000001dc8f000000]
CodeHeap 'profiled nmethods': size=120000Kb used=5747Kb max_used=5747Kb free=114252Kb
 bounds [0x000001dc805a0000, 0x000001dc80b40000, 0x000001dc87ad0000]
CodeHeap 'non-nmethods': size=5760Kb used=1163Kb max_used=1224Kb free=4596Kb
 bounds [0x000001dc80000000, 0x000001dc80270000, 0x000001dc805a0000]
 total_blobs=3249 nmethods=2740 adapters=420
 compilation: enabled
              stopped_count=0, restarted_count=0
 full_count=0

Compilation events (20 events):
Event: 2.963 Thread 0x000001dcffb46800 2829       3       org.codehaus.groovy.util.ComplexKeyHashMap$1::hasNext (13 bytes)
Event: 2.963 Thread 0x000001dcffb46800 nmethod 2829 0x000001dc80b32d90 code [0x000001dc80b32f40, 0x000001dc80b33098]
Event: 2.969 Thread 0x000001dcffb46800 2830       3       org.gradle.internal.dispatch.ReflectionDispatch::dispatch (9 bytes)
Event: 2.969 Thread 0x000001dcffb46800 nmethod 2830 0x000001dc80b33110 code [0x000001dc80b332e0, 0x000001dc80b33508]
Event: 2.969 Thread 0x000001dcffb46800 2831   !   3       org.gradle.internal.dispatch.ReflectionDispatch::dispatch (42 bytes)
Event: 2.970 Thread 0x000001dcffb46800 nmethod 2831 0x000001dc80b33610 code [0x000001dc80b338c0, 0x000001dc80b343b8]
Event: 2.971 Thread 0x000001dcffb46800 2832       1       java.lang.StackTraceElement::getLineNumber (5 bytes)
Event: 2.971 Thread 0x000001dcffb46800 nmethod 2832 0x000001dc87c30f10 code [0x000001dc87c310c0, 0x000001dc87c31178]
Event: 2.971 Thread 0x000001dcffb46800 2834       3       java.lang.StackTraceElement::<init> (10 bytes)
Event: 2.971 Thread 0x000001dcffb46800 nmethod 2834 0x000001dc80b34990 code [0x000001dc80b34b40, 0x000001dc80b34c98]
Event: 2.971 Thread 0x000001dcffb46800 2835       3       java.lang.ModuleLayer::boot (4 bytes)
Event: 2.971 Thread 0x000001dcffb46800 nmethod 2835 0x000001dc80b34d90 code [0x000001dc80b34f40, 0x000001dc80b35038]
Event: 2.971 Thread 0x000001dcffb46800 2833       1       java.lang.StackTraceElement::getFileName (5 bytes)
Event: 2.971 Thread 0x000001dcffb46800 nmethod 2833 0x000001dc87c31210 code [0x000001dc87c313c0, 0x000001dc87c31478]
Event: 2.972 Thread 0x000001dcffb46800 2836       3       java.util.regex.Pattern$Branch::match (66 bytes)
Event: 2.972 Thread 0x000001dcffb46800 nmethod 2836 0x000001dc80b35090 code [0x000001dc80b35280, 0x000001dc80b35718]
Event: 2.972 Thread 0x000001dcffb46800 2837       1       java.lang.StackTraceElement::getClassName (5 bytes)
Event: 2.972 Thread 0x000001dcffb46800 nmethod 2837 0x000001dc87c31510 code [0x000001dc87c316c0, 0x000001dc87c31778]
Event: 2.974 Thread 0x000001dcffb46800 2838       3       org.codehaus.groovy.runtime.StackTraceUtils::isApplicationClass (84 bytes)
Event: 2.974 Thread 0x000001dcffb46800 nmethod 2838 0x000001dc80b35910 code [0x000001dc80b35b60, 0x000001dc80b36518]

GC Heap History (10 events):
Event: 0.496 GC heap before
{Heap before GC invocations=0 (full 0):
 garbage-first heap   total 129024K, used 29696K [0x0000000080000000, 0x0000000100000000)
  region size 1024K, 24 young (24576K), 0 survivors (0K)
 Metaspace       used 10368K, capacity 10599K, committed 10624K, reserved 1058816K
  class space    used 1082K, capacity 1129K, committed 1152K, reserved 1048576K
}
Event: 0.501 GC heap after
{Heap after GC invocations=1 (full 0):
 garbage-first heap   total 129024K, used 8793K [0x0000000080000000, 0x0000000100000000)
  region size 1024K, 3 young (3072K), 3 survivors (3072K)
 Metaspace       used 10368K, capacity 10599K, committed 10624K, reserved 1058816K
  class space    used 1082K, capacity 1129K, committed 1152K, reserved 1048576K
}
Event: 1.291 GC heap before
{Heap before GC invocations=1 (full 0):
 garbage-first heap   total 129024K, used 81497K [0x0000000080000000, 0x0000000100000000)
  region size 1024K, 75 young (76800K), 3 survivors (3072K)
 Metaspace       used 18819K, capacity 19205K, committed 19328K, reserved 1067008K
  class space    used 2268K, capacity 2394K, committed 2432K, reserved 1048576K
}
Event: 1.300 GC heap after
{Heap after GC invocations=2 (full 0):
 garbage-first heap   total 129024K, used 15832K [0x0000000080000000, 0x0000000100000000)
  region size 1024K, 10 young (10240K), 10 survivors (10240K)
 Metaspace       used 18819K, capacity 19205K, committed 19328K, reserved 1067008K
  class space    used 2268K, capacity 2394K, committed 2432K, reserved 1048576K
}
Event: 1.406 GC heap before
{Heap before GC invocations=2 (full 0):
 garbage-first heap   total 129024K, used 29144K [0x0000000080000000, 0x0000000100000000)
  region size 1024K, 24 young (24576K), 10 survivors (10240K)
 Metaspace       used 20573K, capacity 21103K, committed 21248K, reserved 1067008K
  class space    used 2525K, capacity 2712K, committed 2816K, reserved 1048576K
}
Event: 1.410 GC heap after
{Heap after GC invocations=3 (full 0):
 garbage-first heap   total 129024K, used 16770K [0x0000000080000000, 0x0000000100000000)
  region size 1024K, 1 young (1024K), 1 survivors (1024K)
 Metaspace       used 20573K, capacity 21103K, committed 21248K, reserved 1067008K
  class space    used 2525K, capacity 2712K, committed 2816K, reserved 1048576K
}
Event: 1.878 GC heap before
{Heap before GC invocations=4 (full 0):
 garbage-first heap   total 129024K, used 64898K [0x0000000080000000, 0x0000000100000000)
  region size 1024K, 48 young (49152K), 1 survivors (1024K)
 Metaspace       used 26021K, capacity 26669K, committed 26752K, reserved 1073152K
  class space    used 3395K, capacity 3634K, committed 3712K, reserved 1048576K
}
Event: 1.880 GC heap after
{Heap after GC invocations=5 (full 0):
 garbage-first heap   total 129024K, used 18411K [0x0000000080000000, 0x0000000100000000)
  region size 1024K, 3 young (3072K), 3 survivors (3072K)
 Metaspace       used 26021K, capacity 26669K, committed 26752K, reserved 1073152K
  class space    used 3395K, capacity 3634K, committed 3712K, reserved 1048576K
}
Event: 2.882 GC heap before
{Heap before GC invocations=5 (full 0):
 garbage-first heap   total 129024K, used 68587K [0x0000000080000000, 0x0000000100000000)
  region size 1024K, 54 young (55296K), 3 survivors (3072K)
 Metaspace       used 35123K, capacity 35821K, committed 35840K, reserved 1081344K
  class space    used 4567K, capacity 4856K, committed 4864K, reserved 1048576K
}
Event: 2.893 GC heap after
{Heap after GC invocations=6 (full 0):
 garbage-first heap   total 129024K, used 21740K [0x0000000080000000, 0x0000000100000000)
  region size 1024K, 6 young (6144K), 6 survivors (6144K)
 Metaspace       used 35123K, capacity 35821K, committed 35840K, reserved 1081344K
  class space    used 4567K, capacity 4856K, committed 4864K, reserved 1048576K
}

Deoptimization events (20 events):
Event: 2.925 Thread 0x000001dc96aaf800 Uncommon trap: trap_request=0xffffffbe fr.pc=0x000001dc87c2906c relative=0x000000000000070c
Event: 2.925 Thread 0x000001dc96aaf800 Uncommon trap: reason=profile_predicate action=maybe_recompile pc=0x000001dc87c2906c method=java.lang.PublicMethods$MethodList.filter([Ljava/lang/reflect/Method;Ljava/lang/String;[Ljava/lang/Class;Z)Ljava/lang/PublicMethods$MethodList; @ 21 c2
Event: 2.925 Thread 0x000001dc96aaf800 DEOPT PACKING pc=0x000001dc87c2906c sp=0x000000159fcf8a50
Event: 2.925 Thread 0x000001dc96aaf800 DEOPT UNPACKING pc=0x000001dc800274af sp=0x000000159fcf8a08 mode 2
Event: 2.940 Thread 0x000001dc96aaf800 Uncommon trap: trap_request=0xffffffbe fr.pc=0x000001dc87c2906c relative=0x000000000000070c
Event: 2.940 Thread 0x000001dc96aaf800 Uncommon trap: reason=profile_predicate action=maybe_recompile pc=0x000001dc87c2906c method=java.lang.PublicMethods$MethodList.filter([Ljava/lang/reflect/Method;Ljava/lang/String;[Ljava/lang/Class;Z)Ljava/lang/PublicMethods$MethodList; @ 21 c2
Event: 2.940 Thread 0x000001dc96aaf800 DEOPT PACKING pc=0x000001dc87c2906c sp=0x000000159fcf8f50
Event: 2.940 Thread 0x000001dc96aaf800 DEOPT UNPACKING pc=0x000001dc800274af sp=0x000000159fcf8f08 mode 2
Event: 2.940 Thread 0x000001dc96aaf800 Uncommon trap: trap_request=0xffffffbe fr.pc=0x000001dc87c2906c relative=0x000000000000070c
Event: 2.940 Thread 0x000001dc96aaf800 Uncommon trap: reason=profile_predicate action=maybe_recompile pc=0x000001dc87c2906c method=java.lang.PublicMethods$MethodList.filter([Ljava/lang/reflect/Method;Ljava/lang/String;[Ljava/lang/Class;Z)Ljava/lang/PublicMethods$MethodList; @ 21 c2
Event: 2.940 Thread 0x000001dc96aaf800 DEOPT PACKING pc=0x000001dc87c2906c sp=0x000000159fcf8f30
Event: 2.940 Thread 0x000001dc96aaf800 DEOPT UNPACKING pc=0x000001dc800274af sp=0x000000159fcf8ee8 mode 2
Event: 2.969 Thread 0x000001dc96aaf800 Uncommon trap: trap_request=0xffffffde fr.pc=0x000001dc87ba0a28 relative=0x00000000000002e8
Event: 2.969 Thread 0x000001dc96aaf800 Uncommon trap: reason=class_check action=maybe_recompile pc=0x000001dc87ba0a28 method=java.util.Collections$SetFromMap.remove(Ljava/lang/Object;)Z @ 5 c2
Event: 2.969 Thread 0x000001dc96aaf800 DEOPT PACKING pc=0x000001dc87ba0a28 sp=0x000000159fcfa8a0
Event: 2.969 Thread 0x000001dc96aaf800 DEOPT UNPACKING pc=0x000001dc800274af sp=0x000000159fcfa898 mode 2
Event: 2.969 Thread 0x000001dc96aaf800 Uncommon trap: trap_request=0xffffffde fr.pc=0x000001dc87ba0a28 relative=0x00000000000002e8
Event: 2.969 Thread 0x000001dc96aaf800 Uncommon trap: reason=class_check action=maybe_recompile pc=0x000001dc87ba0a28 method=java.util.Collections$SetFromMap.remove(Ljava/lang/Object;)Z @ 5 c2
Event: 2.969 Thread 0x000001dc96aaf800 DEOPT PACKING pc=0x000001dc87ba0a28 sp=0x000000159fcfa830
Event: 2.969 Thread 0x000001dc96aaf800 DEOPT UNPACKING pc=0x000001dc800274af sp=0x000000159fcfa828 mode 2

Classes redefined (0 events):
No events

Internal exceptions (20 events):
Event: 2.920 Thread 0x000001dc96aaf800 Exception <a 'java/lang/ClassNotFoundException'{0x0000000087b0c580}: org/gradle/groovy/scripts/BasicScriptBeanInfo> (0x0000000087b0c580) thrown at [./src/hotspot/share/classfile/systemDictionary.cpp, line 231]
Event: 2.920 Thread 0x000001dc96aaf800 Exception <a 'java/lang/ClassNotFoundException'{0x0000000087b1c200}: org/gradle/groovy/scripts/ScriptBeanInfo> (0x0000000087b1c200) thrown at [./src/hotspot/share/classfile/systemDictionary.cpp, line 231]
Event: 2.920 Thread 0x000001dc96aaf800 Exception <a 'java/lang/ClassNotFoundException'{0x0000000087b2ace0}: groovy/lang/ScriptBeanInfo> (0x0000000087b2ace0) thrown at [./src/hotspot/share/classfile/systemDictionary.cpp, line 231]
Event: 2.920 Thread 0x000001dc96aaf800 Exception <a 'java/lang/ClassNotFoundException'{0x0000000087b3a098}: groovy/lang/ScriptCustomizer> (0x0000000087b3a098) thrown at [./src/hotspot/share/classfile/systemDictionary.cpp, line 231]
Event: 2.921 Thread 0x000001dc96aaf800 Exception <a 'java/lang/ClassNotFoundException'{0x0000000087b51a60}: org/gradle/groovy/scripts/ScriptCustomizer> (0x0000000087b51a60) thrown at [./src/hotspot/share/classfile/systemDictionary.cpp, line 231]
Event: 2.922 Thread 0x000001dc96aaf800 Exception <a 'java/lang/ClassNotFoundException'{0x0000000087b68130}: org/gradle/groovy/scripts/BasicScriptCustomizer> (0x0000000087b68130) thrown at [./src/hotspot/share/classfile/systemDictionary.cpp, line 231]
Event: 2.922 Thread 0x000001dc96aaf800 Exception <a 'java/lang/ClassNotFoundException'{0x0000000087bab080}: org/gradle/groovy/scripts/DefaultScriptCustomizer> (0x0000000087bab080) thrown at [./src/hotspot/share/classfile/systemDictionary.cpp, line 231]
Event: 2.924 Thread 0x000001dc96aaf800 Exception <a 'java/lang/ClassNotFoundException'{0x0000000087bf2ab0}: org/gradle/plugin/use/internal/PluginsAwareScriptCustomizer> (0x0000000087bf2ab0) thrown at [./src/hotspot/share/classfile/systemDictionary.cpp, line 231]
Event: 2.924 Thread 0x000001dc96aaf800 Exception <a 'java/lang/ClassNotFoundException'{0x0000000087a0b2d8}: org/gradle/initialization/SettingsScriptCustomizer> (0x0000000087a0b2d8) thrown at [./src/hotspot/share/classfile/systemDictionary.cpp, line 231]
Event: 2.925 Thread 0x000001dc96aaf800 Exception <a 'java/lang/ClassNotFoundException'{0x0000000087a1be08}: settings_brpi2sfdv9dir9tsroqj600gvCustomizer> (0x0000000087a1be08) thrown at [./src/hotspot/share/classfile/systemDictionary.cpp, line 231]
Event: 2.945 Thread 0x000001dc96aaf800 Exception <a 'java/lang/ClassNotFoundException'{0x0000000087966628}: org/gradle/initialization/DefaultSettings_DecoratedBeanInfo> (0x0000000087966628) thrown at [./src/hotspot/share/classfile/systemDictionary.cpp, line 231]
Event: 2.945 Thread 0x000001dc96aaf800 Exception <a 'java/lang/ClassNotFoundException'{0x0000000087982cc8}: org/gradle/initialization/DefaultSettingsBeanInfo> (0x0000000087982cc8) thrown at [./src/hotspot/share/classfile/systemDictionary.cpp, line 231]
Event: 2.945 Thread 0x000001dc96aaf800 Exception <a 'java/lang/ClassNotFoundException'{0x00000000879a2130}: org/gradle/api/internal/project/AbstractPluginAwareBeanInfo> (0x00000000879a2130) thrown at [./src/hotspot/share/classfile/systemDictionary.cpp, line 231]
Event: 2.946 Thread 0x000001dc96aaf800 Exception <a 'java/lang/ClassNotFoundException'{0x00000000879c1660}: org/gradle/api/internal/project/AbstractPluginAwareCustomizer> (0x00000000879c1660) thrown at [./src/hotspot/share/classfile/systemDictionary.cpp, line 231]
Event: 2.947 Thread 0x000001dc96aaf800 Exception <a 'java/lang/ClassNotFoundException'{0x00000000879e5248}: org/gradle/initialization/DefaultSettingsCustomizer> (0x00000000879e5248) thrown at [./src/hotspot/share/classfile/systemDictionary.cpp, line 231]
Event: 2.950 Thread 0x000001dc96aaf800 Exception <a 'java/lang/ClassNotFoundException'{0x000000008782dce8}: org/gradle/initialization/DefaultSettings_DecoratedCustomizer> (0x000000008782dce8) thrown at [./src/hotspot/share/classfile/systemDictionary.cpp, line 231]
Event: 2.960 Thread 0x000001dc96aaf800 Exception <a 'java/lang/ClassNotFoundException'{0x00000000878ced00}: org/gradle/initialization/DefaultProjectDescriptorBeanInfo> (0x00000000878ced00) thrown at [./src/hotspot/share/classfile/systemDictionary.cpp, line 231]
Event: 2.960 Thread 0x000001dc96aaf800 Exception <a 'java/lang/ClassNotFoundException'{0x00000000878ed660}: org/gradle/initialization/DefaultProjectDescriptorCustomizer> (0x00000000878ed660) thrown at [./src/hotspot/share/classfile/systemDictionary.cpp, line 231]
Event: 2.968 Thread 0x000001dc96aaf800 Exception <a 'java/lang/OutOfMemoryError'{0x00000000877624e8}> (0x00000000877624e8) thrown at [./src/hotspot/share/prims/jni.cpp, line 636]
Event: 2.968 Thread 0x000001dc96aaf800 Exception <a 'java/lang/OutOfMemoryError'{0x00000000877624e8}> (0x00000000877624e8) thrown at [./src/hotspot/share/prims/jvm.cpp, line 1301]

Events (20 events):
Event: 2.970 loading class org/gradle/api/tasks/TaskExecutionException
Event: 2.970 loading class org/gradle/api/tasks/TaskExecutionException done
Event: 2.970 loading class org/gradle/internal/exceptions/Contextual
Event: 2.970 loading class org/gradle/internal/exceptions/Contextual done
Event: 2.971 loading class java/lang/StackTraceElement$HashedModules
Event: 2.971 loading class java/lang/StackTraceElement$HashedModules done
Event: 2.971 loading class org/gradle/internal/exceptions/ContextAwareException$1
Event: 2.971 loading class org/gradle/internal/exceptions/ContextAwareException$1 done
Event: 2.971 loading class org/codehaus/groovy/runtime/StackTraceUtils
Event: 2.971 loading class org/codehaus/groovy/runtime/StackTraceUtils done
Event: 2.972 loading class org/apache/groovy/util/SystemUtil
Event: 2.972 loading class org/apache/groovy/util/SystemUtil done
Event: 2.972 loading class java/util/logging/LogRecord
Event: 2.973 loading class java/util/logging/LogRecord done
Event: 2.973 loading class java/time/Clock
Event: 2.974 loading class java/time/Clock done
Event: 2.974 loading class java/time/Clock$SystemClock
Event: 2.974 loading class java/time/Clock$SystemClock done
Event: 2.975 loading class org/gradle/api/internal/artifacts/DependencyManagementGradleUserHomeScopeServices$1
Event: 2.975 loading class org/gradle/api/internal/artifacts/DependencyManagementGradleUserHomeScopeServices$1 done


Dynamic libraries:
0x00007ff7b33b0000 - 0x00007ff7b33ba000 	C:\Program Files\Android\Android Studio\jre\bin\java.exe
0x00007ffa81410000 - 0x00007ffa81605000 	C:\WINDOWS\SYSTEM32\ntdll.dll
0x00007ffa80890000 - 0x00007ffa8094d000 	C:\WINDOWS\System32\KERNEL32.DLL
0x00007ffa7ede0000 - 0x00007ffa7f0a8000 	C:\WINDOWS\System32\KERNELBASE.dll
0x00007ffa7eb50000 - 0x00007ffa7ec50000 	C:\WINDOWS\System32\ucrtbase.dll
0x00007ffa7a180000 - 0x00007ffa7a199000 	C:\Program Files\Android\Android Studio\jre\bin\jli.dll
0x00007ffa649a0000 - 0x00007ffa649b7000 	C:\Program Files\Android\Android Studio\jre\bin\VCRUNTIME140.dll
0x00007ffa801e0000 - 0x00007ffa80380000 	C:\WINDOWS\System32\USER32.dll
0x00007ffa7f390000 - 0x00007ffa7f3b2000 	C:\WINDOWS\System32\win32u.dll
0x00007ffa5ce70000 - 0x00007ffa5d10a000 	C:\WINDOWS\WinSxS\amd64_microsoft.windows.common-controls_6595b64144ccf1df_6.0.19041.844_none_ca00b6081b84eb1d\COMCTL32.dll
0x00007ffa7f640000 - 0x00007ffa7f66a000 	C:\WINDOWS\System32\GDI32.dll
0x00007ffa807f0000 - 0x00007ffa8088e000 	C:\WINDOWS\System32\msvcrt.dll
0x00007ffa7ec50000 - 0x00007ffa7ed5b000 	C:\WINDOWS\System32\gdi32full.dll
0x00007ffa7f2f0000 - 0x00007ffa7f38d000 	C:\WINDOWS\System32\msvcp_win.dll
0x00007ffa7ff10000 - 0x00007ffa7ff40000 	C:\WINDOWS\System32\IMM32.DLL
0x00007ffa61ce0000 - 0x00007ffa61d7d000 	C:\Program Files\Android\Android Studio\jre\bin\msvcp140.dll
0x00007ffa2d910000 - 0x00007ffa2e3cc000 	C:\Program Files\Android\Android Studio\jre\bin\server\jvm.dll
0x00007ffa7f590000 - 0x00007ffa7f63c000 	C:\WINDOWS\System32\ADVAPI32.dll
0x00007ffa81320000 - 0x00007ffa813bb000 	C:\WINDOWS\System32\sechost.dll
0x00007ffa811d0000 - 0x00007ffa812fb000 	C:\WINDOWS\System32\RPCRT4.dll
0x00007ffa7f670000 - 0x00007ffa7f678000 	C:\WINDOWS\System32\PSAPI.DLL
0x00007ffa7a780000 - 0x00007ffa7a789000 	C:\WINDOWS\SYSTEM32\WSOCK32.dll
0x00007ffa59b40000 - 0x00007ffa59b67000 	C:\WINDOWS\SYSTEM32\WINMM.dll
0x00007ffa78810000 - 0x00007ffa7881a000 	C:\WINDOWS\SYSTEM32\VERSION.dll
0x00007ffa80170000 - 0x00007ffa801db000 	C:\WINDOWS\System32\WS2_32.dll
0x00007ffa7c9e0000 - 0x00007ffa7c9f2000 	C:\WINDOWS\SYSTEM32\kernel.appcore.dll
0x00007ffa6a930000 - 0x00007ffa6a941000 	C:\Program Files\Android\Android Studio\jre\bin\verify.dll
0x00007ffa68eb0000 - 0x00007ffa69094000 	C:\WINDOWS\SYSTEM32\DBGHELP.DLL
0x00007ffa68de0000 - 0x00007ffa68e0c000 	C:\WINDOWS\SYSTEM32\dbgcore.DLL
0x00007ffa7ed60000 - 0x00007ffa7ede0000 	C:\WINDOWS\System32\bcryptPrimitives.dll
0x00007ffa62380000 - 0x00007ffa623a9000 	C:\Program Files\Android\Android Studio\jre\bin\java.dll
0x00007ffa6ab50000 - 0x00007ffa6ab5b000 	C:\Program Files\Android\Android Studio\jre\bin\jimage.dll
0x00007ffa61b70000 - 0x00007ffa61b88000 	C:\Program Files\Android\Android Studio\jre\bin\zip.dll
0x00007ffa7f680000 - 0x00007ffa7fdc2000 	C:\WINDOWS\System32\SHELL32.dll
0x00007ffa7ccc0000 - 0x00007ffa7d450000 	C:\WINDOWS\SYSTEM32\windows.storage.dll
0x00007ffa80e10000 - 0x00007ffa81165000 	C:\WINDOWS\System32\combase.dll
0x00007ffa7e550000 - 0x00007ffa7e57c000 	C:\WINDOWS\SYSTEM32\Wldp.dll
0x00007ffa80020000 - 0x00007ffa800ce000 	C:\WINDOWS\System32\SHCORE.dll
0x00007ffa80ce0000 - 0x00007ffa80d35000 	C:\WINDOWS\System32\shlwapi.dll
0x00007ffa7ea90000 - 0x00007ffa7eaaf000 	C:\WINDOWS\SYSTEM32\profapi.dll
0x00007ffa605f0000 - 0x00007ffa6060a000 	C:\Program Files\Android\Android Studio\jre\bin\net.dll
0x00007ffa77e40000 - 0x00007ffa77f4b000 	C:\WINDOWS\SYSTEM32\WINHTTP.dll
0x00007ffa7e260000 - 0x00007ffa7e2ca000 	C:\WINDOWS\system32\mswsock.dll
0x00007ffa605d0000 - 0x00007ffa605e4000 	C:\Program Files\Android\Android Studio\jre\bin\nio.dll
0x00007ffa54af0000 - 0x00007ffa54b17000 	C:\Users\Administrator\.gradle\native\fdc75f09e3144964f2cf3f50f0aa648679c211496f362492102eb8c894070792\windows-amd64\native-platform.dll
0x00007ffa31f10000 - 0x00007ffa320a6000 	C:\Users\Administrator\.gradle\native\12488b8bf47d2d4c9fbf2f6322a914ad602e24e48041cd04a747c6da556b65c4\windows-amd64\native-platform-file-events.dll
0x00007ffa69bd0000 - 0x00007ffa69bda000 	C:\Program Files\Android\Android Studio\jre\bin\management.dll
0x00007ffa69900000 - 0x00007ffa6990c000 	C:\Program Files\Android\Android Studio\jre\bin\management_ext.dll
0x00007ffa7e440000 - 0x00007ffa7e458000 	C:\WINDOWS\SYSTEM32\CRYPTSP.dll
0x00007ffa7dc00000 - 0x00007ffa7dc34000 	C:\WINDOWS\system32\rsaenh.dll
0x00007ffa7f110000 - 0x00007ffa7f137000 	C:\WINDOWS\System32\bcrypt.dll
0x00007ffa7ea50000 - 0x00007ffa7ea7e000 	C:\WINDOWS\SYSTEM32\USERENV.dll
0x00007ffa7e430000 - 0x00007ffa7e43c000 	C:\WINDOWS\SYSTEM32\CRYPTBASE.dll
0x00007ffa7df50000 - 0x00007ffa7df8b000 	C:\WINDOWS\SYSTEM32\IPHLPAPI.DLL
0x00007ffa813c0000 - 0x00007ffa813c8000 	C:\WINDOWS\System32\NSI.dll
0x00007ffa78ca0000 - 0x00007ffa78cb7000 	C:\WINDOWS\SYSTEM32\dhcpcsvc6.DLL
0x00007ffa78c80000 - 0x00007ffa78c9d000 	C:\WINDOWS\SYSTEM32\dhcpcsvc.DLL
0x00007ffa7df90000 - 0x00007ffa7e05c000 	C:\WINDOWS\SYSTEM32\DNSAPI.dll
0x00007ffa78e40000 - 0x00007ffa78e4b000 	C:\WINDOWS\SYSTEM32\WINNSI.DLL

dbghelp: loaded successfully - version: 4.0.5 - missing functions: none
symbol engine: initialized successfully - sym options: 0x614 - pdb path: .;C:\Program Files\Android\Android Studio\jre\bin;C:\WINDOWS\SYSTEM32;C:\WINDOWS\WinSxS\amd64_microsoft.windows.common-controls_6595b64144ccf1df_6.0.19041.844_none_ca00b6081b84eb1d;C:\Program Files\Android\Android Studio\jre\bin\server;C:\Users\Administrator\.gradle\native\fdc75f09e3144964f2cf3f50f0aa648679c211496f362492102eb8c894070792\windows-amd64;C:\Users\Administrator\.gradle\native\12488b8bf47d2d4c9fbf2f6322a914ad602e24e48041cd04a747c6da556b65c4\windows-amd64

VM Arguments:
jvm_args: --add-opens=java.base/java.util=ALL-UNNAMED --add-opens=java.base/java.lang=ALL-UNNAMED --add-opens=java.base/java.lang.invoke=ALL-UNNAMED --add-opens=java.prefs/java.util.prefs=ALL-UNNAMED -Xmx2048m -Dfile.encoding=UTF-8 -Duser.country=CN -Duser.language=zh -Duser.variant 
java_command: org.gradle.launcher.daemon.bootstrap.GradleDaemon 6.7.1
java_class_path (initial): C:\Users\Administrator\.gradle\wrapper\dists\gradle-6.7.1-bin\bwlcbys1h7rz3272sye1xwiv6\gradle-6.7.1\lib\gradle-launcher-6.7.1.jar
Launcher Type: SUN_STANDARD

[Global flags]
     intx CICompilerCount                          = 4                                         {product} {ergonomic}
     uint ConcGCThreads                            = 2                                         {product} {ergonomic}
     uint G1ConcRefinementThreads                  = 8                                         {product} {ergonomic}
   size_t G1HeapRegionSize                         = 1048576                                   {product} {ergonomic}
    uintx GCDrainStackTargetSize                   = 64                                        {product} {ergonomic}
   size_t InitialHeapSize                          = 132120576                                 {product} {ergonomic}
   size_t MarkStackSize                            = 4194304                                   {product} {ergonomic}
   size_t MaxHeapSize                              = 2147483648                                {product} {command line}
   size_t MaxNewSize                               = 1287651328                                {product} {ergonomic}
   size_t MinHeapDeltaBytes                        = 1048576                                   {product} {ergonomic}
    uintx NonNMethodCodeHeapSize                   = 5836300                                {pd product} {ergonomic}
    uintx NonProfiledCodeHeapSize                  = 122910970                              {pd product} {ergonomic}
    uintx ProfiledCodeHeapSize                     = 122910970                              {pd product} {ergonomic}
    uintx ReservedCodeCacheSize                    = 251658240                              {pd product} {ergonomic}
     bool SegmentedCodeCache                       = true                                      {product} {ergonomic}
     bool UseCompressedClassPointers               = true                                 {lp64_product} {ergonomic}
     bool UseCompressedOops                        = true                                 {lp64_product} {ergonomic}
     bool UseG1GC                                  = true                                      {product} {ergonomic}
     bool UseLargePagesIndividualAllocation        = false                                  {pd product} {ergonomic}

Logging:
Log output configuration:
 #0: stdout all=warning uptime,level,tags
 #1: stderr all=off uptime,level,tags

Environment Variables:
PATH=C:\Program Files\NVIDIA GPU Computing Toolkit\CUDA\v10.0\bin;C:\Program Files\NVIDIA GPU Computing Toolkit\CUDA\v10.0\libnvvp;C:\Windows\system32;C:\Windows;C:\Windows\System32\Wbem;C:\Windows\System32\WindowsPowerShell\v1.0\;C:\Windows\System32\OpenSSH\;C:\Program Files (x86)\NVIDIA Corporation\PhysX\Common;C:\Program Files\NVIDIA Corporation\NVIDIA NvDLISR;C:\Program Files\Microsoft SQL Server\130\Tools\Binn\;C:\Program Files\dotnet\;C:\WINDOWS\system32;C:\WINDOWS;C:\WINDOWS\System32\Wbem;C:\WINDOWS\System32\WindowsPowerShell\v1.0\;C:\WINDOWS\System32\OpenSSH\;C:\WINDOWS\system32;C:\WINDOWS;C:\WINDOWS\System32\Wbem;C:\WINDOWS\System32\WindowsPowerShell\v1.0\;C:\WINDOWS\System32\OpenSSH\;C:\Users\Administrator\AppData\Local\Microsoft\WindowsApps;
USERNAME=Administrator
OS=Windows_NT
PROCESSOR_IDENTIFIER=Intel64 Family 6 Model 158 Stepping 13, GenuineIntel



---------------  S Y S T E M  ---------------

OS: Windows 10 , 64 bit Build 19041 (10.0.19041.928)
OS uptime: 1 days 19:36 hours

CPU:total 8 (initial active 8) (8 cores per cpu, 1 threads per core) family 6 model 158 stepping 13, cmov, cx8, fxsr, mmx, sse, sse2, sse3, ssse3, sse4.1, sse4.2, popcnt, avx, avx2, aes, clmul, erms, 3dnowpref, lzcnt, tsc, tscinvbit, bmi1, bmi2, adx, fma

Memory: 4k page, system-wide physical 8035M (455M free)
TotalPageFile size 12131M (AvailPageFile size 0M)
current process WorkingSet (physical memory assigned to process): 249M, peak: 249M
current process commit charge ("private bytes"): 311M, peak: 312M

vm_info: OpenJDK 64-Bit Server VM (11.0.8+10-b944.6842174) for windows-amd64 JRE (11.0.8+10-b944.6842174), built on Sep 19 2020 01:11:42 by "builder" with MS VC++ 14.0 (VS2015)

END.
